--------------------空间编码--------------------
[RNN=RNN,DETECTION=cascade_rcnn_r101,BIDIRECTIONAL=True,FUN=Spatial_Layout_Encoding]
[epoch 0][train][end] train_loss=0.32413,train_acc=0.88540(14903/16832)
[epoch 0][val][end] val_loss=0.58566,val_acc:0.80611(1135/1408)
[epoch 0][save_best_output_params]
[epoch 1][train][end] train_loss=0.25584,train_acc=0.90673(15262/16832)
[epoch 1][val][end] val_loss=0.66875,val_acc:0.80256(1130/1408)
[epoch 2][train][end] train_loss=0.24726,train_acc=0.90857(15293/16832)
[epoch 2][val][end] val_loss=0.56857,val_acc:0.84020(1183/1408)
[epoch 2][save_best_output_params]
[epoch 3][train][end] train_loss=0.24417,train_acc=0.90779(15280/16832)
[epoch 3][val][end] val_loss=0.58437,val_acc:0.84304(1187/1408)
[epoch 4][train][end] train_loss=0.24222,train_acc=0.90904(15301/16832)
[epoch 4][val][end] val_loss=0.54324,val_acc:0.83168(1171/1408)
[epoch 4][save_best_output_params]
[epoch 5][train][end] train_loss=0.22071,train_acc=0.91748(15443/16832)
[epoch 5][val][end] val_loss=0.58469,val_acc:0.83168(1171/1408)
[epoch 6][train][end] train_loss=0.21592,train_acc=0.91807(15453/16832)
[epoch 6][val][end] val_loss=0.56812,val_acc:0.84091(1184/1408)
[epoch 7][train][end] train_loss=0.21447,train_acc=0.91932(15474/16832)
[epoch 7][val][end] val_loss=0.57810,val_acc:0.84020(1183/1408)
[epoch 8][train][end] train_loss=0.21414,train_acc=0.91837(15458/16832)
[epoch 8][val][end] val_loss=0.57073,val_acc:0.84233(1186/1408)
[epoch 9][train][end] train_loss=0.21292,train_acc=0.91879(15465/16832)
[epoch 9][val][end] val_loss=0.56851,val_acc:0.83949(1182/1408)
[epoch 10][train][end] train_loss=0.20910,train_acc=0.91986(15483/16832)
[epoch 10][val][end] val_loss=0.57806,val_acc:0.83736(1179/1408)
[epoch 11][train][end] train_loss=0.20879,train_acc=0.91962(15479/16832)
[epoch 11][val][end] val_loss=0.58136,val_acc:0.83594(1177/1408)
[epoch 12][train][end] train_loss=0.20794,train_acc=0.91997(15485/16832)
[epoch 12][val][end] val_loss=0.58246,val_acc:0.83665(1178/1408)
[epoch 13][train][end] train_loss=0.20779,train_acc=0.92098(15502/16832)
[epoch 13][val][end] val_loss=0.58135,val_acc:0.83736(1179/1408)
[epoch 14][train][end] train_loss=0.20782,train_acc=0.92140(15509/16832)
[epoch 14][val][end] val_loss=0.58030,val_acc:0.83807(1180/1408)
[epoch 15][train][end] train_loss=0.20727,train_acc=0.92116(15505/16832)
[epoch 15][val][end] val_loss=0.57105,val_acc:0.84091(1184/1408)
[epoch 16][train][end] train_loss=0.20721,train_acc=0.92182(15516/16832)
[epoch 16][val][end] val_loss=0.57275,val_acc:0.83807(1180/1408)
[epoch 17][train][end] train_loss=0.20755,train_acc=0.92140(15509/16832)
[epoch 17][val][end] val_loss=0.58470,val_acc:0.83523(1176/1408)
[epoch 18][train][end] train_loss=0.20691,train_acc=0.92158(15512/16832)
[epoch 18][val][end] val_loss=0.58008,val_acc:0.83949(1182/1408)
[epoch 19][train][end] train_loss=0.20691,train_acc=0.92128(15507/16832)
[epoch 19][val][end] val_loss=0.58309,val_acc:0.83807(1180/1408)
[[1194, 73, 87, 43], [75, 2002, 17, 65], [99, 27, 381, 29], [68, 84, 30, 495]]
{'Pression': 0.8175844982010272, 'Recall': 0.8059893938803228, 'F1': 0.8117455415672278, 'Acc': 0.8538477668274271}

[RNN=RNN,DETECTION=cascade_rcnn_r101,BIDIRECTIONAL=True,FUN=Spatial_Layout_Encoding]
[epoch 0][train][end] train_loss=0.33564,train_acc=0.87987(14810/16832)
[epoch 0][val][end] val_loss=0.58085,val_acc:0.82315(1159/1408)
[epoch 0][save_best_output_params]
[epoch 1][train][end] train_loss=0.25221,train_acc=0.90803(15284/16832)
[epoch 1][val][end] val_loss=0.60646,val_acc:0.81392(1146/1408)
[epoch 2][train][end] train_loss=0.24948,train_acc=0.90779(15280/16832)
[epoch 2][val][end] val_loss=0.63046,val_acc:0.79403(1118/1408)
[epoch 3][train][end] train_loss=0.24423,train_acc=0.90993(15316/16832)
[epoch 3][val][end] val_loss=0.64489,val_acc:0.82173(1157/1408)
[epoch 4][train][end] train_loss=0.24654,train_acc=0.90940(15307/16832)
[epoch 4][val][end] val_loss=0.65881,val_acc:0.84588(1191/1408)
[epoch 5][train][end] train_loss=0.22572,train_acc=0.91570(15413/16832)
[epoch 5][val][end] val_loss=0.58308,val_acc:0.83665(1178/1408)
[epoch 6][train][end] train_loss=0.21838,train_acc=0.91867(15463/16832)
[epoch 6][val][end] val_loss=0.56055,val_acc:0.83736(1179/1408)
[epoch 6][save_best_output_params]
[epoch 7][train][end] train_loss=0.21768,train_acc=0.91896(15468/16832)
[epoch 7][val][end] val_loss=0.55903,val_acc:0.84517(1190/1408)
[epoch 7][save_best_output_params]
[epoch 8][train][end] train_loss=0.21590,train_acc=0.91962(15479/16832)
[epoch 8][val][end] val_loss=0.59472,val_acc:0.82955(1168/1408)
[epoch 9][train][end] train_loss=0.21526,train_acc=0.91861(15462/16832)
[epoch 9][val][end] val_loss=0.58121,val_acc:0.83736(1179/1408)
[epoch 10][train][end] train_loss=0.21162,train_acc=0.92051(15494/16832)
[epoch 10][val][end] val_loss=0.57913,val_acc:0.84020(1183/1408)
[epoch 11][train][end] train_loss=0.21088,train_acc=0.92110(15504/16832)
[epoch 11][val][end] val_loss=0.58184,val_acc:0.83949(1182/1408)
[epoch 12][train][end] train_loss=0.21040,train_acc=0.92063(15496/16832)
[epoch 12][val][end] val_loss=0.57503,val_acc:0.83665(1178/1408)
[epoch 13][train][end] train_loss=0.21038,train_acc=0.92152(15511/16832)
[epoch 13][val][end] val_loss=0.57643,val_acc:0.83878(1181/1408)
[epoch 14][train][end] train_loss=0.21070,train_acc=0.92057(15495/16832)
[epoch 14][val][end] val_loss=0.57829,val_acc:0.83878(1181/1408)
[epoch 15][train][end] train_loss=0.20938,train_acc=0.92158(15512/16832)
[epoch 15][val][end] val_loss=0.58182,val_acc:0.83878(1181/1408)
[epoch 16][train][end] train_loss=0.20955,train_acc=0.92104(15503/16832)
[epoch 16][val][end] val_loss=0.57400,val_acc:0.83807(1180/1408)
[epoch 17][train][end] train_loss=0.20877,train_acc=0.92193(15518/16832)
[epoch 17][val][end] val_loss=0.56894,val_acc:0.83665(1178/1408)
[epoch 18][train][end] train_loss=0.20909,train_acc=0.92199(15519/16832)
[epoch 18][val][end] val_loss=0.57849,val_acc:0.83949(1182/1408)
[epoch 19][train][end] train_loss=0.20911,train_acc=0.92211(15521/16832)
[epoch 19][val][end] val_loss=0.57614,val_acc:0.83523(1176/1408)
[[1187, 73, 86, 51], [76, 1998, 22, 63], [94, 29, 384, 29], [63, 84, 31, 499]]
{'Pression': 0.8155587115465046, 'Recall': 0.8071498907656185, 'F1': 0.811332514044431, 'Acc': 0.8530090165653177}

[RNN=RNN,DETECTION=cascade_rcnn_r101,BIDIRECTIONAL=True,FUN=Spatial_Layout_Encoding]
[epoch 0][train][end] train_loss=0.33423,train_acc=0.88047(14820/16832)
[epoch 0][val][end] val_loss=0.58689,val_acc:0.83452(1175/1408)
[epoch 0][save_best_output_params]
[epoch 1][train][end] train_loss=0.25362,train_acc=0.90744(15274/16832)
[epoch 1][val][end] val_loss=0.55969,val_acc:0.83026(1169/1408)
[epoch 1][save_best_output_params]
[epoch 2][train][end] train_loss=0.25113,train_acc=0.90845(15291/16832)
[epoch 2][val][end] val_loss=0.62089,val_acc:0.82955(1168/1408)
[epoch 3][train][end] train_loss=0.24831,train_acc=0.91059(15327/16832)
[epoch 3][val][end] val_loss=0.62274,val_acc:0.83807(1180/1408)
[epoch 4][train][end] train_loss=0.24514,train_acc=0.91195(15350/16832)
[epoch 4][val][end] val_loss=0.61247,val_acc:0.83878(1181/1408)
[epoch 5][train][end] train_loss=0.22264,train_acc=0.91641(15425/16832)
[epoch 5][val][end] val_loss=0.58637,val_acc:0.82173(1157/1408)
[epoch 6][train][end] train_loss=0.21883,train_acc=0.91789(15450/16832)
[epoch 6][val][end] val_loss=0.57635,val_acc:0.83807(1180/1408)
[epoch 7][train][end] train_loss=0.21730,train_acc=0.91956(15478/16832)
[epoch 7][val][end] val_loss=0.58976,val_acc:0.83807(1180/1408)
[epoch 8][train][end] train_loss=0.21602,train_acc=0.91944(15476/16832)
[epoch 8][val][end] val_loss=0.60500,val_acc:0.82102(1156/1408)
[epoch 9][train][end] train_loss=0.21615,train_acc=0.91991(15484/16832)
[epoch 9][val][end] val_loss=0.58730,val_acc:0.84091(1184/1408)
[epoch 10][train][end] train_loss=0.21242,train_acc=0.92146(15510/16832)
[epoch 10][val][end] val_loss=0.59156,val_acc:0.83949(1182/1408)
[epoch 11][train][end] train_loss=0.21152,train_acc=0.92110(15504/16832)
[epoch 11][val][end] val_loss=0.57486,val_acc:0.84020(1183/1408)
[epoch 12][train][end] train_loss=0.21124,train_acc=0.92057(15495/16832)
[epoch 12][val][end] val_loss=0.58401,val_acc:0.83665(1178/1408)
[epoch 13][train][end] train_loss=0.21101,train_acc=0.92140(15509/16832)
[epoch 13][val][end] val_loss=0.57728,val_acc:0.83949(1182/1408)
[epoch 14][train][end] train_loss=0.21019,train_acc=0.92092(15501/16832)
[epoch 14][val][end] val_loss=0.58425,val_acc:0.83736(1179/1408)
[epoch 15][train][end] train_loss=0.20964,train_acc=0.92092(15501/16832)
[epoch 15][val][end] val_loss=0.58380,val_acc:0.83807(1180/1408)
[epoch 16][train][end] train_loss=0.20989,train_acc=0.92081(15499/16832)
[epoch 16][val][end] val_loss=0.58805,val_acc:0.83736(1179/1408)
[epoch 17][train][end] train_loss=0.21013,train_acc=0.92170(15514/16832)
[epoch 17][val][end] val_loss=0.58765,val_acc:0.83807(1180/1408)
[epoch 18][train][end] train_loss=0.21001,train_acc=0.92134(15508/16832)
[epoch 18][val][end] val_loss=0.58462,val_acc:0.83949(1182/1408)
[epoch 19][train][end] train_loss=0.20994,train_acc=0.92182(15516/16832)
[epoch 19][val][end] val_loss=0.59097,val_acc:0.83807(1180/1408)
[[1190, 73, 82, 52], [72, 1996, 20, 71], [95, 27, 383, 31], [64, 79, 30, 504]]
{'Pression': 0.8161965850668669, 'Recall': 0.8088351299598501, 'F1': 0.8124991836783831, 'Acc': 0.8540574543929546}

[RNN=RNN,DETECTION=cascade_rcnn_r101,BIDIRECTIONAL=True,FUN=Spatial_Layout_Encoding]
[epoch 0][train][end] train_loss=0.32951,train_acc=0.88314(14865/16832)
[epoch 0][val][end] val_loss=0.58200,val_acc:0.81889(1153/1408)
[epoch 0][save_best_output_params]
[epoch 1][train][end] train_loss=0.25279,train_acc=0.90815(15286/16832)
[epoch 1][val][end] val_loss=0.56291,val_acc:0.83807(1180/1408)
[epoch 1][save_best_output_params]
[epoch 2][train][end] train_loss=0.25130,train_acc=0.90821(15287/16832)
[epoch 2][val][end] val_loss=0.58940,val_acc:0.80753(1137/1408)
[epoch 3][train][end] train_loss=0.24702,train_acc=0.91124(15338/16832)
[epoch 3][val][end] val_loss=0.59263,val_acc:0.82315(1159/1408)
[epoch 4][train][end] train_loss=0.24495,train_acc=0.91160(15344/16832)
[epoch 4][val][end] val_loss=0.54610,val_acc:0.83736(1179/1408)
[epoch 4][save_best_output_params]
[epoch 5][train][end] train_loss=0.22337,train_acc=0.91623(15422/16832)
[epoch 5][val][end] val_loss=0.56037,val_acc:0.83878(1181/1408)
[epoch 6][train][end] train_loss=0.21748,train_acc=0.91873(15464/16832)
[epoch 6][val][end] val_loss=0.56469,val_acc:0.84020(1183/1408)
[epoch 7][train][end] train_loss=0.21875,train_acc=0.91855(15461/16832)
[epoch 7][val][end] val_loss=0.56969,val_acc:0.83878(1181/1408)
[epoch 8][train][end] train_loss=0.21610,train_acc=0.91908(15470/16832)
[epoch 8][val][end] val_loss=0.56727,val_acc:0.83452(1175/1408)
[epoch 9][train][end] train_loss=0.21516,train_acc=0.91968(15480/16832)
[epoch 9][val][end] val_loss=0.58095,val_acc:0.83523(1176/1408)
[epoch 10][train][end] train_loss=0.21130,train_acc=0.92128(15507/16832)
[epoch 10][val][end] val_loss=0.57386,val_acc:0.83594(1177/1408)
[epoch 11][train][end] train_loss=0.20998,train_acc=0.92087(15500/16832)
[epoch 11][val][end] val_loss=0.57439,val_acc:0.83594(1177/1408)
[epoch 12][train][end] train_loss=0.21059,train_acc=0.92116(15505/16832)
[epoch 12][val][end] val_loss=0.58175,val_acc:0.83807(1180/1408)
[epoch 13][train][end] train_loss=0.21061,train_acc=0.92110(15504/16832)
[epoch 13][val][end] val_loss=0.57487,val_acc:0.83949(1182/1408)
[epoch 14][train][end] train_loss=0.21062,train_acc=0.92116(15505/16832)
[epoch 14][val][end] val_loss=0.57405,val_acc:0.83878(1181/1408)
[epoch 15][train][end] train_loss=0.20954,train_acc=0.92075(15498/16832)
[epoch 15][val][end] val_loss=0.58109,val_acc:0.83594(1177/1408)
[epoch 16][train][end] train_loss=0.20951,train_acc=0.92152(15511/16832)
[epoch 16][val][end] val_loss=0.58183,val_acc:0.83665(1178/1408)
[epoch 17][train][end] train_loss=0.20940,train_acc=0.92158(15512/16832)
[epoch 17][val][end] val_loss=0.58385,val_acc:0.83665(1178/1408)
[epoch 18][train][end] train_loss=0.20964,train_acc=0.92069(15497/16832)
[epoch 18][val][end] val_loss=0.58390,val_acc:0.83665(1178/1408)
[epoch 19][train][end] train_loss=0.20931,train_acc=0.92087(15500/16832)
[epoch 19][val][end] val_loss=0.57944,val_acc:0.83736(1179/1408)
[[1195, 74, 80, 48], [71, 2001, 21, 66], [93, 29, 385, 29], [64, 80, 31, 502]]
{'Pression': 0.8197398347239131, 'Recall': 0.810503159606523, 'F1': 0.8150953304626095, 'Acc': 0.8561543300482282}

[RNN=RNN,DETECTION=cascade_rcnn_r101,BIDIRECTIONAL=True,FUN=Spatial_Layout_Encoding]
[epoch 0][train][end] train_loss=0.33178,train_acc=0.87916(14798/16832)
[epoch 0][val][end] val_loss=0.54852,val_acc:0.83807(1180/1408)
[epoch 0][save_best_output_params]
[epoch 1][train][end] train_loss=0.25181,train_acc=0.90791(15282/16832)
[epoch 1][val][end] val_loss=0.55640,val_acc:0.83736(1179/1408)
[epoch 2][train][end] train_loss=0.24903,train_acc=0.90803(15284/16832)
[epoch 2][val][end] val_loss=0.53732,val_acc:0.84020(1183/1408)
[epoch 2][save_best_output_params]
[epoch 3][train][end] train_loss=0.24727,train_acc=0.90993(15316/16832)
[epoch 3][val][end] val_loss=0.63943,val_acc:0.83239(1172/1408)
[epoch 4][train][end] train_loss=0.24483,train_acc=0.90928(15305/16832)
[epoch 4][val][end] val_loss=0.56107,val_acc:0.83594(1177/1408)
[epoch 5][train][end] train_loss=0.22240,train_acc=0.91558(15411/16832)
[epoch 5][val][end] val_loss=0.58545,val_acc:0.83310(1173/1408)
[epoch 6][train][end] train_loss=0.21828,train_acc=0.91754(15444/16832)
[epoch 6][val][end] val_loss=0.56660,val_acc:0.83807(1180/1408)
[epoch 7][train][end] train_loss=0.21602,train_acc=0.91855(15461/16832)
[epoch 7][val][end] val_loss=0.58623,val_acc:0.82812(1166/1408)
[epoch 8][train][end] train_loss=0.21469,train_acc=0.91908(15470/16832)
[epoch 8][val][end] val_loss=0.59686,val_acc:0.82528(1162/1408)
[epoch 9][train][end] train_loss=0.21453,train_acc=0.91974(15481/16832)
[epoch 9][val][end] val_loss=0.57712,val_acc:0.84091(1184/1408)
[epoch 10][train][end] train_loss=0.21074,train_acc=0.92110(15504/16832)
[epoch 10][val][end] val_loss=0.58063,val_acc:0.83949(1182/1408)
[epoch 11][train][end] train_loss=0.20931,train_acc=0.92152(15511/16832)
[epoch 11][val][end] val_loss=0.57392,val_acc:0.83949(1182/1408)
[epoch 12][train][end] train_loss=0.20943,train_acc=0.92063(15496/16832)
[epoch 12][val][end] val_loss=0.57767,val_acc:0.83665(1178/1408)
[epoch 13][train][end] train_loss=0.20913,train_acc=0.92128(15507/16832)
[epoch 13][val][end] val_loss=0.59003,val_acc:0.83523(1176/1408)
[epoch 14][train][end] train_loss=0.20939,train_acc=0.92051(15494/16832)
[epoch 14][val][end] val_loss=0.58351,val_acc:0.83665(1178/1408)
[epoch 15][train][end] train_loss=0.20868,train_acc=0.92140(15509/16832)
[epoch 15][val][end] val_loss=0.58036,val_acc:0.84091(1184/1408)
[epoch 16][train][end] train_loss=0.20817,train_acc=0.92253(15528/16832)
[epoch 16][val][end] val_loss=0.58298,val_acc:0.83807(1180/1408)
[epoch 17][train][end] train_loss=0.20841,train_acc=0.92170(15514/16832)
[epoch 17][val][end] val_loss=0.58394,val_acc:0.83807(1180/1408)
[epoch 18][train][end] train_loss=0.20797,train_acc=0.92063(15496/16832)
[epoch 18][val][end] val_loss=0.58332,val_acc:0.83949(1182/1408)
[epoch 19][train][end] train_loss=0.20855,train_acc=0.92188(15517/16832)
[epoch 19][val][end] val_loss=0.57381,val_acc:0.83665(1178/1408)
[[1196, 71, 83, 47], [75, 1997, 20, 67], [97, 27, 383, 29], [67, 80, 30, 500]]
{'Pression': 0.8178658588948752, 'Recall': 0.8085475488548258, 'F1': 0.8131800098923769, 'Acc': 0.8546865170895366}

[RNN=RNN,DETECTION=cascade_rcnn_r101,BIDIRECTIONAL=False,FUN=Spatial_Layout_Encoding]
[epoch 0][train][end] train_loss=0.37847,train_acc=0.86282(14523/16832)
[epoch 0][val][end] val_loss=0.56493,val_acc:0.83736(1179/1408)
[epoch 0][save_best_output_params]
[epoch 1][train][end] train_loss=0.25852,train_acc=0.90548(15241/16832)
[epoch 1][val][end] val_loss=0.61410,val_acc:0.81676(1150/1408)
[epoch 2][train][end] train_loss=0.24793,train_acc=0.90910(15302/16832)
[epoch 2][val][end] val_loss=0.59567,val_acc:0.79688(1122/1408)
[epoch 3][train][end] train_loss=0.24032,train_acc=0.90970(15312/16832)
[epoch 3][val][end] val_loss=0.60559,val_acc:0.80895(1139/1408)
[epoch 4][train][end] train_loss=0.23973,train_acc=0.90987(15315/16832)
[epoch 4][val][end] val_loss=0.62196,val_acc:0.82031(1155/1408)
[epoch 5][train][end] train_loss=0.22273,train_acc=0.91587(15416/16832)
[epoch 5][val][end] val_loss=0.56553,val_acc:0.83878(1181/1408)
[epoch 6][train][end] train_loss=0.21830,train_acc=0.91778(15448/16832)
[epoch 6][val][end] val_loss=0.59013,val_acc:0.83736(1179/1408)
[epoch 7][train][end] train_loss=0.21661,train_acc=0.91754(15444/16832)
[epoch 7][val][end] val_loss=0.57452,val_acc:0.82955(1168/1408)
[epoch 8][train][end] train_loss=0.21517,train_acc=0.91801(15452/16832)
[epoch 8][val][end] val_loss=0.58701,val_acc:0.83878(1181/1408)
[epoch 9][train][end] train_loss=0.21425,train_acc=0.91819(15455/16832)
[epoch 9][val][end] val_loss=0.57450,val_acc:0.83665(1178/1408)
[epoch 10][train][end] train_loss=0.21085,train_acc=0.92039(15492/16832)
[epoch 10][val][end] val_loss=0.57962,val_acc:0.83523(1176/1408)
[epoch 11][train][end] train_loss=0.21047,train_acc=0.91938(15475/16832)
[epoch 11][val][end] val_loss=0.56997,val_acc:0.83736(1179/1408)
[epoch 12][train][end] train_loss=0.20979,train_acc=0.92045(15493/16832)
[epoch 12][val][end] val_loss=0.58723,val_acc:0.83310(1173/1408)
[epoch 13][train][end] train_loss=0.20954,train_acc=0.92104(15503/16832)
[epoch 13][val][end] val_loss=0.58283,val_acc:0.83665(1178/1408)
[epoch 14][train][end] train_loss=0.20998,train_acc=0.92021(15489/16832)
[epoch 14][val][end] val_loss=0.57750,val_acc:0.83665(1178/1408)
[epoch 15][train][end] train_loss=0.20950,train_acc=0.92021(15489/16832)
[epoch 15][val][end] val_loss=0.56727,val_acc:0.83878(1181/1408)
[epoch 16][train][end] train_loss=0.20952,train_acc=0.92033(15491/16832)
[epoch 16][val][end] val_loss=0.57665,val_acc:0.83736(1179/1408)
[epoch 17][train][end] train_loss=0.20912,train_acc=0.92057(15495/16832)
[epoch 17][val][end] val_loss=0.57833,val_acc:0.83665(1178/1408)
[epoch 18][train][end] train_loss=0.20919,train_acc=0.92069(15497/16832)
[epoch 18][val][end] val_loss=0.57480,val_acc:0.83807(1180/1408)
[epoch 19][train][end] train_loss=0.20917,train_acc=0.92069(15497/16832)
[epoch 19][val][end] val_loss=0.58195,val_acc:0.83736(1179/1408)
[[1200, 72, 78, 47], [73, 1995, 20, 71], [100, 24, 381, 31], [66, 79, 31, 501]]
{'Pression': 0.8177738330505512, 'Recall': 0.8084682201675276, 'F1': 0.8130944025185611, 'Acc': 0.854896204655064}

[RNN=RNN,DETECTION=cascade_rcnn_r101,BIDIRECTIONAL=False,FUN=Spatial_Layout_Encoding]
[epoch 0][train][end] train_loss=0.33391,train_acc=0.87607(14746/16832)
[epoch 0][val][end] val_loss=0.59388,val_acc:0.82031(1155/1408)
[epoch 0][save_best_output_params]
[epoch 1][train][end] train_loss=0.25258,train_acc=0.90803(15284/16832)
[epoch 1][val][end] val_loss=0.55795,val_acc:0.82812(1166/1408)
[epoch 1][save_best_output_params]
[epoch 2][train][end] train_loss=0.23984,train_acc=0.91035(15323/16832)
[epoch 2][val][end] val_loss=0.55734,val_acc:0.84020(1183/1408)
[epoch 2][save_best_output_params]
[epoch 3][train][end] train_loss=0.24158,train_acc=0.91106(15335/16832)
[epoch 3][val][end] val_loss=0.60414,val_acc:0.83452(1175/1408)
[epoch 4][train][end] train_loss=0.24043,train_acc=0.91011(15319/16832)
[epoch 4][val][end] val_loss=0.52976,val_acc:0.84091(1184/1408)
[epoch 4][save_best_output_params]
[epoch 5][train][end] train_loss=0.22147,train_acc=0.91754(15444/16832)
[epoch 5][val][end] val_loss=0.56198,val_acc:0.83878(1181/1408)
[epoch 6][train][end] train_loss=0.21764,train_acc=0.91843(15459/16832)
[epoch 6][val][end] val_loss=0.56749,val_acc:0.83878(1181/1408)
[epoch 7][train][end] train_loss=0.21649,train_acc=0.91784(15449/16832)
[epoch 7][val][end] val_loss=0.58301,val_acc:0.82670(1164/1408)
[epoch 8][train][end] train_loss=0.21599,train_acc=0.91801(15452/16832)
[epoch 8][val][end] val_loss=0.57243,val_acc:0.82812(1166/1408)
[epoch 9][train][end] train_loss=0.21476,train_acc=0.91890(15467/16832)
[epoch 9][val][end] val_loss=0.58208,val_acc:0.82102(1156/1408)
[epoch 10][train][end] train_loss=0.21184,train_acc=0.92140(15509/16832)
[epoch 10][val][end] val_loss=0.57022,val_acc:0.84091(1184/1408)
[epoch 11][train][end] train_loss=0.21087,train_acc=0.92033(15491/16832)
[epoch 11][val][end] val_loss=0.57274,val_acc:0.84020(1183/1408)
[epoch 12][train][end] train_loss=0.21143,train_acc=0.92021(15489/16832)
[epoch 12][val][end] val_loss=0.57283,val_acc:0.84020(1183/1408)
[epoch 13][train][end] train_loss=0.21109,train_acc=0.92051(15494/16832)
[epoch 13][val][end] val_loss=0.57203,val_acc:0.84091(1184/1408)
[epoch 14][train][end] train_loss=0.21092,train_acc=0.92087(15500/16832)
[epoch 14][val][end] val_loss=0.57774,val_acc:0.84091(1184/1408)
[epoch 15][train][end] train_loss=0.21039,train_acc=0.92063(15496/16832)
[epoch 15][val][end] val_loss=0.58094,val_acc:0.83878(1181/1408)
[epoch 16][train][end] train_loss=0.21042,train_acc=0.92063(15496/16832)
[epoch 16][val][end] val_loss=0.57358,val_acc:0.83949(1182/1408)
[epoch 17][train][end] train_loss=0.21053,train_acc=0.92051(15494/16832)
[epoch 17][val][end] val_loss=0.57859,val_acc:0.83878(1181/1408)
[epoch 18][train][end] train_loss=0.21062,train_acc=0.92057(15495/16832)
[epoch 18][val][end] val_loss=0.57923,val_acc:0.83878(1181/1408)
[epoch 19][train][end] train_loss=0.21037,train_acc=0.92098(15502/16832)
[epoch 19][val][end] val_loss=0.57118,val_acc:0.84020(1183/1408)
[[1199, 69, 80, 49], [76, 1996, 20, 67], [104, 26, 379, 27], [65, 79, 31, 502]]
{'Pression': 0.8178949766801089, 'Recall': 0.8078415000111151, 'F1': 0.8128371532360069, 'Acc': 0.8546865170895366}

[RNN=RNN,DETECTION=cascade_rcnn_r101,BIDIRECTIONAL=False,FUN=Spatial_Layout_Encoding]
[epoch 0][train][end] train_loss=0.35413,train_acc=0.87054(14653/16832)
[epoch 0][val][end] val_loss=0.56363,val_acc:0.84020(1183/1408)
[epoch 0][save_best_output_params]
[epoch 1][train][end] train_loss=0.25266,train_acc=0.90673(15262/16832)
[epoch 1][val][end] val_loss=0.63275,val_acc:0.84375(1188/1408)
[epoch 2][train][end] train_loss=0.24507,train_acc=0.90708(15268/16832)
[epoch 2][val][end] val_loss=0.57093,val_acc:0.84304(1187/1408)
[epoch 3][train][end] train_loss=0.24119,train_acc=0.91100(15334/16832)
[epoch 3][val][end] val_loss=0.63439,val_acc:0.83381(1174/1408)
[epoch 4][train][end] train_loss=0.24024,train_acc=0.91112(15336/16832)
[epoch 4][val][end] val_loss=0.57511,val_acc:0.83878(1181/1408)
[epoch 5][train][end] train_loss=0.22180,train_acc=0.91641(15425/16832)
[epoch 5][val][end] val_loss=0.55262,val_acc:0.84162(1185/1408)
[epoch 5][save_best_output_params]
[epoch 6][train][end] train_loss=0.21827,train_acc=0.91742(15442/16832)
[epoch 6][val][end] val_loss=0.55790,val_acc:0.84375(1188/1408)
[epoch 7][train][end] train_loss=0.21744,train_acc=0.91938(15475/16832)
[epoch 7][val][end] val_loss=0.58455,val_acc:0.83239(1172/1408)
[epoch 8][train][end] train_loss=0.21660,train_acc=0.91861(15462/16832)
[epoch 8][val][end] val_loss=0.59302,val_acc:0.83239(1172/1408)
[epoch 9][train][end] train_loss=0.21546,train_acc=0.91813(15454/16832)
[epoch 9][val][end] val_loss=0.54380,val_acc:0.84091(1184/1408)
[epoch 9][save_best_output_params]
[epoch 10][train][end] train_loss=0.21283,train_acc=0.91997(15485/16832)
[epoch 10][val][end] val_loss=0.56618,val_acc:0.84304(1187/1408)
[epoch 11][train][end] train_loss=0.21134,train_acc=0.92033(15491/16832)
[epoch 11][val][end] val_loss=0.57497,val_acc:0.84304(1187/1408)
[epoch 12][train][end] train_loss=0.21142,train_acc=0.92027(15490/16832)
[epoch 12][val][end] val_loss=0.57178,val_acc:0.84517(1190/1408)
[epoch 13][train][end] train_loss=0.21164,train_acc=0.92027(15490/16832)
[epoch 13][val][end] val_loss=0.56630,val_acc:0.84659(1192/1408)
[epoch 14][train][end] train_loss=0.21132,train_acc=0.92069(15497/16832)
[epoch 14][val][end] val_loss=0.56988,val_acc:0.84446(1189/1408)
[epoch 15][train][end] train_loss=0.21084,train_acc=0.91986(15483/16832)
[epoch 15][val][end] val_loss=0.56442,val_acc:0.84588(1191/1408)
[epoch 16][train][end] train_loss=0.21070,train_acc=0.92039(15492/16832)
[epoch 16][val][end] val_loss=0.57546,val_acc:0.84304(1187/1408)
[epoch 17][train][end] train_loss=0.21085,train_acc=0.92015(15488/16832)
[epoch 17][val][end] val_loss=0.57683,val_acc:0.84375(1188/1408)
[epoch 18][train][end] train_loss=0.21078,train_acc=0.92057(15495/16832)
[epoch 18][val][end] val_loss=0.58121,val_acc:0.84233(1186/1408)
[epoch 19][train][end] train_loss=0.21064,train_acc=0.92057(15495/16832)
[epoch 19][val][end] val_loss=0.57189,val_acc:0.84588(1191/1408)
[[1200, 74, 76, 47], [74, 2000, 18, 67], [101, 29, 378, 28], [68, 82, 31, 496]]
{'Pression': 0.818963290035931, 'Recall': 0.8058015570893056, 'F1': 0.8123291139361623, 'Acc': 0.8542671419584819}

[RNN=RNN,DETECTION=cascade_rcnn_r101,BIDIRECTIONAL=False,FUN=Spatial_Layout_Encoding]
[epoch 0][train][end] train_loss=0.43320,train_acc=0.84007(14140/16832)
[epoch 0][val][end] val_loss=0.56265,val_acc:0.84446(1189/1408)
[epoch 0][save_best_output_params]
[epoch 1][train][end] train_loss=0.25300,train_acc=0.90910(15302/16832)
[epoch 1][val][end] val_loss=0.56907,val_acc:0.84091(1184/1408)
[epoch 2][train][end] train_loss=0.25048,train_acc=0.90869(15295/16832)
[epoch 2][val][end] val_loss=0.61033,val_acc:0.81676(1150/1408)
[epoch 3][train][end] train_loss=0.24695,train_acc=0.90922(15304/16832)
[epoch 3][val][end] val_loss=0.60376,val_acc:0.84091(1184/1408)
[epoch 4][train][end] train_loss=0.24167,train_acc=0.91065(15328/16832)
[epoch 4][val][end] val_loss=0.61641,val_acc:0.81605(1149/1408)
[epoch 5][train][end] train_loss=0.22286,train_acc=0.91754(15444/16832)
[epoch 5][val][end] val_loss=0.58625,val_acc:0.84162(1185/1408)
[epoch 6][train][end] train_loss=0.21879,train_acc=0.91843(15459/16832)
[epoch 6][val][end] val_loss=0.56710,val_acc:0.83594(1177/1408)
[epoch 7][train][end] train_loss=0.21803,train_acc=0.92015(15488/16832)
[epoch 7][val][end] val_loss=0.58461,val_acc:0.83381(1174/1408)
[epoch 8][train][end] train_loss=0.21642,train_acc=0.91873(15464/16832)
[epoch 8][val][end] val_loss=0.57374,val_acc:0.83239(1172/1408)
[epoch 9][train][end] train_loss=0.21519,train_acc=0.91855(15461/16832)
[epoch 9][val][end] val_loss=0.56985,val_acc:0.83878(1181/1408)
[epoch 10][train][end] train_loss=0.21144,train_acc=0.92009(15487/16832)
[epoch 10][val][end] val_loss=0.57245,val_acc:0.83665(1178/1408)
[epoch 11][train][end] train_loss=0.21094,train_acc=0.92027(15490/16832)
[epoch 11][val][end] val_loss=0.57946,val_acc:0.83736(1179/1408)
[epoch 12][train][end] train_loss=0.21054,train_acc=0.92092(15501/16832)
[epoch 12][val][end] val_loss=0.57190,val_acc:0.83665(1178/1408)
[epoch 13][train][end] train_loss=0.21033,train_acc=0.92081(15499/16832)
[epoch 13][val][end] val_loss=0.57152,val_acc:0.84020(1183/1408)
[epoch 14][train][end] train_loss=0.20985,train_acc=0.92051(15494/16832)
[epoch 14][val][end] val_loss=0.58387,val_acc:0.83523(1176/1408)
[epoch 15][train][end] train_loss=0.20971,train_acc=0.92223(15523/16832)
[epoch 15][val][end] val_loss=0.58079,val_acc:0.83807(1180/1408)
[epoch 16][train][end] train_loss=0.20952,train_acc=0.92152(15511/16832)
[epoch 16][val][end] val_loss=0.58303,val_acc:0.83665(1178/1408)
[epoch 17][train][end] train_loss=0.20991,train_acc=0.92069(15497/16832)
[epoch 17][val][end] val_loss=0.58102,val_acc:0.83878(1181/1408)
[epoch 18][train][end] train_loss=0.20930,train_acc=0.92104(15503/16832)
[epoch 18][val][end] val_loss=0.57886,val_acc:0.83949(1182/1408)
[epoch 19][train][end] train_loss=0.20921,train_acc=0.92098(15502/16832)
[epoch 19][val][end] val_loss=0.57779,val_acc:0.83807(1180/1408)
[[1197, 77, 77, 46], [75, 1995, 20, 69], [99, 29, 377, 31], [63, 80, 31, 503]]
{'Pression': 0.8177548067491509, 'Recall': 0.8068042362528667, 'F1': 0.8122426145647204, 'Acc': 0.8538477668274271}

[RNN=RNN,DETECTION=cascade_rcnn_r101,BIDIRECTIONAL=False,FUN=Spatial_Layout_Encoding]
[epoch 0][train][end] train_loss=0.38672,train_acc=0.86775(14606/16832)
[epoch 0][val][end] val_loss=0.53766,val_acc:0.84304(1187/1408)
[epoch 0][save_best_output_params]
[epoch 1][train][end] train_loss=0.26020,train_acc=0.90625(15254/16832)
[epoch 1][val][end] val_loss=0.61317,val_acc:0.79048(1113/1408)
[epoch 2][train][end] train_loss=0.25031,train_acc=0.90702(15267/16832)
[epoch 2][val][end] val_loss=0.65143,val_acc:0.84091(1184/1408)
[epoch 3][train][end] train_loss=0.24435,train_acc=0.91166(15345/16832)
[epoch 3][val][end] val_loss=0.53156,val_acc:0.82102(1156/1408)
[epoch 3][save_best_output_params]
[epoch 4][train][end] train_loss=0.23989,train_acc=0.91166(15345/16832)
[epoch 4][val][end] val_loss=0.68781,val_acc:0.79545(1120/1408)
[epoch 5][train][end] train_loss=0.22433,train_acc=0.91694(15434/16832)
[epoch 5][val][end] val_loss=0.58785,val_acc:0.83665(1178/1408)
[epoch 6][train][end] train_loss=0.21947,train_acc=0.91778(15448/16832)
[epoch 6][val][end] val_loss=0.56145,val_acc:0.84020(1183/1408)
[epoch 7][train][end] train_loss=0.21792,train_acc=0.91861(15462/16832)
[epoch 7][val][end] val_loss=0.56849,val_acc:0.84020(1183/1408)
[epoch 8][train][end] train_loss=0.21640,train_acc=0.92015(15488/16832)
[epoch 8][val][end] val_loss=0.57434,val_acc:0.83878(1181/1408)
[epoch 9][train][end] train_loss=0.21570,train_acc=0.91938(15475/16832)
[epoch 9][val][end] val_loss=0.57347,val_acc:0.82812(1166/1408)
[epoch 10][train][end] train_loss=0.21182,train_acc=0.92087(15500/16832)
[epoch 10][val][end] val_loss=0.57768,val_acc:0.83594(1177/1408)
[epoch 11][train][end] train_loss=0.21135,train_acc=0.92021(15489/16832)
[epoch 11][val][end] val_loss=0.57920,val_acc:0.83452(1175/1408)
[epoch 12][train][end] train_loss=0.21155,train_acc=0.92069(15497/16832)
[epoch 12][val][end] val_loss=0.57846,val_acc:0.83665(1178/1408)
[epoch 13][train][end] train_loss=0.21066,train_acc=0.92116(15505/16832)
[epoch 13][val][end] val_loss=0.57306,val_acc:0.83949(1182/1408)
[epoch 14][train][end] train_loss=0.21051,train_acc=0.92128(15507/16832)
[epoch 14][val][end] val_loss=0.57329,val_acc:0.83949(1182/1408)
[epoch 15][train][end] train_loss=0.21043,train_acc=0.92098(15502/16832)
[epoch 15][val][end] val_loss=0.58024,val_acc:0.83594(1177/1408)
[epoch 16][train][end] train_loss=0.21015,train_acc=0.92104(15503/16832)
[epoch 16][val][end] val_loss=0.57340,val_acc:0.83949(1182/1408)
[epoch 17][train][end] train_loss=0.21031,train_acc=0.92164(15513/16832)
[epoch 17][val][end] val_loss=0.57538,val_acc:0.83878(1181/1408)
[epoch 18][train][end] train_loss=0.20988,train_acc=0.92164(15513/16832)
[epoch 18][val][end] val_loss=0.57480,val_acc:0.83949(1182/1408)
[epoch 19][train][end] train_loss=0.21028,train_acc=0.92146(15510/16832)
[epoch 19][val][end] val_loss=0.56734,val_acc:0.83878(1181/1408)
[[1194, 72, 78, 53], [76, 1996, 20, 67], [96, 29, 381, 30], [64, 84, 29, 500]]
{'Pression': 0.817343082181459, 'Recall': 0.8071410088779658, 'F1': 0.8122100100360248, 'Acc': 0.8536380792618997}

