--------------------SLEDDing_just_tail,reverse--------------------
[RNN=RNN,DETECTION=cascade_rcnn_r101,BIDIRECTIONAL=True,FUN=Spatial_Layout_Encoding]
[epoch 0][train][end] train_loss=0.35372,train_acc=0.88088(14827/16832)
[epoch 0][val][end] val_loss=0.57808,val_acc:0.82599(1163/1408)
[epoch 0][save_best_output_params]
[epoch 1][train][end] train_loss=0.28510,train_acc=0.89995(15148/16832)
[epoch 1][val][end] val_loss=0.68082,val_acc:0.82812(1166/1408)
[epoch 2][train][end] train_loss=0.27159,train_acc=0.90263(15193/16832)
[epoch 2][val][end] val_loss=0.62806,val_acc:0.82812(1166/1408)
[epoch 3][train][end] train_loss=0.27926,train_acc=0.89977(15145/16832)
[epoch 3][val][end] val_loss=0.64423,val_acc:0.80114(1128/1408)
[epoch 4][train][end] train_loss=0.26858,train_acc=0.90245(15190/16832)
[epoch 4][val][end] val_loss=0.64930,val_acc:0.82884(1167/1408)
[epoch 5][train][end] train_loss=0.24056,train_acc=0.91053(15326/16832)
[epoch 5][val][end] val_loss=0.59663,val_acc:0.82884(1167/1408)
[epoch 6][train][end] train_loss=0.22653,train_acc=0.91279(15364/16832)
[epoch 6][val][end] val_loss=0.57902,val_acc:0.82386(1160/1408)
[epoch 7][train][end] train_loss=0.22291,train_acc=0.91486(15399/16832)
[epoch 7][val][end] val_loss=0.58237,val_acc:0.82741(1165/1408)
[epoch 8][train][end] train_loss=0.22276,train_acc=0.91427(15389/16832)
[epoch 8][val][end] val_loss=0.58882,val_acc:0.82315(1159/1408)
[epoch 9][train][end] train_loss=0.21963,train_acc=0.91587(15416/16832)
[epoch 9][val][end] val_loss=0.60779,val_acc:0.81818(1152/1408)
[epoch 10][train][end] train_loss=0.21728,train_acc=0.91736(15441/16832)
[epoch 10][val][end] val_loss=0.60529,val_acc:0.82031(1155/1408)
[epoch 11][train][end] train_loss=0.21556,train_acc=0.91736(15441/16832)
[epoch 11][val][end] val_loss=0.59280,val_acc:0.83239(1172/1408)
[epoch 12][train][end] train_loss=0.21406,train_acc=0.91772(15447/16832)
[epoch 12][val][end] val_loss=0.58103,val_acc:0.83097(1170/1408)
[epoch 13][train][end] train_loss=0.21408,train_acc=0.91748(15443/16832)
[epoch 13][val][end] val_loss=0.59378,val_acc:0.83026(1169/1408)
[epoch 14][train][end] train_loss=0.21345,train_acc=0.91813(15454/16832)
[epoch 14][val][end] val_loss=0.58918,val_acc:0.82955(1168/1408)
[epoch 15][train][end] train_loss=0.21225,train_acc=0.91730(15440/16832)
[epoch 15][val][end] val_loss=0.59242,val_acc:0.82670(1164/1408)
[epoch 16][train][end] train_loss=0.21255,train_acc=0.91766(15446/16832)
[epoch 16][val][end] val_loss=0.58067,val_acc:0.83168(1171/1408)
[epoch 17][train][end] train_loss=0.21262,train_acc=0.91831(15457/16832)
[epoch 17][val][end] val_loss=0.58296,val_acc:0.83097(1170/1408)
[epoch 18][train][end] train_loss=0.21225,train_acc=0.91760(15445/16832)
[epoch 18][val][end] val_loss=0.59270,val_acc:0.82955(1168/1408)
[epoch 19][train][end] train_loss=0.21285,train_acc=0.91736(15441/16832)
[epoch 19][val][end] val_loss=0.58566,val_acc:0.82244(1158/1408)
[[1174, 65, 101, 57], [77, 1996, 20, 66], [95, 29, 381, 31], [66, 78, 34, 499]]
{'Pression': 0.8067738129691533, 'Recall': 0.8031926345920672, 'F1': 0.8049792408284848, 'Acc': 0.8492346403858251}

[RNN=RNN,DETECTION=cascade_rcnn_r101,BIDIRECTIONAL=True,FUN=Spatial_Layout_Encoding]
[epoch 0][train][end] train_loss=0.33574,train_acc=0.88587(14911/16832)
[epoch 0][val][end] val_loss=0.61725,val_acc:0.81960(1154/1408)
[epoch 0][save_best_output_params]
[epoch 1][train][end] train_loss=0.28883,train_acc=0.89829(15120/16832)
[epoch 1][val][end] val_loss=0.56735,val_acc:0.84091(1184/1408)
[epoch 1][save_best_output_params]
[epoch 2][train][end] train_loss=0.27104,train_acc=0.90269(15194/16832)
[epoch 2][val][end] val_loss=0.64041,val_acc:0.80043(1127/1408)
[epoch 3][train][end] train_loss=0.27255,train_acc=0.90108(15167/16832)
[epoch 3][val][end] val_loss=0.66336,val_acc:0.78054(1099/1408)
[epoch 4][train][end] train_loss=0.27213,train_acc=0.90203(15183/16832)
[epoch 4][val][end] val_loss=0.64992,val_acc:0.83523(1176/1408)
[epoch 5][train][end] train_loss=0.25039,train_acc=0.90916(15303/16832)
[epoch 5][val][end] val_loss=0.59951,val_acc:0.83381(1174/1408)
[epoch 6][train][end] train_loss=0.23670,train_acc=0.91374(15380/16832)
[epoch 6][val][end] val_loss=0.61166,val_acc:0.82315(1159/1408)
[epoch 7][train][end] train_loss=0.23116,train_acc=0.91445(15392/16832)
[epoch 7][val][end] val_loss=0.60171,val_acc:0.83026(1169/1408)
[epoch 8][train][end] train_loss=0.22933,train_acc=0.91498(15401/16832)
[epoch 8][val][end] val_loss=0.59235,val_acc:0.82244(1158/1408)
[epoch 9][train][end] train_loss=0.22570,train_acc=0.91552(15410/16832)
[epoch 9][val][end] val_loss=0.58749,val_acc:0.82386(1160/1408)
[epoch 10][train][end] train_loss=0.22159,train_acc=0.91760(15445/16832)
[epoch 10][val][end] val_loss=0.58945,val_acc:0.82599(1163/1408)
[epoch 11][train][end] train_loss=0.21967,train_acc=0.91772(15447/16832)
[epoch 11][val][end] val_loss=0.59962,val_acc:0.82599(1163/1408)
[epoch 12][train][end] train_loss=0.22025,train_acc=0.91789(15450/16832)
[epoch 12][val][end] val_loss=0.60511,val_acc:0.82244(1158/1408)
[epoch 13][train][end] train_loss=0.21931,train_acc=0.91831(15457/16832)
[epoch 13][val][end] val_loss=0.60387,val_acc:0.82670(1164/1408)
[epoch 14][train][end] train_loss=0.21852,train_acc=0.91801(15452/16832)
[epoch 14][val][end] val_loss=0.58363,val_acc:0.83168(1171/1408)
[epoch 15][train][end] train_loss=0.21795,train_acc=0.91902(15469/16832)
[epoch 15][val][end] val_loss=0.59880,val_acc:0.82955(1168/1408)
[epoch 16][train][end] train_loss=0.21860,train_acc=0.91795(15451/16832)
[epoch 16][val][end] val_loss=0.60280,val_acc:0.82457(1161/1408)
[epoch 17][train][end] train_loss=0.21826,train_acc=0.91896(15468/16832)
[epoch 17][val][end] val_loss=0.60311,val_acc:0.82386(1160/1408)
[epoch 18][train][end] train_loss=0.21704,train_acc=0.91938(15475/16832)
[epoch 18][val][end] val_loss=0.59105,val_acc:0.82884(1167/1408)
[epoch 19][train][end] train_loss=0.21753,train_acc=0.91766(15446/16832)
[epoch 19][val][end] val_loss=0.58807,val_acc:0.83168(1171/1408)
[[1178, 75, 84, 60], [67, 2000, 18, 74], [98, 30, 376, 32], [69, 85, 29, 494]]
{'Pression': 0.8094054587539604, 'Recall': 0.8001931609571713, 'F1': 0.8047729472488708, 'Acc': 0.8488152652547704}

[RNN=RNN,DETECTION=cascade_rcnn_r101,BIDIRECTIONAL=True,FUN=Spatial_Layout_Encoding]
[epoch 0][train][end] train_loss=0.34642,train_acc=0.88029(14817/16832)
[epoch 0][val][end] val_loss=0.59497,val_acc:0.82884(1167/1408)
[epoch 0][save_best_output_params]
[epoch 1][train][end] train_loss=0.29650,train_acc=0.89882(15129/16832)
[epoch 1][val][end] val_loss=0.57187,val_acc:0.83381(1174/1408)
[epoch 1][save_best_output_params]
[epoch 2][train][end] train_loss=0.27877,train_acc=0.89977(15145/16832)
[epoch 2][val][end] val_loss=0.58019,val_acc:0.83949(1182/1408)
[epoch 3][train][end] train_loss=0.27057,train_acc=0.90239(15189/16832)
[epoch 3][val][end] val_loss=0.58727,val_acc:0.81463(1147/1408)
[epoch 4][train][end] train_loss=0.28718,train_acc=0.89835(15121/16832)
[epoch 4][val][end] val_loss=0.60128,val_acc:0.82031(1155/1408)
[epoch 5][train][end] train_loss=0.25107,train_acc=0.90732(15272/16832)
[epoch 5][val][end] val_loss=0.58476,val_acc:0.81818(1152/1408)
[epoch 6][train][end] train_loss=0.23810,train_acc=0.90910(15302/16832)
[epoch 6][val][end] val_loss=0.57064,val_acc:0.83168(1171/1408)
[epoch 6][save_best_output_params]
[epoch 7][train][end] train_loss=0.23377,train_acc=0.90964(15311/16832)
[epoch 7][val][end] val_loss=0.56042,val_acc:0.83239(1172/1408)
[epoch 7][save_best_output_params]
[epoch 8][train][end] train_loss=0.23075,train_acc=0.91380(15381/16832)
[epoch 8][val][end] val_loss=0.57100,val_acc:0.82884(1167/1408)
[epoch 9][train][end] train_loss=0.23232,train_acc=0.91207(15352/16832)
[epoch 9][val][end] val_loss=0.57229,val_acc:0.82812(1166/1408)
[epoch 10][train][end] train_loss=0.22708,train_acc=0.91344(15375/16832)
[epoch 10][val][end] val_loss=0.56099,val_acc:0.83097(1170/1408)
[epoch 11][train][end] train_loss=0.22450,train_acc=0.91504(15402/16832)
[epoch 11][val][end] val_loss=0.56233,val_acc:0.82955(1168/1408)
[epoch 12][train][end] train_loss=0.22517,train_acc=0.91587(15416/16832)
[epoch 12][val][end] val_loss=0.57540,val_acc:0.82315(1159/1408)
[epoch 13][train][end] train_loss=0.22282,train_acc=0.91635(15424/16832)
[epoch 13][val][end] val_loss=0.57671,val_acc:0.82741(1165/1408)
[epoch 14][train][end] train_loss=0.22406,train_acc=0.91439(15391/16832)
[epoch 14][val][end] val_loss=0.56186,val_acc:0.83168(1171/1408)
[epoch 15][train][end] train_loss=0.22272,train_acc=0.91469(15396/16832)
[epoch 15][val][end] val_loss=0.56613,val_acc:0.82599(1163/1408)
[epoch 16][train][end] train_loss=0.22251,train_acc=0.91582(15415/16832)
[epoch 16][val][end] val_loss=0.56211,val_acc:0.82955(1168/1408)
[epoch 17][train][end] train_loss=0.22374,train_acc=0.91475(15397/16832)
[epoch 17][val][end] val_loss=0.56455,val_acc:0.82102(1156/1408)
[epoch 18][train][end] train_loss=0.22273,train_acc=0.91570(15413/16832)
[epoch 18][val][end] val_loss=0.56624,val_acc:0.82670(1164/1408)
[epoch 19][train][end] train_loss=0.22423,train_acc=0.91582(15415/16832)
[epoch 19][val][end] val_loss=0.56596,val_acc:0.82315(1159/1408)
[[1162, 64, 112, 59], [68, 1984, 18, 89], [90, 24, 385, 37], [59, 75, 33, 510]]
{'Pression': 0.8007718499645873, 'Recall': 0.8055833536073836, 'F1': 0.8031703958556741, 'Acc': 0.8473474522960789}

[RNN=RNN,DETECTION=cascade_rcnn_r101,BIDIRECTIONAL=True,FUN=Spatial_Layout_Encoding]
[epoch 0][train][end] train_loss=0.35021,train_acc=0.87815(14781/16832)
[epoch 0][val][end] val_loss=0.60674,val_acc:0.82173(1157/1408)
[epoch 0][save_best_output_params]
[epoch 1][train][end] train_loss=0.27956,train_acc=0.90132(15171/16832)
[epoch 1][val][end] val_loss=0.57301,val_acc:0.84233(1186/1408)
[epoch 1][save_best_output_params]
[epoch 2][train][end] train_loss=0.27537,train_acc=0.90120(15169/16832)
[epoch 2][val][end] val_loss=0.60499,val_acc:0.83026(1169/1408)
[epoch 3][train][end] train_loss=0.28682,train_acc=0.89912(15134/16832)
[epoch 3][val][end] val_loss=0.65514,val_acc:0.81605(1149/1408)
[epoch 4][train][end] train_loss=0.27896,train_acc=0.90114(15168/16832)
[epoch 4][val][end] val_loss=0.66059,val_acc:0.81179(1143/1408)
[epoch 5][train][end] train_loss=0.24085,train_acc=0.91302(15368/16832)
[epoch 5][val][end] val_loss=0.61214,val_acc:0.82102(1156/1408)
[epoch 6][train][end] train_loss=0.23311,train_acc=0.91267(15362/16832)
[epoch 6][val][end] val_loss=0.58912,val_acc:0.84304(1187/1408)
[epoch 7][train][end] train_loss=0.22973,train_acc=0.91415(15387/16832)
[epoch 7][val][end] val_loss=0.59725,val_acc:0.82741(1165/1408)
[epoch 8][train][end] train_loss=0.22715,train_acc=0.91391(15383/16832)
[epoch 8][val][end] val_loss=0.61964,val_acc:0.81747(1151/1408)
[epoch 9][train][end] train_loss=0.22418,train_acc=0.91445(15392/16832)
[epoch 9][val][end] val_loss=0.58339,val_acc:0.82741(1165/1408)
[epoch 10][train][end] train_loss=0.21812,train_acc=0.91766(15446/16832)
[epoch 10][val][end] val_loss=0.57447,val_acc:0.83310(1173/1408)
[epoch 11][train][end] train_loss=0.21865,train_acc=0.91659(15428/16832)
[epoch 11][val][end] val_loss=0.59645,val_acc:0.83168(1171/1408)
[epoch 12][train][end] train_loss=0.21768,train_acc=0.91688(15433/16832)
[epoch 12][val][end] val_loss=0.58858,val_acc:0.83594(1177/1408)
[epoch 13][train][end] train_loss=0.21750,train_acc=0.91576(15414/16832)
[epoch 13][val][end] val_loss=0.58178,val_acc:0.82955(1168/1408)
[epoch 14][train][end] train_loss=0.21685,train_acc=0.91534(15407/16832)
[epoch 14][val][end] val_loss=0.58224,val_acc:0.83452(1175/1408)
[epoch 15][train][end] train_loss=0.21683,train_acc=0.91623(15422/16832)
[epoch 15][val][end] val_loss=0.57992,val_acc:0.83523(1176/1408)
[epoch 16][train][end] train_loss=0.21731,train_acc=0.91617(15421/16832)
[epoch 16][val][end] val_loss=0.57706,val_acc:0.82884(1167/1408)
[epoch 17][train][end] train_loss=0.21679,train_acc=0.91671(15430/16832)
[epoch 17][val][end] val_loss=0.58949,val_acc:0.83168(1171/1408)
[epoch 18][train][end] train_loss=0.21676,train_acc=0.91647(15426/16832)
[epoch 18][val][end] val_loss=0.57750,val_acc:0.83168(1171/1408)
[epoch 19][train][end] train_loss=0.21648,train_acc=0.91617(15421/16832)
[epoch 19][val][end] val_loss=0.58621,val_acc:0.83168(1171/1408)
[[1170, 69, 102, 56], [69, 1999, 21, 70], [92, 27, 382, 35], [65, 85, 34, 493]]
{'Pression': 0.8044059602830309, 'Recall': 0.8010749586250957, 'F1': 0.8027370039249709, 'Acc': 0.8479765149926609}

[RNN=RNN,DETECTION=cascade_rcnn_r101,BIDIRECTIONAL=True,FUN=Spatial_Layout_Encoding]
[epoch 0][train][end] train_loss=0.34365,train_acc=0.88421(14883/16832)
[epoch 0][val][end] val_loss=0.58613,val_acc:0.83168(1171/1408)
[epoch 0][save_best_output_params]
[epoch 1][train][end] train_loss=0.27090,train_acc=0.90298(15199/16832)
[epoch 1][val][end] val_loss=0.59384,val_acc:0.83665(1178/1408)
[epoch 2][train][end] train_loss=0.28856,train_acc=0.89841(15122/16832)
[epoch 2][val][end] val_loss=0.64883,val_acc:0.80398(1132/1408)
[epoch 3][train][end] train_loss=0.26928,train_acc=0.90084(15163/16832)
[epoch 3][val][end] val_loss=0.65888,val_acc:0.82599(1163/1408)
[epoch 4][train][end] train_loss=0.26337,train_acc=0.90572(15245/16832)
[epoch 4][val][end] val_loss=0.61450,val_acc:0.81960(1154/1408)
[epoch 5][train][end] train_loss=0.22806,train_acc=0.91516(15404/16832)
[epoch 5][val][end] val_loss=0.53967,val_acc:0.83594(1177/1408)
[epoch 5][save_best_output_params]
[epoch 6][train][end] train_loss=0.22074,train_acc=0.91677(15431/16832)
[epoch 6][val][end] val_loss=0.56334,val_acc:0.83594(1177/1408)
[epoch 7][train][end] train_loss=0.22487,train_acc=0.91498(15401/16832)
[epoch 7][val][end] val_loss=0.57753,val_acc:0.83381(1174/1408)
[epoch 8][train][end] train_loss=0.22128,train_acc=0.91647(15426/16832)
[epoch 8][val][end] val_loss=0.57225,val_acc:0.83310(1173/1408)
[epoch 9][train][end] train_loss=0.21835,train_acc=0.91766(15446/16832)
[epoch 9][val][end] val_loss=0.57730,val_acc:0.83523(1176/1408)
[epoch 10][train][end] train_loss=0.21605,train_acc=0.91801(15452/16832)
[epoch 10][val][end] val_loss=0.57039,val_acc:0.83594(1177/1408)
[epoch 11][train][end] train_loss=0.21563,train_acc=0.91879(15465/16832)
[epoch 11][val][end] val_loss=0.56771,val_acc:0.83523(1176/1408)
[epoch 12][train][end] train_loss=0.21481,train_acc=0.91819(15455/16832)
[epoch 12][val][end] val_loss=0.57389,val_acc:0.83310(1173/1408)
[epoch 13][train][end] train_loss=0.21361,train_acc=0.91879(15465/16832)
[epoch 13][val][end] val_loss=0.56425,val_acc:0.83736(1179/1408)
[epoch 14][train][end] train_loss=0.21464,train_acc=0.91920(15472/16832)
[epoch 14][val][end] val_loss=0.57101,val_acc:0.83523(1176/1408)
[epoch 15][train][end] train_loss=0.21382,train_acc=0.91879(15465/16832)
[epoch 15][val][end] val_loss=0.56978,val_acc:0.83168(1171/1408)
[epoch 16][train][end] train_loss=0.21340,train_acc=0.91813(15454/16832)
[epoch 16][val][end] val_loss=0.56881,val_acc:0.83523(1176/1408)
[epoch 17][train][end] train_loss=0.21399,train_acc=0.91795(15451/16832)
[epoch 17][val][end] val_loss=0.56423,val_acc:0.83523(1176/1408)
[epoch 18][train][end] train_loss=0.21349,train_acc=0.91932(15474/16832)
[epoch 18][val][end] val_loss=0.56561,val_acc:0.83452(1175/1408)
[epoch 19][train][end] train_loss=0.21415,train_acc=0.91926(15473/16832)
[epoch 19][val][end] val_loss=0.57422,val_acc:0.83523(1176/1408)
[[1186, 64, 85, 62], [78, 1999, 17, 65], [101, 28, 374, 33], [65, 82, 34, 496]]
{'Pression': 0.809681973188646, 'Recall': 0.8013147224511779, 'F1': 0.8054766187607857, 'Acc': 0.8502830782134619}

[RNN=RNN,DETECTION=cascade_rcnn_r101,BIDIRECTIONAL=False,FUN=Spatial_Layout_Encoding]
[epoch 0][train][end] train_loss=0.35555,train_acc=0.88201(14846/16832)
[epoch 0][val][end] val_loss=0.60834,val_acc:0.83097(1170/1408)
[epoch 0][save_best_output_params]
[epoch 1][train][end] train_loss=0.26508,train_acc=0.90441(15223/16832)
[epoch 1][val][end] val_loss=0.58213,val_acc:0.82599(1163/1408)
[epoch 1][save_best_output_params]
[epoch 2][train][end] train_loss=0.26350,train_acc=0.90423(15220/16832)
[epoch 2][val][end] val_loss=0.59358,val_acc:0.82173(1157/1408)
[epoch 3][train][end] train_loss=0.25388,train_acc=0.90678(15263/16832)
[epoch 3][val][end] val_loss=0.58993,val_acc:0.83239(1172/1408)
[epoch 4][train][end] train_loss=0.25700,train_acc=0.90720(15270/16832)
[epoch 4][val][end] val_loss=0.61472,val_acc:0.83807(1180/1408)
[epoch 5][train][end] train_loss=0.25902,train_acc=0.90453(15225/16832)
[epoch 5][val][end] val_loss=0.60518,val_acc:0.83097(1170/1408)
[epoch 6][train][end] train_loss=0.24236,train_acc=0.90845(15291/16832)
[epoch 6][val][end] val_loss=0.59519,val_acc:0.82599(1163/1408)
[epoch 7][train][end] train_loss=0.23257,train_acc=0.91308(15369/16832)
[epoch 7][val][end] val_loss=0.58450,val_acc:0.82884(1167/1408)
[epoch 8][train][end] train_loss=0.22768,train_acc=0.91320(15371/16832)
[epoch 8][val][end] val_loss=0.59101,val_acc:0.83523(1176/1408)
[epoch 9][train][end] train_loss=0.22495,train_acc=0.91368(15379/16832)
[epoch 9][val][end] val_loss=0.59127,val_acc:0.83026(1169/1408)
[epoch 10][train][end] train_loss=0.22057,train_acc=0.91647(15426/16832)
[epoch 10][val][end] val_loss=0.59132,val_acc:0.83097(1170/1408)
[epoch 11][train][end] train_loss=0.21958,train_acc=0.91671(15430/16832)
[epoch 11][val][end] val_loss=0.58956,val_acc:0.83239(1172/1408)
[epoch 12][train][end] train_loss=0.21919,train_acc=0.91540(15408/16832)
[epoch 12][val][end] val_loss=0.58677,val_acc:0.83594(1177/1408)
[epoch 13][train][end] train_loss=0.21895,train_acc=0.91611(15420/16832)
[epoch 13][val][end] val_loss=0.58709,val_acc:0.83168(1171/1408)
[epoch 14][train][end] train_loss=0.21890,train_acc=0.91605(15419/16832)
[epoch 14][val][end] val_loss=0.58097,val_acc:0.83168(1171/1408)
[epoch 14][save_best_output_params]
[epoch 15][train][end] train_loss=0.21784,train_acc=0.91736(15441/16832)
[epoch 15][val][end] val_loss=0.57933,val_acc:0.83310(1173/1408)
[epoch 15][save_best_output_params]
[epoch 16][train][end] train_loss=0.21775,train_acc=0.91760(15445/16832)
[epoch 16][val][end] val_loss=0.58290,val_acc:0.83097(1170/1408)
[epoch 17][train][end] train_loss=0.21795,train_acc=0.91665(15429/16832)
[epoch 17][val][end] val_loss=0.58625,val_acc:0.83026(1169/1408)
[epoch 18][train][end] train_loss=0.21740,train_acc=0.91677(15431/16832)
[epoch 18][val][end] val_loss=0.58188,val_acc:0.83026(1169/1408)
[epoch 19][train][end] train_loss=0.21781,train_acc=0.91730(15440/16832)
[epoch 19][val][end] val_loss=0.58933,val_acc:0.83026(1169/1408)
[[1173, 69, 107, 48], [76, 1997, 17, 69], [103, 25, 380, 28], [72, 79, 34, 492]]
{'Pression': 0.8056756605026161, 'Recall': 0.8000781225972102, 'F1': 0.8028671352501204, 'Acc': 0.8475571398616062}

[RNN=RNN,DETECTION=cascade_rcnn_r101,BIDIRECTIONAL=False,FUN=Spatial_Layout_Encoding]
[epoch 0][train][end] train_loss=0.36319,train_acc=0.86591(14575/16832)
[epoch 0][val][end] val_loss=0.60490,val_acc:0.79616(1121/1408)
[epoch 0][save_best_output_params]
[epoch 1][train][end] train_loss=0.26203,train_acc=0.90488(15231/16832)
[epoch 1][val][end] val_loss=0.62422,val_acc:0.78835(1110/1408)
[epoch 2][train][end] train_loss=0.25880,train_acc=0.90696(15266/16832)
[epoch 2][val][end] val_loss=0.61768,val_acc:0.83665(1178/1408)
[epoch 3][train][end] train_loss=0.27102,train_acc=0.90280(15196/16832)
[epoch 3][val][end] val_loss=0.55815,val_acc:0.84091(1184/1408)
[epoch 3][save_best_output_params]
[epoch 4][train][end] train_loss=0.25501,train_acc=0.90785(15281/16832)
[epoch 4][val][end] val_loss=0.62046,val_acc:0.83665(1178/1408)
[epoch 5][train][end] train_loss=0.23488,train_acc=0.91338(15374/16832)
[epoch 5][val][end] val_loss=0.57212,val_acc:0.83949(1182/1408)
[epoch 6][train][end] train_loss=0.22547,train_acc=0.91463(15395/16832)
[epoch 6][val][end] val_loss=0.56656,val_acc:0.82599(1163/1408)
[epoch 7][train][end] train_loss=0.22068,train_acc=0.91570(15413/16832)
[epoch 7][val][end] val_loss=0.55115,val_acc:0.82386(1160/1408)
[epoch 7][save_best_output_params]
[epoch 8][train][end] train_loss=0.21923,train_acc=0.91665(15429/16832)
[epoch 8][val][end] val_loss=0.56991,val_acc:0.81747(1151/1408)
[epoch 9][train][end] train_loss=0.21784,train_acc=0.91540(15408/16832)
[epoch 9][val][end] val_loss=0.56102,val_acc:0.83168(1171/1408)
[epoch 10][train][end] train_loss=0.21416,train_acc=0.91784(15449/16832)
[epoch 10][val][end] val_loss=0.55921,val_acc:0.82884(1167/1408)
[epoch 11][train][end] train_loss=0.21344,train_acc=0.91784(15449/16832)
[epoch 11][val][end] val_loss=0.55852,val_acc:0.82670(1164/1408)
[epoch 12][train][end] train_loss=0.21299,train_acc=0.91772(15447/16832)
[epoch 12][val][end] val_loss=0.54982,val_acc:0.82812(1166/1408)
[epoch 12][save_best_output_params]
[epoch 13][train][end] train_loss=0.21229,train_acc=0.91849(15460/16832)
[epoch 13][val][end] val_loss=0.56062,val_acc:0.82599(1163/1408)
[epoch 14][train][end] train_loss=0.21134,train_acc=0.91908(15470/16832)
[epoch 14][val][end] val_loss=0.56136,val_acc:0.83523(1176/1408)
[epoch 15][train][end] train_loss=0.21172,train_acc=0.91986(15483/16832)
[epoch 15][val][end] val_loss=0.55845,val_acc:0.83310(1173/1408)
[epoch 16][train][end] train_loss=0.21139,train_acc=0.91855(15461/16832)
[epoch 16][val][end] val_loss=0.55642,val_acc:0.82884(1167/1408)
[epoch 17][train][end] train_loss=0.21150,train_acc=0.91920(15472/16832)
[epoch 17][val][end] val_loss=0.56275,val_acc:0.82955(1168/1408)
[epoch 18][train][end] train_loss=0.21129,train_acc=0.91825(15456/16832)
[epoch 18][val][end] val_loss=0.56558,val_acc:0.82670(1164/1408)
[epoch 19][train][end] train_loss=0.21112,train_acc=0.91885(15466/16832)
[epoch 19][val][end] val_loss=0.56425,val_acc:0.82884(1167/1408)
[[1161, 68, 115, 53], [68, 2001, 20, 70], [90, 28, 385, 33], [59, 80, 35, 503]]
{'Pression': 0.8046628966203919, 'Recall': 0.8047879691107465, 'F1': 0.8047254280057974, 'Acc': 0.8492346403858251}

[RNN=RNN,DETECTION=cascade_rcnn_r101,BIDIRECTIONAL=False,FUN=Spatial_Layout_Encoding]
[epoch 0][train][end] train_loss=0.36800,train_acc=0.87144(14668/16832)
[epoch 0][val][end] val_loss=0.58690,val_acc:0.83381(1174/1408)
[epoch 0][save_best_output_params]
[epoch 1][train][end] train_loss=0.26953,train_acc=0.90239(15189/16832)
[epoch 1][val][end] val_loss=0.60866,val_acc:0.81250(1144/1408)
[epoch 2][train][end] train_loss=0.25288,train_acc=0.90619(15253/16832)
[epoch 2][val][end] val_loss=0.58988,val_acc:0.83523(1176/1408)
[epoch 3][train][end] train_loss=0.24758,train_acc=0.90815(15286/16832)
[epoch 3][val][end] val_loss=0.59553,val_acc:0.81818(1152/1408)
[epoch 4][train][end] train_loss=0.25041,train_acc=0.90678(15263/16832)
[epoch 4][val][end] val_loss=0.73019,val_acc:0.78480(1105/1408)
[epoch 5][train][end] train_loss=0.23465,train_acc=0.91231(15356/16832)
[epoch 5][val][end] val_loss=0.56089,val_acc:0.83381(1174/1408)
[epoch 5][save_best_output_params]
[epoch 6][train][end] train_loss=0.22255,train_acc=0.91582(15415/16832)
[epoch 6][val][end] val_loss=0.55735,val_acc:0.84162(1185/1408)
[epoch 6][save_best_output_params]
[epoch 7][train][end] train_loss=0.21977,train_acc=0.91641(15425/16832)
[epoch 7][val][end] val_loss=0.55600,val_acc:0.83736(1179/1408)
[epoch 7][save_best_output_params]
[epoch 8][train][end] train_loss=0.21706,train_acc=0.91659(15428/16832)
[epoch 8][val][end] val_loss=0.56195,val_acc:0.82031(1155/1408)
[epoch 9][train][end] train_loss=0.21438,train_acc=0.91778(15448/16832)
[epoch 9][val][end] val_loss=0.56456,val_acc:0.82599(1163/1408)
[epoch 10][train][end] train_loss=0.21177,train_acc=0.91849(15460/16832)
[epoch 10][val][end] val_loss=0.56497,val_acc:0.83168(1171/1408)
[epoch 11][train][end] train_loss=0.21108,train_acc=0.91706(15436/16832)
[epoch 11][val][end] val_loss=0.56941,val_acc:0.82670(1164/1408)
[epoch 12][train][end] train_loss=0.21107,train_acc=0.91843(15459/16832)
[epoch 12][val][end] val_loss=0.56361,val_acc:0.83452(1175/1408)
[epoch 13][train][end] train_loss=0.20995,train_acc=0.91914(15471/16832)
[epoch 13][val][end] val_loss=0.57022,val_acc:0.82670(1164/1408)
[epoch 14][train][end] train_loss=0.21080,train_acc=0.91813(15454/16832)
[epoch 14][val][end] val_loss=0.57336,val_acc:0.83310(1173/1408)
[epoch 15][train][end] train_loss=0.21022,train_acc=0.91837(15458/16832)
[epoch 15][val][end] val_loss=0.57613,val_acc:0.83239(1172/1408)
[epoch 16][train][end] train_loss=0.20956,train_acc=0.91807(15453/16832)
[epoch 16][val][end] val_loss=0.55193,val_acc:0.83310(1173/1408)
[epoch 16][save_best_output_params]
[epoch 17][train][end] train_loss=0.21016,train_acc=0.91760(15445/16832)
[epoch 17][val][end] val_loss=0.56524,val_acc:0.83026(1169/1408)
[epoch 18][train][end] train_loss=0.21009,train_acc=0.91908(15470/16832)
[epoch 18][val][end] val_loss=0.56564,val_acc:0.83239(1172/1408)
[epoch 19][train][end] train_loss=0.21014,train_acc=0.91837(15458/16832)
[epoch 19][val][end] val_loss=0.56706,val_acc:0.83097(1170/1408)
[[1171, 70, 98, 58], [68, 1999, 21, 71], [95, 28, 382, 31], [60, 81, 35, 501]]
{'Pression': 0.8071180704097036, 'Recall': 0.8042081232773522, 'F1': 0.8056604692587639, 'Acc': 0.8498637030824072}

[RNN=RNN,DETECTION=cascade_rcnn_r101,BIDIRECTIONAL=False,FUN=Spatial_Layout_Encoding]
[epoch 0][train][end] train_loss=0.34854,train_acc=0.87512(14730/16832)
[epoch 0][val][end] val_loss=0.60757,val_acc:0.83097(1170/1408)
[epoch 0][save_best_output_params]
[epoch 1][train][end] train_loss=0.25908,train_acc=0.90577(15246/16832)
[epoch 1][val][end] val_loss=0.55170,val_acc:0.82884(1167/1408)
[epoch 1][save_best_output_params]
[epoch 2][train][end] train_loss=0.26421,train_acc=0.90524(15237/16832)
[epoch 2][val][end] val_loss=0.58800,val_acc:0.82741(1165/1408)
[epoch 3][train][end] train_loss=0.27233,train_acc=0.90108(15167/16832)
[epoch 3][val][end] val_loss=0.59719,val_acc:0.83665(1178/1408)
[epoch 4][train][end] train_loss=0.29715,train_acc=0.89490(15063/16832)
[epoch 4][val][end] val_loss=0.78333,val_acc:0.77699(1094/1408)
[epoch 5][train][end] train_loss=0.38684,train_acc=0.88237(14852/16832)
[epoch 5][val][end] val_loss=0.62707,val_acc:0.81889(1153/1408)
[epoch 6][train][end] train_loss=0.34137,train_acc=0.88801(14947/16832)
[epoch 6][val][end] val_loss=0.60932,val_acc:0.82457(1161/1408)
[epoch 7][train][end] train_loss=0.32396,train_acc=0.89098(14997/16832)
[epoch 7][val][end] val_loss=0.60395,val_acc:0.82528(1162/1408)
[epoch 8][train][end] train_loss=0.31337,train_acc=0.89377(15044/16832)
[epoch 8][val][end] val_loss=0.59384,val_acc:0.83381(1174/1408)
[epoch 9][train][end] train_loss=0.30572,train_acc=0.89651(15090/16832)
[epoch 9][val][end] val_loss=0.57689,val_acc:0.83381(1174/1408)
[epoch 10][train][end] train_loss=0.29941,train_acc=0.89811(15117/16832)
[epoch 10][val][end] val_loss=0.59403,val_acc:0.83168(1171/1408)
[epoch 11][train][end] train_loss=0.29839,train_acc=0.89888(15130/16832)
[epoch 11][val][end] val_loss=0.58649,val_acc:0.83381(1174/1408)
[epoch 12][train][end] train_loss=0.29793,train_acc=0.89841(15122/16832)
[epoch 12][val][end] val_loss=0.59403,val_acc:0.83097(1170/1408)
[epoch 13][train][end] train_loss=0.29723,train_acc=0.89995(15148/16832)
[epoch 13][val][end] val_loss=0.59419,val_acc:0.83097(1170/1408)
[epoch 14][train][end] train_loss=0.29650,train_acc=0.89942(15139/16832)
[epoch 14][val][end] val_loss=0.60182,val_acc:0.82031(1155/1408)
[epoch 15][train][end] train_loss=0.29561,train_acc=0.90001(15149/16832)
[epoch 15][val][end] val_loss=0.58740,val_acc:0.83239(1172/1408)
[epoch 16][train][end] train_loss=0.29480,train_acc=0.90078(15162/16832)
[epoch 16][val][end] val_loss=0.59316,val_acc:0.83168(1171/1408)
[epoch 17][train][end] train_loss=0.29530,train_acc=0.90001(15149/16832)
[epoch 17][val][end] val_loss=0.58850,val_acc:0.83310(1173/1408)
[epoch 18][train][end] train_loss=0.29508,train_acc=0.90043(15156/16832)
[epoch 18][val][end] val_loss=0.59552,val_acc:0.82741(1165/1408)
[epoch 19][train][end] train_loss=0.29528,train_acc=0.89995(15148/16832)
[epoch 19][val][end] val_loss=0.59263,val_acc:0.82955(1168/1408)
[[1195, 64, 62, 76], [73, 1976, 27, 83], [136, 31, 330, 39], [65, 81, 31, 500]]
{'Pression': 0.7953399704452793, 'Recall': 0.7812167633637792, 'F1': 0.7882151072152362, 'Acc': 0.8389599496749843}

[RNN=RNN,DETECTION=cascade_rcnn_r101,BIDIRECTIONAL=False,FUN=Spatial_Layout_Encoding]
[epoch 0][train][end] train_loss=0.35456,train_acc=0.87767(14773/16832)
[epoch 0][val][end] val_loss=0.59053,val_acc:0.84375(1188/1408)
[epoch 0][save_best_output_params]
[epoch 1][train][end] train_loss=0.26905,train_acc=0.90322(15203/16832)
[epoch 1][val][end] val_loss=0.57534,val_acc:0.84446(1189/1408)
[epoch 1][save_best_output_params]
[epoch 2][train][end] train_loss=0.26860,train_acc=0.90494(15232/16832)
[epoch 2][val][end] val_loss=0.54585,val_acc:0.85369(1202/1408)
[epoch 2][save_best_output_params]
[epoch 3][train][end] train_loss=0.25629,train_acc=0.90779(15280/16832)
[epoch 3][val][end] val_loss=0.59233,val_acc:0.82670(1164/1408)
[epoch 4][train][end] train_loss=0.25747,train_acc=0.90643(15257/16832)
[epoch 4][val][end] val_loss=0.64694,val_acc:0.84162(1185/1408)
[epoch 5][train][end] train_loss=0.25562,train_acc=0.90815(15286/16832)
[epoch 5][val][end] val_loss=0.61716,val_acc:0.83026(1169/1408)
[epoch 6][train][end] train_loss=0.23890,train_acc=0.91243(15358/16832)
[epoch 6][val][end] val_loss=0.59794,val_acc:0.83665(1178/1408)
[epoch 7][train][end] train_loss=0.23235,train_acc=0.91338(15374/16832)
[epoch 7][val][end] val_loss=0.60203,val_acc:0.83452(1175/1408)
[epoch 8][train][end] train_loss=0.22823,train_acc=0.91540(15408/16832)
[epoch 8][val][end] val_loss=0.59792,val_acc:0.83594(1177/1408)
[epoch 9][train][end] train_loss=0.22682,train_acc=0.91522(15405/16832)
[epoch 9][val][end] val_loss=0.60931,val_acc:0.82670(1164/1408)
[epoch 10][train][end] train_loss=0.22256,train_acc=0.91635(15424/16832)
[epoch 10][val][end] val_loss=0.60039,val_acc:0.83594(1177/1408)
[epoch 11][train][end] train_loss=0.22165,train_acc=0.91587(15416/16832)
[epoch 11][val][end] val_loss=0.59862,val_acc:0.83452(1175/1408)
[epoch 12][train][end] train_loss=0.22137,train_acc=0.91641(15425/16832)
[epoch 12][val][end] val_loss=0.59958,val_acc:0.83310(1173/1408)
[epoch 13][train][end] train_loss=0.22079,train_acc=0.91677(15431/16832)
[epoch 13][val][end] val_loss=0.60271,val_acc:0.83381(1174/1408)
[epoch 14][train][end] train_loss=0.22029,train_acc=0.91736(15441/16832)
[epoch 14][val][end] val_loss=0.60363,val_acc:0.83665(1178/1408)
[epoch 15][train][end] train_loss=0.22014,train_acc=0.91683(15432/16832)
[epoch 15][val][end] val_loss=0.59543,val_acc:0.83594(1177/1408)
[epoch 16][train][end] train_loss=0.22089,train_acc=0.91635(15424/16832)
[epoch 16][val][end] val_loss=0.59757,val_acc:0.83026(1169/1408)
[epoch 17][train][end] train_loss=0.22017,train_acc=0.91635(15424/16832)
[epoch 17][val][end] val_loss=0.60137,val_acc:0.83310(1173/1408)
[epoch 18][train][end] train_loss=0.22058,train_acc=0.91635(15424/16832)
[epoch 18][val][end] val_loss=0.59665,val_acc:0.83736(1179/1408)
[epoch 19][train][end] train_loss=0.22036,train_acc=0.91641(15425/16832)
[epoch 19][val][end] val_loss=0.59197,val_acc:0.83381(1174/1408)
[[1219, 68, 70, 40], [79, 1983, 20, 77], [124, 26, 357, 29], [66, 80, 29, 502]]
{'Pression': 0.8158110485629573, 'Recall': 0.7996540775084865, 'F1': 0.8076517665798151, 'Acc': 0.8515412036066261}

