--------------------SLEDDing_just_tail--------------------
[RNN=RNN,DETECTION=cascade_rcnn_r101,BIDIRECTIONAL=True,FUN=Spatial_Layout_Encoding]
[epoch 0][train][end] train_loss=0.35017,train_acc=0.87922(14799/16832)
[epoch 0][val][end] val_loss=0.61169,val_acc:0.83239(1172/1408)
[epoch 0][save_best_output_params]
[epoch 1][train][end] train_loss=0.27607,train_acc=0.90203(15183/16832)
[epoch 1][val][end] val_loss=0.58062,val_acc:0.82031(1155/1408)
[epoch 1][save_best_output_params]
[epoch 2][train][end] train_loss=0.26560,train_acc=0.90286(15197/16832)
[epoch 2][val][end] val_loss=0.67432,val_acc:0.80611(1135/1408)
[epoch 3][train][end] train_loss=0.28348,train_acc=0.89728(15103/16832)
[epoch 3][val][end] val_loss=0.75702,val_acc:0.75781(1067/1408)
[epoch 4][train][end] train_loss=0.26164,train_acc=0.90453(15225/16832)
[epoch 4][val][end] val_loss=0.59617,val_acc:0.82528(1162/1408)
[epoch 5][train][end] train_loss=0.23235,train_acc=0.91011(15319/16832)
[epoch 5][val][end] val_loss=0.57349,val_acc:0.83026(1169/1408)
[epoch 5][save_best_output_params]
[epoch 6][train][end] train_loss=0.22617,train_acc=0.91380(15381/16832)
[epoch 6][val][end] val_loss=0.57251,val_acc:0.83452(1175/1408)
[epoch 6][save_best_output_params]
[epoch 7][train][end] train_loss=0.22179,train_acc=0.91391(15383/16832)
[epoch 7][val][end] val_loss=0.57619,val_acc:0.82741(1165/1408)
[epoch 8][train][end] train_loss=0.21904,train_acc=0.91516(15404/16832)
[epoch 8][val][end] val_loss=0.56064,val_acc:0.83452(1175/1408)
[epoch 8][save_best_output_params]
[epoch 9][train][end] train_loss=0.21763,train_acc=0.91641(15425/16832)
[epoch 9][val][end] val_loss=0.55607,val_acc:0.84446(1189/1408)
[epoch 9][save_best_output_params]
[epoch 10][train][end] train_loss=0.21513,train_acc=0.91760(15445/16832)
[epoch 10][val][end] val_loss=0.57590,val_acc:0.82955(1168/1408)
[epoch 11][train][end] train_loss=0.21407,train_acc=0.91819(15455/16832)
[epoch 11][val][end] val_loss=0.55036,val_acc:0.83736(1179/1408)
[epoch 11][save_best_output_params]
[epoch 12][train][end] train_loss=0.21318,train_acc=0.91890(15467/16832)
[epoch 12][val][end] val_loss=0.56319,val_acc:0.83168(1171/1408)
[epoch 13][train][end] train_loss=0.21227,train_acc=0.91920(15472/16832)
[epoch 13][val][end] val_loss=0.57367,val_acc:0.82955(1168/1408)
[epoch 14][train][end] train_loss=0.21191,train_acc=0.91956(15478/16832)
[epoch 14][val][end] val_loss=0.57079,val_acc:0.83665(1178/1408)
[epoch 15][train][end] train_loss=0.21158,train_acc=0.91962(15479/16832)
[epoch 15][val][end] val_loss=0.56500,val_acc:0.83168(1171/1408)
[epoch 16][train][end] train_loss=0.21162,train_acc=0.91980(15482/16832)
[epoch 16][val][end] val_loss=0.55405,val_acc:0.84233(1186/1408)
[epoch 17][train][end] train_loss=0.21137,train_acc=0.91944(15476/16832)
[epoch 17][val][end] val_loss=0.57413,val_acc:0.83736(1179/1408)
[epoch 18][train][end] train_loss=0.21054,train_acc=0.91956(15478/16832)
[epoch 18][val][end] val_loss=0.57192,val_acc:0.83594(1177/1408)
[epoch 19][train][end] train_loss=0.21148,train_acc=0.91944(15476/16832)
[epoch 19][val][end] val_loss=0.56430,val_acc:0.83594(1177/1408)
[[1184, 76, 80, 57], [73, 2012, 21, 53], [96, 30, 380, 30], [60, 87, 32, 498]]
{'Pression': 0.8179275335671432, 'Recall': 0.8059991990844236, 'F1': 0.8119195573408488, 'Acc': 0.8542671419584819}

[RNN=RNN,DETECTION=cascade_rcnn_r101,BIDIRECTIONAL=True,FUN=Spatial_Layout_Encoding]
[epoch 0][train][end] train_loss=0.34423,train_acc=0.88142(14836/16832)
[epoch 0][val][end] val_loss=0.63220,val_acc:0.80966(1140/1408)
[epoch 0][save_best_output_params]
[epoch 1][train][end] train_loss=0.29040,train_acc=0.89805(15116/16832)
[epoch 1][val][end] val_loss=0.64874,val_acc:0.80966(1140/1408)
[epoch 2][train][end] train_loss=0.28565,train_acc=0.89579(15078/16832)
[epoch 2][val][end] val_loss=0.65365,val_acc:0.83523(1176/1408)
[epoch 3][train][end] train_loss=0.29255,train_acc=0.89502(15065/16832)
[epoch 3][val][end] val_loss=0.74626,val_acc:0.76065(1071/1408)
[epoch 4][train][end] train_loss=0.29178,train_acc=0.89532(15070/16832)
[epoch 4][val][end] val_loss=0.69895,val_acc:0.81818(1152/1408)
[epoch 5][train][end] train_loss=0.25338,train_acc=0.90857(15293/16832)
[epoch 5][val][end] val_loss=0.59767,val_acc:0.82599(1163/1408)
[epoch 5][save_best_output_params]
[epoch 6][train][end] train_loss=0.23518,train_acc=0.91290(15366/16832)
[epoch 6][val][end] val_loss=0.59432,val_acc:0.82741(1165/1408)
[epoch 6][save_best_output_params]
[epoch 7][train][end] train_loss=0.22903,train_acc=0.91380(15381/16832)
[epoch 7][val][end] val_loss=0.59631,val_acc:0.82031(1155/1408)
[epoch 8][train][end] train_loss=0.22296,train_acc=0.91582(15415/16832)
[epoch 8][val][end] val_loss=0.58600,val_acc:0.83168(1171/1408)
[epoch 8][save_best_output_params]
[epoch 9][train][end] train_loss=0.21987,train_acc=0.91415(15387/16832)
[epoch 9][val][end] val_loss=0.59987,val_acc:0.82244(1158/1408)
[epoch 10][train][end] train_loss=0.21451,train_acc=0.91659(15428/16832)
[epoch 10][val][end] val_loss=0.58151,val_acc:0.83594(1177/1408)
[epoch 10][save_best_output_params]
[epoch 11][train][end] train_loss=0.21297,train_acc=0.91754(15444/16832)
[epoch 11][val][end] val_loss=0.58860,val_acc:0.82457(1161/1408)
[epoch 12][train][end] train_loss=0.21292,train_acc=0.91700(15435/16832)
[epoch 12][val][end] val_loss=0.56220,val_acc:0.83594(1177/1408)
[epoch 12][save_best_output_params]
[epoch 13][train][end] train_loss=0.21294,train_acc=0.91623(15422/16832)
[epoch 13][val][end] val_loss=0.55219,val_acc:0.84375(1188/1408)
[epoch 13][save_best_output_params]
[epoch 14][train][end] train_loss=0.21253,train_acc=0.91873(15464/16832)
[epoch 14][val][end] val_loss=0.57294,val_acc:0.82955(1168/1408)
[epoch 15][train][end] train_loss=0.21238,train_acc=0.91659(15428/16832)
[epoch 15][val][end] val_loss=0.58056,val_acc:0.83381(1174/1408)
[epoch 16][train][end] train_loss=0.21210,train_acc=0.91837(15458/16832)
[epoch 16][val][end] val_loss=0.57725,val_acc:0.83239(1172/1408)
[epoch 17][train][end] train_loss=0.21211,train_acc=0.91789(15450/16832)
[epoch 17][val][end] val_loss=0.58418,val_acc:0.82884(1167/1408)
[epoch 18][train][end] train_loss=0.21173,train_acc=0.91801(15452/16832)
[epoch 18][val][end] val_loss=0.57366,val_acc:0.83594(1177/1408)
[epoch 19][train][end] train_loss=0.21162,train_acc=0.91724(15439/16832)
[epoch 19][val][end] val_loss=0.57618,val_acc:0.83381(1174/1408)
[[1192, 67, 95, 43], [76, 1998, 20, 65], [103, 28, 374, 31], [68, 78, 33, 498]]
{'Pression': 0.8117327443412365, 'Recall': 0.8030112099593513, 'F1': 0.8073484238303476, 'Acc': 0.8517508911721535}

[RNN=RNN,DETECTION=cascade_rcnn_r101,BIDIRECTIONAL=True,FUN=Spatial_Layout_Encoding]
[epoch 0][train][end] train_loss=0.37829,train_acc=0.87144(14668/16832)
[epoch 0][val][end] val_loss=0.60944,val_acc:0.81605(1149/1408)
[epoch 0][save_best_output_params]
[epoch 1][train][end] train_loss=0.29196,train_acc=0.89841(15122/16832)
[epoch 1][val][end] val_loss=0.63445,val_acc:0.81321(1145/1408)
[epoch 2][train][end] train_loss=0.28344,train_acc=0.90114(15168/16832)
[epoch 2][val][end] val_loss=0.62511,val_acc:0.82102(1156/1408)
[epoch 3][train][end] train_loss=0.28273,train_acc=0.90162(15176/16832)
[epoch 3][val][end] val_loss=0.60897,val_acc:0.83239(1172/1408)
[epoch 3][save_best_output_params]
[epoch 4][train][end] train_loss=0.28035,train_acc=0.90013(15151/16832)
[epoch 4][val][end] val_loss=0.65067,val_acc:0.80966(1140/1408)
[epoch 5][train][end] train_loss=0.25807,train_acc=0.90655(15259/16832)
[epoch 5][val][end] val_loss=0.56107,val_acc:0.84020(1183/1408)
[epoch 5][save_best_output_params]
[epoch 6][train][end] train_loss=0.24217,train_acc=0.90976(15313/16832)
[epoch 6][val][end] val_loss=0.57281,val_acc:0.82599(1163/1408)
[epoch 7][train][end] train_loss=0.23781,train_acc=0.90946(15308/16832)
[epoch 7][val][end] val_loss=0.55478,val_acc:0.83026(1169/1408)
[epoch 7][save_best_output_params]
[epoch 8][train][end] train_loss=0.23225,train_acc=0.91362(15378/16832)
[epoch 8][val][end] val_loss=0.55556,val_acc:0.83878(1181/1408)
[epoch 9][train][end] train_loss=0.22388,train_acc=0.91587(15416/16832)
[epoch 9][val][end] val_loss=0.57485,val_acc:0.83452(1175/1408)
[epoch 10][train][end] train_loss=0.22241,train_acc=0.91778(15448/16832)
[epoch 10][val][end] val_loss=0.57742,val_acc:0.82812(1166/1408)
[epoch 11][train][end] train_loss=0.22111,train_acc=0.91683(15432/16832)
[epoch 11][val][end] val_loss=0.57036,val_acc:0.83239(1172/1408)
[epoch 12][train][end] train_loss=0.22086,train_acc=0.91617(15421/16832)
[epoch 12][val][end] val_loss=0.55266,val_acc:0.83594(1177/1408)
[epoch 12][save_best_output_params]
[epoch 13][train][end] train_loss=0.22047,train_acc=0.91677(15431/16832)
[epoch 13][val][end] val_loss=0.56411,val_acc:0.84020(1183/1408)
[epoch 14][train][end] train_loss=0.21941,train_acc=0.91754(15444/16832)
[epoch 14][val][end] val_loss=0.56913,val_acc:0.83665(1178/1408)
[epoch 15][train][end] train_loss=0.22075,train_acc=0.91706(15436/16832)
[epoch 15][val][end] val_loss=0.57050,val_acc:0.83807(1180/1408)
[epoch 16][train][end] train_loss=0.22001,train_acc=0.91772(15447/16832)
[epoch 16][val][end] val_loss=0.56175,val_acc:0.83665(1178/1408)
[epoch 17][train][end] train_loss=0.21882,train_acc=0.91712(15437/16832)
[epoch 17][val][end] val_loss=0.56404,val_acc:0.83381(1174/1408)
[epoch 18][train][end] train_loss=0.21882,train_acc=0.91760(15445/16832)
[epoch 18][val][end] val_loss=0.57095,val_acc:0.83665(1178/1408)
[epoch 19][train][end] train_loss=0.21959,train_acc=0.91730(15440/16832)
[epoch 19][val][end] val_loss=0.58241,val_acc:0.83665(1178/1408)
[[1196, 62, 88, 51], [86, 1995, 24, 54], [103, 22, 377, 34], [66, 80, 34, 497]]
{'Pression': 0.8126464699016018, 'Recall': 0.8044096240378331, 'F1': 0.8085070688385204, 'Acc': 0.8523799538687356}

[RNN=RNN,DETECTION=cascade_rcnn_r101,BIDIRECTIONAL=True,FUN=Spatial_Layout_Encoding]
[epoch 0][train][end] train_loss=0.34785,train_acc=0.88195(14845/16832)
[epoch 0][val][end] val_loss=0.58040,val_acc:0.83310(1173/1408)
[epoch 0][save_best_output_params]
[epoch 1][train][end] train_loss=0.27513,train_acc=0.90310(15201/16832)
[epoch 1][val][end] val_loss=0.61043,val_acc:0.82528(1162/1408)
[epoch 2][train][end] train_loss=0.28891,train_acc=0.89740(15105/16832)
[epoch 2][val][end] val_loss=0.62212,val_acc:0.83736(1179/1408)
[epoch 3][train][end] train_loss=0.27511,train_acc=0.90328(15204/16832)
[epoch 3][val][end] val_loss=0.66456,val_acc:0.81960(1154/1408)
[epoch 4][train][end] train_loss=0.27022,train_acc=0.90274(15195/16832)
[epoch 4][val][end] val_loss=0.63300,val_acc:0.82884(1167/1408)
[epoch 5][train][end] train_loss=0.24880,train_acc=0.90690(15265/16832)
[epoch 5][val][end] val_loss=0.58695,val_acc:0.83665(1178/1408)
[epoch 6][train][end] train_loss=0.23504,train_acc=0.91296(15367/16832)
[epoch 6][val][end] val_loss=0.59103,val_acc:0.82670(1164/1408)
[epoch 7][train][end] train_loss=0.23088,train_acc=0.91172(15346/16832)
[epoch 7][val][end] val_loss=0.59400,val_acc:0.83381(1174/1408)
[epoch 8][train][end] train_loss=0.22517,train_acc=0.91308(15369/16832)
[epoch 8][val][end] val_loss=0.60350,val_acc:0.81534(1148/1408)
[epoch 9][train][end] train_loss=0.22514,train_acc=0.91510(15403/16832)
[epoch 9][val][end] val_loss=0.58466,val_acc:0.83097(1170/1408)
[epoch 10][train][end] train_loss=0.22015,train_acc=0.91451(15393/16832)
[epoch 10][val][end] val_loss=0.58983,val_acc:0.82812(1166/1408)
[epoch 11][train][end] train_loss=0.21885,train_acc=0.91593(15417/16832)
[epoch 11][val][end] val_loss=0.60374,val_acc:0.82457(1161/1408)
[epoch 12][train][end] train_loss=0.21937,train_acc=0.91534(15407/16832)
[epoch 12][val][end] val_loss=0.59211,val_acc:0.82670(1164/1408)
[epoch 13][train][end] train_loss=0.22037,train_acc=0.91516(15404/16832)
[epoch 13][val][end] val_loss=0.60009,val_acc:0.82315(1159/1408)
[epoch 14][train][end] train_loss=0.21881,train_acc=0.91534(15407/16832)
[epoch 14][val][end] val_loss=0.59827,val_acc:0.82670(1164/1408)
[epoch 15][train][end] train_loss=0.21740,train_acc=0.91439(15391/16832)
[epoch 15][val][end] val_loss=0.59286,val_acc:0.82884(1167/1408)
[epoch 16][train][end] train_loss=0.21776,train_acc=0.91522(15405/16832)
[epoch 16][val][end] val_loss=0.59154,val_acc:0.82884(1167/1408)
[epoch 17][train][end] train_loss=0.21821,train_acc=0.91427(15389/16832)
[epoch 17][val][end] val_loss=0.57902,val_acc:0.83239(1172/1408)
[epoch 17][save_best_output_params]
[epoch 18][train][end] train_loss=0.21768,train_acc=0.91552(15410/16832)
[epoch 18][val][end] val_loss=0.59047,val_acc:0.82244(1158/1408)
[epoch 19][train][end] train_loss=0.21726,train_acc=0.91688(15433/16832)
[epoch 19][val][end] val_loss=0.59524,val_acc:0.82102(1156/1408)
[[1160, 71, 103, 63], [75, 1985, 21, 78], [99, 28, 375, 34], [61, 80, 32, 504]]
{'Pression': 0.7993266896881183, 'Recall': 0.798461401733744, 'F1': 0.7988938114110111, 'Acc': 0.8437827636821137}

[RNN=RNN,DETECTION=cascade_rcnn_r101,BIDIRECTIONAL=True,FUN=Spatial_Layout_Encoding]
[epoch 0][train][end] train_loss=0.35723,train_acc=0.88237(14852/16832)
[epoch 0][val][end] val_loss=0.62995,val_acc:0.82528(1162/1408)
[epoch 0][save_best_output_params]
[epoch 1][train][end] train_loss=0.27220,train_acc=0.90346(15207/16832)
[epoch 1][val][end] val_loss=0.59994,val_acc:0.83807(1180/1408)
[epoch 1][save_best_output_params]
[epoch 2][train][end] train_loss=0.27375,train_acc=0.90286(15197/16832)
[epoch 2][val][end] val_loss=0.66071,val_acc:0.82244(1158/1408)
[epoch 3][train][end] train_loss=0.31303,train_acc=0.89276(15027/16832)
[epoch 3][val][end] val_loss=0.63297,val_acc:0.82386(1160/1408)
[epoch 4][train][end] train_loss=0.28637,train_acc=0.89924(15136/16832)
[epoch 4][val][end] val_loss=0.61215,val_acc:0.83878(1181/1408)
[epoch 5][train][end] train_loss=0.24851,train_acc=0.90892(15299/16832)
[epoch 5][val][end] val_loss=0.55932,val_acc:0.84091(1184/1408)
[epoch 5][save_best_output_params]
[epoch 6][train][end] train_loss=0.23581,train_acc=0.91207(15352/16832)
[epoch 6][val][end] val_loss=0.55485,val_acc:0.84659(1192/1408)
[epoch 6][save_best_output_params]
[epoch 7][train][end] train_loss=0.23072,train_acc=0.91362(15378/16832)
[epoch 7][val][end] val_loss=0.56527,val_acc:0.84375(1188/1408)
[epoch 8][train][end] train_loss=0.22808,train_acc=0.91475(15397/16832)
[epoch 8][val][end] val_loss=0.57772,val_acc:0.82528(1162/1408)
[epoch 9][train][end] train_loss=0.22649,train_acc=0.91469(15396/16832)
[epoch 9][val][end] val_loss=0.56735,val_acc:0.83026(1169/1408)
[epoch 10][train][end] train_loss=0.22029,train_acc=0.91587(15416/16832)
[epoch 10][val][end] val_loss=0.56588,val_acc:0.83949(1182/1408)
[epoch 11][train][end] train_loss=0.21863,train_acc=0.91683(15432/16832)
[epoch 11][val][end] val_loss=0.56119,val_acc:0.83807(1180/1408)
[epoch 12][train][end] train_loss=0.21849,train_acc=0.91700(15435/16832)
[epoch 12][val][end] val_loss=0.56225,val_acc:0.83807(1180/1408)
[epoch 13][train][end] train_loss=0.21705,train_acc=0.91772(15447/16832)
[epoch 13][val][end] val_loss=0.57395,val_acc:0.84304(1187/1408)
[epoch 14][train][end] train_loss=0.21755,train_acc=0.91712(15437/16832)
[epoch 14][val][end] val_loss=0.56561,val_acc:0.83949(1182/1408)
[epoch 15][train][end] train_loss=0.21691,train_acc=0.91760(15445/16832)
[epoch 15][val][end] val_loss=0.55327,val_acc:0.84233(1186/1408)
[epoch 15][save_best_output_params]
[epoch 16][train][end] train_loss=0.21698,train_acc=0.91807(15453/16832)
[epoch 16][val][end] val_loss=0.55961,val_acc:0.83878(1181/1408)
[epoch 17][train][end] train_loss=0.21648,train_acc=0.91754(15444/16832)
[epoch 17][val][end] val_loss=0.56499,val_acc:0.83949(1182/1408)
[epoch 18][train][end] train_loss=0.21775,train_acc=0.91683(15432/16832)
[epoch 18][val][end] val_loss=0.55577,val_acc:0.84162(1185/1408)
[epoch 19][train][end] train_loss=0.21652,train_acc=0.91706(15436/16832)
[epoch 19][val][end] val_loss=0.56207,val_acc:0.84162(1185/1408)
[[1179, 69, 88, 61], [77, 2002, 18, 62], [102, 33, 372, 29], [64, 82, 31, 500]]
{'Pression': 0.8106644699370789, 'Recall': 0.8009536902288852, 'F1': 0.805779824008289, 'Acc': 0.8498637030824072}

[RNN=RNN,DETECTION=cascade_rcnn_r101,BIDIRECTIONAL=False,FUN=Spatial_Layout_Encoding]
[epoch 0][train][end] train_loss=1.35224,train_acc=0.34749(5849/16832)
[epoch 0][val][end] val_loss=1.26732,val_acc:0.42259(595/1408)
[epoch 0][save_best_output_params]
[epoch 1][train][end] train_loss=1.18776,train_acc=0.44225(7444/16832)
[epoch 1][val][end] val_loss=1.13670,val_acc:0.48366(681/1408)
[epoch 1][save_best_output_params]
[epoch 2][train][end] train_loss=1.19583,train_acc=0.43887(7387/16832)
[epoch 2][val][end] val_loss=1.20498,val_acc:0.39062(550/1408)
[epoch 3][train][end] train_loss=1.22518,train_acc=0.43055(7247/16832)
[epoch 3][val][end] val_loss=1.27039,val_acc:0.35795(504/1408)
[epoch 4][train][end] train_loss=1.18324,train_acc=0.47029(7916/16832)
[epoch 4][val][end] val_loss=1.25033,val_acc:0.47301(666/1408)
[epoch 5][train][end] train_loss=1.17067,train_acc=0.47083(7925/16832)
[epoch 5][val][end] val_loss=1.22517,val_acc:0.44105(621/1408)
[epoch 6][train][end] train_loss=1.16479,train_acc=0.47974(8075/16832)
[epoch 6][val][end] val_loss=1.21225,val_acc:0.46875(660/1408)
[epoch 7][train][end] train_loss=1.15928,train_acc=0.48497(8163/16832)
[epoch 7][val][end] val_loss=1.20832,val_acc:0.46378(653/1408)
[epoch 8][train][end] train_loss=1.15969,train_acc=0.48467(8158/16832)
[epoch 8][val][end] val_loss=1.22362,val_acc:0.45170(636/1408)
[epoch 9][train][end] train_loss=1.15675,train_acc=0.48657(8190/16832)
[epoch 9][val][end] val_loss=1.20786,val_acc:0.46165(650/1408)
[epoch 10][train][end] train_loss=1.15738,train_acc=0.48574(8176/16832)
[epoch 10][val][end] val_loss=1.21499,val_acc:0.45597(642/1408)
[epoch 11][train][end] train_loss=1.15365,train_acc=0.48574(8176/16832)
[epoch 11][val][end] val_loss=1.22240,val_acc:0.45384(639/1408)
[epoch 12][train][end] train_loss=1.15562,train_acc=0.48770(8209/16832)
[epoch 12][val][end] val_loss=1.21569,val_acc:0.46023(648/1408)
[epoch 13][train][end] train_loss=1.15736,train_acc=0.48651(8189/16832)
[epoch 13][val][end] val_loss=1.21409,val_acc:0.46307(652/1408)
[epoch 14][train][end] train_loss=1.15478,train_acc=0.48830(8219/16832)
[epoch 14][val][end] val_loss=1.21183,val_acc:0.46023(648/1408)
[epoch 15][train][end] train_loss=1.15960,train_acc=0.48289(8128/16832)
[epoch 15][val][end] val_loss=1.21197,val_acc:0.45526(641/1408)
[epoch 16][train][end] train_loss=1.15681,train_acc=0.48372(8142/16832)
[epoch 16][val][end] val_loss=1.21447,val_acc:0.46946(661/1408)
[epoch 17][train][end] train_loss=1.15572,train_acc=0.48550(8172/16832)
[epoch 17][val][end] val_loss=1.22018,val_acc:0.45455(640/1408)
[epoch 18][train][end] train_loss=1.15784,train_acc=0.48604(8181/16832)
[epoch 18][val][end] val_loss=1.20567,val_acc:0.47017(662/1408)
[epoch 19][train][end] train_loss=1.15740,train_acc=0.48443(8154/16832)
[epoch 19][val][end] val_loss=1.20792,val_acc:0.46023(648/1408)
[[0, 981, 267, 149], [0, 1668, 194, 297], [0, 415, 92, 29], [0, 247, 29, 401]]
{'Pression': 0.2799033632312912, 'Recall': 0.38413518594965734, 'F1': 0.3238388211509915, 'Acc': 0.4531348291046341}

[RNN=RNN,DETECTION=cascade_rcnn_r101,BIDIRECTIONAL=False,FUN=Spatial_Layout_Encoding]
[epoch 0][train][end] train_loss=1.32940,train_acc=0.36740(6184/16832)
[epoch 0][val][end] val_loss=1.27220,val_acc:0.41548(585/1408)
[epoch 0][save_best_output_params]
[epoch 1][train][end] train_loss=1.18716,train_acc=0.47748(8037/16832)
[epoch 1][val][end] val_loss=1.23861,val_acc:0.50213(707/1408)
[epoch 1][save_best_output_params]
[epoch 2][train][end] train_loss=1.30228,train_acc=0.39603(6666/16832)
[epoch 2][val][end] val_loss=1.26866,val_acc:0.43253(609/1408)
[epoch 3][train][end] train_loss=1.22370,train_acc=0.43679(7352/16832)
[epoch 3][val][end] val_loss=1.25063,val_acc:0.41335(582/1408)
[epoch 4][train][end] train_loss=1.26290,train_acc=0.41778(7032/16832)
[epoch 4][val][end] val_loss=1.29426,val_acc:0.36080(508/1408)
[epoch 5][train][end] train_loss=1.25316,train_acc=0.43928(7394/16832)
[epoch 5][val][end] val_loss=1.25213,val_acc:0.44176(622/1408)
[epoch 6][train][end] train_loss=1.21608,train_acc=0.45847(7717/16832)
[epoch 6][val][end] val_loss=1.20093,val_acc:0.48438(682/1408)
[epoch 6][save_best_output_params]
[epoch 7][train][end] train_loss=1.24645,train_acc=0.42900(7221/16832)
[epoch 7][val][end] val_loss=1.21678,val_acc:0.44105(621/1408)
[epoch 8][train][end] train_loss=1.21725,train_acc=0.45295(7624/16832)
[epoch 8][val][end] val_loss=1.20784,val_acc:0.46662(657/1408)
[epoch 9][train][end] train_loss=1.20593,train_acc=0.47041(7918/16832)
[epoch 9][val][end] val_loss=1.22538,val_acc:0.44176(622/1408)
[epoch 10][train][end] train_loss=1.20550,train_acc=0.47659(8022/16832)
[epoch 10][val][end] val_loss=1.19961,val_acc:0.45952(647/1408)
[epoch 10][save_best_output_params]
[epoch 11][train][end] train_loss=1.20307,train_acc=0.47570(8007/16832)
[epoch 11][val][end] val_loss=1.23600,val_acc:0.42614(600/1408)
[epoch 12][train][end] train_loss=1.19925,train_acc=0.47915(8065/16832)
[epoch 12][val][end] val_loss=1.20351,val_acc:0.45881(646/1408)
[epoch 13][train][end] train_loss=1.19188,train_acc=0.48622(8184/16832)
[epoch 13][val][end] val_loss=1.21776,val_acc:0.44673(629/1408)
[epoch 14][train][end] train_loss=1.18383,train_acc=0.48990(8246/16832)
[epoch 14][val][end] val_loss=1.22948,val_acc:0.44673(629/1408)
[epoch 15][train][end] train_loss=1.17734,train_acc=0.49091(8263/16832)
[epoch 15][val][end] val_loss=1.21138,val_acc:0.45312(638/1408)
[epoch 16][train][end] train_loss=1.17188,train_acc=0.49798(8382/16832)
[epoch 16][val][end] val_loss=1.22630,val_acc:0.44105(621/1408)
[epoch 17][train][end] train_loss=1.17397,train_acc=0.49329(8303/16832)
[epoch 17][val][end] val_loss=1.19491,val_acc:0.45810(645/1408)
[epoch 17][save_best_output_params]
[epoch 18][train][end] train_loss=1.17618,train_acc=0.49543(8339/16832)
[epoch 18][val][end] val_loss=1.20136,val_acc:0.45597(642/1408)
[epoch 19][train][end] train_loss=1.17599,train_acc=0.49341(8305/16832)
[epoch 19][val][end] val_loss=1.20009,val_acc:0.46023(648/1408)
[[0, 718, 225, 454], [0, 1597, 157, 405], [0, 163, 114, 259], [0, 159, 41, 477]]
{'Pression': 0.27924062557469154, 'Recall': 0.4142399737982449, 'F1': 0.333600188746621, 'Acc': 0.4587963933738729}

[RNN=RNN,DETECTION=cascade_rcnn_r101,BIDIRECTIONAL=False,FUN=Spatial_Layout_Encoding]
[epoch 0][train][end] train_loss=1.37042,train_acc=0.33876(5702/16832)
[epoch 0][val][end] val_loss=1.31636,val_acc:0.45384(639/1408)
[epoch 0][save_best_output_params]
[epoch 1][train][end] train_loss=1.37365,train_acc=0.33537(5645/16832)
[epoch 1][val][end] val_loss=1.33961,val_acc:0.45241(637/1408)
[epoch 2][train][end] train_loss=1.37184,train_acc=0.34125(5744/16832)
[epoch 2][val][end] val_loss=1.29582,val_acc:0.45170(636/1408)
[epoch 2][save_best_output_params]
[epoch 3][train][end] train_loss=1.36983,train_acc=0.34345(5781/16832)
[epoch 3][val][end] val_loss=1.31808,val_acc:0.45028(634/1408)
[epoch 4][train][end] train_loss=1.37183,train_acc=0.34090(5738/16832)
[epoch 4][val][end] val_loss=1.31317,val_acc:0.45028(634/1408)
[epoch 5][train][end] train_loss=1.36473,train_acc=0.34512(5809/16832)
[epoch 5][val][end] val_loss=1.30981,val_acc:0.45241(637/1408)
[epoch 6][train][end] train_loss=1.36435,train_acc=0.34512(5809/16832)
[epoch 6][val][end] val_loss=1.31063,val_acc:0.45241(637/1408)
[epoch 7][train][end] train_loss=1.36441,train_acc=0.34524(5811/16832)
[epoch 7][val][end] val_loss=1.30954,val_acc:0.44957(633/1408)
[epoch 8][train][end] train_loss=1.36428,train_acc=0.34500(5807/16832)
[epoch 8][val][end] val_loss=1.31341,val_acc:0.44957(633/1408)
[epoch 9][train][end] train_loss=1.36426,train_acc=0.34553(5816/16832)
[epoch 9][val][end] val_loss=1.31231,val_acc:0.45170(636/1408)
[epoch 10][train][end] train_loss=1.36402,train_acc=0.34512(5809/16832)
[epoch 10][val][end] val_loss=1.31117,val_acc:0.45384(639/1408)
[epoch 11][train][end] train_loss=1.36388,train_acc=0.34500(5807/16832)
[epoch 11][val][end] val_loss=1.31162,val_acc:0.45241(637/1408)
[epoch 12][train][end] train_loss=1.36367,train_acc=0.34529(5812/16832)
[epoch 12][val][end] val_loss=1.31209,val_acc:0.45028(634/1408)
[epoch 13][train][end] train_loss=1.36377,train_acc=0.34524(5811/16832)
[epoch 13][val][end] val_loss=1.31081,val_acc:0.45241(637/1408)
[epoch 14][train][end] train_loss=1.36375,train_acc=0.34553(5816/16832)
[epoch 14][val][end] val_loss=1.31121,val_acc:0.45170(636/1408)
[epoch 15][train][end] train_loss=1.36371,train_acc=0.34494(5806/16832)
[epoch 15][val][end] val_loss=1.31111,val_acc:0.45170(636/1408)
[epoch 16][train][end] train_loss=1.36370,train_acc=0.34518(5810/16832)
[epoch 16][val][end] val_loss=1.31022,val_acc:0.45312(638/1408)
[epoch 17][train][end] train_loss=1.36381,train_acc=0.34512(5809/16832)
[epoch 17][val][end] val_loss=1.31122,val_acc:0.45099(635/1408)
[epoch 18][train][end] train_loss=1.36383,train_acc=0.34506(5808/16832)
[epoch 18][val][end] val_loss=1.31106,val_acc:0.45099(635/1408)
[epoch 19][train][end] train_loss=1.36374,train_acc=0.34506(5808/16832)
[epoch 19][val][end] val_loss=1.31027,val_acc:0.45312(638/1408)
[[0, 1397, 0, 0], [0, 2159, 0, 0], [0, 536, 0, 0], [0, 677, 0, 0]]
{'Pression': 0.11317886349339484, 'Recall': 0.25, 'F1': 0.15581697459584296, 'Acc': 0.4527154539735794}

[RNN=RNN,DETECTION=cascade_rcnn_r101,BIDIRECTIONAL=False,FUN=Spatial_Layout_Encoding]
[epoch 0][train][end] train_loss=1.26226,train_acc=0.41908(7054/16832)
[epoch 0][val][end] val_loss=1.24519,val_acc:0.45526(641/1408)
[epoch 0][save_best_output_params]
[epoch 1][train][end] train_loss=1.15942,train_acc=0.49121(8268/16832)
[epoch 1][val][end] val_loss=1.19031,val_acc:0.49077(691/1408)
[epoch 1][save_best_output_params]
[epoch 2][train][end] train_loss=1.18478,train_acc=0.47802(8046/16832)
[epoch 2][val][end] val_loss=1.20912,val_acc:0.45739(644/1408)
[epoch 3][train][end] train_loss=1.24029,train_acc=0.43613(7341/16832)
[epoch 3][val][end] val_loss=1.24287,val_acc:0.39418(555/1408)
[epoch 4][train][end] train_loss=1.18941,train_acc=0.46340(7800/16832)
[epoch 4][val][end] val_loss=1.21447,val_acc:0.46307(652/1408)
[epoch 5][train][end] train_loss=1.14056,train_acc=0.50071(8428/16832)
[epoch 5][val][end] val_loss=1.19763,val_acc:0.45312(638/1408)
[epoch 6][train][end] train_loss=1.13290,train_acc=0.49976(8412/16832)
[epoch 6][val][end] val_loss=1.20729,val_acc:0.45028(634/1408)
[epoch 7][train][end] train_loss=1.12960,train_acc=0.50434(8489/16832)
[epoch 7][val][end] val_loss=1.18514,val_acc:0.47301(666/1408)
[epoch 7][save_best_output_params]
[epoch 8][train][end] train_loss=1.12174,train_acc=0.50671(8529/16832)
[epoch 8][val][end] val_loss=1.19813,val_acc:0.46307(652/1408)
[epoch 9][train][end] train_loss=1.11500,train_acc=0.50915(8570/16832)
[epoch 9][val][end] val_loss=1.20031,val_acc:0.47443(668/1408)
[epoch 10][train][end] train_loss=1.11118,train_acc=0.51283(8632/16832)
[epoch 10][val][end] val_loss=1.20721,val_acc:0.44957(633/1408)
[epoch 11][train][end] train_loss=1.11818,train_acc=0.51040(8591/16832)
[epoch 11][val][end] val_loss=1.20048,val_acc:0.46165(650/1408)
[epoch 12][train][end] train_loss=1.11230,train_acc=0.51414(8654/16832)
[epoch 12][val][end] val_loss=1.18258,val_acc:0.47088(663/1408)
[epoch 12][save_best_output_params]
[epoch 13][train][end] train_loss=1.11460,train_acc=0.51099(8601/16832)
[epoch 13][val][end] val_loss=1.20323,val_acc:0.46236(651/1408)
[epoch 14][train][end] train_loss=1.10801,train_acc=0.51551(8677/16832)
[epoch 14][val][end] val_loss=1.19437,val_acc:0.47230(665/1408)
[epoch 15][train][end] train_loss=1.11201,train_acc=0.51295(8634/16832)
[epoch 15][val][end] val_loss=1.19336,val_acc:0.47372(667/1408)
[epoch 16][train][end] train_loss=1.11540,train_acc=0.51206(8619/16832)
[epoch 16][val][end] val_loss=1.19071,val_acc:0.46236(651/1408)
[epoch 17][train][end] train_loss=1.11357,train_acc=0.51586(8683/16832)
[epoch 17][val][end] val_loss=1.19184,val_acc:0.46946(661/1408)
[epoch 18][train][end] train_loss=1.10954,train_acc=0.51800(8719/16832)
[epoch 18][val][end] val_loss=1.19130,val_acc:0.46733(658/1408)
[epoch 19][train][end] train_loss=1.10906,train_acc=0.51485(8666/16832)
[epoch 19][val][end] val_loss=1.18800,val_acc:0.46591(656/1408)
[[0, 889, 305, 203], [0, 1694, 301, 164], [0, 177, 199, 160], [0, 175, 174, 328]]
{'Pression': 0.2910166084484578, 'Recall': 0.4100953914890564, 'F1': 0.34044366658144254, 'Acc': 0.46571608303627593}

[RNN=RNN,DETECTION=cascade_rcnn_r101,BIDIRECTIONAL=False,FUN=Spatial_Layout_Encoding]
[epoch 0][train][end] train_loss=1.26950,train_acc=0.41207(6936/16832)
[epoch 0][val][end] val_loss=1.24984,val_acc:0.43466(612/1408)
[epoch 0][save_best_output_params]
[epoch 1][train][end] train_loss=1.16712,train_acc=0.49846(8390/16832)
[epoch 1][val][end] val_loss=1.17982,val_acc:0.47301(666/1408)
[epoch 1][save_best_output_params]
[epoch 2][train][end] train_loss=1.12998,train_acc=0.52305(8804/16832)
[epoch 2][val][end] val_loss=1.16498,val_acc:0.49645(699/1408)
[epoch 2][save_best_output_params]
[epoch 3][train][end] train_loss=1.20564,train_acc=0.47487(7993/16832)
[epoch 3][val][end] val_loss=1.20524,val_acc:0.44460(626/1408)
[epoch 4][train][end] train_loss=1.23779,train_acc=0.44998(7574/16832)
[epoch 4][val][end] val_loss=1.23783,val_acc:0.47585(670/1408)
[epoch 5][train][end] train_loss=1.21837,train_acc=0.46263(7787/16832)
[epoch 5][val][end] val_loss=1.24741,val_acc:0.45241(637/1408)
[epoch 6][train][end] train_loss=1.23525,train_acc=0.44813(7543/16832)
[epoch 6][val][end] val_loss=1.23005,val_acc:0.46094(649/1408)
[epoch 7][train][end] train_loss=1.23570,train_acc=0.43786(7370/16832)
[epoch 7][val][end] val_loss=1.27162,val_acc:0.41122(579/1408)
[epoch 8][train][end] train_loss=1.22710,train_acc=0.45711(7694/16832)
[epoch 8][val][end] val_loss=1.24062,val_acc:0.42827(603/1408)
[epoch 9][train][end] train_loss=1.21875,train_acc=0.45651(7684/16832)
[epoch 9][val][end] val_loss=1.23423,val_acc:0.42045(592/1408)
[epoch 10][train][end] train_loss=1.22558,train_acc=0.44903(7558/16832)
[epoch 10][val][end] val_loss=1.23540,val_acc:0.42116(593/1408)
[epoch 11][train][end] train_loss=1.22504,train_acc=0.45075(7587/16832)
[epoch 11][val][end] val_loss=1.22889,val_acc:0.42472(598/1408)
[epoch 12][train][end] train_loss=1.22053,train_acc=0.45253(7617/16832)
[epoch 12][val][end] val_loss=1.23768,val_acc:0.41619(586/1408)
[epoch 13][train][end] train_loss=1.21927,train_acc=0.45342(7632/16832)
[epoch 13][val][end] val_loss=1.24712,val_acc:0.41122(579/1408)
[epoch 14][train][end] train_loss=1.21518,train_acc=0.45835(7715/16832)
[epoch 14][val][end] val_loss=1.23354,val_acc:0.42685(601/1408)
[epoch 15][train][end] train_loss=1.21674,train_acc=0.45639(7682/16832)
[epoch 15][val][end] val_loss=1.24105,val_acc:0.41264(581/1408)
[epoch 16][train][end] train_loss=1.21556,train_acc=0.45835(7715/16832)
[epoch 16][val][end] val_loss=1.22580,val_acc:0.43040(606/1408)
[epoch 17][train][end] train_loss=1.22116,train_acc=0.45128(7596/16832)
[epoch 17][val][end] val_loss=1.24093,val_acc:0.41335(582/1408)
[epoch 18][train][end] train_loss=1.21966,train_acc=0.45289(7623/16832)
[epoch 18][val][end] val_loss=1.23701,val_acc:0.42969(605/1408)
[epoch 19][train][end] train_loss=1.21774,train_acc=0.45271(7620/16832)
[epoch 19][val][end] val_loss=1.24550,val_acc:0.41335(582/1408)
[[0, 840, 191, 366], [0, 1446, 224, 489], [0, 224, 131, 181], [0, 188, 50, 439]]
{'Pression': 0.2633445834530379, 'Recall': 0.3906516352340197, 'F1': 0.3146072996032963, 'Acc': 0.4227301321031663}

