--------------------倒序 双向/单向 全连--------------------
[RNN=RNN,DETECTION=cascade_rcnn_r101,BIDIRECTIONAL=True,FUN=Spatial_Layout_Encoding]
[epoch 0][train][end] train_loss=0.32535,train_acc=0.88492(14895/16832)
[epoch 0][val][end] val_loss=0.56095,val_acc:0.83594(1177/1408)
[epoch 0][save_best_output_params]
[epoch 1][train][end] train_loss=0.25300,train_acc=0.90756(15276/16832)
[epoch 1][val][end] val_loss=0.60109,val_acc:0.82386(1160/1408)
[epoch 2][train][end] train_loss=0.24538,train_acc=0.90910(15302/16832)
[epoch 2][val][end] val_loss=0.60904,val_acc:0.79545(1120/1408)
[epoch 3][train][end] train_loss=0.24322,train_acc=0.91047(15325/16832)
[epoch 3][val][end] val_loss=0.59577,val_acc:0.82386(1160/1408)
[epoch 4][train][end] train_loss=0.24173,train_acc=0.91047(15325/16832)
[epoch 4][val][end] val_loss=0.62099,val_acc:0.81960(1154/1408)
[epoch 5][train][end] train_loss=0.22307,train_acc=0.91671(15430/16832)
[epoch 5][val][end] val_loss=0.55405,val_acc:0.84446(1189/1408)
[epoch 5][save_best_output_params]
[epoch 6][train][end] train_loss=0.21699,train_acc=0.91760(15445/16832)
[epoch 6][val][end] val_loss=0.56733,val_acc:0.83807(1180/1408)
[epoch 7][train][end] train_loss=0.21578,train_acc=0.91861(15462/16832)
[epoch 7][val][end] val_loss=0.55882,val_acc:0.84588(1191/1408)
[epoch 8][train][end] train_loss=0.21446,train_acc=0.91885(15466/16832)
[epoch 8][val][end] val_loss=0.58310,val_acc:0.83665(1178/1408)
[epoch 9][train][end] train_loss=0.21323,train_acc=0.91861(15462/16832)
[epoch 9][val][end] val_loss=0.58702,val_acc:0.83523(1176/1408)
[epoch 10][train][end] train_loss=0.21007,train_acc=0.92069(15497/16832)
[epoch 10][val][end] val_loss=0.58667,val_acc:0.83878(1181/1408)
[epoch 11][train][end] train_loss=0.20879,train_acc=0.92069(15497/16832)
[epoch 11][val][end] val_loss=0.58673,val_acc:0.83949(1182/1408)
[epoch 12][train][end] train_loss=0.20886,train_acc=0.92045(15493/16832)
[epoch 12][val][end] val_loss=0.58828,val_acc:0.83736(1179/1408)
[epoch 13][train][end] train_loss=0.20851,train_acc=0.92146(15510/16832)
[epoch 13][val][end] val_loss=0.58714,val_acc:0.84020(1183/1408)
[epoch 14][train][end] train_loss=0.20794,train_acc=0.92081(15499/16832)
[epoch 14][val][end] val_loss=0.58004,val_acc:0.84020(1183/1408)
[epoch 15][train][end] train_loss=0.20778,train_acc=0.92116(15505/16832)
[epoch 15][val][end] val_loss=0.58970,val_acc:0.83807(1180/1408)
[epoch 16][train][end] train_loss=0.20766,train_acc=0.92128(15507/16832)
[epoch 16][val][end] val_loss=0.58699,val_acc:0.83878(1181/1408)
[epoch 17][train][end] train_loss=0.20764,train_acc=0.92110(15504/16832)
[epoch 17][val][end] val_loss=0.59246,val_acc:0.83807(1180/1408)
[epoch 18][train][end] train_loss=0.20749,train_acc=0.92146(15510/16832)
[epoch 18][val][end] val_loss=0.58739,val_acc:0.83949(1182/1408)
[epoch 19][train][end] train_loss=0.20749,train_acc=0.92104(15503/16832)
[epoch 19][val][end] val_loss=0.58128,val_acc:0.83807(1180/1408)
[[1196, 76, 79, 46], [77, 1995, 22, 65], [94, 31, 383, 28], [69, 82, 30, 496]]
{'Pression': 0.8181422920541588, 'Recall': 0.8068388552819081, 'F1': 0.8124512600787425, 'Acc': 0.8534283916963724}

[RNN=RNN,DETECTION=cascade_rcnn_r101,BIDIRECTIONAL=True,FUN=Spatial_Layout_Encoding]
[epoch 0][train][end] train_loss=0.34445,train_acc=0.87969(14807/16832)
[epoch 0][val][end] val_loss=0.57745,val_acc:0.83807(1180/1408)
[epoch 0][save_best_output_params]
[epoch 1][train][end] train_loss=0.25268,train_acc=0.90779(15280/16832)
[epoch 1][val][end] val_loss=0.62583,val_acc:0.82670(1164/1408)
[epoch 2][train][end] train_loss=0.24755,train_acc=0.90833(15289/16832)
[epoch 2][val][end] val_loss=0.57423,val_acc:0.83168(1171/1408)
[epoch 2][save_best_output_params]
[epoch 3][train][end] train_loss=0.24596,train_acc=0.90750(15275/16832)
[epoch 3][val][end] val_loss=0.60999,val_acc:0.83168(1171/1408)
[epoch 4][train][end] train_loss=0.24295,train_acc=0.91118(15337/16832)
[epoch 4][val][end] val_loss=0.61219,val_acc:0.82741(1165/1408)
[epoch 5][train][end] train_loss=0.22274,train_acc=0.91647(15426/16832)
[epoch 5][val][end] val_loss=0.56856,val_acc:0.82812(1166/1408)
[epoch 5][save_best_output_params]
[epoch 6][train][end] train_loss=0.21763,train_acc=0.91760(15445/16832)
[epoch 6][val][end] val_loss=0.56045,val_acc:0.83949(1182/1408)
[epoch 6][save_best_output_params]
[epoch 7][train][end] train_loss=0.21586,train_acc=0.92092(15501/16832)
[epoch 7][val][end] val_loss=0.57905,val_acc:0.82670(1164/1408)
[epoch 8][train][end] train_loss=0.21454,train_acc=0.92039(15492/16832)
[epoch 8][val][end] val_loss=0.57159,val_acc:0.84375(1188/1408)
[epoch 9][train][end] train_loss=0.21407,train_acc=0.91837(15458/16832)
[epoch 9][val][end] val_loss=0.57943,val_acc:0.83168(1171/1408)
[epoch 10][train][end] train_loss=0.20982,train_acc=0.92003(15486/16832)
[epoch 10][val][end] val_loss=0.57617,val_acc:0.83239(1172/1408)
[epoch 11][train][end] train_loss=0.20887,train_acc=0.92092(15501/16832)
[epoch 11][val][end] val_loss=0.57771,val_acc:0.83949(1182/1408)
[epoch 12][train][end] train_loss=0.20889,train_acc=0.92051(15494/16832)
[epoch 12][val][end] val_loss=0.56520,val_acc:0.84162(1185/1408)
[epoch 13][train][end] train_loss=0.20894,train_acc=0.92045(15493/16832)
[epoch 13][val][end] val_loss=0.58051,val_acc:0.83878(1181/1408)
[epoch 14][train][end] train_loss=0.20872,train_acc=0.92092(15501/16832)
[epoch 14][val][end] val_loss=0.57805,val_acc:0.83665(1178/1408)
[epoch 15][train][end] train_loss=0.20755,train_acc=0.92205(15520/16832)
[epoch 15][val][end] val_loss=0.57622,val_acc:0.83736(1179/1408)
[epoch 16][train][end] train_loss=0.20812,train_acc=0.92152(15511/16832)
[epoch 16][val][end] val_loss=0.58585,val_acc:0.83452(1175/1408)
[epoch 17][train][end] train_loss=0.20818,train_acc=0.92140(15509/16832)
[epoch 17][val][end] val_loss=0.57999,val_acc:0.83807(1180/1408)
[epoch 18][train][end] train_loss=0.20817,train_acc=0.92122(15506/16832)
[epoch 18][val][end] val_loss=0.57567,val_acc:0.84162(1185/1408)
[epoch 19][train][end] train_loss=0.20785,train_acc=0.92104(15503/16832)
[epoch 19][val][end] val_loss=0.58226,val_acc:0.83807(1180/1408)
[[1193, 75, 82, 47], [71, 1998, 19, 71], [92, 30, 384, 30], [61, 77, 31, 508]]
{'Pression': 0.8192524000558808, 'Recall': 0.8115471061533084, 'F1': 0.8153815499000011, 'Acc': 0.8561543300482282}

[RNN=RNN,DETECTION=cascade_rcnn_r101,BIDIRECTIONAL=True,FUN=Spatial_Layout_Encoding]
[epoch 0][train][end] train_loss=0.33998,train_acc=0.87750(14770/16832)
[epoch 0][val][end] val_loss=0.60868,val_acc:0.80966(1140/1408)
[epoch 0][save_best_output_params]
[epoch 1][train][end] train_loss=0.25733,train_acc=0.90667(15261/16832)
[epoch 1][val][end] val_loss=0.66641,val_acc:0.80043(1127/1408)
[epoch 2][train][end] train_loss=0.24980,train_acc=0.90803(15284/16832)
[epoch 2][val][end] val_loss=0.62888,val_acc:0.81108(1142/1408)
[epoch 3][train][end] train_loss=0.24592,train_acc=0.90869(15295/16832)
[epoch 3][val][end] val_loss=0.59396,val_acc:0.82884(1167/1408)
[epoch 3][save_best_output_params]
[epoch 4][train][end] train_loss=0.24395,train_acc=0.91029(15322/16832)
[epoch 4][val][end] val_loss=0.62361,val_acc:0.81818(1152/1408)
[epoch 5][train][end] train_loss=0.22295,train_acc=0.91593(15417/16832)
[epoch 5][val][end] val_loss=0.58463,val_acc:0.83381(1174/1408)
[epoch 5][save_best_output_params]
[epoch 6][train][end] train_loss=0.21777,train_acc=0.91867(15463/16832)
[epoch 6][val][end] val_loss=0.57795,val_acc:0.84020(1183/1408)
[epoch 6][save_best_output_params]
[epoch 7][train][end] train_loss=0.21609,train_acc=0.91890(15467/16832)
[epoch 7][val][end] val_loss=0.59618,val_acc:0.83026(1169/1408)
[epoch 8][train][end] train_loss=0.21479,train_acc=0.91890(15467/16832)
[epoch 8][val][end] val_loss=0.58450,val_acc:0.83523(1176/1408)
[epoch 9][train][end] train_loss=0.21497,train_acc=0.91807(15453/16832)
[epoch 9][val][end] val_loss=0.59774,val_acc:0.83310(1173/1408)
[epoch 10][train][end] train_loss=0.21171,train_acc=0.92116(15505/16832)
[epoch 10][val][end] val_loss=0.57305,val_acc:0.83523(1176/1408)
[epoch 10][save_best_output_params]
[epoch 11][train][end] train_loss=0.21045,train_acc=0.92110(15504/16832)
[epoch 11][val][end] val_loss=0.58309,val_acc:0.83523(1176/1408)
[epoch 12][train][end] train_loss=0.20983,train_acc=0.91991(15484/16832)
[epoch 12][val][end] val_loss=0.58654,val_acc:0.83736(1179/1408)
[epoch 13][train][end] train_loss=0.20997,train_acc=0.91991(15484/16832)
[epoch 13][val][end] val_loss=0.57847,val_acc:0.83452(1175/1408)
[epoch 14][train][end] train_loss=0.20936,train_acc=0.92057(15495/16832)
[epoch 14][val][end] val_loss=0.58892,val_acc:0.82884(1167/1408)
[epoch 15][train][end] train_loss=0.20909,train_acc=0.91944(15476/16832)
[epoch 15][val][end] val_loss=0.58172,val_acc:0.83523(1176/1408)
[epoch 16][train][end] train_loss=0.20865,train_acc=0.92164(15513/16832)
[epoch 16][val][end] val_loss=0.58230,val_acc:0.83736(1179/1408)
[epoch 17][train][end] train_loss=0.20902,train_acc=0.91997(15485/16832)
[epoch 17][val][end] val_loss=0.58631,val_acc:0.83239(1172/1408)
[epoch 18][train][end] train_loss=0.20855,train_acc=0.92122(15506/16832)
[epoch 18][val][end] val_loss=0.58964,val_acc:0.83310(1173/1408)
[epoch 19][train][end] train_loss=0.20803,train_acc=0.92193(15518/16832)
[epoch 19][val][end] val_loss=0.58522,val_acc:0.83523(1176/1408)
[[1186, 73, 92, 46], [78, 1994, 20, 67], [97, 27, 385, 27], [67, 79, 30, 501]]
{'Pression': 0.8150747909587005, 'Recall': 0.807712728812982, 'F1': 0.8113770602383591, 'Acc': 0.852589641434263}

[RNN=RNN,DETECTION=cascade_rcnn_r101,BIDIRECTIONAL=True,FUN=Spatial_Layout_Encoding]
[epoch 0][train][end] train_loss=0.34015,train_acc=0.88047(14820/16832)
[epoch 0][val][end] val_loss=0.61725,val_acc:0.82457(1161/1408)
[epoch 0][save_best_output_params]
[epoch 1][train][end] train_loss=0.25128,train_acc=0.90738(15273/16832)
[epoch 1][val][end] val_loss=0.54450,val_acc:0.83594(1177/1408)
[epoch 1][save_best_output_params]
[epoch 2][train][end] train_loss=0.24785,train_acc=0.90952(15309/16832)
[epoch 2][val][end] val_loss=0.59506,val_acc:0.80114(1128/1408)
[epoch 3][train][end] train_loss=0.24941,train_acc=0.90928(15305/16832)
[epoch 3][val][end] val_loss=0.56071,val_acc:0.83878(1181/1408)
[epoch 4][train][end] train_loss=0.24665,train_acc=0.90993(15316/16832)
[epoch 4][val][end] val_loss=0.60644,val_acc:0.82386(1160/1408)
[epoch 5][train][end] train_loss=0.22455,train_acc=0.91582(15415/16832)
[epoch 5][val][end] val_loss=0.57255,val_acc:0.84091(1184/1408)
[epoch 6][train][end] train_loss=0.21919,train_acc=0.91807(15453/16832)
[epoch 6][val][end] val_loss=0.56463,val_acc:0.83665(1178/1408)
[epoch 7][train][end] train_loss=0.21721,train_acc=0.91831(15457/16832)
[epoch 7][val][end] val_loss=0.55168,val_acc:0.83665(1178/1408)
[epoch 8][train][end] train_loss=0.21606,train_acc=0.91825(15456/16832)
[epoch 8][val][end] val_loss=0.56977,val_acc:0.83452(1175/1408)
[epoch 9][train][end] train_loss=0.21542,train_acc=0.91920(15472/16832)
[epoch 9][val][end] val_loss=0.57727,val_acc:0.83168(1171/1408)
[epoch 10][train][end] train_loss=0.21149,train_acc=0.92015(15488/16832)
[epoch 10][val][end] val_loss=0.57345,val_acc:0.83594(1177/1408)
[epoch 11][train][end] train_loss=0.21100,train_acc=0.92027(15490/16832)
[epoch 11][val][end] val_loss=0.56233,val_acc:0.84091(1184/1408)
[epoch 12][train][end] train_loss=0.21050,train_acc=0.92081(15499/16832)
[epoch 12][val][end] val_loss=0.57558,val_acc:0.83168(1171/1408)
[epoch 13][train][end] train_loss=0.21089,train_acc=0.92075(15498/16832)
[epoch 13][val][end] val_loss=0.57122,val_acc:0.83665(1178/1408)
[epoch 14][train][end] train_loss=0.21050,train_acc=0.92039(15492/16832)
[epoch 14][val][end] val_loss=0.57520,val_acc:0.83665(1178/1408)
[epoch 15][train][end] train_loss=0.20995,train_acc=0.92098(15502/16832)
[epoch 15][val][end] val_loss=0.57517,val_acc:0.83594(1177/1408)
[epoch 16][train][end] train_loss=0.20993,train_acc=0.92075(15498/16832)
[epoch 16][val][end] val_loss=0.57008,val_acc:0.83878(1181/1408)
[epoch 17][train][end] train_loss=0.20997,train_acc=0.92057(15495/16832)
[epoch 17][val][end] val_loss=0.56946,val_acc:0.83736(1179/1408)
[epoch 18][train][end] train_loss=0.20994,train_acc=0.92128(15507/16832)
[epoch 18][val][end] val_loss=0.57816,val_acc:0.83949(1182/1408)
[epoch 19][train][end] train_loss=0.20969,train_acc=0.92104(15503/16832)
[epoch 19][val][end] val_loss=0.57244,val_acc:0.83736(1179/1408)
[[1190, 73, 79, 55], [70, 2005, 18, 66], [89, 27, 387, 33], [64, 80, 30, 503]]
{'Pression': 0.8195798505676845, 'Recall': 0.8113736745261513, 'F1': 0.8154561177755651, 'Acc': 0.8565737051792829}

[RNN=RNN,DETECTION=cascade_rcnn_r101,BIDIRECTIONAL=True,FUN=Spatial_Layout_Encoding]
[epoch 0][train][end] train_loss=0.35362,train_acc=0.87126(14665/16832)
[epoch 0][val][end] val_loss=0.61948,val_acc:0.82457(1161/1408)
[epoch 0][save_best_output_params]
[epoch 1][train][end] train_loss=0.25117,train_acc=0.90774(15279/16832)
[epoch 1][val][end] val_loss=0.58043,val_acc:0.83807(1180/1408)
[epoch 1][save_best_output_params]
[epoch 2][train][end] train_loss=0.25144,train_acc=0.90875(15296/16832)
[epoch 2][val][end] val_loss=0.59899,val_acc:0.81179(1143/1408)
[epoch 3][train][end] train_loss=0.24634,train_acc=0.91035(15323/16832)
[epoch 3][val][end] val_loss=0.60883,val_acc:0.81889(1153/1408)
[epoch 4][train][end] train_loss=0.24406,train_acc=0.91077(15330/16832)
[epoch 4][val][end] val_loss=0.58917,val_acc:0.81392(1146/1408)
[epoch 5][train][end] train_loss=0.22250,train_acc=0.91617(15421/16832)
[epoch 5][val][end] val_loss=0.56922,val_acc:0.83523(1176/1408)
[epoch 5][save_best_output_params]
[epoch 6][train][end] train_loss=0.21841,train_acc=0.91867(15463/16832)
[epoch 6][val][end] val_loss=0.57813,val_acc:0.83949(1182/1408)
[epoch 7][train][end] train_loss=0.21755,train_acc=0.91890(15467/16832)
[epoch 7][val][end] val_loss=0.57726,val_acc:0.83736(1179/1408)
[epoch 8][train][end] train_loss=0.21490,train_acc=0.91914(15471/16832)
[epoch 8][val][end] val_loss=0.59788,val_acc:0.83026(1169/1408)
[epoch 9][train][end] train_loss=0.21621,train_acc=0.91873(15464/16832)
[epoch 9][val][end] val_loss=0.57311,val_acc:0.84091(1184/1408)
[epoch 10][train][end] train_loss=0.21184,train_acc=0.92015(15488/16832)
[epoch 10][val][end] val_loss=0.57524,val_acc:0.83807(1180/1408)
[epoch 11][train][end] train_loss=0.21112,train_acc=0.92075(15498/16832)
[epoch 11][val][end] val_loss=0.57994,val_acc:0.83736(1179/1408)
[epoch 12][train][end] train_loss=0.21111,train_acc=0.92063(15496/16832)
[epoch 12][val][end] val_loss=0.58514,val_acc:0.83523(1176/1408)
[epoch 13][train][end] train_loss=0.21083,train_acc=0.92081(15499/16832)
[epoch 13][val][end] val_loss=0.57654,val_acc:0.83736(1179/1408)
[epoch 14][train][end] train_loss=0.21038,train_acc=0.92104(15503/16832)
[epoch 14][val][end] val_loss=0.58391,val_acc:0.83452(1175/1408)
[epoch 15][train][end] train_loss=0.20978,train_acc=0.92045(15493/16832)
[epoch 15][val][end] val_loss=0.58096,val_acc:0.83878(1181/1408)
[epoch 16][train][end] train_loss=0.20981,train_acc=0.92128(15507/16832)
[epoch 16][val][end] val_loss=0.57881,val_acc:0.83949(1182/1408)
[epoch 17][train][end] train_loss=0.20967,train_acc=0.92092(15501/16832)
[epoch 17][val][end] val_loss=0.57891,val_acc:0.83736(1179/1408)
[epoch 18][train][end] train_loss=0.20983,train_acc=0.92075(15498/16832)
[epoch 18][val][end] val_loss=0.57565,val_acc:0.83878(1181/1408)
[epoch 19][train][end] train_loss=0.20978,train_acc=0.92075(15498/16832)
[epoch 19][val][end] val_loss=0.57804,val_acc:0.83736(1179/1408)
[[1195, 76, 79, 47], [74, 1994, 21, 70], [97, 27, 383, 29], [64, 78, 31, 504]]
{'Pression': 0.8182416867536952, 'Recall': 0.8094983157782002, 'F1': 0.8138465188498689, 'Acc': 0.8546865170895366}

[RNN=RNN,DETECTION=cascade_rcnn_r101,BIDIRECTIONAL=False,FUN=Spatial_Layout_Encoding]
[epoch 0][train][end] train_loss=0.38444,train_acc=0.85611(14410/16832)
[epoch 0][val][end] val_loss=0.58324,val_acc:0.83097(1170/1408)
[epoch 0][save_best_output_params]
[epoch 1][train][end] train_loss=0.25392,train_acc=0.90791(15282/16832)
[epoch 1][val][end] val_loss=0.54863,val_acc:0.83097(1170/1408)
[epoch 1][save_best_output_params]
[epoch 2][train][end] train_loss=0.24624,train_acc=0.90762(15277/16832)
[epoch 2][val][end] val_loss=0.54753,val_acc:0.84659(1192/1408)
[epoch 2][save_best_output_params]
[epoch 3][train][end] train_loss=0.24503,train_acc=0.90952(15309/16832)
[epoch 3][val][end] val_loss=0.63547,val_acc:0.81321(1145/1408)
[epoch 4][train][end] train_loss=0.24347,train_acc=0.90987(15315/16832)
[epoch 4][val][end] val_loss=0.62247,val_acc:0.80753(1137/1408)
[epoch 5][train][end] train_loss=0.22380,train_acc=0.91623(15422/16832)
[epoch 5][val][end] val_loss=0.57015,val_acc:0.83594(1177/1408)
[epoch 6][train][end] train_loss=0.21890,train_acc=0.91849(15460/16832)
[epoch 6][val][end] val_loss=0.55447,val_acc:0.83807(1180/1408)
[epoch 7][train][end] train_loss=0.21734,train_acc=0.91813(15454/16832)
[epoch 7][val][end] val_loss=0.57985,val_acc:0.83452(1175/1408)
[epoch 8][train][end] train_loss=0.21713,train_acc=0.91926(15473/16832)
[epoch 8][val][end] val_loss=0.58565,val_acc:0.83168(1171/1408)
[epoch 9][train][end] train_loss=0.21564,train_acc=0.91991(15484/16832)
[epoch 9][val][end] val_loss=0.56309,val_acc:0.83523(1176/1408)
[epoch 10][train][end] train_loss=0.21193,train_acc=0.91956(15478/16832)
[epoch 10][val][end] val_loss=0.57434,val_acc:0.83736(1179/1408)
[epoch 11][train][end] train_loss=0.21138,train_acc=0.92146(15510/16832)
[epoch 11][val][end] val_loss=0.57424,val_acc:0.83878(1181/1408)
[epoch 12][train][end] train_loss=0.21163,train_acc=0.92134(15508/16832)
[epoch 12][val][end] val_loss=0.57595,val_acc:0.83594(1177/1408)
[epoch 13][train][end] train_loss=0.21107,train_acc=0.92069(15497/16832)
[epoch 13][val][end] val_loss=0.56190,val_acc:0.84020(1183/1408)
[epoch 14][train][end] train_loss=0.21115,train_acc=0.92039(15492/16832)
[epoch 14][val][end] val_loss=0.57358,val_acc:0.83807(1180/1408)
[epoch 15][train][end] train_loss=0.21019,train_acc=0.92039(15492/16832)
[epoch 15][val][end] val_loss=0.57886,val_acc:0.83665(1178/1408)
[epoch 16][train][end] train_loss=0.21043,train_acc=0.92021(15489/16832)
[epoch 16][val][end] val_loss=0.57407,val_acc:0.83736(1179/1408)
[epoch 17][train][end] train_loss=0.21058,train_acc=0.92027(15490/16832)
[epoch 17][val][end] val_loss=0.57226,val_acc:0.83594(1177/1408)
[epoch 18][train][end] train_loss=0.21067,train_acc=0.92057(15495/16832)
[epoch 18][val][end] val_loss=0.57390,val_acc:0.83665(1178/1408)
[epoch 19][train][end] train_loss=0.21042,train_acc=0.92057(15495/16832)
[epoch 19][val][end] val_loss=0.57277,val_acc:0.83878(1181/1408)
[[1196, 70, 81, 50], [74, 1996, 18, 71], [92, 30, 383, 31], [64, 81, 31, 501]]
{'Pression': 0.8173461526426797, 'Recall': 0.8088010307242016, 'F1': 0.813051140115296, 'Acc': 0.8546865170895366}

[RNN=RNN,DETECTION=cascade_rcnn_r101,BIDIRECTIONAL=False,FUN=Spatial_Layout_Encoding]
[epoch 0][train][end] train_loss=0.36823,train_acc=0.86104(14493/16832)
[epoch 0][val][end] val_loss=0.57796,val_acc:0.83310(1173/1408)
[epoch 0][save_best_output_params]
[epoch 1][train][end] train_loss=0.25341,train_acc=0.90708(15268/16832)
[epoch 1][val][end] val_loss=0.55050,val_acc:0.83736(1179/1408)
[epoch 1][save_best_output_params]
[epoch 2][train][end] train_loss=0.24913,train_acc=0.90976(15313/16832)
[epoch 2][val][end] val_loss=0.53551,val_acc:0.83949(1182/1408)
[epoch 2][save_best_output_params]
[epoch 3][train][end] train_loss=0.24711,train_acc=0.90886(15298/16832)
[epoch 3][val][end] val_loss=0.58898,val_acc:0.82386(1160/1408)
[epoch 4][train][end] train_loss=0.24487,train_acc=0.90970(15312/16832)
[epoch 4][val][end] val_loss=0.56259,val_acc:0.83807(1180/1408)
[epoch 5][train][end] train_loss=0.22544,train_acc=0.91688(15433/16832)
[epoch 5][val][end] val_loss=0.54871,val_acc:0.84304(1187/1408)
[epoch 6][train][end] train_loss=0.22018,train_acc=0.91855(15461/16832)
[epoch 6][val][end] val_loss=0.55882,val_acc:0.83594(1177/1408)
[epoch 7][train][end] train_loss=0.21944,train_acc=0.91861(15462/16832)
[epoch 7][val][end] val_loss=0.55547,val_acc:0.84233(1186/1408)
[epoch 8][train][end] train_loss=0.21841,train_acc=0.91861(15462/16832)
[epoch 8][val][end] val_loss=0.57446,val_acc:0.82884(1167/1408)
[epoch 9][train][end] train_loss=0.21706,train_acc=0.91997(15485/16832)
[epoch 9][val][end] val_loss=0.57061,val_acc:0.83878(1181/1408)
[epoch 10][train][end] train_loss=0.21465,train_acc=0.91974(15481/16832)
[epoch 10][val][end] val_loss=0.57603,val_acc:0.83736(1179/1408)
[epoch 11][train][end] train_loss=0.21388,train_acc=0.92092(15501/16832)
[epoch 11][val][end] val_loss=0.56193,val_acc:0.83736(1179/1408)
[epoch 12][train][end] train_loss=0.21337,train_acc=0.92081(15499/16832)
[epoch 12][val][end] val_loss=0.57298,val_acc:0.83523(1176/1408)
[epoch 13][train][end] train_loss=0.21324,train_acc=0.92104(15503/16832)
[epoch 13][val][end] val_loss=0.56308,val_acc:0.83736(1179/1408)
[epoch 14][train][end] train_loss=0.21368,train_acc=0.92081(15499/16832)
[epoch 14][val][end] val_loss=0.56799,val_acc:0.83665(1178/1408)
[epoch 15][train][end] train_loss=0.21302,train_acc=0.92116(15505/16832)
[epoch 15][val][end] val_loss=0.56559,val_acc:0.83949(1182/1408)
[epoch 16][train][end] train_loss=0.21238,train_acc=0.92170(15514/16832)
[epoch 16][val][end] val_loss=0.56595,val_acc:0.83665(1178/1408)
[epoch 17][train][end] train_loss=0.21305,train_acc=0.92104(15503/16832)
[epoch 17][val][end] val_loss=0.56805,val_acc:0.83665(1178/1408)
[epoch 18][train][end] train_loss=0.21244,train_acc=0.92134(15508/16832)
[epoch 18][val][end] val_loss=0.57520,val_acc:0.83594(1177/1408)
[epoch 19][train][end] train_loss=0.21228,train_acc=0.92146(15510/16832)
[epoch 19][val][end] val_loss=0.57716,val_acc:0.83452(1175/1408)
[[1196, 69, 78, 54], [71, 1990, 20, 78], [95, 27, 387, 27], [63, 78, 31, 505]]
{'Pression': 0.8173584399862315, 'Recall': 0.8114490411450241, 'F1': 0.8143930207613941, 'Acc': 0.8551058922205913}

[RNN=RNN,DETECTION=cascade_rcnn_r101,BIDIRECTIONAL=False,FUN=Spatial_Layout_Encoding]
[epoch 0][train][end] train_loss=0.38558,train_acc=0.85534(14397/16832)
[epoch 0][val][end] val_loss=0.56922,val_acc:0.83026(1169/1408)
[epoch 0][save_best_output_params]
[epoch 1][train][end] train_loss=0.25440,train_acc=0.90720(15270/16832)
[epoch 1][val][end] val_loss=0.58868,val_acc:0.81747(1151/1408)
[epoch 2][train][end] train_loss=0.25145,train_acc=0.90839(15290/16832)
[epoch 2][val][end] val_loss=0.55246,val_acc:0.83452(1175/1408)
[epoch 2][save_best_output_params]
[epoch 3][train][end] train_loss=0.24802,train_acc=0.90774(15279/16832)
[epoch 3][val][end] val_loss=0.59949,val_acc:0.80611(1135/1408)
[epoch 4][train][end] train_loss=0.24377,train_acc=0.90720(15270/16832)
[epoch 4][val][end] val_loss=0.60350,val_acc:0.81676(1150/1408)
[epoch 5][train][end] train_loss=0.22369,train_acc=0.91623(15422/16832)
[epoch 5][val][end] val_loss=0.56487,val_acc:0.83381(1174/1408)
[epoch 6][train][end] train_loss=0.21949,train_acc=0.91843(15459/16832)
[epoch 6][val][end] val_loss=0.55756,val_acc:0.84091(1184/1408)
[epoch 7][train][end] train_loss=0.21836,train_acc=0.91795(15451/16832)
[epoch 7][val][end] val_loss=0.56262,val_acc:0.83310(1173/1408)
[epoch 8][train][end] train_loss=0.21728,train_acc=0.91873(15464/16832)
[epoch 8][val][end] val_loss=0.56149,val_acc:0.84517(1190/1408)
[epoch 9][train][end] train_loss=0.21654,train_acc=0.91778(15448/16832)
[epoch 9][val][end] val_loss=0.56813,val_acc:0.83665(1178/1408)
[epoch 10][train][end] train_loss=0.21291,train_acc=0.91956(15478/16832)
[epoch 10][val][end] val_loss=0.56934,val_acc:0.83523(1176/1408)
[epoch 11][train][end] train_loss=0.21222,train_acc=0.92087(15500/16832)
[epoch 11][val][end] val_loss=0.57208,val_acc:0.83452(1175/1408)
[epoch 12][train][end] train_loss=0.21185,train_acc=0.92015(15488/16832)
[epoch 12][val][end] val_loss=0.57026,val_acc:0.83523(1176/1408)
[epoch 13][train][end] train_loss=0.21182,train_acc=0.92081(15499/16832)
[epoch 13][val][end] val_loss=0.57380,val_acc:0.83239(1172/1408)
[epoch 14][train][end] train_loss=0.21168,train_acc=0.92069(15497/16832)
[epoch 14][val][end] val_loss=0.57115,val_acc:0.83239(1172/1408)
[epoch 15][train][end] train_loss=0.21131,train_acc=0.92015(15488/16832)
[epoch 15][val][end] val_loss=0.56545,val_acc:0.83168(1171/1408)
[epoch 16][train][end] train_loss=0.21092,train_acc=0.92069(15497/16832)
[epoch 16][val][end] val_loss=0.56114,val_acc:0.83523(1176/1408)
[epoch 17][train][end] train_loss=0.21147,train_acc=0.92087(15500/16832)
[epoch 17][val][end] val_loss=0.56992,val_acc:0.83665(1178/1408)
[epoch 18][train][end] train_loss=0.21070,train_acc=0.92122(15506/16832)
[epoch 18][val][end] val_loss=0.57763,val_acc:0.83381(1174/1408)
[epoch 19][train][end] train_loss=0.21101,train_acc=0.92027(15490/16832)
[epoch 19][val][end] val_loss=0.57535,val_acc:0.83665(1178/1408)
[[1194, 70, 80, 53], [73, 1989, 19, 78], [94, 27, 383, 32], [60, 78, 30, 509]]
{'Pression': 0.8162179830885483, 'Recall': 0.8105867702217148, 'F1': 0.8133926303846319, 'Acc': 0.8544768295240093}

[RNN=RNN,DETECTION=cascade_rcnn_r101,BIDIRECTIONAL=False,FUN=Spatial_Layout_Encoding]
[epoch 0][train][end] train_loss=0.37630,train_acc=0.85593(14407/16832)
[epoch 0][val][end] val_loss=0.56565,val_acc:0.82386(1160/1408)
[epoch 0][save_best_output_params]
[epoch 1][train][end] train_loss=0.25297,train_acc=0.90601(15250/16832)
[epoch 1][val][end] val_loss=0.54780,val_acc:0.84446(1189/1408)
[epoch 1][save_best_output_params]
[epoch 2][train][end] train_loss=0.24673,train_acc=0.90981(15314/16832)
[epoch 2][val][end] val_loss=0.58493,val_acc:0.83168(1171/1408)
[epoch 3][train][end] train_loss=0.24927,train_acc=0.91011(15319/16832)
[epoch 3][val][end] val_loss=0.56742,val_acc:0.83381(1174/1408)
[epoch 4][train][end] train_loss=0.24335,train_acc=0.91279(15364/16832)
[epoch 4][val][end] val_loss=0.58897,val_acc:0.82670(1164/1408)
[epoch 5][train][end] train_loss=0.22509,train_acc=0.91635(15424/16832)
[epoch 5][val][end] val_loss=0.56296,val_acc:0.83665(1178/1408)
[epoch 6][train][end] train_loss=0.22056,train_acc=0.91789(15450/16832)
[epoch 6][val][end] val_loss=0.55794,val_acc:0.83665(1178/1408)
[epoch 7][train][end] train_loss=0.21967,train_acc=0.91926(15473/16832)
[epoch 7][val][end] val_loss=0.54603,val_acc:0.83665(1178/1408)
[epoch 7][save_best_output_params]
[epoch 8][train][end] train_loss=0.21780,train_acc=0.91908(15470/16832)
[epoch 8][val][end] val_loss=0.56863,val_acc:0.83878(1181/1408)
[epoch 9][train][end] train_loss=0.21759,train_acc=0.91789(15450/16832)
[epoch 9][val][end] val_loss=0.55848,val_acc:0.84375(1188/1408)
[epoch 10][train][end] train_loss=0.21495,train_acc=0.91986(15483/16832)
[epoch 10][val][end] val_loss=0.56962,val_acc:0.83381(1174/1408)
[epoch 11][train][end] train_loss=0.21404,train_acc=0.92081(15499/16832)
[epoch 11][val][end] val_loss=0.56341,val_acc:0.84020(1183/1408)
[epoch 12][train][end] train_loss=0.21438,train_acc=0.91938(15475/16832)
[epoch 12][val][end] val_loss=0.56827,val_acc:0.83523(1176/1408)
[epoch 13][train][end] train_loss=0.21371,train_acc=0.92009(15487/16832)
[epoch 13][val][end] val_loss=0.56557,val_acc:0.83665(1178/1408)
[epoch 14][train][end] train_loss=0.21304,train_acc=0.91997(15485/16832)
[epoch 14][val][end] val_loss=0.57250,val_acc:0.83594(1177/1408)
[epoch 15][train][end] train_loss=0.21290,train_acc=0.92051(15494/16832)
[epoch 15][val][end] val_loss=0.57529,val_acc:0.83239(1172/1408)
[epoch 16][train][end] train_loss=0.21322,train_acc=0.92057(15495/16832)
[epoch 16][val][end] val_loss=0.56646,val_acc:0.83594(1177/1408)
[epoch 17][train][end] train_loss=0.21305,train_acc=0.92075(15498/16832)
[epoch 17][val][end] val_loss=0.57025,val_acc:0.83665(1178/1408)
[epoch 18][train][end] train_loss=0.21308,train_acc=0.92057(15495/16832)
[epoch 18][val][end] val_loss=0.57132,val_acc:0.83736(1179/1408)
[epoch 19][train][end] train_loss=0.21305,train_acc=0.92063(15496/16832)
[epoch 19][val][end] val_loss=0.56664,val_acc:0.83594(1177/1408)
[[1190, 71, 84, 52], [75, 1992, 18, 74], [91, 28, 384, 33], [63, 79, 31, 504]]
{'Pression': 0.8148796765970145, 'Recall': 0.8088383704733547, 'F1': 0.8118477847059602, 'Acc': 0.8534283916963724}

[RNN=RNN,DETECTION=cascade_rcnn_r101,BIDIRECTIONAL=False,FUN=Spatial_Layout_Encoding]
[epoch 0][train][end] train_loss=0.38059,train_acc=0.85860(14452/16832)
[epoch 0][val][end] val_loss=0.52831,val_acc:0.84233(1186/1408)
[epoch 0][save_best_output_params]
[epoch 1][train][end] train_loss=0.25385,train_acc=0.90583(15247/16832)
[epoch 1][val][end] val_loss=0.57314,val_acc:0.83452(1175/1408)
[epoch 2][train][end] train_loss=0.24810,train_acc=0.91148(15342/16832)
[epoch 2][val][end] val_loss=0.60413,val_acc:0.79830(1124/1408)
[epoch 3][train][end] train_loss=0.24595,train_acc=0.90970(15312/16832)
[epoch 3][val][end] val_loss=0.60543,val_acc:0.82599(1163/1408)
[epoch 4][train][end] train_loss=0.24242,train_acc=0.91029(15322/16832)
[epoch 4][val][end] val_loss=0.59406,val_acc:0.80966(1140/1408)
[epoch 5][train][end] train_loss=0.22587,train_acc=0.91516(15404/16832)
[epoch 5][val][end] val_loss=0.56309,val_acc:0.83807(1180/1408)
[epoch 6][train][end] train_loss=0.22129,train_acc=0.91700(15435/16832)
[epoch 6][val][end] val_loss=0.57220,val_acc:0.83310(1173/1408)
[epoch 7][train][end] train_loss=0.22036,train_acc=0.91724(15439/16832)
[epoch 7][val][end] val_loss=0.56265,val_acc:0.83878(1181/1408)
[epoch 8][train][end] train_loss=0.21886,train_acc=0.91819(15455/16832)
[epoch 8][val][end] val_loss=0.57004,val_acc:0.83807(1180/1408)
[epoch 9][train][end] train_loss=0.21734,train_acc=0.91831(15457/16832)
[epoch 9][val][end] val_loss=0.56169,val_acc:0.84162(1185/1408)
[epoch 10][train][end] train_loss=0.21550,train_acc=0.91855(15461/16832)
[epoch 10][val][end] val_loss=0.55279,val_acc:0.84162(1185/1408)
[epoch 11][train][end] train_loss=0.21463,train_acc=0.91932(15474/16832)
[epoch 11][val][end] val_loss=0.56826,val_acc:0.84162(1185/1408)
[epoch 12][train][end] train_loss=0.21395,train_acc=0.91968(15480/16832)
[epoch 12][val][end] val_loss=0.56659,val_acc:0.83949(1182/1408)
[epoch 13][train][end] train_loss=0.21347,train_acc=0.92003(15486/16832)
[epoch 13][val][end] val_loss=0.55363,val_acc:0.84375(1188/1408)
[epoch 14][train][end] train_loss=0.21379,train_acc=0.91974(15481/16832)
[epoch 14][val][end] val_loss=0.56651,val_acc:0.83949(1182/1408)
[epoch 15][train][end] train_loss=0.21340,train_acc=0.92027(15490/16832)
[epoch 15][val][end] val_loss=0.56640,val_acc:0.83949(1182/1408)
[epoch 16][train][end] train_loss=0.21372,train_acc=0.92027(15490/16832)
[epoch 16][val][end] val_loss=0.57170,val_acc:0.83807(1180/1408)
[epoch 17][train][end] train_loss=0.21346,train_acc=0.92015(15488/16832)
[epoch 17][val][end] val_loss=0.56126,val_acc:0.84162(1185/1408)
[epoch 18][train][end] train_loss=0.21347,train_acc=0.91986(15483/16832)
[epoch 18][val][end] val_loss=0.57506,val_acc:0.83665(1178/1408)
[epoch 19][train][end] train_loss=0.21366,train_acc=0.91956(15478/16832)
[epoch 19][val][end] val_loss=0.57052,val_acc:0.83594(1177/1408)
[[1194, 71, 82, 50], [74, 1990, 21, 74], [91, 28, 386, 31], [63, 77, 30, 507]]
{'Pression': 0.8170014152630107, 'Recall': 0.8113632658650707, 'F1': 0.8141725796275006, 'Acc': 0.854896204655064}

