--------------------只连接首尾节点--------------------
[RNN=RNN,DETECTION=cascade_rcnn_r101,BIDIRECTIONAL=True,FUN=None]
[epoch 0][train][end] train_loss=0.39914,train_acc=0.84815(14276/16832)
[epoch 0][val][end] val_loss=0.54263,val_acc:0.83452(1175/1408)
[epoch 0][save_best_output_params]
[epoch 1][train][end] train_loss=0.33072,train_acc=0.88112(14831/16832)
[epoch 1][val][end] val_loss=0.61748,val_acc:0.81108(1142/1408)
[epoch 2][train][end] train_loss=0.28377,train_acc=0.89199(15014/16832)
[epoch 2][val][end] val_loss=0.57353,val_acc:0.83310(1173/1408)
[epoch 3][train][end] train_loss=0.28070,train_acc=0.89193(15013/16832)
[epoch 3][val][end] val_loss=0.64499,val_acc:0.81960(1154/1408)
[epoch 4][train][end] train_loss=0.28265,train_acc=0.89116(15000/16832)
[epoch 4][val][end] val_loss=0.62636,val_acc:0.81321(1145/1408)
[epoch 5][train][end] train_loss=0.25609,train_acc=0.90221(15186/16832)
[epoch 5][val][end] val_loss=0.60849,val_acc:0.83239(1172/1408)
[epoch 6][train][end] train_loss=0.24538,train_acc=0.90447(15224/16832)
[epoch 6][val][end] val_loss=0.59935,val_acc:0.82884(1167/1408)
[epoch 7][train][end] train_loss=0.23728,train_acc=0.90756(15276/16832)
[epoch 7][val][end] val_loss=0.57852,val_acc:0.83949(1182/1408)
[epoch 8][train][end] train_loss=0.23076,train_acc=0.90815(15286/16832)
[epoch 8][val][end] val_loss=0.59432,val_acc:0.83452(1175/1408)
[epoch 9][train][end] train_loss=0.23228,train_acc=0.90839(15290/16832)
[epoch 9][val][end] val_loss=0.58696,val_acc:0.83594(1177/1408)
[epoch 10][train][end] train_loss=0.22746,train_acc=0.91195(15350/16832)
[epoch 10][val][end] val_loss=0.58572,val_acc:0.83736(1179/1408)
[epoch 11][train][end] train_loss=0.22575,train_acc=0.91284(15365/16832)
[epoch 11][val][end] val_loss=0.59008,val_acc:0.82955(1168/1408)
[epoch 12][train][end] train_loss=0.22356,train_acc=0.91273(15363/16832)
[epoch 12][val][end] val_loss=0.59421,val_acc:0.83097(1170/1408)
[epoch 13][train][end] train_loss=0.22345,train_acc=0.91350(15376/16832)
[epoch 13][val][end] val_loss=0.59099,val_acc:0.83168(1171/1408)
[epoch 14][train][end] train_loss=0.22178,train_acc=0.91284(15365/16832)
[epoch 14][val][end] val_loss=0.59854,val_acc:0.83026(1169/1408)
[epoch 15][train][end] train_loss=0.22239,train_acc=0.91130(15339/16832)
[epoch 15][val][end] val_loss=0.58708,val_acc:0.82812(1166/1408)
[epoch 16][train][end] train_loss=0.22188,train_acc=0.91338(15374/16832)
[epoch 16][val][end] val_loss=0.59332,val_acc:0.83807(1180/1408)
[epoch 17][train][end] train_loss=0.22093,train_acc=0.91391(15383/16832)
[epoch 17][val][end] val_loss=0.57715,val_acc:0.83381(1174/1408)
[epoch 18][train][end] train_loss=0.22081,train_acc=0.91231(15356/16832)
[epoch 18][val][end] val_loss=0.59066,val_acc:0.83026(1169/1408)
[epoch 19][train][end] train_loss=0.22113,train_acc=0.91320(15371/16832)
[epoch 19][val][end] val_loss=0.58593,val_acc:0.83239(1172/1408)
[[1161, 85, 104, 47], [73, 2000, 23, 63], [98, 25, 385, 28], [65, 91, 33, 488]]
{'Pression': 0.8064297947303507, 'Recall': 0.7991330314823379, 'F1': 0.802764832393018, 'Acc': 0.8458796393373873}

[RNN=RNN,DETECTION=cascade_rcnn_r101,BIDIRECTIONAL=True,FUN=None]
[epoch 0][train][end] train_loss=0.37430,train_acc=0.85712(14427/16832)
[epoch 0][val][end] val_loss=0.54303,val_acc:0.83452(1175/1408)
[epoch 0][save_best_output_params]
[epoch 1][train][end] train_loss=0.28356,train_acc=0.89371(15043/16832)
[epoch 1][val][end] val_loss=0.62734,val_acc:0.79830(1124/1408)
[epoch 2][train][end] train_loss=0.29190,train_acc=0.89039(14987/16832)
[epoch 2][val][end] val_loss=0.63754,val_acc:0.80469(1133/1408)
[epoch 3][train][end] train_loss=0.28499,train_acc=0.89199(15014/16832)
[epoch 3][val][end] val_loss=0.60319,val_acc:0.83665(1178/1408)
[epoch 4][train][end] train_loss=0.29411,train_acc=0.88878(14960/16832)
[epoch 4][val][end] val_loss=0.76012,val_acc:0.76776(1081/1408)
[epoch 5][train][end] train_loss=0.33134,train_acc=0.87803(14779/16832)
[epoch 5][val][end] val_loss=0.54198,val_acc:0.83665(1178/1408)
[epoch 5][save_best_output_params]
[epoch 6][train][end] train_loss=0.25773,train_acc=0.89924(15136/16832)
[epoch 6][val][end] val_loss=0.61682,val_acc:0.82315(1159/1408)
[epoch 7][train][end] train_loss=0.24630,train_acc=0.90352(15208/16832)
[epoch 7][val][end] val_loss=0.58367,val_acc:0.83452(1175/1408)
[epoch 8][train][end] train_loss=0.23933,train_acc=0.90577(15246/16832)
[epoch 8][val][end] val_loss=0.58206,val_acc:0.83807(1180/1408)
[epoch 9][train][end] train_loss=0.23336,train_acc=0.90898(15300/16832)
[epoch 9][val][end] val_loss=0.57856,val_acc:0.83594(1177/1408)
[epoch 10][train][end] train_loss=0.22840,train_acc=0.91201(15351/16832)
[epoch 10][val][end] val_loss=0.58515,val_acc:0.83523(1176/1408)
[epoch 11][train][end] train_loss=0.22687,train_acc=0.91124(15338/16832)
[epoch 11][val][end] val_loss=0.57550,val_acc:0.83523(1176/1408)
[epoch 12][train][end] train_loss=0.22711,train_acc=0.91082(15331/16832)
[epoch 12][val][end] val_loss=0.56540,val_acc:0.83594(1177/1408)
[epoch 13][train][end] train_loss=0.22686,train_acc=0.91047(15325/16832)
[epoch 13][val][end] val_loss=0.58883,val_acc:0.83736(1179/1408)
[epoch 14][train][end] train_loss=0.22572,train_acc=0.91077(15330/16832)
[epoch 14][val][end] val_loss=0.58416,val_acc:0.83523(1176/1408)
[epoch 15][train][end] train_loss=0.22532,train_acc=0.91284(15365/16832)
[epoch 15][val][end] val_loss=0.56735,val_acc:0.84020(1183/1408)
[epoch 16][train][end] train_loss=0.22637,train_acc=0.91088(15332/16832)
[epoch 16][val][end] val_loss=0.58438,val_acc:0.83665(1178/1408)
[epoch 17][train][end] train_loss=0.22560,train_acc=0.91124(15338/16832)
[epoch 17][val][end] val_loss=0.58820,val_acc:0.83523(1176/1408)
[epoch 18][train][end] train_loss=0.22519,train_acc=0.91302(15368/16832)
[epoch 18][val][end] val_loss=0.57237,val_acc:0.83949(1182/1408)
[epoch 19][train][end] train_loss=0.22463,train_acc=0.91243(15358/16832)
[epoch 19][val][end] val_loss=0.57918,val_acc:0.83807(1180/1408)
[[1187, 89, 87, 34], [77, 2001, 28, 53], [103, 28, 379, 26], [68, 94, 35, 480]]
{'Pression': 0.8144196360684768, 'Recall': 0.7981489361074682, 'F1': 0.8062022009965881, 'Acc': 0.848605577689243}

[RNN=RNN,DETECTION=cascade_rcnn_r101,BIDIRECTIONAL=True,FUN=None]
[epoch 0][train][end] train_loss=0.38845,train_acc=0.85189(14339/16832)
[epoch 0][val][end] val_loss=0.57904,val_acc:0.81534(1148/1408)
[epoch 0][save_best_output_params]
[epoch 1][train][end] train_loss=0.29806,train_acc=0.88724(14934/16832)
[epoch 1][val][end] val_loss=0.62540,val_acc:0.81534(1148/1408)
[epoch 2][train][end] train_loss=0.31166,train_acc=0.88504(14897/16832)
[epoch 2][val][end] val_loss=0.59996,val_acc:0.80185(1129/1408)
[epoch 3][train][end] train_loss=0.27909,train_acc=0.89146(15005/16832)
[epoch 3][val][end] val_loss=0.58912,val_acc:0.81960(1154/1408)
[epoch 4][train][end] train_loss=0.27437,train_acc=0.89449(15056/16832)
[epoch 4][val][end] val_loss=0.60581,val_acc:0.83168(1171/1408)
[epoch 5][train][end] train_loss=0.23855,train_acc=0.90851(15292/16832)
[epoch 5][val][end] val_loss=0.57649,val_acc:0.83594(1177/1408)
[epoch 5][save_best_output_params]
[epoch 6][train][end] train_loss=0.22684,train_acc=0.91237(15357/16832)
[epoch 6][val][end] val_loss=0.60453,val_acc:0.82173(1157/1408)
[epoch 7][train][end] train_loss=0.22733,train_acc=0.91023(15321/16832)
[epoch 7][val][end] val_loss=0.59310,val_acc:0.82670(1164/1408)
[epoch 8][train][end] train_loss=0.22426,train_acc=0.91112(15336/16832)
[epoch 8][val][end] val_loss=0.60687,val_acc:0.83239(1172/1408)
[epoch 9][train][end] train_loss=0.22386,train_acc=0.91112(15336/16832)
[epoch 9][val][end] val_loss=0.58755,val_acc:0.82741(1165/1408)
[epoch 10][train][end] train_loss=0.21845,train_acc=0.91344(15375/16832)
[epoch 10][val][end] val_loss=0.59029,val_acc:0.83239(1172/1408)
[epoch 11][train][end] train_loss=0.21661,train_acc=0.91522(15405/16832)
[epoch 11][val][end] val_loss=0.59962,val_acc:0.83026(1169/1408)
[epoch 12][train][end] train_loss=0.21697,train_acc=0.91475(15397/16832)
[epoch 12][val][end] val_loss=0.57424,val_acc:0.83239(1172/1408)
[epoch 12][save_best_output_params]
[epoch 13][train][end] train_loss=0.21659,train_acc=0.91385(15382/16832)
[epoch 13][val][end] val_loss=0.58823,val_acc:0.83452(1175/1408)
[epoch 14][train][end] train_loss=0.21676,train_acc=0.91469(15396/16832)
[epoch 14][val][end] val_loss=0.59163,val_acc:0.82955(1168/1408)
[epoch 15][train][end] train_loss=0.21665,train_acc=0.91510(15403/16832)
[epoch 15][val][end] val_loss=0.58943,val_acc:0.83097(1170/1408)
[epoch 16][train][end] train_loss=0.21691,train_acc=0.91481(15398/16832)
[epoch 16][val][end] val_loss=0.58083,val_acc:0.83239(1172/1408)
[epoch 17][train][end] train_loss=0.21557,train_acc=0.91463(15395/16832)
[epoch 17][val][end] val_loss=0.59610,val_acc:0.82812(1166/1408)
[epoch 18][train][end] train_loss=0.21574,train_acc=0.91475(15397/16832)
[epoch 18][val][end] val_loss=0.58618,val_acc:0.83310(1173/1408)
[epoch 19][train][end] train_loss=0.21646,train_acc=0.91486(15399/16832)
[epoch 19][val][end] val_loss=0.58971,val_acc:0.82884(1167/1408)
[[1182, 68, 101, 46], [92, 1984, 28, 55], [108, 25, 381, 22], [78, 87, 32, 480]]
{'Pression': 0.8063454183791638, 'Recall': 0.796218493474534, 'F1': 0.8012499588853377, 'Acc': 0.8444118263786957}

[RNN=RNN,DETECTION=cascade_rcnn_r101,BIDIRECTIONAL=True,FUN=None]
[epoch 0][train][end] train_loss=0.39055,train_acc=0.86003(14476/16832)
[epoch 0][val][end] val_loss=0.61294,val_acc:0.81889(1153/1408)
[epoch 0][save_best_output_params]
[epoch 1][train][end] train_loss=0.27854,train_acc=0.89508(15066/16832)
[epoch 1][val][end] val_loss=0.55863,val_acc:0.83594(1177/1408)
[epoch 1][save_best_output_params]
[epoch 2][train][end] train_loss=0.28458,train_acc=0.89395(15047/16832)
[epoch 2][val][end] val_loss=0.65799,val_acc:0.79972(1126/1408)
[epoch 3][train][end] train_loss=0.30605,train_acc=0.88748(14938/16832)
[epoch 3][val][end] val_loss=0.59303,val_acc:0.81179(1143/1408)
[epoch 4][train][end] train_loss=0.28842,train_acc=0.89193(15013/16832)
[epoch 4][val][end] val_loss=0.61381,val_acc:0.82812(1166/1408)
[epoch 5][train][end] train_loss=0.24220,train_acc=0.90714(15269/16832)
[epoch 5][val][end] val_loss=0.56658,val_acc:0.83310(1173/1408)
[epoch 6][train][end] train_loss=0.23409,train_acc=0.90851(15292/16832)
[epoch 6][val][end] val_loss=0.57341,val_acc:0.83949(1182/1408)
[epoch 7][train][end] train_loss=0.23023,train_acc=0.90999(15317/16832)
[epoch 7][val][end] val_loss=0.59777,val_acc:0.83381(1174/1408)
[epoch 8][train][end] train_loss=0.22894,train_acc=0.90993(15316/16832)
[epoch 8][val][end] val_loss=0.55729,val_acc:0.84588(1191/1408)
[epoch 8][save_best_output_params]
[epoch 9][train][end] train_loss=0.22877,train_acc=0.91077(15330/16832)
[epoch 9][val][end] val_loss=0.57005,val_acc:0.83736(1179/1408)
[epoch 10][train][end] train_loss=0.22229,train_acc=0.91439(15391/16832)
[epoch 10][val][end] val_loss=0.57565,val_acc:0.83594(1177/1408)
[epoch 11][train][end] train_loss=0.22114,train_acc=0.91445(15392/16832)
[epoch 11][val][end] val_loss=0.56409,val_acc:0.83665(1178/1408)
[epoch 12][train][end] train_loss=0.22017,train_acc=0.91421(15388/16832)
[epoch 12][val][end] val_loss=0.57089,val_acc:0.83665(1178/1408)
[epoch 13][train][end] train_loss=0.22038,train_acc=0.91380(15381/16832)
[epoch 13][val][end] val_loss=0.56179,val_acc:0.83736(1179/1408)
[epoch 14][train][end] train_loss=0.22056,train_acc=0.91457(15394/16832)
[epoch 14][val][end] val_loss=0.55910,val_acc:0.84162(1185/1408)
[epoch 15][train][end] train_loss=0.21974,train_acc=0.91314(15370/16832)
[epoch 15][val][end] val_loss=0.55867,val_acc:0.84162(1185/1408)
[epoch 16][train][end] train_loss=0.21923,train_acc=0.91481(15398/16832)
[epoch 16][val][end] val_loss=0.55796,val_acc:0.83949(1182/1408)
[epoch 17][train][end] train_loss=0.21980,train_acc=0.91391(15383/16832)
[epoch 17][val][end] val_loss=0.56078,val_acc:0.83736(1179/1408)
[epoch 18][train][end] train_loss=0.21990,train_acc=0.91469(15396/16832)
[epoch 18][val][end] val_loss=0.56564,val_acc:0.84233(1186/1408)
[epoch 19][train][end] train_loss=0.21847,train_acc=0.91492(15400/16832)
[epoch 19][val][end] val_loss=0.56094,val_acc:0.84162(1185/1408)
[[1189, 70, 83, 55], [74, 1985, 24, 76], [111, 27, 369, 29], [69, 80, 36, 492]]
{'Pression': 0.8043533839559195, 'Recall': 0.7964212718452854, 'F1': 0.8003676754147552, 'Acc': 0.8460893269029146}

[RNN=RNN,DETECTION=cascade_rcnn_r101,BIDIRECTIONAL=True,FUN=None]
[epoch 0][train][end] train_loss=0.40630,train_acc=0.85171(14336/16832)
[epoch 0][val][end] val_loss=0.65334,val_acc:0.80114(1128/1408)
[epoch 0][save_best_output_params]
[epoch 1][train][end] train_loss=0.30830,train_acc=0.88724(14934/16832)
[epoch 1][val][end] val_loss=0.66605,val_acc:0.76918(1083/1408)
[epoch 2][train][end] train_loss=0.29623,train_acc=0.89276(15027/16832)
[epoch 2][val][end] val_loss=0.62327,val_acc:0.79474(1119/1408)
[epoch 2][save_best_output_params]
[epoch 3][train][end] train_loss=0.29794,train_acc=0.88813(14949/16832)
[epoch 3][val][end] val_loss=0.60864,val_acc:0.81321(1145/1408)
[epoch 3][save_best_output_params]
[epoch 4][train][end] train_loss=0.29086,train_acc=0.89241(15021/16832)
[epoch 4][val][end] val_loss=0.64269,val_acc:0.78196(1101/1408)
[epoch 5][train][end] train_loss=0.29075,train_acc=0.89211(15016/16832)
[epoch 5][val][end] val_loss=0.60232,val_acc:0.82457(1161/1408)
[epoch 5][save_best_output_params]
[epoch 6][train][end] train_loss=0.25050,train_acc=0.90536(15239/16832)
[epoch 6][val][end] val_loss=0.59168,val_acc:0.83381(1174/1408)
[epoch 6][save_best_output_params]
[epoch 7][train][end] train_loss=0.24545,train_acc=0.90536(15239/16832)
[epoch 7][val][end] val_loss=0.59077,val_acc:0.82599(1163/1408)
[epoch 7][save_best_output_params]
[epoch 8][train][end] train_loss=0.23866,train_acc=0.90583(15247/16832)
[epoch 8][val][end] val_loss=0.60181,val_acc:0.82741(1165/1408)
[epoch 9][train][end] train_loss=0.23346,train_acc=0.90940(15307/16832)
[epoch 9][val][end] val_loss=0.59448,val_acc:0.83523(1176/1408)
[epoch 10][train][end] train_loss=0.22856,train_acc=0.91249(15359/16832)
[epoch 10][val][end] val_loss=0.60634,val_acc:0.82031(1155/1408)
[epoch 11][train][end] train_loss=0.22513,train_acc=0.91308(15369/16832)
[epoch 11][val][end] val_loss=0.59900,val_acc:0.83665(1178/1408)
[epoch 12][train][end] train_loss=0.22476,train_acc=0.91296(15367/16832)
[epoch 12][val][end] val_loss=0.60840,val_acc:0.82173(1157/1408)
[epoch 13][train][end] train_loss=0.22475,train_acc=0.91207(15352/16832)
[epoch 13][val][end] val_loss=0.59867,val_acc:0.83168(1171/1408)
[epoch 14][train][end] train_loss=0.22442,train_acc=0.91338(15374/16832)
[epoch 14][val][end] val_loss=0.60141,val_acc:0.82528(1162/1408)
[epoch 15][train][end] train_loss=0.22303,train_acc=0.91332(15373/16832)
[epoch 15][val][end] val_loss=0.59876,val_acc:0.83239(1172/1408)
[epoch 16][train][end] train_loss=0.22424,train_acc=0.91403(15385/16832)
[epoch 16][val][end] val_loss=0.59977,val_acc:0.83239(1172/1408)
[epoch 17][train][end] train_loss=0.22357,train_acc=0.91445(15392/16832)
[epoch 17][val][end] val_loss=0.59685,val_acc:0.83239(1172/1408)
[epoch 18][train][end] train_loss=0.22330,train_acc=0.91332(15373/16832)
[epoch 18][val][end] val_loss=0.59407,val_acc:0.83452(1175/1408)
[epoch 19][train][end] train_loss=0.22253,train_acc=0.91380(15381/16832)
[epoch 19][val][end] val_loss=0.59619,val_acc:0.83310(1173/1408)
[[1192, 72, 88, 45], [82, 1987, 23, 67], [100, 28, 381, 27], [67, 91, 30, 489]]
{'Pression': 0.8120139189309691, 'Recall': 0.8016789115233885, 'F1': 0.806813319592093, 'Acc': 0.8490249528202978}

[RNN=RNN,DETECTION=cascade_rcnn_r101,BIDIRECTIONAL=False,FUN=None]
[epoch 0][train][end] train_loss=1.30709,train_acc=0.38979(6561/16832)
[epoch 0][val][end] val_loss=1.22728,val_acc:0.52983(746/1408)
[epoch 0][save_best_output_params]
[epoch 1][train][end] train_loss=1.30667,train_acc=0.40352(6792/16832)
[epoch 1][val][end] val_loss=1.31180,val_acc:0.44957(633/1408)
[epoch 2][train][end] train_loss=1.34184,train_acc=0.35741(6016/16832)
[epoch 2][val][end] val_loss=1.24425,val_acc:0.50781(715/1408)
[epoch 3][train][end] train_loss=1.30588,train_acc=0.39169(6593/16832)
[epoch 3][val][end] val_loss=1.31646,val_acc:0.44389(625/1408)
[epoch 4][train][end] train_loss=1.36373,train_acc=0.34179(5753/16832)
[epoch 4][val][end] val_loss=1.29058,val_acc:0.45241(637/1408)
[epoch 5][train][end] train_loss=1.35788,train_acc=0.34375(5786/16832)
[epoch 5][val][end] val_loss=1.31120,val_acc:0.45241(637/1408)
[epoch 6][train][end] train_loss=1.35847,train_acc=0.34405(5791/16832)
[epoch 6][val][end] val_loss=1.31163,val_acc:0.44886(632/1408)
[epoch 7][train][end] train_loss=1.35633,train_acc=0.34726(5845/16832)
[epoch 7][val][end] val_loss=1.30433,val_acc:0.43040(606/1408)
[epoch 8][train][end] train_loss=1.35614,train_acc=0.34434(5796/16832)
[epoch 8][val][end] val_loss=1.30789,val_acc:0.43324(610/1408)
[epoch 9][train][end] train_loss=1.35691,train_acc=0.34583(5821/16832)
[epoch 9][val][end] val_loss=1.30595,val_acc:0.42969(605/1408)
[epoch 10][train][end] train_loss=1.35412,train_acc=0.34179(5753/16832)
[epoch 10][val][end] val_loss=1.30900,val_acc:0.44886(632/1408)
[epoch 11][train][end] train_loss=1.35211,train_acc=0.34607(5825/16832)
[epoch 11][val][end] val_loss=1.30461,val_acc:0.44531(627/1408)
[epoch 12][train][end] train_loss=1.35431,train_acc=0.34244(5764/16832)
[epoch 12][val][end] val_loss=1.30526,val_acc:0.43821(617/1408)
[epoch 13][train][end] train_loss=1.35317,train_acc=0.34951(5883/16832)
[epoch 13][val][end] val_loss=1.30783,val_acc:0.43182(608/1408)
[epoch 14][train][end] train_loss=1.35498,train_acc=0.34072(5735/16832)
[epoch 14][val][end] val_loss=1.30728,val_acc:0.44886(632/1408)
[epoch 15][train][end] train_loss=1.35463,train_acc=0.34518(5810/16832)
[epoch 15][val][end] val_loss=1.29885,val_acc:0.45455(640/1408)
[epoch 16][train][end] train_loss=1.35444,train_acc=0.34470(5802/16832)
[epoch 16][val][end] val_loss=1.30003,val_acc:0.45170(636/1408)
[epoch 17][train][end] train_loss=1.35321,train_acc=0.34512(5809/16832)
[epoch 17][val][end] val_loss=1.29319,val_acc:0.45312(638/1408)
[epoch 18][train][end] train_loss=1.35135,train_acc=0.34529(5812/16832)
[epoch 18][val][end] val_loss=1.30425,val_acc:0.45170(636/1408)
[epoch 19][train][end] train_loss=1.35531,train_acc=0.34512(5809/16832)
[epoch 19][val][end] val_loss=1.30047,val_acc:0.45241(637/1408)
[[0, 1397, 0, 0], [0, 2159, 0, 0], [0, 536, 0, 0], [0, 677, 0, 0]]
{'Pression': 0.11317886349339484, 'Recall': 0.25, 'F1': 0.15581697459584296, 'Acc': 0.4527154539735794}

[RNN=RNN,DETECTION=cascade_rcnn_r101,BIDIRECTIONAL=False,FUN=None]
[epoch 0][train][end] train_loss=1.35545,train_acc=0.35254(5934/16832)
[epoch 0][val][end] val_loss=1.23375,val_acc:0.53551(754/1408)
[epoch 0][save_best_output_params]
[epoch 1][train][end] train_loss=1.28698,train_acc=0.41879(7049/16832)
[epoch 1][val][end] val_loss=1.28080,val_acc:0.46236(651/1408)
[epoch 2][train][end] train_loss=1.23702,train_acc=0.44647(7515/16832)
[epoch 2][val][end] val_loss=1.24669,val_acc:0.46875(660/1408)
[epoch 3][train][end] train_loss=1.26828,train_acc=0.42716(7190/16832)
[epoch 3][val][end] val_loss=1.21457,val_acc:0.49787(701/1408)
[epoch 3][save_best_output_params]
[epoch 4][train][end] train_loss=1.26414,train_acc=0.43120(7258/16832)
[epoch 4][val][end] val_loss=1.20533,val_acc:0.51562(726/1408)
[epoch 4][save_best_output_params]
[epoch 5][train][end] train_loss=1.25060,train_acc=0.43809(7374/16832)
[epoch 5][val][end] val_loss=1.21145,val_acc:0.50000(704/1408)
[epoch 6][train][end] train_loss=1.25655,train_acc=0.43287(7286/16832)
[epoch 6][val][end] val_loss=1.21207,val_acc:0.51989(732/1408)
[epoch 7][train][end] train_loss=1.25629,train_acc=0.43441(7312/16832)
[epoch 7][val][end] val_loss=1.22433,val_acc:0.50355(709/1408)
[epoch 8][train][end] train_loss=1.25709,train_acc=0.42995(7237/16832)
[epoch 8][val][end] val_loss=1.22808,val_acc:0.48366(681/1408)
[epoch 9][train][end] train_loss=1.25929,train_acc=0.42437(7143/16832)
[epoch 9][val][end] val_loss=1.19867,val_acc:0.51420(724/1408)
[epoch 9][save_best_output_params]
[epoch 10][train][end] train_loss=1.25827,train_acc=0.42342(7127/16832)
[epoch 10][val][end] val_loss=1.20622,val_acc:0.48722(686/1408)
[epoch 11][train][end] train_loss=1.25194,train_acc=0.42978(7234/16832)
[epoch 11][val][end] val_loss=1.21556,val_acc:0.48011(676/1408)
[epoch 12][train][end] train_loss=1.24890,train_acc=0.43304(7289/16832)
[epoch 12][val][end] val_loss=1.20764,val_acc:0.48651(685/1408)
[epoch 13][train][end] train_loss=1.24962,train_acc=0.42942(7228/16832)
[epoch 13][val][end] val_loss=1.21862,val_acc:0.49006(690/1408)
[epoch 14][train][end] train_loss=1.25191,train_acc=0.42948(7229/16832)
[epoch 14][val][end] val_loss=1.19450,val_acc:0.50497(711/1408)
[epoch 14][save_best_output_params]
[epoch 15][train][end] train_loss=1.25171,train_acc=0.42799(7204/16832)
[epoch 15][val][end] val_loss=1.21308,val_acc:0.49716(700/1408)
[epoch 16][train][end] train_loss=1.25259,train_acc=0.43049(7246/16832)
[epoch 16][val][end] val_loss=1.21380,val_acc:0.49219(693/1408)
[epoch 17][train][end] train_loss=1.25318,train_acc=0.43049(7246/16832)
[epoch 17][val][end] val_loss=1.22016,val_acc:0.48366(681/1408)
[epoch 18][train][end] train_loss=1.25365,train_acc=0.42853(7213/16832)
[epoch 18][val][end] val_loss=1.20351,val_acc:0.49503(697/1408)
[epoch 19][train][end] train_loss=1.25481,train_acc=0.42859(7214/16832)
[epoch 19][val][end] val_loss=1.22600,val_acc:0.48722(686/1408)
[[457, 633, 307, 0], [118, 1738, 303, 0], [115, 254, 167, 0], [79, 478, 120, 0]]
{'Pression': 0.3351393880475043, 'Recall': 0.36092476085403125, 'F1': 0.34755447087657076, 'Acc': 0.4952820297756343}

[RNN=RNN,DETECTION=cascade_rcnn_r101,BIDIRECTIONAL=False,FUN=None]
[epoch 0][train][end] train_loss=1.34607,train_acc=0.35973(6055/16832)
[epoch 0][val][end] val_loss=1.12770,val_acc:0.56463(795/1408)
[epoch 0][save_best_output_params]
[epoch 1][train][end] train_loss=1.24892,train_acc=0.44368(7468/16832)
[epoch 1][val][end] val_loss=1.25228,val_acc:0.54901(773/1408)
[epoch 2][train][end] train_loss=1.30373,train_acc=0.39835(6705/16832)
[epoch 2][val][end] val_loss=1.22377,val_acc:0.51705(728/1408)
[epoch 3][train][end] train_loss=1.34450,train_acc=0.36573(6156/16832)
[epoch 3][val][end] val_loss=1.36712,val_acc:0.44815(631/1408)
[epoch 4][train][end] train_loss=1.37162,train_acc=0.33953(5715/16832)
[epoch 4][val][end] val_loss=1.28068,val_acc:0.45099(635/1408)
[epoch 5][train][end] train_loss=1.36523,train_acc=0.34541(5814/16832)
[epoch 5][val][end] val_loss=1.30900,val_acc:0.44886(632/1408)
[epoch 6][train][end] train_loss=1.36451,train_acc=0.34524(5811/16832)
[epoch 6][val][end] val_loss=1.31013,val_acc:0.45241(637/1408)
[epoch 7][train][end] train_loss=1.36479,train_acc=0.34529(5812/16832)
[epoch 7][val][end] val_loss=1.29938,val_acc:0.45312(638/1408)
[epoch 8][train][end] train_loss=1.36497,train_acc=0.34518(5810/16832)
[epoch 8][val][end] val_loss=1.30109,val_acc:0.45597(642/1408)
[epoch 9][train][end] train_loss=1.36483,train_acc=0.34494(5806/16832)
[epoch 9][val][end] val_loss=1.30793,val_acc:0.45170(636/1408)
[epoch 10][train][end] train_loss=1.36391,train_acc=0.34524(5811/16832)
[epoch 10][val][end] val_loss=1.30868,val_acc:0.45455(640/1408)
[epoch 11][train][end] train_loss=1.36398,train_acc=0.34506(5808/16832)
[epoch 11][val][end] val_loss=1.31082,val_acc:0.45241(637/1408)
[epoch 12][train][end] train_loss=1.36400,train_acc=0.34494(5806/16832)
[epoch 12][val][end] val_loss=1.31190,val_acc:0.44957(633/1408)
[epoch 13][train][end] train_loss=1.36403,train_acc=0.34494(5806/16832)
[epoch 13][val][end] val_loss=1.31012,val_acc:0.45455(640/1408)
[epoch 14][train][end] train_loss=1.36390,train_acc=0.34518(5810/16832)
[epoch 14][val][end] val_loss=1.31172,val_acc:0.45170(636/1408)
[epoch 15][train][end] train_loss=1.36377,train_acc=0.34512(5809/16832)
[epoch 15][val][end] val_loss=1.31113,val_acc:0.45241(637/1408)
[epoch 16][train][end] train_loss=1.36372,train_acc=0.34524(5811/16832)
[epoch 16][val][end] val_loss=1.31159,val_acc:0.45170(636/1408)
[epoch 17][train][end] train_loss=1.36381,train_acc=0.34500(5807/16832)
[epoch 17][val][end] val_loss=1.31125,val_acc:0.45241(637/1408)
[epoch 18][train][end] train_loss=1.36372,train_acc=0.34524(5811/16832)
[epoch 18][val][end] val_loss=1.31079,val_acc:0.45312(638/1408)
[epoch 19][train][end] train_loss=1.36375,train_acc=0.34518(5810/16832)
[epoch 19][val][end] val_loss=1.31099,val_acc:0.45241(637/1408)
[[0, 1397, 0, 0], [0, 2159, 0, 0], [0, 536, 0, 0], [0, 677, 0, 0]]
{'Pression': 0.11317886349339484, 'Recall': 0.25, 'F1': 0.15581697459584296, 'Acc': 0.4527154539735794}

[RNN=RNN,DETECTION=cascade_rcnn_r101,BIDIRECTIONAL=False,FUN=None]
[epoch 0][train][end] train_loss=1.25612,train_acc=0.43394(7304/16832)
[epoch 0][val][end] val_loss=1.14265,val_acc:0.56179(791/1408)
[epoch 0][save_best_output_params]
[epoch 1][train][end] train_loss=1.20584,train_acc=0.47784(8043/16832)
[epoch 1][val][end] val_loss=1.25209,val_acc:0.46449(654/1408)
[epoch 2][train][end] train_loss=1.22900,train_acc=0.44505(7491/16832)
[epoch 2][val][end] val_loss=1.29882,val_acc:0.44105(621/1408)
[epoch 3][train][end] train_loss=1.26969,train_acc=0.42645(7178/16832)
[epoch 3][val][end] val_loss=1.27918,val_acc:0.46946(661/1408)
[epoch 4][train][end] train_loss=1.30460,train_acc=0.40197(6766/16832)
[epoch 4][val][end] val_loss=1.21348,val_acc:0.56605(797/1408)
[epoch 5][train][end] train_loss=1.23109,train_acc=0.47035(7917/16832)
[epoch 5][val][end] val_loss=1.16396,val_acc:0.54261(764/1408)
[epoch 6][train][end] train_loss=1.19349,train_acc=0.49691(8364/16832)
[epoch 6][val][end] val_loss=1.15590,val_acc:0.55043(775/1408)
[epoch 7][train][end] train_loss=1.16613,train_acc=0.49453(8324/16832)
[epoch 7][val][end] val_loss=1.12043,val_acc:0.57670(812/1408)
[epoch 7][save_best_output_params]
[epoch 8][train][end] train_loss=1.15893,train_acc=0.48978(8244/16832)
[epoch 8][val][end] val_loss=1.12746,val_acc:0.56605(797/1408)
[epoch 9][train][end] train_loss=1.11401,train_acc=0.52323(8807/16832)
[epoch 9][val][end] val_loss=1.10113,val_acc:0.58239(820/1408)
[epoch 9][save_best_output_params]
[epoch 10][train][end] train_loss=1.11214,train_acc=0.52543(8844/16832)
[epoch 10][val][end] val_loss=1.09291,val_acc:0.58878(829/1408)
[epoch 10][save_best_output_params]
[epoch 11][train][end] train_loss=1.11337,train_acc=0.52507(8838/16832)
[epoch 11][val][end] val_loss=1.10747,val_acc:0.58878(829/1408)
[epoch 12][train][end] train_loss=1.10629,train_acc=0.52198(8786/16832)
[epoch 12][val][end] val_loss=1.10327,val_acc:0.58736(827/1408)
[epoch 13][train][end] train_loss=1.10509,train_acc=0.52228(8791/16832)
[epoch 13][val][end] val_loss=1.08798,val_acc:0.56463(795/1408)
[epoch 13][save_best_output_params]
[epoch 14][train][end] train_loss=1.10387,train_acc=0.51990(8751/16832)
[epoch 14][val][end] val_loss=1.09758,val_acc:0.58594(825/1408)
[epoch 15][train][end] train_loss=1.10869,train_acc=0.51634(8691/16832)
[epoch 15][val][end] val_loss=1.10837,val_acc:0.55398(780/1408)
[epoch 16][train][end] train_loss=1.10061,train_acc=0.52240(8793/16832)
[epoch 16][val][end] val_loss=1.10882,val_acc:0.55540(782/1408)
[epoch 17][train][end] train_loss=1.10116,train_acc=0.52204(8787/16832)
[epoch 17][val][end] val_loss=1.08144,val_acc:0.56179(791/1408)
[epoch 17][save_best_output_params]
[epoch 18][train][end] train_loss=1.10383,train_acc=0.51764(8713/16832)
[epoch 18][val][end] val_loss=1.08940,val_acc:0.56676(798/1408)
[epoch 19][train][end] train_loss=1.10416,train_acc=0.51711(8704/16832)
[epoch 19][val][end] val_loss=1.09780,val_acc:0.55682(784/1408)
[[787, 190, 374, 46], [193, 1716, 182, 68], [150, 123, 216, 47], [152, 247, 233, 45]]
{'Pression': 0.45030270906448494, 'Recall': 0.4569043107305396, 'F1': 0.4535794904931171, 'Acc': 0.5795764311176347}

[RNN=RNN,DETECTION=cascade_rcnn_r101,BIDIRECTIONAL=False,FUN=None]
[epoch 0][train][end] train_loss=1.30691,train_acc=0.38201(6430/16832)
[epoch 0][val][end] val_loss=1.10383,val_acc:0.59162(833/1408)
[epoch 0][save_best_output_params]
[epoch 1][train][end] train_loss=1.17801,train_acc=0.48188(8111/16832)
[epoch 1][val][end] val_loss=1.12880,val_acc:0.54119(762/1408)
[epoch 2][train][end] train_loss=1.22804,train_acc=0.45045(7582/16832)
[epoch 2][val][end] val_loss=1.27070,val_acc:0.47656(671/1408)
[epoch 3][train][end] train_loss=1.31825,train_acc=0.38415(6466/16832)
[epoch 3][val][end] val_loss=1.27133,val_acc:0.45881(646/1408)
[epoch 4][train][end] train_loss=1.28727,train_acc=0.41890(7051/16832)
[epoch 4][val][end] val_loss=1.16847,val_acc:0.58381(822/1408)
[epoch 5][train][end] train_loss=1.21856,train_acc=0.46322(7797/16832)
[epoch 5][val][end] val_loss=1.18385,val_acc:0.57386(808/1408)
[epoch 6][train][end] train_loss=1.20875,train_acc=0.46530(7832/16832)
[epoch 6][val][end] val_loss=1.13102,val_acc:0.59659(840/1408)
[epoch 7][train][end] train_loss=1.19108,train_acc=0.47837(8052/16832)
[epoch 7][val][end] val_loss=1.13385,val_acc:0.56463(795/1408)
[epoch 8][train][end] train_loss=1.18013,train_acc=0.49014(8250/16832)
[epoch 8][val][end] val_loss=1.14262,val_acc:0.55469(781/1408)
[epoch 9][train][end] train_loss=1.16822,train_acc=0.49721(8369/16832)
[epoch 9][val][end] val_loss=1.10496,val_acc:0.57599(811/1408)
[epoch 10][train][end] train_loss=1.15940,train_acc=0.49994(8415/16832)
[epoch 10][val][end] val_loss=1.10520,val_acc:0.57244(806/1408)
[epoch 11][train][end] train_loss=1.15339,train_acc=0.50838(8557/16832)
[epoch 11][val][end] val_loss=1.11604,val_acc:0.57955(816/1408)
[epoch 12][train][end] train_loss=1.15653,train_acc=0.50659(8527/16832)
[epoch 12][val][end] val_loss=1.13358,val_acc:0.56321(793/1408)
[epoch 13][train][end] train_loss=1.14960,train_acc=0.50909(8569/16832)
[epoch 13][val][end] val_loss=1.13696,val_acc:0.56108(790/1408)
[epoch 14][train][end] train_loss=1.14985,train_acc=0.50921(8571/16832)
[epoch 14][val][end] val_loss=1.11466,val_acc:0.57812(814/1408)
[epoch 15][train][end] train_loss=1.14824,train_acc=0.51135(8607/16832)
[epoch 15][val][end] val_loss=1.14236,val_acc:0.54972(774/1408)
[epoch 16][train][end] train_loss=1.14664,train_acc=0.51141(8608/16832)
[epoch 16][val][end] val_loss=1.10744,val_acc:0.58239(820/1408)
[epoch 17][train][end] train_loss=1.14983,train_acc=0.50802(8551/16832)
[epoch 17][val][end] val_loss=1.12696,val_acc:0.57955(816/1408)
[epoch 18][train][end] train_loss=1.15148,train_acc=0.50879(8564/16832)
[epoch 18][val][end] val_loss=1.11079,val_acc:0.57528(810/1408)
[epoch 19][train][end] train_loss=1.14642,train_acc=0.51265(8629/16832)
[epoch 19][val][end] val_loss=1.10160,val_acc:0.57244(806/1408)
[epoch 19][save_best_output_params]
[[912, 254, 197, 34], [254, 1690, 177, 38], [222, 156, 150, 8], [164, 373, 122, 18]]
{'Pression': 0.4217202468211564, 'Recall': 0.43550898057889065, 'F1': 0.42850371618710376, 'Acc': 0.580834556510799}

[RNN=LSTM,DETECTION=cascade_rcnn_r101,BIDIRECTIONAL=True,FUN=None]
[epoch 0][train][end] train_loss=0.40747,train_acc=0.84304(14190/16832)
[epoch 0][val][end] val_loss=0.55891,val_acc:0.83452(1175/1408)
[epoch 0][save_best_output_params]
[epoch 1][train][end] train_loss=0.23942,train_acc=0.90708(15268/16832)
[epoch 1][val][end] val_loss=0.55901,val_acc:0.83665(1178/1408)
[epoch 2][train][end] train_loss=0.23224,train_acc=0.90756(15276/16832)
[epoch 2][val][end] val_loss=0.55803,val_acc:0.83665(1178/1408)
[epoch 2][save_best_output_params]
[epoch 3][train][end] train_loss=0.21931,train_acc=0.91160(15344/16832)
[epoch 3][val][end] val_loss=0.57477,val_acc:0.84233(1186/1408)
[epoch 4][train][end] train_loss=0.21749,train_acc=0.91350(15376/16832)
[epoch 4][val][end] val_loss=0.59616,val_acc:0.82102(1156/1408)
[epoch 5][train][end] train_loss=0.20034,train_acc=0.91991(15484/16832)
[epoch 5][val][end] val_loss=0.57836,val_acc:0.83381(1174/1408)
[epoch 6][train][end] train_loss=0.19578,train_acc=0.92164(15513/16832)
[epoch 6][val][end] val_loss=0.56748,val_acc:0.83807(1180/1408)
[epoch 7][train][end] train_loss=0.19455,train_acc=0.92271(15531/16832)
[epoch 7][val][end] val_loss=0.56715,val_acc:0.83949(1182/1408)
[epoch 8][train][end] train_loss=0.19295,train_acc=0.92306(15537/16832)
[epoch 8][val][end] val_loss=0.56977,val_acc:0.81960(1154/1408)
[epoch 9][train][end] train_loss=0.19333,train_acc=0.92306(15537/16832)
[epoch 9][val][end] val_loss=0.56020,val_acc:0.84233(1186/1408)
[epoch 10][train][end] train_loss=0.18952,train_acc=0.92431(15558/16832)
[epoch 10][val][end] val_loss=0.57455,val_acc:0.83310(1173/1408)
[epoch 11][train][end] train_loss=0.18893,train_acc=0.92502(15570/16832)
[epoch 11][val][end] val_loss=0.58299,val_acc:0.83026(1169/1408)
[epoch 12][train][end] train_loss=0.18808,train_acc=0.92586(15584/16832)
[epoch 12][val][end] val_loss=0.58165,val_acc:0.83239(1172/1408)
[epoch 13][train][end] train_loss=0.18857,train_acc=0.92496(15569/16832)
[epoch 13][val][end] val_loss=0.58022,val_acc:0.83807(1180/1408)
[epoch 14][train][end] train_loss=0.18846,train_acc=0.92532(15575/16832)
[epoch 14][val][end] val_loss=0.57683,val_acc:0.83523(1176/1408)
[epoch 15][train][end] train_loss=0.18843,train_acc=0.92526(15574/16832)
[epoch 15][val][end] val_loss=0.57861,val_acc:0.83665(1178/1408)
[epoch 16][train][end] train_loss=0.18731,train_acc=0.92520(15573/16832)
[epoch 16][val][end] val_loss=0.57142,val_acc:0.83665(1178/1408)
[epoch 17][train][end] train_loss=0.18849,train_acc=0.92473(15565/16832)
[epoch 17][val][end] val_loss=0.57972,val_acc:0.83594(1177/1408)
[epoch 18][train][end] train_loss=0.18878,train_acc=0.92550(15578/16832)
[epoch 18][val][end] val_loss=0.57664,val_acc:0.83878(1181/1408)
[epoch 19][train][end] train_loss=0.18851,train_acc=0.92568(15581/16832)
[epoch 19][val][end] val_loss=0.58746,val_acc:0.83239(1172/1408)
[[1164, 75, 107, 51], [80, 2001, 20, 58], [101, 28, 371, 36], [66, 94, 33, 484]]
{'Pression': 0.8008692507307685, 'Recall': 0.791778734920952, 'F1': 0.7962980494038256, 'Acc': 0.8429440134200042}

[RNN=LSTM,DETECTION=cascade_rcnn_r101,BIDIRECTIONAL=True,FUN=None]
[epoch 0][train][end] train_loss=0.40992,train_acc=0.83727(14093/16832)
[epoch 0][val][end] val_loss=0.56510,val_acc:0.83168(1171/1408)
[epoch 0][save_best_output_params]
[epoch 1][train][end] train_loss=0.24270,train_acc=0.90482(15230/16832)
[epoch 1][val][end] val_loss=0.55058,val_acc:0.84233(1186/1408)
[epoch 1][save_best_output_params]
[epoch 2][train][end] train_loss=0.22705,train_acc=0.90993(15316/16832)
[epoch 2][val][end] val_loss=0.56061,val_acc:0.83026(1169/1408)
[epoch 3][train][end] train_loss=0.22046,train_acc=0.91267(15362/16832)
[epoch 3][val][end] val_loss=0.56640,val_acc:0.83310(1173/1408)
[epoch 4][train][end] train_loss=0.21614,train_acc=0.91564(15412/16832)
[epoch 4][val][end] val_loss=0.65659,val_acc:0.81534(1148/1408)
[epoch 5][train][end] train_loss=0.20182,train_acc=0.91956(15478/16832)
[epoch 5][val][end] val_loss=0.57289,val_acc:0.82244(1158/1408)
[epoch 6][train][end] train_loss=0.19652,train_acc=0.92253(15528/16832)
[epoch 6][val][end] val_loss=0.56644,val_acc:0.83736(1179/1408)
[epoch 7][train][end] train_loss=0.19511,train_acc=0.92288(15534/16832)
[epoch 7][val][end] val_loss=0.55520,val_acc:0.84020(1183/1408)
[epoch 8][train][end] train_loss=0.19447,train_acc=0.92354(15545/16832)
[epoch 8][val][end] val_loss=0.57728,val_acc:0.82244(1158/1408)
[epoch 9][train][end] train_loss=0.19273,train_acc=0.92354(15545/16832)
[epoch 9][val][end] val_loss=0.56978,val_acc:0.84091(1184/1408)
[epoch 10][train][end] train_loss=0.18987,train_acc=0.92568(15581/16832)
[epoch 10][val][end] val_loss=0.57913,val_acc:0.83523(1176/1408)
[epoch 11][train][end] train_loss=0.19053,train_acc=0.92461(15563/16832)
[epoch 11][val][end] val_loss=0.57802,val_acc:0.83381(1174/1408)
[epoch 12][train][end] train_loss=0.19016,train_acc=0.92342(15543/16832)
[epoch 12][val][end] val_loss=0.57238,val_acc:0.83594(1177/1408)
[epoch 13][train][end] train_loss=0.18981,train_acc=0.92485(15567/16832)
[epoch 13][val][end] val_loss=0.56908,val_acc:0.83736(1179/1408)
[epoch 14][train][end] train_loss=0.18954,train_acc=0.92597(15586/16832)
[epoch 14][val][end] val_loss=0.57462,val_acc:0.83523(1176/1408)
[epoch 15][train][end] train_loss=0.18941,train_acc=0.92532(15575/16832)
[epoch 15][val][end] val_loss=0.57334,val_acc:0.83523(1176/1408)
[epoch 16][train][end] train_loss=0.18892,train_acc=0.92532(15575/16832)
[epoch 16][val][end] val_loss=0.57615,val_acc:0.83665(1178/1408)
[epoch 17][train][end] train_loss=0.18967,train_acc=0.92502(15570/16832)
[epoch 17][val][end] val_loss=0.57242,val_acc:0.83665(1178/1408)
[epoch 18][train][end] train_loss=0.18971,train_acc=0.92520(15573/16832)
[epoch 18][val][end] val_loss=0.56071,val_acc:0.84304(1187/1408)
[epoch 19][train][end] train_loss=0.18932,train_acc=0.92479(15566/16832)
[epoch 19][val][end] val_loss=0.57192,val_acc:0.83949(1182/1408)
[[1171, 75, 106, 45], [77, 1998, 23, 61], [100, 29, 374, 33], [64, 96, 31, 486]]
{'Pression': 0.804075708603155, 'Recall': 0.7948218423653616, 'F1': 0.7994219963950367, 'Acc': 0.8448312015097504}

[RNN=LSTM,DETECTION=cascade_rcnn_r101,BIDIRECTIONAL=True,FUN=None]
[epoch 0][train][end] train_loss=0.38759,train_acc=0.84601(14240/16832)
[epoch 0][val][end] val_loss=0.61850,val_acc:0.82244(1158/1408)
[epoch 0][save_best_output_params]
[epoch 1][train][end] train_loss=0.25386,train_acc=0.90257(15192/16832)
[epoch 1][val][end] val_loss=0.53579,val_acc:0.83736(1179/1408)
[epoch 1][save_best_output_params]
[epoch 2][train][end] train_loss=0.22742,train_acc=0.90833(15289/16832)
[epoch 2][val][end] val_loss=0.57854,val_acc:0.81960(1154/1408)
[epoch 3][train][end] train_loss=0.21951,train_acc=0.91267(15362/16832)
[epoch 3][val][end] val_loss=0.57542,val_acc:0.84517(1190/1408)
[epoch 4][train][end] train_loss=0.21496,train_acc=0.91362(15378/16832)
[epoch 4][val][end] val_loss=0.61765,val_acc:0.83026(1169/1408)
[epoch 5][train][end] train_loss=0.19981,train_acc=0.92045(15493/16832)
[epoch 5][val][end] val_loss=0.59028,val_acc:0.83381(1174/1408)
[epoch 6][train][end] train_loss=0.19771,train_acc=0.92164(15513/16832)
[epoch 6][val][end] val_loss=0.58551,val_acc:0.83239(1172/1408)
[epoch 7][train][end] train_loss=0.19666,train_acc=0.92205(15520/16832)
[epoch 7][val][end] val_loss=0.59819,val_acc:0.82102(1156/1408)
[epoch 8][train][end] train_loss=0.19492,train_acc=0.92211(15521/16832)
[epoch 8][val][end] val_loss=0.59145,val_acc:0.83239(1172/1408)
[epoch 9][train][end] train_loss=0.19483,train_acc=0.92437(15559/16832)
[epoch 9][val][end] val_loss=0.58285,val_acc:0.83807(1180/1408)
[epoch 10][train][end] train_loss=0.19186,train_acc=0.92348(15544/16832)
[epoch 10][val][end] val_loss=0.58113,val_acc:0.83168(1171/1408)
[epoch 11][train][end] train_loss=0.19137,train_acc=0.92532(15575/16832)
[epoch 11][val][end] val_loss=0.58802,val_acc:0.83026(1169/1408)
[epoch 12][train][end] train_loss=0.19126,train_acc=0.92395(15552/16832)
[epoch 12][val][end] val_loss=0.58614,val_acc:0.83097(1170/1408)
[epoch 13][train][end] train_loss=0.19087,train_acc=0.92431(15558/16832)
[epoch 13][val][end] val_loss=0.58850,val_acc:0.83310(1173/1408)
[epoch 14][train][end] train_loss=0.19150,train_acc=0.92473(15565/16832)
[epoch 14][val][end] val_loss=0.57789,val_acc:0.83523(1176/1408)
[epoch 15][train][end] train_loss=0.19056,train_acc=0.92496(15569/16832)
[epoch 15][val][end] val_loss=0.57729,val_acc:0.83381(1174/1408)
[epoch 16][train][end] train_loss=0.19015,train_acc=0.92520(15573/16832)
[epoch 16][val][end] val_loss=0.57624,val_acc:0.83523(1176/1408)
[epoch 17][train][end] train_loss=0.19055,train_acc=0.92508(15571/16832)
[epoch 17][val][end] val_loss=0.57951,val_acc:0.83168(1171/1408)
[epoch 18][train][end] train_loss=0.18950,train_acc=0.92496(15569/16832)
[epoch 18][val][end] val_loss=0.56803,val_acc:0.83665(1178/1408)
[epoch 19][train][end] train_loss=0.19049,train_acc=0.92490(15568/16832)
[epoch 19][val][end] val_loss=0.57759,val_acc:0.83523(1176/1408)
[[1177, 75, 99, 46], [69, 2005, 23, 62], [104, 29, 370, 33], [61, 96, 31, 489]]
{'Pression': 0.8067761693510749, 'Recall': 0.7959482892442415, 'F1': 0.8013256531454135, 'Acc': 0.8473474522960789}

[RNN=LSTM,DETECTION=cascade_rcnn_r101,BIDIRECTIONAL=True,FUN=None]
[epoch 0][train][end] train_loss=0.38287,train_acc=0.85242(14348/16832)
[epoch 0][val][end] val_loss=0.55594,val_acc:0.83239(1172/1408)
[epoch 0][save_best_output_params]
[epoch 1][train][end] train_loss=0.24046,train_acc=0.90744(15274/16832)
[epoch 1][val][end] val_loss=0.60048,val_acc:0.83168(1171/1408)
[epoch 2][train][end] train_loss=0.22612,train_acc=0.91106(15335/16832)
[epoch 2][val][end] val_loss=0.57098,val_acc:0.81889(1153/1408)
[epoch 3][train][end] train_loss=0.22209,train_acc=0.91124(15338/16832)
[epoch 3][val][end] val_loss=0.56664,val_acc:0.83381(1174/1408)
[epoch 4][train][end] train_loss=0.21572,train_acc=0.91552(15410/16832)
[epoch 4][val][end] val_loss=0.55957,val_acc:0.84517(1190/1408)
[epoch 5][train][end] train_loss=0.19856,train_acc=0.92075(15498/16832)
[epoch 5][val][end] val_loss=0.56918,val_acc:0.83452(1175/1408)
[epoch 6][train][end] train_loss=0.19632,train_acc=0.92128(15507/16832)
[epoch 6][val][end] val_loss=0.54475,val_acc:0.83736(1179/1408)
[epoch 6][save_best_output_params]
[epoch 7][train][end] train_loss=0.19566,train_acc=0.92069(15497/16832)
[epoch 7][val][end] val_loss=0.57291,val_acc:0.82670(1164/1408)
[epoch 8][train][end] train_loss=0.19516,train_acc=0.92188(15517/16832)
[epoch 8][val][end] val_loss=0.57039,val_acc:0.83381(1174/1408)
[epoch 9][train][end] train_loss=0.19351,train_acc=0.92283(15533/16832)
[epoch 9][val][end] val_loss=0.57300,val_acc:0.82955(1168/1408)
[epoch 10][train][end] train_loss=0.19134,train_acc=0.92300(15536/16832)
[epoch 10][val][end] val_loss=0.56058,val_acc:0.83168(1171/1408)
[epoch 11][train][end] train_loss=0.19106,train_acc=0.92467(15564/16832)
[epoch 11][val][end] val_loss=0.57253,val_acc:0.83523(1176/1408)
[epoch 12][train][end] train_loss=0.19085,train_acc=0.92294(15535/16832)
[epoch 12][val][end] val_loss=0.57669,val_acc:0.83665(1178/1408)
[epoch 13][train][end] train_loss=0.19072,train_acc=0.92419(15556/16832)
[epoch 13][val][end] val_loss=0.57479,val_acc:0.83594(1177/1408)
[epoch 14][train][end] train_loss=0.19047,train_acc=0.92401(15553/16832)
[epoch 14][val][end] val_loss=0.57470,val_acc:0.83097(1170/1408)
[epoch 15][train][end] train_loss=0.18940,train_acc=0.92485(15567/16832)
[epoch 15][val][end] val_loss=0.57516,val_acc:0.83239(1172/1408)
[epoch 16][train][end] train_loss=0.18915,train_acc=0.92437(15559/16832)
[epoch 16][val][end] val_loss=0.56813,val_acc:0.83736(1179/1408)
[epoch 17][train][end] train_loss=0.18962,train_acc=0.92330(15541/16832)
[epoch 17][val][end] val_loss=0.56681,val_acc:0.83452(1175/1408)
[epoch 18][train][end] train_loss=0.19023,train_acc=0.92360(15546/16832)
[epoch 18][val][end] val_loss=0.57871,val_acc:0.83168(1171/1408)
[epoch 19][train][end] train_loss=0.18969,train_acc=0.92395(15552/16832)
[epoch 19][val][end] val_loss=0.57044,val_acc:0.83594(1177/1408)
[[1165, 72, 111, 49], [71, 2003, 24, 61], [98, 27, 379, 32], [63, 88, 33, 493]]
{'Pression': 0.8044474689191994, 'Recall': 0.7992441077738738, 'F1': 0.8018373468956983, 'Acc': 0.8471377647305515}

[RNN=LSTM,DETECTION=cascade_rcnn_r101,BIDIRECTIONAL=True,FUN=None]
[epoch 0][train][end] train_loss=0.40433,train_acc=0.83983(14136/16832)
[epoch 0][val][end] val_loss=0.59679,val_acc:0.80540(1134/1408)
[epoch 0][save_best_output_params]
[epoch 1][train][end] train_loss=0.24194,train_acc=0.90744(15274/16832)
[epoch 1][val][end] val_loss=0.51823,val_acc:0.83239(1172/1408)
[epoch 1][save_best_output_params]
[epoch 2][train][end] train_loss=0.22734,train_acc=0.91094(15333/16832)
[epoch 2][val][end] val_loss=0.60266,val_acc:0.82386(1160/1408)
[epoch 3][train][end] train_loss=0.22147,train_acc=0.91023(15321/16832)
[epoch 3][val][end] val_loss=0.54717,val_acc:0.84091(1184/1408)
[epoch 4][train][end] train_loss=0.21813,train_acc=0.91273(15363/16832)
[epoch 4][val][end] val_loss=0.59653,val_acc:0.82386(1160/1408)
[epoch 5][train][end] train_loss=0.20134,train_acc=0.91986(15483/16832)
[epoch 5][val][end] val_loss=0.56815,val_acc:0.82955(1168/1408)
[epoch 6][train][end] train_loss=0.19705,train_acc=0.92188(15517/16832)
[epoch 6][val][end] val_loss=0.58904,val_acc:0.83168(1171/1408)
[epoch 7][train][end] train_loss=0.19614,train_acc=0.92110(15504/16832)
[epoch 7][val][end] val_loss=0.56973,val_acc:0.84020(1183/1408)
[epoch 8][train][end] train_loss=0.19462,train_acc=0.92265(15530/16832)
[epoch 8][val][end] val_loss=0.56664,val_acc:0.83026(1169/1408)
[epoch 9][train][end] train_loss=0.19357,train_acc=0.92288(15534/16832)
[epoch 9][val][end] val_loss=0.60410,val_acc:0.81534(1148/1408)
[epoch 10][train][end] train_loss=0.19139,train_acc=0.92336(15542/16832)
[epoch 10][val][end] val_loss=0.57690,val_acc:0.83381(1174/1408)
[epoch 11][train][end] train_loss=0.18989,train_acc=0.92449(15561/16832)
[epoch 11][val][end] val_loss=0.58971,val_acc:0.83026(1169/1408)
[epoch 12][train][end] train_loss=0.18956,train_acc=0.92479(15566/16832)
[epoch 12][val][end] val_loss=0.58126,val_acc:0.83381(1174/1408)
[epoch 13][train][end] train_loss=0.18975,train_acc=0.92514(15572/16832)
[epoch 13][val][end] val_loss=0.58044,val_acc:0.83097(1170/1408)
[epoch 14][train][end] train_loss=0.19015,train_acc=0.92413(15555/16832)
[epoch 14][val][end] val_loss=0.58237,val_acc:0.83736(1179/1408)
[epoch 15][train][end] train_loss=0.18956,train_acc=0.92437(15559/16832)
[epoch 15][val][end] val_loss=0.59050,val_acc:0.83310(1173/1408)
[epoch 16][train][end] train_loss=0.18951,train_acc=0.92389(15551/16832)
[epoch 16][val][end] val_loss=0.58033,val_acc:0.83452(1175/1408)
[epoch 17][train][end] train_loss=0.18916,train_acc=0.92520(15573/16832)
[epoch 17][val][end] val_loss=0.58686,val_acc:0.83665(1178/1408)
[epoch 18][train][end] train_loss=0.18907,train_acc=0.92443(15560/16832)
[epoch 18][val][end] val_loss=0.58567,val_acc:0.83310(1173/1408)
[epoch 19][train][end] train_loss=0.18926,train_acc=0.92473(15565/16832)
[epoch 19][val][end] val_loss=0.58265,val_acc:0.83452(1175/1408)
[[1180, 71, 102, 44], [74, 2004, 23, 58], [97, 28, 378, 33], [62, 97, 32, 486]]
{'Pression': 0.808790615294535, 'Recall': 0.7989928742328464, 'F1': 0.8038618913255452, 'Acc': 0.8488152652547704}

[RNN=LSTM,DETECTION=cascade_rcnn_r101,BIDIRECTIONAL=False,FUN=None]
[epoch 0][train][end] train_loss=1.36653,train_acc=0.34215(5759/16832)
[epoch 0][val][end] val_loss=1.30843,val_acc:0.45170(636/1408)
[epoch 0][save_best_output_params]
[epoch 1][train][end] train_loss=1.36466,train_acc=0.34518(5810/16832)
[epoch 1][val][end] val_loss=1.31975,val_acc:0.45384(639/1408)
[epoch 2][train][end] train_loss=1.36416,train_acc=0.34547(5815/16832)
[epoch 2][val][end] val_loss=1.29854,val_acc:0.45241(637/1408)
[epoch 2][save_best_output_params]
[epoch 3][train][end] train_loss=1.36505,train_acc=0.34518(5810/16832)
[epoch 3][val][end] val_loss=1.31764,val_acc:0.45241(637/1408)
[epoch 4][train][end] train_loss=1.36440,train_acc=0.34476(5803/16832)
[epoch 4][val][end] val_loss=1.31434,val_acc:0.45312(638/1408)
[epoch 5][train][end] train_loss=1.36416,train_acc=0.34524(5811/16832)
[epoch 5][val][end] val_loss=1.31091,val_acc:0.45099(635/1408)
[epoch 6][train][end] train_loss=1.36385,train_acc=0.34518(5810/16832)
[epoch 6][val][end] val_loss=1.30841,val_acc:0.45668(643/1408)
[epoch 7][train][end] train_loss=1.36382,train_acc=0.34518(5810/16832)
[epoch 7][val][end] val_loss=1.31026,val_acc:0.45384(639/1408)
[epoch 8][train][end] train_loss=1.36395,train_acc=0.34494(5806/16832)
[epoch 8][val][end] val_loss=1.31093,val_acc:0.45241(637/1408)
[epoch 9][train][end] train_loss=1.36377,train_acc=0.34529(5812/16832)
[epoch 9][val][end] val_loss=1.31239,val_acc:0.44744(630/1408)
[epoch 10][train][end] train_loss=1.36389,train_acc=0.34482(5804/16832)
[epoch 10][val][end] val_loss=1.31017,val_acc:0.45241(637/1408)
[epoch 11][train][end] train_loss=1.36355,train_acc=0.34553(5816/16832)
[epoch 11][val][end] val_loss=1.31037,val_acc:0.45170(636/1408)
[epoch 12][train][end] train_loss=1.36354,train_acc=0.34559(5817/16832)
[epoch 12][val][end] val_loss=1.31078,val_acc:0.45099(635/1408)
[epoch 13][train][end] train_loss=1.36370,train_acc=0.34524(5811/16832)
[epoch 13][val][end] val_loss=1.31017,val_acc:0.45241(637/1408)
[epoch 14][train][end] train_loss=1.36369,train_acc=0.34524(5811/16832)
[epoch 14][val][end] val_loss=1.30869,val_acc:0.45597(642/1408)
[epoch 15][train][end] train_loss=1.36366,train_acc=0.34529(5812/16832)
[epoch 15][val][end] val_loss=1.31124,val_acc:0.45028(634/1408)
[epoch 16][train][end] train_loss=1.36374,train_acc=0.34512(5809/16832)
[epoch 16][val][end] val_loss=1.31120,val_acc:0.45028(634/1408)
[epoch 17][train][end] train_loss=1.36371,train_acc=0.34518(5810/16832)
[epoch 17][val][end] val_loss=1.31024,val_acc:0.45241(637/1408)
[epoch 18][train][end] train_loss=1.36376,train_acc=0.34506(5808/16832)
[epoch 18][val][end] val_loss=1.31002,val_acc:0.45312(638/1408)
[epoch 19][train][end] train_loss=1.36386,train_acc=0.34488(5805/16832)
[epoch 19][val][end] val_loss=1.31034,val_acc:0.45241(637/1408)
[[0, 1397, 0, 0], [0, 2159, 0, 0], [0, 536, 0, 0], [0, 677, 0, 0]]
{'Pression': 0.11317886349339484, 'Recall': 0.25, 'F1': 0.15581697459584296, 'Acc': 0.4527154539735794}

[RNN=LSTM,DETECTION=cascade_rcnn_r101,BIDIRECTIONAL=False,FUN=None]
[epoch 0][train][end] train_loss=1.36550,train_acc=0.34506(5808/16832)
[epoch 0][val][end] val_loss=1.30743,val_acc:0.45241(637/1408)
[epoch 0][save_best_output_params]
[epoch 1][train][end] train_loss=1.36447,train_acc=0.34470(5802/16832)
[epoch 1][val][end] val_loss=1.30424,val_acc:0.45384(639/1408)
[epoch 1][save_best_output_params]
[epoch 2][train][end] train_loss=1.36438,train_acc=0.34512(5809/16832)
[epoch 2][val][end] val_loss=1.32525,val_acc:0.45028(634/1408)
[epoch 3][train][end] train_loss=1.36469,train_acc=0.34482(5804/16832)
[epoch 3][val][end] val_loss=1.31667,val_acc:0.45241(637/1408)
[epoch 4][train][end] train_loss=1.36465,train_acc=0.34494(5806/16832)
[epoch 4][val][end] val_loss=1.31667,val_acc:0.44886(632/1408)
[epoch 5][train][end] train_loss=1.36405,train_acc=0.34518(5810/16832)
[epoch 5][val][end] val_loss=1.31062,val_acc:0.45384(639/1408)
[epoch 6][train][end] train_loss=1.36381,train_acc=0.34518(5810/16832)
[epoch 6][val][end] val_loss=1.31259,val_acc:0.45170(636/1408)
[epoch 7][train][end] train_loss=1.36377,train_acc=0.34524(5811/16832)
[epoch 7][val][end] val_loss=1.31123,val_acc:0.45170(636/1408)
[epoch 8][train][end] train_loss=1.36400,train_acc=0.34476(5803/16832)
[epoch 8][val][end] val_loss=1.31026,val_acc:0.45170(636/1408)
[epoch 9][train][end] train_loss=1.36374,train_acc=0.34535(5813/16832)
[epoch 9][val][end] val_loss=1.31109,val_acc:0.45170(636/1408)
[epoch 10][train][end] train_loss=1.36386,train_acc=0.34488(5805/16832)
[epoch 10][val][end] val_loss=1.31075,val_acc:0.45241(637/1408)
[epoch 11][train][end] train_loss=1.36384,train_acc=0.34494(5806/16832)
[epoch 11][val][end] val_loss=1.30980,val_acc:0.45455(640/1408)
[epoch 12][train][end] train_loss=1.36359,train_acc=0.34547(5815/16832)
[epoch 12][val][end] val_loss=1.31201,val_acc:0.44957(633/1408)
[epoch 13][train][end] train_loss=1.36365,train_acc=0.34535(5813/16832)
[epoch 13][val][end] val_loss=1.31047,val_acc:0.45312(638/1408)
[epoch 14][train][end] train_loss=1.36367,train_acc=0.34529(5812/16832)
[epoch 14][val][end] val_loss=1.31046,val_acc:0.45312(638/1408)
[epoch 15][train][end] train_loss=1.36385,train_acc=0.34488(5805/16832)
[epoch 15][val][end] val_loss=1.31105,val_acc:0.45170(636/1408)
[epoch 16][train][end] train_loss=1.36369,train_acc=0.34524(5811/16832)
[epoch 16][val][end] val_loss=1.31111,val_acc:0.45170(636/1408)
[epoch 17][train][end] train_loss=1.36382,train_acc=0.34494(5806/16832)
[epoch 17][val][end] val_loss=1.31112,val_acc:0.45170(636/1408)
[epoch 18][train][end] train_loss=1.36372,train_acc=0.34518(5810/16832)
[epoch 18][val][end] val_loss=1.31145,val_acc:0.45099(635/1408)
[epoch 19][train][end] train_loss=1.36363,train_acc=0.34535(5813/16832)
[epoch 19][val][end] val_loss=1.31044,val_acc:0.45312(638/1408)
[[0, 1397, 0, 0], [0, 2159, 0, 0], [0, 536, 0, 0], [0, 677, 0, 0]]
{'Pression': 0.11317886349339484, 'Recall': 0.25, 'F1': 0.15581697459584296, 'Acc': 0.4527154539735794}

[RNN=LSTM,DETECTION=cascade_rcnn_r101,BIDIRECTIONAL=False,FUN=None]
[epoch 0][train][end] train_loss=1.36560,train_acc=0.34423(5794/16832)
[epoch 0][val][end] val_loss=1.28958,val_acc:0.45099(635/1408)
[epoch 0][save_best_output_params]
[epoch 1][train][end] train_loss=1.36644,train_acc=0.34470(5802/16832)
[epoch 1][val][end] val_loss=1.31651,val_acc:0.45312(638/1408)
[epoch 2][train][end] train_loss=1.36438,train_acc=0.34518(5810/16832)
[epoch 2][val][end] val_loss=1.30842,val_acc:0.44957(633/1408)
[epoch 3][train][end] train_loss=1.36488,train_acc=0.34500(5807/16832)
[epoch 3][val][end] val_loss=1.32620,val_acc:0.45170(636/1408)
[epoch 4][train][end] train_loss=1.36396,train_acc=0.34559(5817/16832)
[epoch 4][val][end] val_loss=1.30784,val_acc:0.45241(637/1408)
[epoch 5][train][end] train_loss=1.36431,train_acc=0.34494(5806/16832)
[epoch 5][val][end] val_loss=1.31005,val_acc:0.45241(637/1408)
[epoch 6][train][end] train_loss=1.36377,train_acc=0.34524(5811/16832)
[epoch 6][val][end] val_loss=1.31070,val_acc:0.45241(637/1408)
[epoch 7][train][end] train_loss=1.36364,train_acc=0.34553(5816/16832)
[epoch 7][val][end] val_loss=1.30948,val_acc:0.45526(641/1408)
[epoch 8][train][end] train_loss=1.36385,train_acc=0.34506(5808/16832)
[epoch 8][val][end] val_loss=1.31005,val_acc:0.45312(638/1408)
[epoch 9][train][end] train_loss=1.36393,train_acc=0.34500(5807/16832)
[epoch 9][val][end] val_loss=1.31083,val_acc:0.44957(633/1408)
[epoch 10][train][end] train_loss=1.36352,train_acc=0.34565(5818/16832)
[epoch 10][val][end] val_loss=1.31131,val_acc:0.44886(632/1408)
[epoch 11][train][end] train_loss=1.36362,train_acc=0.34541(5814/16832)
[epoch 11][val][end] val_loss=1.31007,val_acc:0.45170(636/1408)
[epoch 12][train][end] train_loss=1.36381,train_acc=0.34500(5807/16832)
[epoch 12][val][end] val_loss=1.31017,val_acc:0.45170(636/1408)
[epoch 13][train][end] train_loss=1.36371,train_acc=0.34524(5811/16832)
[epoch 13][val][end] val_loss=1.31084,val_acc:0.45028(634/1408)
[epoch 14][train][end] train_loss=1.36365,train_acc=0.34535(5813/16832)
[epoch 14][val][end] val_loss=1.31039,val_acc:0.45170(636/1408)
[epoch 15][train][end] train_loss=1.36372,train_acc=0.34518(5810/16832)
[epoch 15][val][end] val_loss=1.31034,val_acc:0.45170(636/1408)
[epoch 16][train][end] train_loss=1.36369,train_acc=0.34524(5811/16832)
[epoch 16][val][end] val_loss=1.31030,val_acc:0.45170(636/1408)
[epoch 17][train][end] train_loss=1.36376,train_acc=0.34506(5808/16832)
[epoch 17][val][end] val_loss=1.31036,val_acc:0.45170(636/1408)
[epoch 18][train][end] train_loss=1.36379,train_acc=0.34500(5807/16832)
[epoch 18][val][end] val_loss=1.31001,val_acc:0.45241(637/1408)
[epoch 19][train][end] train_loss=1.36366,train_acc=0.34529(5812/16832)
[epoch 19][val][end] val_loss=1.31235,val_acc:0.44744(630/1408)
[[0, 1397, 0, 0], [0, 2159, 0, 0], [0, 536, 0, 0], [0, 677, 0, 0]]
{'Pression': 0.11317886349339484, 'Recall': 0.25, 'F1': 0.15581697459584296, 'Acc': 0.4527154539735794}

[RNN=LSTM,DETECTION=cascade_rcnn_r101,BIDIRECTIONAL=False,FUN=None]
[epoch 0][train][end] train_loss=1.36542,train_acc=0.34434(5796/16832)
[epoch 0][val][end] val_loss=1.30674,val_acc:0.45597(642/1408)
[epoch 0][save_best_output_params]
[epoch 1][train][end] train_loss=1.36463,train_acc=0.34529(5812/16832)
[epoch 1][val][end] val_loss=1.30666,val_acc:0.45099(635/1408)
[epoch 1][save_best_output_params]
[epoch 2][train][end] train_loss=1.36447,train_acc=0.34518(5810/16832)
[epoch 2][val][end] val_loss=1.31009,val_acc:0.45384(639/1408)
[epoch 3][train][end] train_loss=1.36452,train_acc=0.34500(5807/16832)
[epoch 3][val][end] val_loss=1.29737,val_acc:0.45312(638/1408)
[epoch 3][save_best_output_params]
[epoch 4][train][end] train_loss=1.36419,train_acc=0.34524(5811/16832)
[epoch 4][val][end] val_loss=1.31616,val_acc:0.45170(636/1408)
[epoch 5][train][end] train_loss=1.36408,train_acc=0.34512(5809/16832)
[epoch 5][val][end] val_loss=1.30930,val_acc:0.45526(641/1408)
[epoch 6][train][end] train_loss=1.36374,train_acc=0.34535(5813/16832)
[epoch 6][val][end] val_loss=1.31059,val_acc:0.44957(633/1408)
[epoch 7][train][end] train_loss=1.36384,train_acc=0.34512(5809/16832)
[epoch 7][val][end] val_loss=1.31061,val_acc:0.45099(635/1408)
[epoch 8][train][end] train_loss=1.36380,train_acc=0.34524(5811/16832)
[epoch 8][val][end] val_loss=1.31052,val_acc:0.45241(637/1408)
[epoch 9][train][end] train_loss=1.36367,train_acc=0.34547(5815/16832)
[epoch 9][val][end] val_loss=1.30816,val_acc:0.45597(642/1408)
[epoch 10][train][end] train_loss=1.36381,train_acc=0.34500(5807/16832)
[epoch 10][val][end] val_loss=1.31013,val_acc:0.45170(636/1408)
[epoch 11][train][end] train_loss=1.36384,train_acc=0.34494(5806/16832)
[epoch 11][val][end] val_loss=1.31003,val_acc:0.45241(637/1408)
[epoch 12][train][end] train_loss=1.36361,train_acc=0.34541(5814/16832)
[epoch 12][val][end] val_loss=1.31078,val_acc:0.45099(635/1408)
[epoch 13][train][end] train_loss=1.36361,train_acc=0.34541(5814/16832)
[epoch 13][val][end] val_loss=1.31023,val_acc:0.45241(637/1408)
[epoch 14][train][end] train_loss=1.36367,train_acc=0.34529(5812/16832)
[epoch 14][val][end] val_loss=1.31002,val_acc:0.45312(638/1408)
[epoch 15][train][end] train_loss=1.36373,train_acc=0.34518(5810/16832)
[epoch 15][val][end] val_loss=1.30962,val_acc:0.45384(639/1408)
[epoch 16][train][end] train_loss=1.36371,train_acc=0.34518(5810/16832)
[epoch 16][val][end] val_loss=1.31027,val_acc:0.45241(637/1408)
[epoch 17][train][end] train_loss=1.36364,train_acc=0.34535(5813/16832)
[epoch 17][val][end] val_loss=1.30894,val_acc:0.45526(641/1408)
[epoch 18][train][end] train_loss=1.36376,train_acc=0.34506(5808/16832)
[epoch 18][val][end] val_loss=1.31101,val_acc:0.45099(635/1408)
[epoch 19][train][end] train_loss=1.36363,train_acc=0.34535(5813/16832)
[epoch 19][val][end] val_loss=1.31003,val_acc:0.45312(638/1408)
[[0, 1397, 0, 0], [0, 2159, 0, 0], [0, 536, 0, 0], [0, 677, 0, 0]]
{'Pression': 0.11317886349339484, 'Recall': 0.25, 'F1': 0.15581697459584296, 'Acc': 0.4527154539735794}

[RNN=LSTM,DETECTION=cascade_rcnn_r101,BIDIRECTIONAL=False,FUN=None]
[epoch 0][train][end] train_loss=1.30523,train_acc=0.37928(6384/16832)
[epoch 0][val][end] val_loss=0.96387,val_acc:0.61648(868/1408)
[epoch 0][save_best_output_params]
[epoch 1][train][end] train_loss=0.88535,train_acc=0.54082(9103/16832)
[epoch 1][val][end] val_loss=0.91541,val_acc:0.63565(895/1408)
[epoch 1][save_best_output_params]
[epoch 2][train][end] train_loss=0.67132,train_acc=0.75618(12728/16832)
[epoch 2][val][end] val_loss=0.91894,val_acc:0.71023(1000/1408)
[epoch 3][train][end] train_loss=0.56894,train_acc=0.80442(13540/16832)
[epoch 3][val][end] val_loss=0.78783,val_acc:0.78125(1100/1408)
[epoch 3][save_best_output_params]
[epoch 4][train][end] train_loss=0.40673,train_acc=0.87559(14738/16832)
[epoch 4][val][end] val_loss=0.76021,val_acc:0.81818(1152/1408)
[epoch 4][save_best_output_params]
[epoch 5][train][end] train_loss=0.32496,train_acc=0.89122(15001/16832)
[epoch 5][val][end] val_loss=0.73351,val_acc:0.81676(1150/1408)
[epoch 5][save_best_output_params]
[epoch 6][train][end] train_loss=0.31662,train_acc=0.89312(15033/16832)
[epoch 6][val][end] val_loss=0.69338,val_acc:0.81960(1154/1408)
[epoch 6][save_best_output_params]
[epoch 7][train][end] train_loss=0.31255,train_acc=0.89264(15025/16832)
[epoch 7][val][end] val_loss=0.71886,val_acc:0.82315(1159/1408)
[epoch 8][train][end] train_loss=0.30775,train_acc=0.89425(15052/16832)
[epoch 8][val][end] val_loss=0.71739,val_acc:0.82315(1159/1408)
[epoch 9][train][end] train_loss=0.30363,train_acc=0.89520(15068/16832)
[epoch 9][val][end] val_loss=0.71752,val_acc:0.82102(1156/1408)
[epoch 10][train][end] train_loss=0.29998,train_acc=0.89472(15060/16832)
[epoch 10][val][end] val_loss=0.72696,val_acc:0.82528(1162/1408)
[epoch 11][train][end] train_loss=0.30135,train_acc=0.89484(15062/16832)
[epoch 11][val][end] val_loss=0.70058,val_acc:0.82244(1158/1408)
[epoch 12][train][end] train_loss=0.29826,train_acc=0.89532(15070/16832)
[epoch 12][val][end] val_loss=0.69711,val_acc:0.82741(1165/1408)
[epoch 13][train][end] train_loss=0.29752,train_acc=0.89461(15058/16832)
[epoch 13][val][end] val_loss=0.70494,val_acc:0.82528(1162/1408)
[epoch 14][train][end] train_loss=0.29601,train_acc=0.89651(15090/16832)
[epoch 14][val][end] val_loss=0.71571,val_acc:0.82386(1160/1408)
[epoch 15][train][end] train_loss=0.29545,train_acc=0.89562(15075/16832)
[epoch 15][val][end] val_loss=0.72371,val_acc:0.82244(1158/1408)
[epoch 16][train][end] train_loss=0.29558,train_acc=0.89579(15078/16832)
[epoch 16][val][end] val_loss=0.72239,val_acc:0.82599(1163/1408)
[epoch 17][train][end] train_loss=0.29940,train_acc=0.89585(15079/16832)
[epoch 17][val][end] val_loss=0.71773,val_acc:0.82102(1156/1408)
[epoch 18][train][end] train_loss=0.29811,train_acc=0.89609(15083/16832)
[epoch 18][val][end] val_loss=0.71542,val_acc:0.81960(1154/1408)
[epoch 19][train][end] train_loss=0.29917,train_acc=0.89585(15079/16832)
[epoch 19][val][end] val_loss=0.73430,val_acc:0.82173(1157/1408)
[[1213, 78, 86, 20], [115, 1972, 30, 42], [176, 27, 314, 19], [88, 86, 39, 464]]
{'Pression': 0.7986292831401287, 'Recall': 0.7632181437902155, 'F1': 0.7805222821958824, 'Acc': 0.8309918221849444}

[RNN=GRU,DETECTION=cascade_rcnn_r101,BIDIRECTIONAL=True,FUN=None]
[epoch 0][train][end] train_loss=0.34382,train_acc=0.86912(14629/16832)
[epoch 0][val][end] val_loss=0.58080,val_acc:0.82173(1157/1408)
[epoch 0][save_best_output_params]
[epoch 1][train][end] train_loss=0.23424,train_acc=0.90833(15289/16832)
[epoch 1][val][end] val_loss=0.56121,val_acc:0.84375(1188/1408)
[epoch 1][save_best_output_params]
[epoch 2][train][end] train_loss=0.22532,train_acc=0.91124(15338/16832)
[epoch 2][val][end] val_loss=0.58552,val_acc:0.82528(1162/1408)
[epoch 3][train][end] train_loss=0.22101,train_acc=0.91142(15341/16832)
[epoch 3][val][end] val_loss=0.61416,val_acc:0.82173(1157/1408)
[epoch 4][train][end] train_loss=0.21561,train_acc=0.91391(15383/16832)
[epoch 4][val][end] val_loss=0.60375,val_acc:0.83310(1173/1408)
[epoch 5][train][end] train_loss=0.20134,train_acc=0.91914(15471/16832)
[epoch 5][val][end] val_loss=0.58242,val_acc:0.82884(1167/1408)
[epoch 6][train][end] train_loss=0.19613,train_acc=0.92223(15523/16832)
[epoch 6][val][end] val_loss=0.57816,val_acc:0.83097(1170/1408)
[epoch 7][train][end] train_loss=0.19509,train_acc=0.92170(15514/16832)
[epoch 7][val][end] val_loss=0.59266,val_acc:0.81889(1153/1408)
[epoch 8][train][end] train_loss=0.19494,train_acc=0.92033(15491/16832)
[epoch 8][val][end] val_loss=0.59318,val_acc:0.81676(1150/1408)
[epoch 9][train][end] train_loss=0.19387,train_acc=0.92312(15538/16832)
[epoch 9][val][end] val_loss=0.60333,val_acc:0.81534(1148/1408)
[epoch 10][train][end] train_loss=0.19216,train_acc=0.92277(15532/16832)
[epoch 10][val][end] val_loss=0.58680,val_acc:0.82599(1163/1408)
[epoch 11][train][end] train_loss=0.19088,train_acc=0.92395(15552/16832)
[epoch 11][val][end] val_loss=0.58673,val_acc:0.82741(1165/1408)
[epoch 12][train][end] train_loss=0.19119,train_acc=0.92336(15542/16832)
[epoch 12][val][end] val_loss=0.58596,val_acc:0.82812(1166/1408)
[epoch 13][train][end] train_loss=0.19082,train_acc=0.92205(15520/16832)
[epoch 13][val][end] val_loss=0.58630,val_acc:0.82884(1167/1408)
[epoch 14][train][end] train_loss=0.19134,train_acc=0.92205(15520/16832)
[epoch 14][val][end] val_loss=0.58469,val_acc:0.83026(1169/1408)
[epoch 15][train][end] train_loss=0.19124,train_acc=0.92259(15529/16832)
[epoch 15][val][end] val_loss=0.58167,val_acc:0.83097(1170/1408)
[epoch 16][train][end] train_loss=0.18990,train_acc=0.92348(15544/16832)
[epoch 16][val][end] val_loss=0.58102,val_acc:0.82670(1164/1408)
[epoch 17][train][end] train_loss=0.19069,train_acc=0.92259(15529/16832)
[epoch 17][val][end] val_loss=0.58354,val_acc:0.83310(1173/1408)
[epoch 18][train][end] train_loss=0.18985,train_acc=0.92253(15528/16832)
[epoch 18][val][end] val_loss=0.58625,val_acc:0.82812(1166/1408)
[epoch 19][train][end] train_loss=0.19054,train_acc=0.92217(15522/16832)
[epoch 19][val][end] val_loss=0.58729,val_acc:0.82955(1168/1408)
[[1170, 72, 104, 51], [71, 1999, 22, 67], [112, 32, 364, 28], [61, 90, 34, 492]]
{'Pression': 0.8011982394274837, 'Recall': 0.7923101600184246, 'F1': 0.7967294122930262, 'Acc': 0.843992451247641}

[RNN=GRU,DETECTION=cascade_rcnn_r101,BIDIRECTIONAL=True,FUN=None]
[epoch 0][train][end] train_loss=0.35219,train_acc=0.86656(14586/16832)
[epoch 0][val][end] val_loss=0.56981,val_acc:0.82528(1162/1408)
[epoch 0][save_best_output_params]
[epoch 1][train][end] train_loss=0.23500,train_acc=0.90661(15260/16832)
[epoch 1][val][end] val_loss=0.57894,val_acc:0.82457(1161/1408)
[epoch 2][train][end] train_loss=0.22401,train_acc=0.91071(15329/16832)
[epoch 2][val][end] val_loss=0.55386,val_acc:0.84517(1190/1408)
[epoch 2][save_best_output_params]
[epoch 3][train][end] train_loss=0.21763,train_acc=0.91403(15385/16832)
[epoch 3][val][end] val_loss=0.59215,val_acc:0.83452(1175/1408)
[epoch 4][train][end] train_loss=0.21279,train_acc=0.91504(15402/16832)
[epoch 4][val][end] val_loss=0.58333,val_acc:0.84233(1186/1408)
[epoch 5][train][end] train_loss=0.19840,train_acc=0.92087(15500/16832)
[epoch 5][val][end] val_loss=0.55076,val_acc:0.83381(1174/1408)
[epoch 5][save_best_output_params]
[epoch 6][train][end] train_loss=0.19453,train_acc=0.92122(15506/16832)
[epoch 6][val][end] val_loss=0.55897,val_acc:0.83665(1178/1408)
[epoch 7][train][end] train_loss=0.19314,train_acc=0.92265(15530/16832)
[epoch 7][val][end] val_loss=0.57241,val_acc:0.82386(1160/1408)
[epoch 8][train][end] train_loss=0.19249,train_acc=0.92342(15543/16832)
[epoch 8][val][end] val_loss=0.57939,val_acc:0.83523(1176/1408)
[epoch 9][train][end] train_loss=0.19139,train_acc=0.92485(15567/16832)
[epoch 9][val][end] val_loss=0.56079,val_acc:0.83452(1175/1408)
[epoch 10][train][end] train_loss=0.19023,train_acc=0.92372(15548/16832)
[epoch 10][val][end] val_loss=0.57182,val_acc:0.83523(1176/1408)
[epoch 11][train][end] train_loss=0.18928,train_acc=0.92336(15542/16832)
[epoch 11][val][end] val_loss=0.56360,val_acc:0.83239(1172/1408)
[epoch 12][train][end] train_loss=0.18907,train_acc=0.92449(15561/16832)
[epoch 12][val][end] val_loss=0.57360,val_acc:0.83026(1169/1408)
[epoch 13][train][end] train_loss=0.18860,train_acc=0.92366(15547/16832)
[epoch 13][val][end] val_loss=0.57331,val_acc:0.83381(1174/1408)
[epoch 14][train][end] train_loss=0.18826,train_acc=0.92425(15557/16832)
[epoch 14][val][end] val_loss=0.58427,val_acc:0.83097(1170/1408)
[epoch 15][train][end] train_loss=0.18806,train_acc=0.92413(15555/16832)
[epoch 15][val][end] val_loss=0.57364,val_acc:0.83026(1169/1408)
[epoch 16][train][end] train_loss=0.18838,train_acc=0.92366(15547/16832)
[epoch 16][val][end] val_loss=0.57440,val_acc:0.83168(1171/1408)
[epoch 17][train][end] train_loss=0.18797,train_acc=0.92449(15561/16832)
[epoch 17][val][end] val_loss=0.57093,val_acc:0.83523(1176/1408)
[epoch 18][train][end] train_loss=0.18798,train_acc=0.92597(15586/16832)
[epoch 18][val][end] val_loss=0.57510,val_acc:0.83594(1177/1408)
[epoch 19][train][end] train_loss=0.18735,train_acc=0.92508(15571/16832)
[epoch 19][val][end] val_loss=0.58466,val_acc:0.83168(1171/1408)
[[1158, 73, 111, 55], [71, 2002, 25, 61], [108, 31, 367, 30], [60, 92, 37, 488]]
{'Pression': 0.7972732139547729, 'Recall': 0.7904322330826568, 'F1': 0.7938379855774362, 'Acc': 0.8418955755923674}

[RNN=GRU,DETECTION=cascade_rcnn_r101,BIDIRECTIONAL=True,FUN=None]
[epoch 0][train][end] train_loss=0.33170,train_acc=0.86965(14638/16832)
[epoch 0][val][end] val_loss=0.65047,val_acc:0.77841(1096/1408)
[epoch 0][save_best_output_params]
[epoch 1][train][end] train_loss=0.23039,train_acc=0.91017(15320/16832)
[epoch 1][val][end] val_loss=0.58126,val_acc:0.81463(1147/1408)
[epoch 1][save_best_output_params]
[epoch 2][train][end] train_loss=0.22035,train_acc=0.91273(15363/16832)
[epoch 2][val][end] val_loss=0.61375,val_acc:0.80469(1133/1408)
[epoch 3][train][end] train_loss=0.21737,train_acc=0.91504(15402/16832)
[epoch 3][val][end] val_loss=0.59370,val_acc:0.83026(1169/1408)
[epoch 4][train][end] train_loss=0.21402,train_acc=0.91522(15405/16832)
[epoch 4][val][end] val_loss=0.56882,val_acc:0.83452(1175/1408)
[epoch 4][save_best_output_params]
[epoch 5][train][end] train_loss=0.19680,train_acc=0.92229(15524/16832)
[epoch 5][val][end] val_loss=0.58091,val_acc:0.83310(1173/1408)
[epoch 6][train][end] train_loss=0.19441,train_acc=0.92235(15525/16832)
[epoch 6][val][end] val_loss=0.58290,val_acc:0.83381(1174/1408)
[epoch 7][train][end] train_loss=0.19262,train_acc=0.92354(15545/16832)
[epoch 7][val][end] val_loss=0.57359,val_acc:0.83665(1178/1408)
[epoch 8][train][end] train_loss=0.19185,train_acc=0.92259(15529/16832)
[epoch 8][val][end] val_loss=0.57821,val_acc:0.83452(1175/1408)
[epoch 9][train][end] train_loss=0.19077,train_acc=0.92407(15554/16832)
[epoch 9][val][end] val_loss=0.58732,val_acc:0.83097(1170/1408)
[epoch 10][train][end] train_loss=0.18816,train_acc=0.92591(15585/16832)
[epoch 10][val][end] val_loss=0.58805,val_acc:0.83239(1172/1408)
[epoch 11][train][end] train_loss=0.18835,train_acc=0.92425(15557/16832)
[epoch 11][val][end] val_loss=0.58608,val_acc:0.83523(1176/1408)
[epoch 12][train][end] train_loss=0.18762,train_acc=0.92562(15580/16832)
[epoch 12][val][end] val_loss=0.58320,val_acc:0.83523(1176/1408)
[epoch 13][train][end] train_loss=0.18772,train_acc=0.92467(15564/16832)
[epoch 13][val][end] val_loss=0.58418,val_acc:0.83452(1175/1408)
[epoch 14][train][end] train_loss=0.18733,train_acc=0.92485(15567/16832)
[epoch 14][val][end] val_loss=0.58120,val_acc:0.83736(1179/1408)
[epoch 15][train][end] train_loss=0.18701,train_acc=0.92568(15581/16832)
[epoch 15][val][end] val_loss=0.57882,val_acc:0.83310(1173/1408)
[epoch 16][train][end] train_loss=0.18674,train_acc=0.92591(15585/16832)
[epoch 16][val][end] val_loss=0.58456,val_acc:0.83736(1179/1408)
[epoch 17][train][end] train_loss=0.18703,train_acc=0.92597(15586/16832)
[epoch 17][val][end] val_loss=0.58307,val_acc:0.83665(1178/1408)
[epoch 18][train][end] train_loss=0.18705,train_acc=0.92580(15583/16832)
[epoch 18][val][end] val_loss=0.58737,val_acc:0.83168(1171/1408)
[epoch 19][train][end] train_loss=0.18722,train_acc=0.92532(15575/16832)
[epoch 19][val][end] val_loss=0.58351,val_acc:0.83168(1171/1408)
[[1186, 69, 93, 49], [73, 2001, 24, 61], [117, 29, 362, 28], [60, 90, 32, 495]]
{'Pression': 0.8076066803309017, 'Recall': 0.7955800200056646, 'F1': 0.801548239839415, 'Acc': 0.8479765149926609}

[RNN=GRU,DETECTION=cascade_rcnn_r101,BIDIRECTIONAL=True,FUN=None]
[epoch 0][train][end] train_loss=0.35273,train_acc=0.86389(14541/16832)
[epoch 0][val][end] val_loss=0.55661,val_acc:0.83878(1181/1408)
[epoch 0][save_best_output_params]
[epoch 1][train][end] train_loss=0.23482,train_acc=0.90952(15309/16832)
[epoch 1][val][end] val_loss=0.54924,val_acc:0.82955(1168/1408)
[epoch 1][save_best_output_params]
[epoch 2][train][end] train_loss=0.22195,train_acc=0.91213(15353/16832)
[epoch 2][val][end] val_loss=0.61884,val_acc:0.82102(1156/1408)
[epoch 3][train][end] train_loss=0.21554,train_acc=0.91362(15378/16832)
[epoch 3][val][end] val_loss=0.61285,val_acc:0.81676(1150/1408)
[epoch 4][train][end] train_loss=0.21244,train_acc=0.91712(15437/16832)
[epoch 4][val][end] val_loss=0.60529,val_acc:0.83381(1174/1408)
[epoch 5][train][end] train_loss=0.20039,train_acc=0.92039(15492/16832)
[epoch 5][val][end] val_loss=0.57433,val_acc:0.83807(1180/1408)
[epoch 6][train][end] train_loss=0.19596,train_acc=0.92324(15540/16832)
[epoch 6][val][end] val_loss=0.56949,val_acc:0.83097(1170/1408)
[epoch 7][train][end] train_loss=0.19425,train_acc=0.92360(15546/16832)
[epoch 7][val][end] val_loss=0.57406,val_acc:0.83381(1174/1408)
[epoch 8][train][end] train_loss=0.19403,train_acc=0.92229(15524/16832)
[epoch 8][val][end] val_loss=0.56846,val_acc:0.83949(1182/1408)
[epoch 9][train][end] train_loss=0.19232,train_acc=0.92443(15560/16832)
[epoch 9][val][end] val_loss=0.58355,val_acc:0.83736(1179/1408)
[epoch 10][train][end] train_loss=0.18998,train_acc=0.92580(15583/16832)
[epoch 10][val][end] val_loss=0.57904,val_acc:0.83736(1179/1408)
[epoch 11][train][end] train_loss=0.19019,train_acc=0.92532(15575/16832)
[epoch 11][val][end] val_loss=0.57233,val_acc:0.84233(1186/1408)
[epoch 12][train][end] train_loss=0.18975,train_acc=0.92556(15579/16832)
[epoch 12][val][end] val_loss=0.57285,val_acc:0.84162(1185/1408)
[epoch 13][train][end] train_loss=0.18940,train_acc=0.92449(15561/16832)
[epoch 13][val][end] val_loss=0.56676,val_acc:0.83878(1181/1408)
[epoch 14][train][end] train_loss=0.18919,train_acc=0.92473(15565/16832)
[epoch 14][val][end] val_loss=0.57871,val_acc:0.83665(1178/1408)
[epoch 15][train][end] train_loss=0.18867,train_acc=0.92508(15571/16832)
[epoch 15][val][end] val_loss=0.58313,val_acc:0.83807(1180/1408)
[epoch 16][train][end] train_loss=0.18875,train_acc=0.92401(15553/16832)
[epoch 16][val][end] val_loss=0.58363,val_acc:0.83878(1181/1408)
[epoch 17][train][end] train_loss=0.18864,train_acc=0.92526(15574/16832)
[epoch 17][val][end] val_loss=0.57937,val_acc:0.83594(1177/1408)
[epoch 18][train][end] train_loss=0.18813,train_acc=0.92490(15568/16832)
[epoch 18][val][end] val_loss=0.58218,val_acc:0.83736(1179/1408)
[epoch 19][train][end] train_loss=0.18911,train_acc=0.92556(15579/16832)
[epoch 19][val][end] val_loss=0.57707,val_acc:0.84020(1183/1408)
[[1179, 76, 91, 51], [81, 1993, 26, 59], [111, 30, 367, 28], [66, 89, 35, 487]]
{'Pression': 0.8044164745778436, 'Recall': 0.7927788606915748, 'F1': 0.798555270172741, 'Acc': 0.8442021388131684}

[RNN=GRU,DETECTION=cascade_rcnn_r101,BIDIRECTIONAL=True,FUN=None]
[epoch 0][train][end] train_loss=0.35304,train_acc=0.86139(14499/16832)
[epoch 0][val][end] val_loss=0.59881,val_acc:0.79830(1124/1408)
[epoch 0][save_best_output_params]
[epoch 1][train][end] train_loss=0.23126,train_acc=0.90886(15298/16832)
[epoch 1][val][end] val_loss=0.58451,val_acc:0.80966(1140/1408)
[epoch 1][save_best_output_params]
[epoch 2][train][end] train_loss=0.22129,train_acc=0.91172(15346/16832)
[epoch 2][val][end] val_loss=0.60437,val_acc:0.80753(1137/1408)
[epoch 3][train][end] train_loss=0.21649,train_acc=0.91356(15377/16832)
[epoch 3][val][end] val_loss=0.62894,val_acc:0.79403(1118/1408)
[epoch 4][train][end] train_loss=0.21180,train_acc=0.91492(15400/16832)
[epoch 4][val][end] val_loss=0.58995,val_acc:0.82528(1162/1408)
[epoch 5][train][end] train_loss=0.19595,train_acc=0.92265(15530/16832)
[epoch 5][val][end] val_loss=0.57153,val_acc:0.82741(1165/1408)
[epoch 5][save_best_output_params]
[epoch 6][train][end] train_loss=0.19312,train_acc=0.92205(15520/16832)
[epoch 6][val][end] val_loss=0.58040,val_acc:0.82031(1155/1408)
[epoch 7][train][end] train_loss=0.19248,train_acc=0.92354(15545/16832)
[epoch 7][val][end] val_loss=0.57577,val_acc:0.83665(1178/1408)
[epoch 8][train][end] train_loss=0.19093,train_acc=0.92407(15554/16832)
[epoch 8][val][end] val_loss=0.57352,val_acc:0.82955(1168/1408)
[epoch 9][train][end] train_loss=0.18968,train_acc=0.92425(15557/16832)
[epoch 9][val][end] val_loss=0.56214,val_acc:0.83949(1182/1408)
[epoch 9][save_best_output_params]
[epoch 10][train][end] train_loss=0.18724,train_acc=0.92568(15581/16832)
[epoch 10][val][end] val_loss=0.57688,val_acc:0.83807(1180/1408)
[epoch 11][train][end] train_loss=0.18743,train_acc=0.92556(15579/16832)
[epoch 11][val][end] val_loss=0.57416,val_acc:0.83736(1179/1408)
[epoch 12][train][end] train_loss=0.18718,train_acc=0.92580(15583/16832)
[epoch 12][val][end] val_loss=0.58344,val_acc:0.83310(1173/1408)
[epoch 13][train][end] train_loss=0.18729,train_acc=0.92502(15570/16832)
[epoch 13][val][end] val_loss=0.58193,val_acc:0.83736(1179/1408)
[epoch 14][train][end] train_loss=0.18647,train_acc=0.92544(15577/16832)
[epoch 14][val][end] val_loss=0.57207,val_acc:0.83807(1180/1408)
[epoch 15][train][end] train_loss=0.18646,train_acc=0.92609(15588/16832)
[epoch 15][val][end] val_loss=0.58109,val_acc:0.83878(1181/1408)
[epoch 16][train][end] train_loss=0.18665,train_acc=0.92508(15571/16832)
[epoch 16][val][end] val_loss=0.58178,val_acc:0.83665(1178/1408)
[epoch 17][train][end] train_loss=0.18639,train_acc=0.92490(15568/16832)
[epoch 17][val][end] val_loss=0.58085,val_acc:0.83665(1178/1408)
[epoch 18][train][end] train_loss=0.18631,train_acc=0.92550(15578/16832)
[epoch 18][val][end] val_loss=0.58062,val_acc:0.83381(1174/1408)
[epoch 19][train][end] train_loss=0.18644,train_acc=0.92603(15587/16832)
[epoch 19][val][end] val_loss=0.57672,val_acc:0.83665(1178/1408)
[[1173, 75, 94, 55], [69, 2002, 25, 63], [110, 29, 365, 32], [64, 88, 31, 494]]
{'Pression': 0.8041742613037266, 'Recall': 0.7943993781238956, 'F1': 0.7992569342150068, 'Acc': 0.8458796393373873}

[RNN=GRU,DETECTION=cascade_rcnn_r101,BIDIRECTIONAL=False,FUN=None]
[epoch 0][train][end] train_loss=0.76730,train_acc=0.65981(11106/16832)
[epoch 0][val][end] val_loss=0.68384,val_acc:0.80966(1140/1408)
[epoch 0][save_best_output_params]
[epoch 1][train][end] train_loss=0.29071,train_acc=0.89484(15062/16832)
[epoch 1][val][end] val_loss=0.59046,val_acc:0.83452(1175/1408)
[epoch 1][save_best_output_params]
[epoch 2][train][end] train_loss=0.25824,train_acc=0.89948(15140/16832)
[epoch 2][val][end] val_loss=0.61539,val_acc:0.84162(1185/1408)
[epoch 3][train][end] train_loss=0.24330,train_acc=0.90524(15237/16832)
[epoch 3][val][end] val_loss=0.55911,val_acc:0.84091(1184/1408)
[epoch 3][save_best_output_params]
[epoch 4][train][end] train_loss=0.23681,train_acc=0.90756(15276/16832)
[epoch 4][val][end] val_loss=0.61091,val_acc:0.81321(1145/1408)
[epoch 5][train][end] train_loss=0.21803,train_acc=0.91160(15344/16832)
[epoch 5][val][end] val_loss=0.61571,val_acc:0.83807(1180/1408)
[epoch 6][train][end] train_loss=0.21523,train_acc=0.91219(15354/16832)
[epoch 6][val][end] val_loss=0.60549,val_acc:0.83878(1181/1408)
[epoch 7][train][end] train_loss=0.21298,train_acc=0.91528(15406/16832)
[epoch 7][val][end] val_loss=0.60499,val_acc:0.83097(1170/1408)
[epoch 8][train][end] train_loss=0.21259,train_acc=0.91463(15395/16832)
[epoch 8][val][end] val_loss=0.61424,val_acc:0.83878(1181/1408)
[epoch 9][train][end] train_loss=0.21046,train_acc=0.91570(15413/16832)
[epoch 9][val][end] val_loss=0.60855,val_acc:0.83168(1171/1408)
[epoch 10][train][end] train_loss=0.20911,train_acc=0.91623(15422/16832)
[epoch 10][val][end] val_loss=0.60509,val_acc:0.83097(1170/1408)
[epoch 11][train][end] train_loss=0.20811,train_acc=0.91736(15441/16832)
[epoch 11][val][end] val_loss=0.59544,val_acc:0.83381(1174/1408)
[epoch 12][train][end] train_loss=0.20710,train_acc=0.91587(15416/16832)
[epoch 12][val][end] val_loss=0.58343,val_acc:0.83736(1179/1408)
[epoch 13][train][end] train_loss=0.20823,train_acc=0.91599(15418/16832)
[epoch 13][val][end] val_loss=0.60142,val_acc:0.83381(1174/1408)
[epoch 14][train][end] train_loss=0.20742,train_acc=0.91605(15419/16832)
[epoch 14][val][end] val_loss=0.60647,val_acc:0.82955(1168/1408)
[epoch 15][train][end] train_loss=0.20684,train_acc=0.91582(15415/16832)
[epoch 15][val][end] val_loss=0.59635,val_acc:0.83168(1171/1408)
[epoch 16][train][end] train_loss=0.20790,train_acc=0.91742(15442/16832)
[epoch 16][val][end] val_loss=0.59644,val_acc:0.83168(1171/1408)
[epoch 17][train][end] train_loss=0.20800,train_acc=0.91641(15425/16832)
[epoch 17][val][end] val_loss=0.59345,val_acc:0.83239(1172/1408)
[epoch 18][train][end] train_loss=0.20695,train_acc=0.91635(15424/16832)
[epoch 18][val][end] val_loss=0.59494,val_acc:0.82884(1167/1408)
[epoch 19][train][end] train_loss=0.20724,train_acc=0.91671(15430/16832)
[epoch 19][val][end] val_loss=0.60647,val_acc:0.83523(1176/1408)
[[1187, 72, 90, 48], [73, 1999, 22, 65], [108, 28, 366, 34], [69, 90, 30, 488]]
{'Pression': 0.8070512993618011, 'Recall': 0.7948081243220679, 'F1': 0.8008829239238322, 'Acc': 0.8471377647305515}

[RNN=GRU,DETECTION=cascade_rcnn_r101,BIDIRECTIONAL=False,FUN=None]
[epoch 0][train][end] train_loss=0.84479,train_acc=0.60914(10253/16832)
[epoch 0][val][end] val_loss=0.67372,val_acc:0.81179(1143/1408)
[epoch 0][save_best_output_params]
[epoch 1][train][end] train_loss=0.31812,train_acc=0.89241(15021/16832)
[epoch 1][val][end] val_loss=0.72871,val_acc:0.81747(1151/1408)
[epoch 2][train][end] train_loss=0.26380,train_acc=0.90245(15190/16832)
[epoch 2][val][end] val_loss=0.69926,val_acc:0.81463(1147/1408)
[epoch 3][train][end] train_loss=0.24417,train_acc=0.90536(15239/16832)
[epoch 3][val][end] val_loss=0.59812,val_acc:0.82315(1159/1408)
[epoch 3][save_best_output_params]
[epoch 4][train][end] train_loss=0.23368,train_acc=0.90779(15280/16832)
[epoch 4][val][end] val_loss=0.62105,val_acc:0.83168(1171/1408)
[epoch 5][train][end] train_loss=0.21812,train_acc=0.91338(15374/16832)
[epoch 5][val][end] val_loss=0.59815,val_acc:0.83310(1173/1408)
[epoch 6][train][end] train_loss=0.21379,train_acc=0.91433(15390/16832)
[epoch 6][val][end] val_loss=0.59025,val_acc:0.82599(1163/1408)
[epoch 6][save_best_output_params]
[epoch 7][train][end] train_loss=0.21294,train_acc=0.91653(15427/16832)
[epoch 7][val][end] val_loss=0.61526,val_acc:0.82315(1159/1408)
[epoch 8][train][end] train_loss=0.21130,train_acc=0.91772(15447/16832)
[epoch 8][val][end] val_loss=0.60166,val_acc:0.82599(1163/1408)
[epoch 9][train][end] train_loss=0.21146,train_acc=0.91570(15413/16832)
[epoch 9][val][end] val_loss=0.63484,val_acc:0.80966(1140/1408)
[epoch 10][train][end] train_loss=0.20924,train_acc=0.91837(15458/16832)
[epoch 10][val][end] val_loss=0.61131,val_acc:0.82528(1162/1408)
[epoch 11][train][end] train_loss=0.20842,train_acc=0.91742(15442/16832)
[epoch 11][val][end] val_loss=0.60176,val_acc:0.82315(1159/1408)
[epoch 12][train][end] train_loss=0.20783,train_acc=0.91837(15458/16832)
[epoch 12][val][end] val_loss=0.60400,val_acc:0.82884(1167/1408)
[epoch 13][train][end] train_loss=0.20816,train_acc=0.91950(15477/16832)
[epoch 13][val][end] val_loss=0.60896,val_acc:0.83097(1170/1408)
[epoch 14][train][end] train_loss=0.20835,train_acc=0.91807(15453/16832)
[epoch 14][val][end] val_loss=0.60710,val_acc:0.82457(1161/1408)
[epoch 15][train][end] train_loss=0.20842,train_acc=0.91718(15438/16832)
[epoch 15][val][end] val_loss=0.60687,val_acc:0.82741(1165/1408)
[epoch 16][train][end] train_loss=0.20657,train_acc=0.91914(15471/16832)
[epoch 16][val][end] val_loss=0.60111,val_acc:0.82457(1161/1408)
[epoch 17][train][end] train_loss=0.20754,train_acc=0.91855(15461/16832)
[epoch 17][val][end] val_loss=0.60781,val_acc:0.82599(1163/1408)
[epoch 18][train][end] train_loss=0.20823,train_acc=0.91688(15433/16832)
[epoch 18][val][end] val_loss=0.59298,val_acc:0.82386(1160/1408)
[epoch 19][train][end] train_loss=0.20659,train_acc=0.91742(15442/16832)
[epoch 19][val][end] val_loss=0.60809,val_acc:0.82457(1161/1408)
[[1142, 74, 129, 52], [84, 1993, 24, 58], [105, 33, 370, 28], [59, 93, 37, 488]]
{'Pression': 0.7926626161940876, 'Recall': 0.7879260592170485, 'F1': 0.7902872406750927, 'Acc': 0.8372824491507653}

[RNN=GRU,DETECTION=cascade_rcnn_r101,BIDIRECTIONAL=False,FUN=None]
[epoch 0][train][end] train_loss=0.85882,train_acc=0.62417(10506/16832)
[epoch 0][val][end] val_loss=0.61601,val_acc:0.82884(1167/1408)
[epoch 0][save_best_output_params]
[epoch 1][train][end] train_loss=0.28908,train_acc=0.89906(15133/16832)
[epoch 1][val][end] val_loss=0.60510,val_acc:0.82315(1159/1408)
[epoch 1][save_best_output_params]
[epoch 2][train][end] train_loss=0.25144,train_acc=0.90453(15225/16832)
[epoch 2][val][end] val_loss=0.62476,val_acc:0.82884(1167/1408)
[epoch 3][train][end] train_loss=0.24107,train_acc=0.90625(15254/16832)
[epoch 3][val][end] val_loss=0.60055,val_acc:0.81747(1151/1408)
[epoch 3][save_best_output_params]
[epoch 4][train][end] train_loss=0.23352,train_acc=0.90910(15302/16832)
[epoch 4][val][end] val_loss=0.63688,val_acc:0.83239(1172/1408)
[epoch 5][train][end] train_loss=0.21574,train_acc=0.91653(15427/16832)
[epoch 5][val][end] val_loss=0.59293,val_acc:0.83807(1180/1408)
[epoch 5][save_best_output_params]
[epoch 6][train][end] train_loss=0.21087,train_acc=0.91902(15469/16832)
[epoch 6][val][end] val_loss=0.59699,val_acc:0.81818(1152/1408)
[epoch 7][train][end] train_loss=0.21037,train_acc=0.91766(15446/16832)
[epoch 7][val][end] val_loss=0.59182,val_acc:0.83026(1169/1408)
[epoch 7][save_best_output_params]
[epoch 8][train][end] train_loss=0.20820,train_acc=0.91885(15466/16832)
[epoch 8][val][end] val_loss=0.60484,val_acc:0.83665(1178/1408)
[epoch 9][train][end] train_loss=0.20863,train_acc=0.91896(15468/16832)
[epoch 9][val][end] val_loss=0.61133,val_acc:0.83239(1172/1408)
[epoch 10][train][end] train_loss=0.20539,train_acc=0.92015(15488/16832)
[epoch 10][val][end] val_loss=0.60244,val_acc:0.83310(1173/1408)
[epoch 11][train][end] train_loss=0.20493,train_acc=0.91950(15477/16832)
[epoch 11][val][end] val_loss=0.59757,val_acc:0.83239(1172/1408)
[epoch 12][train][end] train_loss=0.20441,train_acc=0.92021(15489/16832)
[epoch 12][val][end] val_loss=0.58739,val_acc:0.83523(1176/1408)
[epoch 12][save_best_output_params]
[epoch 13][train][end] train_loss=0.20513,train_acc=0.91873(15464/16832)
[epoch 13][val][end] val_loss=0.59128,val_acc:0.83310(1173/1408)
[epoch 14][train][end] train_loss=0.20317,train_acc=0.92152(15511/16832)
[epoch 14][val][end] val_loss=0.59783,val_acc:0.83310(1173/1408)
[epoch 15][train][end] train_loss=0.20471,train_acc=0.92021(15489/16832)
[epoch 15][val][end] val_loss=0.58926,val_acc:0.83239(1172/1408)
[epoch 16][train][end] train_loss=0.20449,train_acc=0.91879(15465/16832)
[epoch 16][val][end] val_loss=0.59820,val_acc:0.83026(1169/1408)
[epoch 17][train][end] train_loss=0.20413,train_acc=0.92152(15511/16832)
[epoch 17][val][end] val_loss=0.59789,val_acc:0.82812(1166/1408)
[epoch 18][train][end] train_loss=0.20481,train_acc=0.92033(15491/16832)
[epoch 18][val][end] val_loss=0.59466,val_acc:0.83452(1175/1408)
[epoch 19][train][end] train_loss=0.20398,train_acc=0.92039(15492/16832)
[epoch 19][val][end] val_loss=0.59175,val_acc:0.83523(1176/1408)
[[1180, 76, 95, 46], [73, 2002, 25, 59], [108, 31, 368, 29], [61, 93, 34, 489]]
{'Pression': 0.8072207994986788, 'Recall': 0.7952049350857318, 'F1': 0.8011678165312015, 'Acc': 0.8469280771650242}

[RNN=GRU,DETECTION=cascade_rcnn_r101,BIDIRECTIONAL=False,FUN=None]
[epoch 0][train][end] train_loss=0.79239,train_acc=0.66154(11135/16832)
[epoch 0][val][end] val_loss=0.64166,val_acc:0.82741(1165/1408)
[epoch 0][save_best_output_params]
[epoch 1][train][end] train_loss=0.30186,train_acc=0.89817(15118/16832)
[epoch 1][val][end] val_loss=0.61518,val_acc:0.82670(1164/1408)
[epoch 1][save_best_output_params]
[epoch 2][train][end] train_loss=0.26758,train_acc=0.89954(15141/16832)
[epoch 2][val][end] val_loss=0.60419,val_acc:0.83878(1181/1408)
[epoch 2][save_best_output_params]
[epoch 3][train][end] train_loss=0.25103,train_acc=0.90536(15239/16832)
[epoch 3][val][end] val_loss=0.58705,val_acc:0.80398(1132/1408)
[epoch 3][save_best_output_params]
[epoch 4][train][end] train_loss=0.23845,train_acc=0.90583(15247/16832)
[epoch 4][val][end] val_loss=0.59442,val_acc:0.84233(1186/1408)
[epoch 5][train][end] train_loss=0.21852,train_acc=0.91219(15354/16832)
[epoch 5][val][end] val_loss=0.60326,val_acc:0.82102(1156/1408)
[epoch 6][train][end] train_loss=0.21607,train_acc=0.91397(15384/16832)
[epoch 6][val][end] val_loss=0.60028,val_acc:0.82315(1159/1408)
[epoch 7][train][end] train_loss=0.21351,train_acc=0.91433(15390/16832)
[epoch 7][val][end] val_loss=0.59755,val_acc:0.82812(1166/1408)
[epoch 8][train][end] train_loss=0.21246,train_acc=0.91576(15414/16832)
[epoch 8][val][end] val_loss=0.58293,val_acc:0.83736(1179/1408)
[epoch 8][save_best_output_params]
[epoch 9][train][end] train_loss=0.21202,train_acc=0.91403(15385/16832)
[epoch 9][val][end] val_loss=0.58689,val_acc:0.81676(1150/1408)
[epoch 10][train][end] train_loss=0.21077,train_acc=0.91718(15438/16832)
[epoch 10][val][end] val_loss=0.59236,val_acc:0.83026(1169/1408)
[epoch 11][train][end] train_loss=0.20883,train_acc=0.91754(15444/16832)
[epoch 11][val][end] val_loss=0.57257,val_acc:0.83736(1179/1408)
[epoch 11][save_best_output_params]
[epoch 12][train][end] train_loss=0.20877,train_acc=0.91665(15429/16832)
[epoch 12][val][end] val_loss=0.57932,val_acc:0.83452(1175/1408)
[epoch 13][train][end] train_loss=0.20850,train_acc=0.91700(15435/16832)
[epoch 13][val][end] val_loss=0.58646,val_acc:0.83665(1178/1408)
[epoch 14][train][end] train_loss=0.20900,train_acc=0.91623(15422/16832)
[epoch 14][val][end] val_loss=0.58581,val_acc:0.83594(1177/1408)
[epoch 15][train][end] train_loss=0.20912,train_acc=0.91724(15439/16832)
[epoch 15][val][end] val_loss=0.58801,val_acc:0.83310(1173/1408)
[epoch 16][train][end] train_loss=0.20825,train_acc=0.91730(15440/16832)
[epoch 16][val][end] val_loss=0.58661,val_acc:0.83665(1178/1408)
[epoch 17][train][end] train_loss=0.20772,train_acc=0.91629(15423/16832)
[epoch 17][val][end] val_loss=0.60167,val_acc:0.83097(1170/1408)
[epoch 18][train][end] train_loss=0.20757,train_acc=0.91694(15434/16832)
[epoch 18][val][end] val_loss=0.60562,val_acc:0.83381(1174/1408)
[epoch 19][train][end] train_loss=0.20769,train_acc=0.91706(15436/16832)
[epoch 19][val][end] val_loss=0.58925,val_acc:0.83878(1181/1408)
[[1195, 66, 95, 41], [88, 1983, 21, 67], [121, 27, 362, 26], [75, 85, 29, 488]]
{'Pression': 0.8060447378616721, 'Recall': 0.7925213823194195, 'F1': 0.7992258584700392, 'Acc': 0.8446215139442231}

[RNN=GRU,DETECTION=cascade_rcnn_r101,BIDIRECTIONAL=False,FUN=None]
[epoch 0][train][end] train_loss=0.90573,train_acc=0.57046(9602/16832)
[epoch 0][val][end] val_loss=0.67952,val_acc:0.79474(1119/1408)
[epoch 0][save_best_output_params]
[epoch 1][train][end] train_loss=0.33884,train_acc=0.88712(14932/16832)
[epoch 1][val][end] val_loss=0.68411,val_acc:0.79901(1125/1408)
[epoch 2][train][end] train_loss=0.26023,train_acc=0.90405(15217/16832)
[epoch 2][val][end] val_loss=0.63564,val_acc:0.82741(1165/1408)
[epoch 2][save_best_output_params]
[epoch 3][train][end] train_loss=0.24018,train_acc=0.90904(15301/16832)
[epoch 3][val][end] val_loss=0.67378,val_acc:0.81818(1152/1408)
[epoch 4][train][end] train_loss=0.23214,train_acc=0.90851(15292/16832)
[epoch 4][val][end] val_loss=0.60610,val_acc:0.80398(1132/1408)
[epoch 4][save_best_output_params]
[epoch 5][train][end] train_loss=0.21316,train_acc=0.91605(15419/16832)
[epoch 5][val][end] val_loss=0.59237,val_acc:0.81534(1148/1408)
[epoch 5][save_best_output_params]
[epoch 6][train][end] train_loss=0.20952,train_acc=0.91659(15428/16832)
[epoch 6][val][end] val_loss=0.57746,val_acc:0.83097(1170/1408)
[epoch 6][save_best_output_params]
[epoch 7][train][end] train_loss=0.20831,train_acc=0.91956(15478/16832)
[epoch 7][val][end] val_loss=0.57792,val_acc:0.83026(1169/1408)
[epoch 8][train][end] train_loss=0.20827,train_acc=0.91795(15451/16832)
[epoch 8][val][end] val_loss=0.57877,val_acc:0.83097(1170/1408)
[epoch 9][train][end] train_loss=0.20651,train_acc=0.91789(15450/16832)
[epoch 9][val][end] val_loss=0.57936,val_acc:0.82102(1156/1408)
[epoch 10][train][end] train_loss=0.20406,train_acc=0.91997(15485/16832)
[epoch 10][val][end] val_loss=0.57504,val_acc:0.82528(1162/1408)
[epoch 10][save_best_output_params]
[epoch 11][train][end] train_loss=0.20485,train_acc=0.91974(15481/16832)
[epoch 11][val][end] val_loss=0.58098,val_acc:0.82599(1163/1408)
[epoch 12][train][end] train_loss=0.20321,train_acc=0.92051(15494/16832)
[epoch 12][val][end] val_loss=0.58242,val_acc:0.82244(1158/1408)
[epoch 13][train][end] train_loss=0.20319,train_acc=0.91997(15485/16832)
[epoch 13][val][end] val_loss=0.59678,val_acc:0.82528(1162/1408)
[epoch 14][train][end] train_loss=0.20408,train_acc=0.92045(15493/16832)
[epoch 14][val][end] val_loss=0.58142,val_acc:0.82670(1164/1408)
[epoch 15][train][end] train_loss=0.20285,train_acc=0.92045(15493/16832)
[epoch 15][val][end] val_loss=0.59038,val_acc:0.82599(1163/1408)
[epoch 16][train][end] train_loss=0.20372,train_acc=0.91991(15484/16832)
[epoch 16][val][end] val_loss=0.58154,val_acc:0.83026(1169/1408)
[epoch 17][train][end] train_loss=0.20288,train_acc=0.92122(15506/16832)
[epoch 17][val][end] val_loss=0.57809,val_acc:0.82386(1160/1408)
[epoch 18][train][end] train_loss=0.20235,train_acc=0.92092(15501/16832)
[epoch 18][val][end] val_loss=0.58214,val_acc:0.82884(1167/1408)
[epoch 19][train][end] train_loss=0.20242,train_acc=0.92057(15495/16832)
[epoch 19][val][end] val_loss=0.57805,val_acc:0.82670(1164/1408)
[[1141, 88, 128, 40], [83, 1997, 23, 56], [113, 28, 368, 27], [66, 88, 34, 489]]
{'Pression': 0.7962632229142597, 'Recall': 0.7876467221083432, 'F1': 0.7919315355455914, 'Acc': 0.83770182428182}

