--------------------连接全节点,reverse--------------------
[RNN=RNN,DETECTION=cascade_rcnn_r101,BIDIRECTIONAL=True,FUN=None]
[epoch 0][train][end] train_loss=0.36412,train_acc=0.86139(14499/16832)
[epoch 0][val][end] val_loss=0.55503,val_acc:0.82741(1165/1408)
[epoch 0][save_best_output_params]
[epoch 1][train][end] train_loss=0.26349,train_acc=0.90025(15153/16832)
[epoch 1][val][end] val_loss=0.52770,val_acc:0.83878(1181/1408)
[epoch 1][save_best_output_params]
[epoch 2][train][end] train_loss=0.25283,train_acc=0.90358(15209/16832)
[epoch 2][val][end] val_loss=0.56812,val_acc:0.82386(1160/1408)
[epoch 3][train][end] train_loss=0.24974,train_acc=0.90524(15237/16832)
[epoch 3][val][end] val_loss=0.71195,val_acc:0.81179(1143/1408)
[epoch 4][train][end] train_loss=0.25108,train_acc=0.90619(15253/16832)
[epoch 4][val][end] val_loss=0.59932,val_acc:0.80824(1138/1408)
[epoch 5][train][end] train_loss=0.22128,train_acc=0.91617(15421/16832)
[epoch 5][val][end] val_loss=0.54965,val_acc:0.83310(1173/1408)
[epoch 6][train][end] train_loss=0.21421,train_acc=0.91766(15446/16832)
[epoch 6][val][end] val_loss=0.58871,val_acc:0.81321(1145/1408)
[epoch 7][train][end] train_loss=0.21203,train_acc=0.91706(15436/16832)
[epoch 7][val][end] val_loss=0.54385,val_acc:0.83594(1177/1408)
[epoch 8][train][end] train_loss=0.21087,train_acc=0.91849(15460/16832)
[epoch 8][val][end] val_loss=0.55625,val_acc:0.83168(1171/1408)
[epoch 9][train][end] train_loss=0.20968,train_acc=0.91986(15483/16832)
[epoch 9][val][end] val_loss=0.55244,val_acc:0.82244(1158/1408)
[epoch 10][train][end] train_loss=0.20478,train_acc=0.92015(15488/16832)
[epoch 10][val][end] val_loss=0.55002,val_acc:0.83168(1171/1408)
[epoch 11][train][end] train_loss=0.20369,train_acc=0.92146(15510/16832)
[epoch 11][val][end] val_loss=0.56964,val_acc:0.83026(1169/1408)
[epoch 12][train][end] train_loss=0.20361,train_acc=0.92158(15512/16832)
[epoch 12][val][end] val_loss=0.56364,val_acc:0.83381(1174/1408)
[epoch 13][train][end] train_loss=0.20332,train_acc=0.92158(15512/16832)
[epoch 13][val][end] val_loss=0.56513,val_acc:0.83381(1174/1408)
[epoch 14][train][end] train_loss=0.20252,train_acc=0.92063(15496/16832)
[epoch 14][val][end] val_loss=0.56051,val_acc:0.83310(1173/1408)
[epoch 15][train][end] train_loss=0.20200,train_acc=0.92223(15523/16832)
[epoch 15][val][end] val_loss=0.55369,val_acc:0.83736(1179/1408)
[epoch 16][train][end] train_loss=0.20127,train_acc=0.92247(15527/16832)
[epoch 16][val][end] val_loss=0.56336,val_acc:0.83594(1177/1408)
[epoch 17][train][end] train_loss=0.20162,train_acc=0.92277(15532/16832)
[epoch 17][val][end] val_loss=0.55432,val_acc:0.83523(1176/1408)
[epoch 18][train][end] train_loss=0.20200,train_acc=0.92188(15517/16832)
[epoch 18][val][end] val_loss=0.56060,val_acc:0.83878(1181/1408)
[epoch 19][train][end] train_loss=0.20181,train_acc=0.92283(15533/16832)
[epoch 19][val][end] val_loss=0.55463,val_acc:0.83878(1181/1408)
[[1184, 71, 90, 52], [73, 1999, 23, 64], [107, 31, 367, 31], [69, 81, 27, 500]]
{'Pression': 0.8097585134785964, 'Recall': 0.799168992145761, 'F1': 0.8044289041438369, 'Acc': 0.8492346403858251}

[RNN=RNN,DETECTION=cascade_rcnn_r101,BIDIRECTIONAL=True,FUN=None]
[epoch 0][train][end] train_loss=0.37029,train_acc=0.86235(14515/16832)
[epoch 0][val][end] val_loss=0.56856,val_acc:0.79901(1125/1408)
[epoch 0][save_best_output_params]
[epoch 1][train][end] train_loss=0.26257,train_acc=0.90043(15156/16832)
[epoch 1][val][end] val_loss=0.51451,val_acc:0.83594(1177/1408)
[epoch 1][save_best_output_params]
[epoch 2][train][end] train_loss=0.25133,train_acc=0.90269(15194/16832)
[epoch 2][val][end] val_loss=0.62686,val_acc:0.80185(1129/1408)
[epoch 3][train][end] train_loss=0.24954,train_acc=0.90637(15256/16832)
[epoch 3][val][end] val_loss=0.67111,val_acc:0.81747(1151/1408)
[epoch 4][train][end] train_loss=0.24360,train_acc=0.90661(15260/16832)
[epoch 4][val][end] val_loss=0.55994,val_acc:0.81960(1154/1408)
[epoch 5][train][end] train_loss=0.22039,train_acc=0.91635(15424/16832)
[epoch 5][val][end] val_loss=0.55051,val_acc:0.83239(1172/1408)
[epoch 6][train][end] train_loss=0.21362,train_acc=0.91706(15436/16832)
[epoch 6][val][end] val_loss=0.55865,val_acc:0.82884(1167/1408)
[epoch 7][train][end] train_loss=0.21194,train_acc=0.91813(15454/16832)
[epoch 7][val][end] val_loss=0.56021,val_acc:0.82741(1165/1408)
[epoch 8][train][end] train_loss=0.21075,train_acc=0.91950(15477/16832)
[epoch 8][val][end] val_loss=0.56868,val_acc:0.82315(1159/1408)
[epoch 9][train][end] train_loss=0.20892,train_acc=0.91980(15482/16832)
[epoch 9][val][end] val_loss=0.54558,val_acc:0.83949(1182/1408)
[epoch 10][train][end] train_loss=0.20471,train_acc=0.92075(15498/16832)
[epoch 10][val][end] val_loss=0.55226,val_acc:0.83594(1177/1408)
[epoch 11][train][end] train_loss=0.20336,train_acc=0.92158(15512/16832)
[epoch 11][val][end] val_loss=0.55811,val_acc:0.83523(1176/1408)
[epoch 12][train][end] train_loss=0.20361,train_acc=0.92199(15519/16832)
[epoch 12][val][end] val_loss=0.56526,val_acc:0.83026(1169/1408)
[epoch 13][train][end] train_loss=0.20333,train_acc=0.92134(15508/16832)
[epoch 13][val][end] val_loss=0.56080,val_acc:0.83097(1170/1408)
[epoch 14][train][end] train_loss=0.20261,train_acc=0.92217(15522/16832)
[epoch 14][val][end] val_loss=0.56806,val_acc:0.83097(1170/1408)
[epoch 15][train][end] train_loss=0.20227,train_acc=0.92312(15538/16832)
[epoch 15][val][end] val_loss=0.55750,val_acc:0.83381(1174/1408)
[epoch 16][train][end] train_loss=0.20158,train_acc=0.92229(15524/16832)
[epoch 16][val][end] val_loss=0.55855,val_acc:0.83239(1172/1408)
[epoch 17][train][end] train_loss=0.20189,train_acc=0.92205(15520/16832)
[epoch 17][val][end] val_loss=0.55900,val_acc:0.83168(1171/1408)
[epoch 18][train][end] train_loss=0.20213,train_acc=0.92247(15527/16832)
[epoch 18][val][end] val_loss=0.55940,val_acc:0.83452(1175/1408)
[epoch 19][train][end] train_loss=0.20227,train_acc=0.92211(15521/16832)
[epoch 19][val][end] val_loss=0.55857,val_acc:0.83310(1173/1408)
[[1174, 73, 90, 60], [78, 2000, 20, 61], [99, 29, 370, 38], [59, 81, 28, 509]]
{'Pression': 0.8097792564420284, 'Recall': 0.8022179771602002, 'F1': 0.8059808832271397, 'Acc': 0.8498637030824072}

[RNN=RNN,DETECTION=cascade_rcnn_r101,BIDIRECTIONAL=True,FUN=None]
[epoch 0][train][end] train_loss=0.36169,train_acc=0.86662(14587/16832)
[epoch 0][val][end] val_loss=0.53688,val_acc:0.80753(1137/1408)
[epoch 0][save_best_output_params]
[epoch 1][train][end] train_loss=0.26373,train_acc=0.90055(15158/16832)
[epoch 1][val][end] val_loss=0.53991,val_acc:0.82173(1157/1408)
[epoch 2][train][end] train_loss=0.25557,train_acc=0.90298(15199/16832)
[epoch 2][val][end] val_loss=0.56639,val_acc:0.80895(1139/1408)
[epoch 3][train][end] train_loss=0.25181,train_acc=0.90506(15234/16832)
[epoch 3][val][end] val_loss=0.54535,val_acc:0.83239(1172/1408)
[epoch 4][train][end] train_loss=0.25083,train_acc=0.90476(15229/16832)
[epoch 4][val][end] val_loss=0.57090,val_acc:0.83310(1173/1408)
[epoch 5][train][end] train_loss=0.22306,train_acc=0.91403(15385/16832)
[epoch 5][val][end] val_loss=0.55014,val_acc:0.83878(1181/1408)
[epoch 6][train][end] train_loss=0.21729,train_acc=0.91635(15424/16832)
[epoch 6][val][end] val_loss=0.53227,val_acc:0.84304(1187/1408)
[epoch 6][save_best_output_params]
[epoch 7][train][end] train_loss=0.21566,train_acc=0.91641(15425/16832)
[epoch 7][val][end] val_loss=0.54161,val_acc:0.83594(1177/1408)
[epoch 8][train][end] train_loss=0.21300,train_acc=0.91754(15444/16832)
[epoch 8][val][end] val_loss=0.54135,val_acc:0.84091(1184/1408)
[epoch 9][train][end] train_loss=0.21026,train_acc=0.91908(15470/16832)
[epoch 9][val][end] val_loss=0.54115,val_acc:0.84162(1185/1408)
[epoch 10][train][end] train_loss=0.20645,train_acc=0.91896(15468/16832)
[epoch 10][val][end] val_loss=0.54402,val_acc:0.84020(1183/1408)
[epoch 11][train][end] train_loss=0.20496,train_acc=0.91938(15475/16832)
[epoch 11][val][end] val_loss=0.55060,val_acc:0.83949(1182/1408)
[epoch 12][train][end] train_loss=0.20454,train_acc=0.92015(15488/16832)
[epoch 12][val][end] val_loss=0.54088,val_acc:0.84375(1188/1408)
[epoch 13][train][end] train_loss=0.20443,train_acc=0.91968(15480/16832)
[epoch 13][val][end] val_loss=0.54537,val_acc:0.84517(1190/1408)
[epoch 14][train][end] train_loss=0.20410,train_acc=0.92087(15500/16832)
[epoch 14][val][end] val_loss=0.55748,val_acc:0.83665(1178/1408)
[epoch 15][train][end] train_loss=0.20349,train_acc=0.91997(15485/16832)
[epoch 15][val][end] val_loss=0.54962,val_acc:0.83949(1182/1408)
[epoch 16][train][end] train_loss=0.20345,train_acc=0.91991(15484/16832)
[epoch 16][val][end] val_loss=0.54110,val_acc:0.84233(1186/1408)
[epoch 17][train][end] train_loss=0.20242,train_acc=0.92063(15496/16832)
[epoch 17][val][end] val_loss=0.55352,val_acc:0.84304(1187/1408)
[epoch 18][train][end] train_loss=0.20313,train_acc=0.92164(15513/16832)
[epoch 18][val][end] val_loss=0.55056,val_acc:0.84020(1183/1408)
[epoch 19][train][end] train_loss=0.20279,train_acc=0.92081(15499/16832)
[epoch 19][val][end] val_loss=0.55615,val_acc:0.83523(1176/1408)
[[1193, 67, 87, 50], [80, 2000, 21, 58], [105, 29, 369, 33], [66, 83, 26, 502]]
{'Pression': 0.8145858293078723, 'Recall': 0.8025667688833944, 'F1': 0.8085316348463693, 'Acc': 0.8521702663032082}

[RNN=RNN,DETECTION=cascade_rcnn_r101,BIDIRECTIONAL=True,FUN=None]
[epoch 0][train][end] train_loss=0.37103,train_acc=0.85896(14458/16832)
[epoch 0][val][end] val_loss=0.53841,val_acc:0.82670(1164/1408)
[epoch 0][save_best_output_params]
[epoch 1][train][end] train_loss=0.26047,train_acc=0.90280(15196/16832)
[epoch 1][val][end] val_loss=0.59287,val_acc:0.82457(1161/1408)
[epoch 2][train][end] train_loss=0.25362,train_acc=0.90239(15189/16832)
[epoch 2][val][end] val_loss=0.57048,val_acc:0.81108(1142/1408)
[epoch 3][train][end] train_loss=0.24554,train_acc=0.90821(15287/16832)
[epoch 3][val][end] val_loss=0.56187,val_acc:0.81534(1148/1408)
[epoch 4][train][end] train_loss=0.24661,train_acc=0.90815(15286/16832)
[epoch 4][val][end] val_loss=0.57256,val_acc:0.83168(1171/1408)
[epoch 5][train][end] train_loss=0.22029,train_acc=0.91510(15403/16832)
[epoch 5][val][end] val_loss=0.53126,val_acc:0.83665(1178/1408)
[epoch 5][save_best_output_params]
[epoch 6][train][end] train_loss=0.21405,train_acc=0.91718(15438/16832)
[epoch 6][val][end] val_loss=0.54389,val_acc:0.83807(1180/1408)
[epoch 7][train][end] train_loss=0.21126,train_acc=0.91908(15470/16832)
[epoch 7][val][end] val_loss=0.54541,val_acc:0.84091(1184/1408)
[epoch 8][train][end] train_loss=0.21099,train_acc=0.92051(15494/16832)
[epoch 8][val][end] val_loss=0.58464,val_acc:0.82457(1161/1408)
[epoch 9][train][end] train_loss=0.21076,train_acc=0.91938(15475/16832)
[epoch 9][val][end] val_loss=0.55027,val_acc:0.83807(1180/1408)
[epoch 10][train][end] train_loss=0.20489,train_acc=0.92211(15521/16832)
[epoch 10][val][end] val_loss=0.56012,val_acc:0.83310(1173/1408)
[epoch 11][train][end] train_loss=0.20437,train_acc=0.92193(15518/16832)
[epoch 11][val][end] val_loss=0.55744,val_acc:0.83594(1177/1408)
[epoch 12][train][end] train_loss=0.20381,train_acc=0.92134(15508/16832)
[epoch 12][val][end] val_loss=0.55941,val_acc:0.83523(1176/1408)
[epoch 13][train][end] train_loss=0.20373,train_acc=0.92211(15521/16832)
[epoch 13][val][end] val_loss=0.56275,val_acc:0.83239(1172/1408)
[epoch 14][train][end] train_loss=0.20350,train_acc=0.92271(15531/16832)
[epoch 14][val][end] val_loss=0.56925,val_acc:0.83807(1180/1408)
[epoch 15][train][end] train_loss=0.20287,train_acc=0.92223(15523/16832)
[epoch 15][val][end] val_loss=0.56414,val_acc:0.83381(1174/1408)
[epoch 16][train][end] train_loss=0.20277,train_acc=0.92211(15521/16832)
[epoch 16][val][end] val_loss=0.55842,val_acc:0.83736(1179/1408)
[epoch 17][train][end] train_loss=0.20280,train_acc=0.92211(15521/16832)
[epoch 17][val][end] val_loss=0.55837,val_acc:0.83736(1179/1408)
[epoch 18][train][end] train_loss=0.20304,train_acc=0.92193(15518/16832)
[epoch 18][val][end] val_loss=0.56489,val_acc:0.83736(1179/1408)
[epoch 19][train][end] train_loss=0.20278,train_acc=0.92152(15511/16832)
[epoch 19][val][end] val_loss=0.56638,val_acc:0.83381(1174/1408)
[[1172, 76, 93, 56], [77, 1998, 21, 63], [101, 28, 373, 34], [65, 76, 29, 507]]
{'Pression': 0.8091684895934143, 'Recall': 0.8022891799491201, 'F1': 0.8057141508915486, 'Acc': 0.8492346403858251}

[RNN=RNN,DETECTION=cascade_rcnn_r101,BIDIRECTIONAL=True,FUN=None]
[epoch 0][train][end] train_loss=0.34746,train_acc=0.86882(14624/16832)
[epoch 0][val][end] val_loss=0.55825,val_acc:0.82884(1167/1408)
[epoch 0][save_best_output_params]
[epoch 1][train][end] train_loss=0.26078,train_acc=0.90102(15166/16832)
[epoch 1][val][end] val_loss=0.52619,val_acc:0.83097(1170/1408)
[epoch 1][save_best_output_params]
[epoch 2][train][end] train_loss=0.25763,train_acc=0.90417(15219/16832)
[epoch 2][val][end] val_loss=0.61118,val_acc:0.78977(1112/1408)
[epoch 3][train][end] train_loss=0.25564,train_acc=0.90257(15192/16832)
[epoch 3][val][end] val_loss=0.55175,val_acc:0.82386(1160/1408)
[epoch 4][train][end] train_loss=0.24392,train_acc=0.90928(15305/16832)
[epoch 4][val][end] val_loss=0.58538,val_acc:0.83523(1176/1408)
[epoch 5][train][end] train_loss=0.22176,train_acc=0.91718(15438/16832)
[epoch 5][val][end] val_loss=0.56316,val_acc:0.83594(1177/1408)
[epoch 6][train][end] train_loss=0.21511,train_acc=0.91813(15454/16832)
[epoch 6][val][end] val_loss=0.55889,val_acc:0.83097(1170/1408)
[epoch 7][train][end] train_loss=0.21385,train_acc=0.91885(15466/16832)
[epoch 7][val][end] val_loss=0.55745,val_acc:0.83665(1178/1408)
[epoch 8][train][end] train_loss=0.21214,train_acc=0.91801(15452/16832)
[epoch 8][val][end] val_loss=0.58661,val_acc:0.82457(1161/1408)
[epoch 9][train][end] train_loss=0.21241,train_acc=0.91974(15481/16832)
[epoch 9][val][end] val_loss=0.55107,val_acc:0.84020(1183/1408)
[epoch 10][train][end] train_loss=0.20651,train_acc=0.92277(15532/16832)
[epoch 10][val][end] val_loss=0.56110,val_acc:0.84162(1185/1408)
[epoch 11][train][end] train_loss=0.20671,train_acc=0.92253(15528/16832)
[epoch 11][val][end] val_loss=0.57352,val_acc:0.83523(1176/1408)
[epoch 12][train][end] train_loss=0.20655,train_acc=0.92140(15509/16832)
[epoch 12][val][end] val_loss=0.56912,val_acc:0.83310(1173/1408)
[epoch 13][train][end] train_loss=0.20577,train_acc=0.92188(15517/16832)
[epoch 13][val][end] val_loss=0.56318,val_acc:0.83736(1179/1408)
[epoch 14][train][end] train_loss=0.20538,train_acc=0.92288(15534/16832)
[epoch 14][val][end] val_loss=0.57934,val_acc:0.83310(1173/1408)
[epoch 15][train][end] train_loss=0.20454,train_acc=0.92271(15531/16832)
[epoch 15][val][end] val_loss=0.57061,val_acc:0.83310(1173/1408)
[epoch 16][train][end] train_loss=0.20517,train_acc=0.92193(15518/16832)
[epoch 16][val][end] val_loss=0.55421,val_acc:0.83736(1179/1408)
[epoch 17][train][end] train_loss=0.20470,train_acc=0.92271(15531/16832)
[epoch 17][val][end] val_loss=0.56296,val_acc:0.84233(1186/1408)
[epoch 18][train][end] train_loss=0.20435,train_acc=0.92306(15537/16832)
[epoch 18][val][end] val_loss=0.57494,val_acc:0.83878(1181/1408)
[epoch 19][train][end] train_loss=0.20508,train_acc=0.92318(15539/16832)
[epoch 19][val][end] val_loss=0.56127,val_acc:0.83949(1182/1408)
[[1182, 71, 91, 53], [80, 2000, 19, 60], [103, 29, 371, 33], [60, 82, 27, 508]]
{'Pression': 0.8132843346923421, 'Recall': 0.8037467580789511, 'F1': 0.8084874191071846, 'Acc': 0.8515412036066261}

[RNN=RNN,DETECTION=cascade_rcnn_r101,BIDIRECTIONAL=False,FUN=None]
[epoch 0][train][end] train_loss=0.41848,train_acc=0.83989(14137/16832)
[epoch 0][val][end] val_loss=0.58760,val_acc:0.82173(1157/1408)
[epoch 0][save_best_output_params]
[epoch 1][train][end] train_loss=0.26608,train_acc=0.89900(15132/16832)
[epoch 1][val][end] val_loss=0.51894,val_acc:0.84446(1189/1408)
[epoch 1][save_best_output_params]
[epoch 2][train][end] train_loss=0.26259,train_acc=0.90090(15164/16832)
[epoch 2][val][end] val_loss=0.54015,val_acc:0.82244(1158/1408)
[epoch 3][train][end] train_loss=0.25779,train_acc=0.90340(15206/16832)
[epoch 3][val][end] val_loss=0.63397,val_acc:0.83026(1169/1408)
[epoch 4][train][end] train_loss=0.25424,train_acc=0.90173(15178/16832)
[epoch 4][val][end] val_loss=0.50972,val_acc:0.84517(1190/1408)
[epoch 4][save_best_output_params]
[epoch 5][train][end] train_loss=0.22967,train_acc=0.91231(15356/16832)
[epoch 5][val][end] val_loss=0.54922,val_acc:0.83736(1179/1408)
[epoch 6][train][end] train_loss=0.22217,train_acc=0.91457(15394/16832)
[epoch 6][val][end] val_loss=0.56454,val_acc:0.83239(1172/1408)
[epoch 7][train][end] train_loss=0.21996,train_acc=0.91576(15414/16832)
[epoch 7][val][end] val_loss=0.54803,val_acc:0.83807(1180/1408)
[epoch 8][train][end] train_loss=0.21767,train_acc=0.91671(15430/16832)
[epoch 8][val][end] val_loss=0.57239,val_acc:0.82670(1164/1408)
[epoch 9][train][end] train_loss=0.21601,train_acc=0.91736(15441/16832)
[epoch 9][val][end] val_loss=0.55830,val_acc:0.83381(1174/1408)
[epoch 10][train][end] train_loss=0.21113,train_acc=0.91861(15462/16832)
[epoch 10][val][end] val_loss=0.55804,val_acc:0.83239(1172/1408)
[epoch 11][train][end] train_loss=0.21111,train_acc=0.91766(15446/16832)
[epoch 11][val][end] val_loss=0.56613,val_acc:0.83310(1173/1408)
[epoch 12][train][end] train_loss=0.21054,train_acc=0.91849(15460/16832)
[epoch 12][val][end] val_loss=0.56067,val_acc:0.83594(1177/1408)
[epoch 13][train][end] train_loss=0.21074,train_acc=0.91902(15469/16832)
[epoch 13][val][end] val_loss=0.55870,val_acc:0.83807(1180/1408)
[epoch 14][train][end] train_loss=0.21066,train_acc=0.91879(15465/16832)
[epoch 14][val][end] val_loss=0.56336,val_acc:0.83452(1175/1408)
[epoch 15][train][end] train_loss=0.20971,train_acc=0.91938(15475/16832)
[epoch 15][val][end] val_loss=0.55952,val_acc:0.83878(1181/1408)
[epoch 16][train][end] train_loss=0.20984,train_acc=0.91926(15473/16832)
[epoch 16][val][end] val_loss=0.56340,val_acc:0.83807(1180/1408)
[epoch 17][train][end] train_loss=0.20986,train_acc=0.91879(15465/16832)
[epoch 17][val][end] val_loss=0.55901,val_acc:0.83736(1179/1408)
[epoch 18][train][end] train_loss=0.21008,train_acc=0.91926(15473/16832)
[epoch 18][val][end] val_loss=0.55652,val_acc:0.83807(1180/1408)
[epoch 19][train][end] train_loss=0.20980,train_acc=0.91956(15478/16832)
[epoch 19][val][end] val_loss=0.55036,val_acc:0.84091(1184/1408)
[[1186, 76, 86, 49], [72, 1997, 25, 65], [100, 27, 379, 30], [64, 80, 27, 506]]
{'Pression': 0.815407146937494, 'Recall': 0.8071079854910603, 'F1': 0.8112363411177165, 'Acc': 0.8530090165653177}

[RNN=RNN,DETECTION=cascade_rcnn_r101,BIDIRECTIONAL=False,FUN=None]
[epoch 0][train][end] train_loss=0.41533,train_acc=0.84387(14204/16832)
[epoch 0][val][end] val_loss=0.52631,val_acc:0.84233(1186/1408)
[epoch 0][save_best_output_params]
[epoch 1][train][end] train_loss=0.27022,train_acc=0.89924(15136/16832)
[epoch 1][val][end] val_loss=0.53439,val_acc:0.84162(1185/1408)
[epoch 2][train][end] train_loss=0.25797,train_acc=0.90399(15216/16832)
[epoch 2][val][end] val_loss=0.54774,val_acc:0.83168(1171/1408)
[epoch 3][train][end] train_loss=0.25320,train_acc=0.90322(15203/16832)
[epoch 3][val][end] val_loss=0.54168,val_acc:0.82315(1159/1408)
[epoch 4][train][end] train_loss=0.24501,train_acc=0.90762(15277/16832)
[epoch 4][val][end] val_loss=0.59527,val_acc:0.81321(1145/1408)
[epoch 5][train][end] train_loss=0.22764,train_acc=0.91314(15370/16832)
[epoch 5][val][end] val_loss=0.54233,val_acc:0.83310(1173/1408)
[epoch 6][train][end] train_loss=0.21987,train_acc=0.91617(15421/16832)
[epoch 6][val][end] val_loss=0.54414,val_acc:0.83736(1179/1408)
[epoch 7][train][end] train_loss=0.21643,train_acc=0.91760(15445/16832)
[epoch 7][val][end] val_loss=0.54984,val_acc:0.83949(1182/1408)
[epoch 8][train][end] train_loss=0.21526,train_acc=0.91784(15449/16832)
[epoch 8][val][end] val_loss=0.54835,val_acc:0.82741(1165/1408)
[epoch 9][train][end] train_loss=0.21365,train_acc=0.91873(15464/16832)
[epoch 9][val][end] val_loss=0.55793,val_acc:0.83239(1172/1408)
[epoch 10][train][end] train_loss=0.21020,train_acc=0.92087(15500/16832)
[epoch 10][val][end] val_loss=0.55511,val_acc:0.83736(1179/1408)
[epoch 11][train][end] train_loss=0.20912,train_acc=0.92104(15503/16832)
[epoch 11][val][end] val_loss=0.56323,val_acc:0.83026(1169/1408)
[epoch 12][train][end] train_loss=0.20875,train_acc=0.92087(15500/16832)
[epoch 12][val][end] val_loss=0.54795,val_acc:0.83807(1180/1408)
[epoch 13][train][end] train_loss=0.20856,train_acc=0.92110(15504/16832)
[epoch 13][val][end] val_loss=0.56281,val_acc:0.83381(1174/1408)
[epoch 14][train][end] train_loss=0.20839,train_acc=0.92003(15486/16832)
[epoch 14][val][end] val_loss=0.56439,val_acc:0.83381(1174/1408)
[epoch 15][train][end] train_loss=0.20764,train_acc=0.92069(15497/16832)
[epoch 15][val][end] val_loss=0.56244,val_acc:0.83381(1174/1408)
[epoch 16][train][end] train_loss=0.20725,train_acc=0.92164(15513/16832)
[epoch 16][val][end] val_loss=0.56152,val_acc:0.83026(1169/1408)
[epoch 17][train][end] train_loss=0.20741,train_acc=0.92087(15500/16832)
[epoch 17][val][end] val_loss=0.56195,val_acc:0.83594(1177/1408)
[epoch 18][train][end] train_loss=0.20799,train_acc=0.92069(15497/16832)
[epoch 18][val][end] val_loss=0.56095,val_acc:0.83168(1171/1408)
[epoch 19][train][end] train_loss=0.20739,train_acc=0.92104(15503/16832)
[epoch 19][val][end] val_loss=0.55896,val_acc:0.83097(1170/1408)
[[1187, 74, 81, 55], [77, 1993, 22, 67], [99, 29, 374, 34], [59, 81, 28, 509]]
{'Pression': 0.8140568536771674, 'Recall': 0.8055995021010774, 'F1': 0.8098060970336909, 'Acc': 0.8519605787376808}

[RNN=RNN,DETECTION=cascade_rcnn_r101,BIDIRECTIONAL=False,FUN=None]
[epoch 0][train][end] train_loss=0.40666,train_acc=0.84684(14254/16832)
[epoch 0][val][end] val_loss=0.58093,val_acc:0.78693(1108/1408)
[epoch 0][save_best_output_params]
[epoch 1][train][end] train_loss=0.27533,train_acc=0.89597(15081/16832)
[epoch 1][val][end] val_loss=0.55241,val_acc:0.84020(1183/1408)
[epoch 1][save_best_output_params]
[epoch 2][train][end] train_loss=0.26122,train_acc=0.90346(15207/16832)
[epoch 2][val][end] val_loss=0.56213,val_acc:0.82315(1159/1408)
[epoch 3][train][end] train_loss=0.25783,train_acc=0.90494(15232/16832)
[epoch 3][val][end] val_loss=0.53557,val_acc:0.83381(1174/1408)
[epoch 3][save_best_output_params]
[epoch 4][train][end] train_loss=0.25124,train_acc=0.90494(15232/16832)
[epoch 4][val][end] val_loss=0.57301,val_acc:0.80895(1139/1408)
[epoch 5][train][end] train_loss=0.22482,train_acc=0.91338(15374/16832)
[epoch 5][val][end] val_loss=0.55546,val_acc:0.82812(1166/1408)
[epoch 6][train][end] train_loss=0.21901,train_acc=0.91516(15404/16832)
[epoch 6][val][end] val_loss=0.56616,val_acc:0.82528(1162/1408)
[epoch 7][train][end] train_loss=0.21681,train_acc=0.91599(15418/16832)
[epoch 7][val][end] val_loss=0.54681,val_acc:0.83452(1175/1408)
[epoch 8][train][end] train_loss=0.21594,train_acc=0.91724(15439/16832)
[epoch 8][val][end] val_loss=0.56103,val_acc:0.83026(1169/1408)
[epoch 9][train][end] train_loss=0.21441,train_acc=0.91617(15421/16832)
[epoch 9][val][end] val_loss=0.57516,val_acc:0.83168(1171/1408)
[epoch 10][train][end] train_loss=0.21027,train_acc=0.91885(15466/16832)
[epoch 10][val][end] val_loss=0.56061,val_acc:0.83594(1177/1408)
[epoch 11][train][end] train_loss=0.20984,train_acc=0.91944(15476/16832)
[epoch 11][val][end] val_loss=0.56389,val_acc:0.83523(1176/1408)
[epoch 12][train][end] train_loss=0.20898,train_acc=0.91926(15473/16832)
[epoch 12][val][end] val_loss=0.57080,val_acc:0.83097(1170/1408)
[epoch 13][train][end] train_loss=0.20899,train_acc=0.91926(15473/16832)
[epoch 13][val][end] val_loss=0.56701,val_acc:0.83594(1177/1408)
[epoch 14][train][end] train_loss=0.20872,train_acc=0.91890(15467/16832)
[epoch 14][val][end] val_loss=0.56562,val_acc:0.83310(1173/1408)
[epoch 15][train][end] train_loss=0.20798,train_acc=0.91997(15485/16832)
[epoch 15][val][end] val_loss=0.56263,val_acc:0.83523(1176/1408)
[epoch 16][train][end] train_loss=0.20810,train_acc=0.92003(15486/16832)
[epoch 16][val][end] val_loss=0.56386,val_acc:0.83168(1171/1408)
[epoch 17][train][end] train_loss=0.20822,train_acc=0.91914(15471/16832)
[epoch 17][val][end] val_loss=0.55898,val_acc:0.83807(1180/1408)
[epoch 18][train][end] train_loss=0.20770,train_acc=0.91968(15480/16832)
[epoch 18][val][end] val_loss=0.56034,val_acc:0.83452(1175/1408)
[epoch 19][train][end] train_loss=0.20763,train_acc=0.92039(15492/16832)
[epoch 19][val][end] val_loss=0.56666,val_acc:0.83381(1174/1408)
[[1182, 71, 92, 52], [77, 2001, 22, 59], [93, 30, 379, 34], [66, 84, 27, 500]]
{'Pression': 0.8132447245751023, 'Recall': 0.8046396859628768, 'F1': 0.8089193214680717, 'Acc': 0.8517508911721535}

[RNN=RNN,DETECTION=cascade_rcnn_r101,BIDIRECTIONAL=False,FUN=None]
[epoch 0][train][end] train_loss=0.40319,train_acc=0.84363(14200/16832)
[epoch 0][val][end] val_loss=0.53495,val_acc:0.83594(1177/1408)
[epoch 0][save_best_output_params]
[epoch 1][train][end] train_loss=0.26977,train_acc=0.89811(15117/16832)
[epoch 1][val][end] val_loss=0.54927,val_acc:0.82386(1160/1408)
[epoch 2][train][end] train_loss=0.25892,train_acc=0.90334(15205/16832)
[epoch 2][val][end] val_loss=0.53023,val_acc:0.83523(1176/1408)
[epoch 2][save_best_output_params]
[epoch 3][train][end] train_loss=0.25336,train_acc=0.90364(15210/16832)
[epoch 3][val][end] val_loss=0.56893,val_acc:0.83026(1169/1408)
[epoch 4][train][end] train_loss=0.24985,train_acc=0.90732(15272/16832)
[epoch 4][val][end] val_loss=0.55756,val_acc:0.83239(1172/1408)
[epoch 5][train][end] train_loss=0.22585,train_acc=0.91427(15389/16832)
[epoch 5][val][end] val_loss=0.55248,val_acc:0.82741(1165/1408)
[epoch 6][train][end] train_loss=0.21950,train_acc=0.91605(15419/16832)
[epoch 6][val][end] val_loss=0.54666,val_acc:0.83381(1174/1408)
[epoch 7][train][end] train_loss=0.21829,train_acc=0.91730(15440/16832)
[epoch 7][val][end] val_loss=0.55675,val_acc:0.83594(1177/1408)
[epoch 8][train][end] train_loss=0.21563,train_acc=0.91795(15451/16832)
[epoch 8][val][end] val_loss=0.55660,val_acc:0.83168(1171/1408)
[epoch 9][train][end] train_loss=0.21509,train_acc=0.91760(15445/16832)
[epoch 9][val][end] val_loss=0.56594,val_acc:0.82102(1156/1408)
[epoch 10][train][end] train_loss=0.21188,train_acc=0.91932(15474/16832)
[epoch 10][val][end] val_loss=0.56027,val_acc:0.83310(1173/1408)
[epoch 11][train][end] train_loss=0.21035,train_acc=0.91991(15484/16832)
[epoch 11][val][end] val_loss=0.55891,val_acc:0.83381(1174/1408)
[epoch 12][train][end] train_loss=0.21069,train_acc=0.91997(15485/16832)
[epoch 12][val][end] val_loss=0.56105,val_acc:0.83310(1173/1408)
[epoch 13][train][end] train_loss=0.21019,train_acc=0.92021(15489/16832)
[epoch 13][val][end] val_loss=0.55478,val_acc:0.83452(1175/1408)
[epoch 14][train][end] train_loss=0.20995,train_acc=0.91991(15484/16832)
[epoch 14][val][end] val_loss=0.56074,val_acc:0.83452(1175/1408)
[epoch 15][train][end] train_loss=0.20974,train_acc=0.91997(15485/16832)
[epoch 15][val][end] val_loss=0.55903,val_acc:0.83381(1174/1408)
[epoch 16][train][end] train_loss=0.20978,train_acc=0.92015(15488/16832)
[epoch 16][val][end] val_loss=0.54060,val_acc:0.83452(1175/1408)
[epoch 17][train][end] train_loss=0.20947,train_acc=0.92003(15486/16832)
[epoch 17][val][end] val_loss=0.55060,val_acc:0.83381(1174/1408)
[epoch 18][train][end] train_loss=0.20970,train_acc=0.92045(15493/16832)
[epoch 18][val][end] val_loss=0.55835,val_acc:0.83381(1174/1408)
[epoch 19][train][end] train_loss=0.20946,train_acc=0.91991(15484/16832)
[epoch 19][val][end] val_loss=0.55889,val_acc:0.83310(1173/1408)
[[1185, 69, 86, 57], [81, 1991, 24, 63], [103, 26, 372, 35], [62, 78, 27, 510]]
{'Pression': 0.8114774457494733, 'Recall': 0.8044464439935931, 'F1': 0.8079466486728679, 'Acc': 0.8509121409100441}

[RNN=RNN,DETECTION=cascade_rcnn_r101,BIDIRECTIONAL=False,FUN=None]
[epoch 0][train][end] train_loss=0.40340,train_acc=0.85040(14314/16832)
[epoch 0][val][end] val_loss=0.58375,val_acc:0.81676(1150/1408)
[epoch 0][save_best_output_params]
[epoch 1][train][end] train_loss=0.27099,train_acc=0.89829(15120/16832)
[epoch 1][val][end] val_loss=0.61551,val_acc:0.80753(1137/1408)
[epoch 2][train][end] train_loss=0.26098,train_acc=0.90215(15185/16832)
[epoch 2][val][end] val_loss=0.56553,val_acc:0.83523(1176/1408)
[epoch 2][save_best_output_params]
[epoch 3][train][end] train_loss=0.26039,train_acc=0.90215(15185/16832)
[epoch 3][val][end] val_loss=0.58404,val_acc:0.80966(1140/1408)
[epoch 4][train][end] train_loss=0.25615,train_acc=0.90251(15191/16832)
[epoch 4][val][end] val_loss=0.54019,val_acc:0.80895(1139/1408)
[epoch 4][save_best_output_params]
[epoch 5][train][end] train_loss=0.22969,train_acc=0.91088(15332/16832)
[epoch 5][val][end] val_loss=0.52997,val_acc:0.84375(1188/1408)
[epoch 5][save_best_output_params]
[epoch 6][train][end] train_loss=0.22407,train_acc=0.91546(15409/16832)
[epoch 6][val][end] val_loss=0.54354,val_acc:0.84091(1184/1408)
[epoch 7][train][end] train_loss=0.22135,train_acc=0.91641(15425/16832)
[epoch 7][val][end] val_loss=0.55826,val_acc:0.82955(1168/1408)
[epoch 8][train][end] train_loss=0.22022,train_acc=0.91706(15436/16832)
[epoch 8][val][end] val_loss=0.53645,val_acc:0.83523(1176/1408)
[epoch 9][train][end] train_loss=0.21917,train_acc=0.91694(15434/16832)
[epoch 9][val][end] val_loss=0.55685,val_acc:0.83168(1171/1408)
[epoch 10][train][end] train_loss=0.21549,train_acc=0.91825(15456/16832)
[epoch 10][val][end] val_loss=0.56381,val_acc:0.83310(1173/1408)
[epoch 11][train][end] train_loss=0.21462,train_acc=0.91837(15458/16832)
[epoch 11][val][end] val_loss=0.55099,val_acc:0.83452(1175/1408)
[epoch 12][train][end] train_loss=0.21343,train_acc=0.91867(15463/16832)
[epoch 12][val][end] val_loss=0.56148,val_acc:0.83452(1175/1408)
[epoch 13][train][end] train_loss=0.21372,train_acc=0.91885(15466/16832)
[epoch 13][val][end] val_loss=0.56587,val_acc:0.83168(1171/1408)
[epoch 14][train][end] train_loss=0.21304,train_acc=0.91920(15472/16832)
[epoch 14][val][end] val_loss=0.56048,val_acc:0.83381(1174/1408)
[epoch 15][train][end] train_loss=0.21222,train_acc=0.91867(15463/16832)
[epoch 15][val][end] val_loss=0.55755,val_acc:0.83310(1173/1408)
[epoch 16][train][end] train_loss=0.21256,train_acc=0.91896(15468/16832)
[epoch 16][val][end] val_loss=0.56390,val_acc:0.83310(1173/1408)
[epoch 17][train][end] train_loss=0.21307,train_acc=0.91890(15467/16832)
[epoch 17][val][end] val_loss=0.56783,val_acc:0.83381(1174/1408)
[epoch 18][train][end] train_loss=0.21219,train_acc=0.91950(15477/16832)
[epoch 18][val][end] val_loss=0.56638,val_acc:0.83239(1172/1408)
[epoch 19][train][end] train_loss=0.21302,train_acc=0.91890(15467/16832)
[epoch 19][val][end] val_loss=0.55433,val_acc:0.83452(1175/1408)
[[1196, 73, 84, 44], [76, 2007, 23, 53], [101, 32, 376, 27], [66, 87, 29, 495]]
{'Pression': 0.8194680536380522, 'Recall': 0.8045941858809914, 'F1': 0.8119630090871992, 'Acc': 0.8542671419584819}

[RNN=LSTM,DETECTION=cascade_rcnn_r101,BIDIRECTIONAL=True,FUN=None]
[epoch 0][train][end] train_loss=0.39763,train_acc=0.84464(14217/16832)
[epoch 0][val][end] val_loss=0.55263,val_acc:0.83665(1178/1408)
[epoch 0][save_best_output_params]
[epoch 1][train][end] train_loss=0.23870,train_acc=0.90928(15305/16832)
[epoch 1][val][end] val_loss=0.52726,val_acc:0.82599(1163/1408)
[epoch 1][save_best_output_params]
[epoch 2][train][end] train_loss=0.22332,train_acc=0.91189(15349/16832)
[epoch 2][val][end] val_loss=0.56207,val_acc:0.83452(1175/1408)
[epoch 3][train][end] train_loss=0.21847,train_acc=0.91320(15371/16832)
[epoch 3][val][end] val_loss=0.59229,val_acc:0.83452(1175/1408)
[epoch 4][train][end] train_loss=0.21279,train_acc=0.91451(15393/16832)
[epoch 4][val][end] val_loss=0.57957,val_acc:0.80540(1134/1408)
[epoch 5][train][end] train_loss=0.19693,train_acc=0.91938(15475/16832)
[epoch 5][val][end] val_loss=0.57933,val_acc:0.83665(1178/1408)
[epoch 6][train][end] train_loss=0.19331,train_acc=0.92235(15525/16832)
[epoch 6][val][end] val_loss=0.58929,val_acc:0.82884(1167/1408)
[epoch 7][train][end] train_loss=0.19207,train_acc=0.92182(15516/16832)
[epoch 7][val][end] val_loss=0.58610,val_acc:0.83381(1174/1408)
[epoch 8][train][end] train_loss=0.19102,train_acc=0.92152(15511/16832)
[epoch 8][val][end] val_loss=0.60897,val_acc:0.81818(1152/1408)
[epoch 9][train][end] train_loss=0.19009,train_acc=0.92437(15559/16832)
[epoch 9][val][end] val_loss=0.60285,val_acc:0.83878(1181/1408)
[epoch 10][train][end] train_loss=0.18736,train_acc=0.92389(15551/16832)
[epoch 10][val][end] val_loss=0.59369,val_acc:0.83452(1175/1408)
[epoch 11][train][end] train_loss=0.18637,train_acc=0.92580(15583/16832)
[epoch 11][val][end] val_loss=0.60692,val_acc:0.83665(1178/1408)
[epoch 12][train][end] train_loss=0.18657,train_acc=0.92597(15586/16832)
[epoch 12][val][end] val_loss=0.60211,val_acc:0.83452(1175/1408)
[epoch 13][train][end] train_loss=0.18623,train_acc=0.92562(15580/16832)
[epoch 13][val][end] val_loss=0.59511,val_acc:0.83310(1173/1408)
[epoch 14][train][end] train_loss=0.18608,train_acc=0.92669(15598/16832)
[epoch 14][val][end] val_loss=0.60358,val_acc:0.83168(1171/1408)
[epoch 15][train][end] train_loss=0.18537,train_acc=0.92633(15592/16832)
[epoch 15][val][end] val_loss=0.58523,val_acc:0.83878(1181/1408)
[epoch 16][train][end] train_loss=0.18569,train_acc=0.92657(15596/16832)
[epoch 16][val][end] val_loss=0.60179,val_acc:0.83381(1174/1408)
[epoch 17][train][end] train_loss=0.18486,train_acc=0.92663(15597/16832)
[epoch 17][val][end] val_loss=0.60069,val_acc:0.83523(1176/1408)
[epoch 18][train][end] train_loss=0.18507,train_acc=0.92651(15595/16832)
[epoch 18][val][end] val_loss=0.59987,val_acc:0.83097(1170/1408)
[epoch 19][train][end] train_loss=0.18579,train_acc=0.92639(15593/16832)
[epoch 19][val][end] val_loss=0.60266,val_acc:0.83097(1170/1408)
[[1178, 78, 98, 43], [77, 1999, 21, 62], [109, 34, 364, 29], [60, 89, 33, 495]]
{'Pression': 0.8070683363147511, 'Recall': 0.7948496279011739, 'F1': 0.8009123827069222, 'Acc': 0.846299014468442}

[RNN=LSTM,DETECTION=cascade_rcnn_r101,BIDIRECTIONAL=True,FUN=None]
[epoch 0][train][end] train_loss=0.39927,train_acc=0.84339(14196/16832)
[epoch 0][val][end] val_loss=0.54027,val_acc:0.83523(1176/1408)
[epoch 0][save_best_output_params]
[epoch 1][train][end] train_loss=0.23937,train_acc=0.90916(15303/16832)
[epoch 1][val][end] val_loss=0.57095,val_acc:0.82670(1164/1408)
[epoch 2][train][end] train_loss=0.22764,train_acc=0.91094(15333/16832)
[epoch 2][val][end] val_loss=0.61246,val_acc:0.83168(1171/1408)
[epoch 3][train][end] train_loss=0.22160,train_acc=0.91183(15348/16832)
[epoch 3][val][end] val_loss=0.55720,val_acc:0.83594(1177/1408)
[epoch 4][train][end] train_loss=0.21396,train_acc=0.91486(15399/16832)
[epoch 4][val][end] val_loss=0.63913,val_acc:0.81747(1151/1408)
[epoch 5][train][end] train_loss=0.19997,train_acc=0.91873(15464/16832)
[epoch 5][val][end] val_loss=0.59321,val_acc:0.83878(1181/1408)
[epoch 6][train][end] train_loss=0.19636,train_acc=0.92116(15505/16832)
[epoch 6][val][end] val_loss=0.59607,val_acc:0.83594(1177/1408)
[epoch 7][train][end] train_loss=0.19545,train_acc=0.92057(15495/16832)
[epoch 7][val][end] val_loss=0.60508,val_acc:0.82244(1158/1408)
[epoch 8][train][end] train_loss=0.19375,train_acc=0.92110(15504/16832)
[epoch 8][val][end] val_loss=0.59488,val_acc:0.83878(1181/1408)
[epoch 9][train][end] train_loss=0.19302,train_acc=0.92140(15509/16832)
[epoch 9][val][end] val_loss=0.59274,val_acc:0.83807(1180/1408)
[epoch 10][train][end] train_loss=0.19051,train_acc=0.92324(15540/16832)
[epoch 10][val][end] val_loss=0.60725,val_acc:0.84020(1183/1408)
[epoch 11][train][end] train_loss=0.19033,train_acc=0.92182(15516/16832)
[epoch 11][val][end] val_loss=0.60198,val_acc:0.83381(1174/1408)
[epoch 12][train][end] train_loss=0.19034,train_acc=0.92229(15524/16832)
[epoch 12][val][end] val_loss=0.61255,val_acc:0.83452(1175/1408)
[epoch 13][train][end] train_loss=0.18976,train_acc=0.92342(15543/16832)
[epoch 13][val][end] val_loss=0.60201,val_acc:0.84091(1184/1408)
[epoch 14][train][end] train_loss=0.18973,train_acc=0.92271(15531/16832)
[epoch 14][val][end] val_loss=0.60934,val_acc:0.83523(1176/1408)
[epoch 15][train][end] train_loss=0.18952,train_acc=0.92336(15542/16832)
[epoch 15][val][end] val_loss=0.61667,val_acc:0.83523(1176/1408)
[epoch 16][train][end] train_loss=0.18902,train_acc=0.92336(15542/16832)
[epoch 16][val][end] val_loss=0.61280,val_acc:0.83523(1176/1408)
[epoch 17][train][end] train_loss=0.18931,train_acc=0.92342(15543/16832)
[epoch 17][val][end] val_loss=0.61181,val_acc:0.83523(1176/1408)
[epoch 18][train][end] train_loss=0.18898,train_acc=0.92348(15544/16832)
[epoch 18][val][end] val_loss=0.61678,val_acc:0.83239(1172/1408)
[epoch 19][train][end] train_loss=0.18937,train_acc=0.92348(15544/16832)
[epoch 19][val][end] val_loss=0.61801,val_acc:0.83239(1172/1408)
[[1183, 73, 95, 46], [81, 1991, 20, 67], [111, 32, 361, 32], [61, 88, 31, 497]]
{'Pression': 0.8054052632462461, 'Recall': 0.7941573463299894, 'F1': 0.7997417578412844, 'Acc': 0.8454602642063326}

[RNN=LSTM,DETECTION=cascade_rcnn_r101,BIDIRECTIONAL=True,FUN=None]
[epoch 0][train][end] train_loss=0.44468,train_acc=0.82836(13943/16832)
[epoch 0][val][end] val_loss=0.60982,val_acc:0.79545(1120/1408)
[epoch 0][save_best_output_params]
[epoch 1][train][end] train_loss=0.23912,train_acc=0.90732(15272/16832)
[epoch 1][val][end] val_loss=0.59586,val_acc:0.82955(1168/1408)
[epoch 1][save_best_output_params]
[epoch 2][train][end] train_loss=0.22720,train_acc=0.90928(15305/16832)
[epoch 2][val][end] val_loss=0.65197,val_acc:0.81179(1143/1408)
[epoch 3][train][end] train_loss=0.21851,train_acc=0.91344(15375/16832)
[epoch 3][val][end] val_loss=0.58563,val_acc:0.82599(1163/1408)
[epoch 3][save_best_output_params]
[epoch 4][train][end] train_loss=0.21259,train_acc=0.91451(15393/16832)
[epoch 4][val][end] val_loss=0.56765,val_acc:0.83239(1172/1408)
[epoch 4][save_best_output_params]
[epoch 5][train][end] train_loss=0.19831,train_acc=0.92057(15495/16832)
[epoch 5][val][end] val_loss=0.57289,val_acc:0.83523(1176/1408)
[epoch 6][train][end] train_loss=0.19449,train_acc=0.92158(15512/16832)
[epoch 6][val][end] val_loss=0.58460,val_acc:0.83523(1176/1408)
[epoch 7][train][end] train_loss=0.19247,train_acc=0.92199(15519/16832)
[epoch 7][val][end] val_loss=0.59536,val_acc:0.83097(1170/1408)
[epoch 8][train][end] train_loss=0.19130,train_acc=0.92241(15526/16832)
[epoch 8][val][end] val_loss=0.56804,val_acc:0.84375(1188/1408)
[epoch 9][train][end] train_loss=0.19102,train_acc=0.92140(15509/16832)
[epoch 9][val][end] val_loss=0.59145,val_acc:0.83665(1178/1408)
[epoch 10][train][end] train_loss=0.18695,train_acc=0.92473(15565/16832)
[epoch 10][val][end] val_loss=0.60539,val_acc:0.83239(1172/1408)
[epoch 11][train][end] train_loss=0.18620,train_acc=0.92455(15562/16832)
[epoch 11][val][end] val_loss=0.59732,val_acc:0.82457(1161/1408)
[epoch 12][train][end] train_loss=0.18744,train_acc=0.92485(15567/16832)
[epoch 12][val][end] val_loss=0.60352,val_acc:0.82528(1162/1408)
[epoch 13][train][end] train_loss=0.18688,train_acc=0.92431(15558/16832)
[epoch 13][val][end] val_loss=0.60013,val_acc:0.83026(1169/1408)
[epoch 14][train][end] train_loss=0.18645,train_acc=0.92508(15571/16832)
[epoch 14][val][end] val_loss=0.59725,val_acc:0.83523(1176/1408)
[epoch 15][train][end] train_loss=0.18619,train_acc=0.92502(15570/16832)
[epoch 15][val][end] val_loss=0.59684,val_acc:0.83452(1175/1408)
[epoch 16][train][end] train_loss=0.18559,train_acc=0.92508(15571/16832)
[epoch 16][val][end] val_loss=0.59349,val_acc:0.83381(1174/1408)
[epoch 17][train][end] train_loss=0.18660,train_acc=0.92502(15570/16832)
[epoch 17][val][end] val_loss=0.59839,val_acc:0.83310(1173/1408)
[epoch 18][train][end] train_loss=0.18598,train_acc=0.92479(15566/16832)
[epoch 18][val][end] val_loss=0.60246,val_acc:0.83239(1172/1408)
[epoch 19][train][end] train_loss=0.18641,train_acc=0.92603(15587/16832)
[epoch 19][val][end] val_loss=0.59646,val_acc:0.83736(1179/1408)
[[1173, 74, 101, 49], [76, 2001, 22, 60], [108, 30, 365, 33], [64, 88, 32, 493]]
{'Pression': 0.8040561869206557, 'Recall': 0.7939143075560484, 'F1': 0.7989530633784492, 'Acc': 0.8454602642063326}

[RNN=LSTM,DETECTION=cascade_rcnn_r101,BIDIRECTIONAL=True,FUN=None]
[epoch 0][train][end] train_loss=0.38608,train_acc=0.84987(14305/16832)
[epoch 0][val][end] val_loss=0.54831,val_acc:0.84020(1183/1408)
[epoch 0][save_best_output_params]
[epoch 1][train][end] train_loss=0.24098,train_acc=0.90886(15298/16832)
[epoch 1][val][end] val_loss=0.54163,val_acc:0.83878(1181/1408)
[epoch 1][save_best_output_params]
[epoch 2][train][end] train_loss=0.22738,train_acc=0.91130(15339/16832)
[epoch 2][val][end] val_loss=0.57404,val_acc:0.83736(1179/1408)
[epoch 3][train][end] train_loss=0.21835,train_acc=0.91160(15344/16832)
[epoch 3][val][end] val_loss=0.60674,val_acc:0.79545(1120/1408)
[epoch 4][train][end] train_loss=0.21470,train_acc=0.91433(15390/16832)
[epoch 4][val][end] val_loss=0.59250,val_acc:0.84020(1183/1408)
[epoch 5][train][end] train_loss=0.19814,train_acc=0.92021(15489/16832)
[epoch 5][val][end] val_loss=0.56326,val_acc:0.83026(1169/1408)
[epoch 6][train][end] train_loss=0.19475,train_acc=0.92253(15528/16832)
[epoch 6][val][end] val_loss=0.57171,val_acc:0.84020(1183/1408)
[epoch 7][train][end] train_loss=0.19349,train_acc=0.92271(15531/16832)
[epoch 7][val][end] val_loss=0.56925,val_acc:0.83665(1178/1408)
[epoch 8][train][end] train_loss=0.19174,train_acc=0.92271(15531/16832)
[epoch 8][val][end] val_loss=0.58961,val_acc:0.83949(1182/1408)
[epoch 9][train][end] train_loss=0.19126,train_acc=0.92271(15531/16832)
[epoch 9][val][end] val_loss=0.60344,val_acc:0.83807(1180/1408)
[epoch 10][train][end] train_loss=0.18836,train_acc=0.92627(15591/16832)
[epoch 10][val][end] val_loss=0.59457,val_acc:0.83523(1176/1408)
[epoch 11][train][end] train_loss=0.18788,train_acc=0.92568(15581/16832)
[epoch 11][val][end] val_loss=0.58476,val_acc:0.83665(1178/1408)
[epoch 12][train][end] train_loss=0.18744,train_acc=0.92692(15602/16832)
[epoch 12][val][end] val_loss=0.58821,val_acc:0.83736(1179/1408)
[epoch 13][train][end] train_loss=0.18706,train_acc=0.92502(15570/16832)
[epoch 13][val][end] val_loss=0.60055,val_acc:0.82955(1168/1408)
[epoch 14][train][end] train_loss=0.18737,train_acc=0.92556(15579/16832)
[epoch 14][val][end] val_loss=0.59984,val_acc:0.83736(1179/1408)
[epoch 15][train][end] train_loss=0.18666,train_acc=0.92675(15599/16832)
[epoch 15][val][end] val_loss=0.59858,val_acc:0.83736(1179/1408)
[epoch 16][train][end] train_loss=0.18698,train_acc=0.92574(15582/16832)
[epoch 16][val][end] val_loss=0.58814,val_acc:0.83878(1181/1408)
[epoch 17][train][end] train_loss=0.18694,train_acc=0.92597(15586/16832)
[epoch 17][val][end] val_loss=0.59672,val_acc:0.83878(1181/1408)
[epoch 18][train][end] train_loss=0.18663,train_acc=0.92568(15581/16832)
[epoch 18][val][end] val_loss=0.58994,val_acc:0.83878(1181/1408)
[epoch 19][train][end] train_loss=0.18687,train_acc=0.92692(15602/16832)
[epoch 19][val][end] val_loss=0.58698,val_acc:0.83665(1178/1408)
[[1178, 76, 97, 46], [69, 2001, 23, 66], [112, 32, 358, 34], [63, 88, 31, 495]]
{'Pression': 0.803692224485554, 'Recall': 0.7922827091369588, 'F1': 0.7979466838898748, 'Acc': 0.8454602642063326}

[RNN=LSTM,DETECTION=cascade_rcnn_r101,BIDIRECTIONAL=True,FUN=None]
[epoch 0][train][end] train_loss=0.40527,train_acc=0.83811(14107/16832)
[epoch 0][val][end] val_loss=0.54209,val_acc:0.82741(1165/1408)
[epoch 0][save_best_output_params]
[epoch 1][train][end] train_loss=0.24138,train_acc=0.90762(15277/16832)
[epoch 1][val][end] val_loss=0.63255,val_acc:0.82599(1163/1408)
[epoch 2][train][end] train_loss=0.23361,train_acc=0.91041(15324/16832)
[epoch 2][val][end] val_loss=0.59734,val_acc:0.83381(1174/1408)
[epoch 3][train][end] train_loss=0.22422,train_acc=0.91100(15334/16832)
[epoch 3][val][end] val_loss=0.54906,val_acc:0.84304(1187/1408)
[epoch 4][train][end] train_loss=0.21831,train_acc=0.91385(15382/16832)
[epoch 4][val][end] val_loss=0.60479,val_acc:0.83594(1177/1408)
[epoch 5][train][end] train_loss=0.20073,train_acc=0.91997(15485/16832)
[epoch 5][val][end] val_loss=0.60701,val_acc:0.82031(1155/1408)
[epoch 6][train][end] train_loss=0.19664,train_acc=0.92110(15504/16832)
[epoch 6][val][end] val_loss=0.60016,val_acc:0.82173(1157/1408)
[epoch 7][train][end] train_loss=0.19476,train_acc=0.92235(15525/16832)
[epoch 7][val][end] val_loss=0.60251,val_acc:0.82884(1167/1408)
[epoch 8][train][end] train_loss=0.19341,train_acc=0.92235(15525/16832)
[epoch 8][val][end] val_loss=0.59482,val_acc:0.84020(1183/1408)
[epoch 9][train][end] train_loss=0.19252,train_acc=0.92223(15523/16832)
[epoch 9][val][end] val_loss=0.62019,val_acc:0.83594(1177/1408)
[epoch 10][train][end] train_loss=0.18940,train_acc=0.92520(15573/16832)
[epoch 10][val][end] val_loss=0.60992,val_acc:0.83310(1173/1408)
[epoch 11][train][end] train_loss=0.18877,train_acc=0.92502(15570/16832)
[epoch 11][val][end] val_loss=0.60938,val_acc:0.83523(1176/1408)
[epoch 12][train][end] train_loss=0.18864,train_acc=0.92496(15569/16832)
[epoch 12][val][end] val_loss=0.60989,val_acc:0.83736(1179/1408)
[epoch 13][train][end] train_loss=0.18833,train_acc=0.92479(15566/16832)
[epoch 13][val][end] val_loss=0.60686,val_acc:0.83878(1181/1408)
[epoch 14][train][end] train_loss=0.18754,train_acc=0.92514(15572/16832)
[epoch 14][val][end] val_loss=0.60285,val_acc:0.83523(1176/1408)
[epoch 15][train][end] train_loss=0.18766,train_acc=0.92591(15585/16832)
[epoch 15][val][end] val_loss=0.60564,val_acc:0.83807(1180/1408)
[epoch 16][train][end] train_loss=0.18776,train_acc=0.92591(15585/16832)
[epoch 16][val][end] val_loss=0.59945,val_acc:0.83381(1174/1408)
[epoch 17][train][end] train_loss=0.18786,train_acc=0.92479(15566/16832)
[epoch 17][val][end] val_loss=0.60631,val_acc:0.83026(1169/1408)
[epoch 18][train][end] train_loss=0.18747,train_acc=0.92550(15578/16832)
[epoch 18][val][end] val_loss=0.60871,val_acc:0.83949(1182/1408)
[epoch 19][train][end] train_loss=0.18786,train_acc=0.92568(15581/16832)
[epoch 19][val][end] val_loss=0.60689,val_acc:0.83807(1180/1408)
[[1181, 72, 103, 41], [70, 2000, 20, 69], [110, 32, 362, 32], [62, 90, 31, 494]]
{'Pression': 0.8049484322355582, 'Recall': 0.7942001749209957, 'F1': 0.7995381827841297, 'Acc': 0.8465087020339694}

[RNN=LSTM,DETECTION=cascade_rcnn_r101,BIDIRECTIONAL=False,FUN=None]
[epoch 0][train][end] train_loss=0.46819,train_acc=0.81381(13698/16832)
[epoch 0][val][end] val_loss=0.65744,val_acc:0.82741(1165/1408)
[epoch 0][save_best_output_params]
[epoch 1][train][end] train_loss=0.24309,train_acc=0.90785(15281/16832)
[epoch 1][val][end] val_loss=0.58420,val_acc:0.81250(1144/1408)
[epoch 1][save_best_output_params]
[epoch 2][train][end] train_loss=0.22357,train_acc=0.91261(15361/16832)
[epoch 2][val][end] val_loss=0.56354,val_acc:0.83239(1172/1408)
[epoch 2][save_best_output_params]
[epoch 3][train][end] train_loss=0.21724,train_acc=0.91421(15388/16832)
[epoch 3][val][end] val_loss=0.58080,val_acc:0.81463(1147/1408)
[epoch 4][train][end] train_loss=0.21176,train_acc=0.91659(15428/16832)
[epoch 4][val][end] val_loss=0.57993,val_acc:0.84233(1186/1408)
[epoch 5][train][end] train_loss=0.19432,train_acc=0.92324(15540/16832)
[epoch 5][val][end] val_loss=0.59751,val_acc:0.83381(1174/1408)
[epoch 6][train][end] train_loss=0.19137,train_acc=0.92580(15583/16832)
[epoch 6][val][end] val_loss=0.59444,val_acc:0.82528(1162/1408)
[epoch 7][train][end] train_loss=0.18981,train_acc=0.92473(15565/16832)
[epoch 7][val][end] val_loss=0.60588,val_acc:0.82528(1162/1408)
[epoch 8][train][end] train_loss=0.18956,train_acc=0.92485(15567/16832)
[epoch 8][val][end] val_loss=0.59747,val_acc:0.83523(1176/1408)
[epoch 9][train][end] train_loss=0.18865,train_acc=0.92526(15574/16832)
[epoch 9][val][end] val_loss=0.60438,val_acc:0.83736(1179/1408)
[epoch 10][train][end] train_loss=0.18588,train_acc=0.92591(15585/16832)
[epoch 10][val][end] val_loss=0.60231,val_acc:0.83026(1169/1408)
[epoch 11][train][end] train_loss=0.18530,train_acc=0.92692(15602/16832)
[epoch 11][val][end] val_loss=0.59345,val_acc:0.83665(1178/1408)
[epoch 12][train][end] train_loss=0.18538,train_acc=0.92663(15597/16832)
[epoch 12][val][end] val_loss=0.59554,val_acc:0.83381(1174/1408)
[epoch 13][train][end] train_loss=0.18450,train_acc=0.92615(15589/16832)
[epoch 13][val][end] val_loss=0.60809,val_acc:0.83310(1173/1408)
[epoch 14][train][end] train_loss=0.18497,train_acc=0.92740(15610/16832)
[epoch 14][val][end] val_loss=0.60581,val_acc:0.82599(1163/1408)
[epoch 15][train][end] train_loss=0.18461,train_acc=0.92698(15603/16832)
[epoch 15][val][end] val_loss=0.60592,val_acc:0.83168(1171/1408)
[epoch 16][train][end] train_loss=0.18426,train_acc=0.92740(15610/16832)
[epoch 16][val][end] val_loss=0.60945,val_acc:0.83026(1169/1408)
[epoch 17][train][end] train_loss=0.18416,train_acc=0.92704(15604/16832)
[epoch 17][val][end] val_loss=0.61327,val_acc:0.82884(1167/1408)
[epoch 18][train][end] train_loss=0.18416,train_acc=0.92722(15607/16832)
[epoch 18][val][end] val_loss=0.61193,val_acc:0.82884(1167/1408)
[epoch 19][train][end] train_loss=0.18420,train_acc=0.92734(15609/16832)
[epoch 19][val][end] val_loss=0.60805,val_acc:0.82670(1164/1408)
[[1172, 76, 100, 49], [75, 2007, 19, 58], [115, 30, 365, 26], [67, 88, 32, 490]]
{'Pression': 0.8064733487708539, 'Recall': 0.793322290092264, 'F1': 0.7998437655448729, 'Acc': 0.8458796393373873}

[RNN=LSTM,DETECTION=cascade_rcnn_r101,BIDIRECTIONAL=False,FUN=None]
[epoch 0][train][end] train_loss=0.44274,train_acc=0.83329(14026/16832)
[epoch 0][val][end] val_loss=0.53161,val_acc:0.83736(1179/1408)
[epoch 0][save_best_output_params]
[epoch 1][train][end] train_loss=0.24127,train_acc=0.90678(15263/16832)
[epoch 1][val][end] val_loss=0.56933,val_acc:0.82244(1158/1408)
[epoch 2][train][end] train_loss=0.22698,train_acc=0.91172(15346/16832)
[epoch 2][val][end] val_loss=0.58813,val_acc:0.81818(1152/1408)
[epoch 3][train][end] train_loss=0.21862,train_acc=0.91439(15391/16832)
[epoch 3][val][end] val_loss=0.53708,val_acc:0.83665(1178/1408)
[epoch 4][train][end] train_loss=0.21545,train_acc=0.91231(15356/16832)
[epoch 4][val][end] val_loss=0.59609,val_acc:0.82670(1164/1408)
[epoch 5][train][end] train_loss=0.19854,train_acc=0.92039(15492/16832)
[epoch 5][val][end] val_loss=0.58405,val_acc:0.82955(1168/1408)
[epoch 6][train][end] train_loss=0.19483,train_acc=0.92128(15507/16832)
[epoch 6][val][end] val_loss=0.59654,val_acc:0.82244(1158/1408)
[epoch 7][train][end] train_loss=0.19397,train_acc=0.92027(15490/16832)
[epoch 7][val][end] val_loss=0.59906,val_acc:0.83381(1174/1408)
[epoch 8][train][end] train_loss=0.19322,train_acc=0.92188(15517/16832)
[epoch 8][val][end] val_loss=0.60494,val_acc:0.83168(1171/1408)
[epoch 9][train][end] train_loss=0.19230,train_acc=0.92265(15530/16832)
[epoch 9][val][end] val_loss=0.60295,val_acc:0.82315(1159/1408)
[epoch 10][train][end] train_loss=0.18994,train_acc=0.92193(15518/16832)
[epoch 10][val][end] val_loss=0.60557,val_acc:0.83452(1175/1408)
[epoch 11][train][end] train_loss=0.18886,train_acc=0.92378(15549/16832)
[epoch 11][val][end] val_loss=0.59239,val_acc:0.83239(1172/1408)
[epoch 12][train][end] train_loss=0.18934,train_acc=0.92318(15539/16832)
[epoch 12][val][end] val_loss=0.58558,val_acc:0.83665(1178/1408)
[epoch 13][train][end] train_loss=0.18841,train_acc=0.92407(15554/16832)
[epoch 13][val][end] val_loss=0.60460,val_acc:0.83452(1175/1408)
[epoch 14][train][end] train_loss=0.18898,train_acc=0.92354(15545/16832)
[epoch 14][val][end] val_loss=0.59807,val_acc:0.83807(1180/1408)
[epoch 15][train][end] train_loss=0.18773,train_acc=0.92449(15561/16832)
[epoch 15][val][end] val_loss=0.59768,val_acc:0.83168(1171/1408)
[epoch 16][train][end] train_loss=0.18745,train_acc=0.92384(15550/16832)
[epoch 16][val][end] val_loss=0.60175,val_acc:0.83807(1180/1408)
[epoch 17][train][end] train_loss=0.18816,train_acc=0.92431(15558/16832)
[epoch 17][val][end] val_loss=0.60029,val_acc:0.83736(1179/1408)
[epoch 18][train][end] train_loss=0.18789,train_acc=0.92461(15563/16832)
[epoch 18][val][end] val_loss=0.59959,val_acc:0.83239(1172/1408)
[epoch 19][train][end] train_loss=0.18855,train_acc=0.92401(15553/16832)
[epoch 19][val][end] val_loss=0.60383,val_acc:0.83665(1178/1408)
[[1183, 74, 95, 45], [73, 2008, 18, 60], [104, 33, 367, 32], [66, 92, 29, 490]]
{'Pression': 0.8104866082611263, 'Recall': 0.7963394241994032, 'F1': 0.803350737298746, 'Acc': 0.8488152652547704}

[RNN=LSTM,DETECTION=cascade_rcnn_r101,BIDIRECTIONAL=False,FUN=None]
[epoch 0][train][end] train_loss=0.47819,train_acc=0.81232(13673/16832)
[epoch 0][val][end] val_loss=0.52963,val_acc:0.83452(1175/1408)
[epoch 0][save_best_output_params]
[epoch 1][train][end] train_loss=0.24123,train_acc=0.90809(15285/16832)
[epoch 1][val][end] val_loss=0.55936,val_acc:0.81818(1152/1408)
[epoch 2][train][end] train_loss=0.23164,train_acc=0.90940(15307/16832)
[epoch 2][val][end] val_loss=0.61655,val_acc:0.82031(1155/1408)
[epoch 3][train][end] train_loss=0.21968,train_acc=0.91267(15362/16832)
[epoch 3][val][end] val_loss=0.61233,val_acc:0.82884(1167/1408)
[epoch 4][train][end] train_loss=0.21497,train_acc=0.91546(15409/16832)
[epoch 4][val][end] val_loss=0.60100,val_acc:0.82599(1163/1408)
[epoch 5][train][end] train_loss=0.20041,train_acc=0.92075(15498/16832)
[epoch 5][val][end] val_loss=0.58566,val_acc:0.82599(1163/1408)
[epoch 6][train][end] train_loss=0.19583,train_acc=0.92087(15500/16832)
[epoch 6][val][end] val_loss=0.59757,val_acc:0.82955(1168/1408)
[epoch 7][train][end] train_loss=0.19431,train_acc=0.92217(15522/16832)
[epoch 7][val][end] val_loss=0.58662,val_acc:0.83594(1177/1408)
[epoch 8][train][end] train_loss=0.19352,train_acc=0.92360(15546/16832)
[epoch 8][val][end] val_loss=0.58797,val_acc:0.83381(1174/1408)
[epoch 9][train][end] train_loss=0.19231,train_acc=0.92247(15527/16832)
[epoch 9][val][end] val_loss=0.59200,val_acc:0.82528(1162/1408)
[epoch 10][train][end] train_loss=0.18980,train_acc=0.92461(15563/16832)
[epoch 10][val][end] val_loss=0.58617,val_acc:0.83239(1172/1408)
[epoch 11][train][end] train_loss=0.18923,train_acc=0.92544(15577/16832)
[epoch 11][val][end] val_loss=0.59051,val_acc:0.83168(1171/1408)
[epoch 12][train][end] train_loss=0.18894,train_acc=0.92502(15570/16832)
[epoch 12][val][end] val_loss=0.59404,val_acc:0.82812(1166/1408)
[epoch 13][train][end] train_loss=0.18914,train_acc=0.92485(15567/16832)
[epoch 13][val][end] val_loss=0.59328,val_acc:0.83026(1169/1408)
[epoch 14][train][end] train_loss=0.18872,train_acc=0.92574(15582/16832)
[epoch 14][val][end] val_loss=0.59163,val_acc:0.83168(1171/1408)
[epoch 15][train][end] train_loss=0.18817,train_acc=0.92479(15566/16832)
[epoch 15][val][end] val_loss=0.57418,val_acc:0.83665(1178/1408)
[epoch 16][train][end] train_loss=0.18838,train_acc=0.92562(15580/16832)
[epoch 16][val][end] val_loss=0.59209,val_acc:0.82884(1167/1408)
[epoch 17][train][end] train_loss=0.18778,train_acc=0.92615(15589/16832)
[epoch 17][val][end] val_loss=0.58735,val_acc:0.83239(1172/1408)
[epoch 18][train][end] train_loss=0.18800,train_acc=0.92574(15582/16832)
[epoch 18][val][end] val_loss=0.59409,val_acc:0.82884(1167/1408)
[epoch 19][train][end] train_loss=0.18782,train_acc=0.92520(15573/16832)
[epoch 19][val][end] val_loss=0.58797,val_acc:0.83239(1172/1408)
[[1182, 72, 93, 50], [71, 2004, 20, 64], [108, 31, 364, 33], [70, 85, 28, 494]]
{'Pression': 0.807923072452803, 'Recall': 0.7957751430421985, 'F1': 0.8018030977851716, 'Acc': 0.8479765149926609}

[RNN=LSTM,DETECTION=cascade_rcnn_r101,BIDIRECTIONAL=False,FUN=None]
[epoch 0][train][end] train_loss=0.45235,train_acc=0.82159(13829/16832)
[epoch 0][val][end] val_loss=0.54685,val_acc:0.84091(1184/1408)
[epoch 0][save_best_output_params]
[epoch 1][train][end] train_loss=0.23925,train_acc=0.90774(15279/16832)
[epoch 1][val][end] val_loss=0.63422,val_acc:0.81676(1150/1408)
[epoch 2][train][end] train_loss=0.22933,train_acc=0.90999(15317/16832)
[epoch 2][val][end] val_loss=0.55495,val_acc:0.82670(1164/1408)
[epoch 3][train][end] train_loss=0.21812,train_acc=0.91308(15369/16832)
[epoch 3][val][end] val_loss=0.58100,val_acc:0.83381(1174/1408)
[epoch 4][train][end] train_loss=0.21399,train_acc=0.91415(15387/16832)
[epoch 4][val][end] val_loss=0.57123,val_acc:0.84091(1184/1408)
[epoch 5][train][end] train_loss=0.19738,train_acc=0.92223(15523/16832)
[epoch 5][val][end] val_loss=0.57848,val_acc:0.84020(1183/1408)
[epoch 6][train][end] train_loss=0.19347,train_acc=0.92277(15532/16832)
[epoch 6][val][end] val_loss=0.60975,val_acc:0.82599(1163/1408)
[epoch 7][train][end] train_loss=0.19223,train_acc=0.92241(15526/16832)
[epoch 7][val][end] val_loss=0.59724,val_acc:0.83381(1174/1408)
[epoch 8][train][end] train_loss=0.19154,train_acc=0.92431(15558/16832)
[epoch 8][val][end] val_loss=0.59512,val_acc:0.83949(1182/1408)
[epoch 9][train][end] train_loss=0.19045,train_acc=0.92431(15558/16832)
[epoch 9][val][end] val_loss=0.58633,val_acc:0.83736(1179/1408)
[epoch 10][train][end] train_loss=0.18727,train_acc=0.92550(15578/16832)
[epoch 10][val][end] val_loss=0.59128,val_acc:0.83523(1176/1408)
[epoch 11][train][end] train_loss=0.18747,train_acc=0.92532(15575/16832)
[epoch 11][val][end] val_loss=0.60299,val_acc:0.83523(1176/1408)
[epoch 12][train][end] train_loss=0.18718,train_acc=0.92538(15576/16832)
[epoch 12][val][end] val_loss=0.60288,val_acc:0.83381(1174/1408)
[epoch 13][train][end] train_loss=0.18699,train_acc=0.92550(15578/16832)
[epoch 13][val][end] val_loss=0.60434,val_acc:0.83097(1170/1408)
[epoch 14][train][end] train_loss=0.18619,train_acc=0.92591(15585/16832)
[epoch 14][val][end] val_loss=0.61112,val_acc:0.82884(1167/1408)
[epoch 15][train][end] train_loss=0.18639,train_acc=0.92514(15572/16832)
[epoch 15][val][end] val_loss=0.60487,val_acc:0.83807(1180/1408)
[epoch 16][train][end] train_loss=0.18641,train_acc=0.92639(15593/16832)
[epoch 16][val][end] val_loss=0.60690,val_acc:0.83594(1177/1408)
[epoch 17][train][end] train_loss=0.18642,train_acc=0.92485(15567/16832)
[epoch 17][val][end] val_loss=0.60813,val_acc:0.83523(1176/1408)
[epoch 18][train][end] train_loss=0.18696,train_acc=0.92479(15566/16832)
[epoch 18][val][end] val_loss=0.60064,val_acc:0.83594(1177/1408)
[epoch 19][train][end] train_loss=0.18676,train_acc=0.92603(15587/16832)
[epoch 19][val][end] val_loss=0.60243,val_acc:0.83523(1176/1408)
[[1188, 75, 90, 44], [72, 2005, 21, 61], [112, 32, 360, 32], [65, 93, 30, 489]]
{'Pression': 0.8089331060886735, 'Recall': 0.7932526140767718, 'F1': 0.8010161280826052, 'Acc': 0.8475571398616062}

[RNN=LSTM,DETECTION=cascade_rcnn_r101,BIDIRECTIONAL=False,FUN=None]
[epoch 0][train][end] train_loss=0.47059,train_acc=0.81523(13722/16832)
[epoch 0][val][end] val_loss=0.55167,val_acc:0.80256(1130/1408)
[epoch 0][save_best_output_params]
[epoch 1][train][end] train_loss=0.23919,train_acc=0.90768(15278/16832)
[epoch 1][val][end] val_loss=0.55170,val_acc:0.81250(1144/1408)
[epoch 2][train][end] train_loss=0.22653,train_acc=0.91094(15333/16832)
[epoch 2][val][end] val_loss=0.56129,val_acc:0.80824(1138/1408)
[epoch 3][train][end] train_loss=0.21813,train_acc=0.91374(15380/16832)
[epoch 3][val][end] val_loss=0.59205,val_acc:0.82670(1164/1408)
[epoch 4][train][end] train_loss=0.21247,train_acc=0.91433(15390/16832)
[epoch 4][val][end] val_loss=0.61492,val_acc:0.81889(1153/1408)
[epoch 5][train][end] train_loss=0.19931,train_acc=0.92122(15506/16832)
[epoch 5][val][end] val_loss=0.57605,val_acc:0.83310(1173/1408)
[epoch 6][train][end] train_loss=0.19585,train_acc=0.92193(15518/16832)
[epoch 6][val][end] val_loss=0.58524,val_acc:0.83381(1174/1408)
[epoch 7][train][end] train_loss=0.19441,train_acc=0.92217(15522/16832)
[epoch 7][val][end] val_loss=0.60121,val_acc:0.82599(1163/1408)
[epoch 8][train][end] train_loss=0.19366,train_acc=0.92199(15519/16832)
[epoch 8][val][end] val_loss=0.58749,val_acc:0.83736(1179/1408)
[epoch 9][train][end] train_loss=0.19199,train_acc=0.92122(15506/16832)
[epoch 9][val][end] val_loss=0.59579,val_acc:0.83026(1169/1408)
[epoch 10][train][end] train_loss=0.18949,train_acc=0.92348(15544/16832)
[epoch 10][val][end] val_loss=0.59136,val_acc:0.83452(1175/1408)
[epoch 11][train][end] train_loss=0.18982,train_acc=0.92288(15534/16832)
[epoch 11][val][end] val_loss=0.59017,val_acc:0.83807(1180/1408)
[epoch 12][train][end] train_loss=0.18917,train_acc=0.92306(15537/16832)
[epoch 12][val][end] val_loss=0.59879,val_acc:0.83168(1171/1408)
[epoch 13][train][end] train_loss=0.18924,train_acc=0.92384(15550/16832)
[epoch 13][val][end] val_loss=0.58909,val_acc:0.83665(1178/1408)
[epoch 14][train][end] train_loss=0.18901,train_acc=0.92330(15541/16832)
[epoch 14][val][end] val_loss=0.59628,val_acc:0.83523(1176/1408)
[epoch 15][train][end] train_loss=0.18813,train_acc=0.92378(15549/16832)
[epoch 15][val][end] val_loss=0.59975,val_acc:0.83381(1174/1408)
[epoch 16][train][end] train_loss=0.18841,train_acc=0.92407(15554/16832)
[epoch 16][val][end] val_loss=0.59741,val_acc:0.83381(1174/1408)
[epoch 17][train][end] train_loss=0.18862,train_acc=0.92324(15540/16832)
[epoch 17][val][end] val_loss=0.60008,val_acc:0.83381(1174/1408)
[epoch 18][train][end] train_loss=0.18804,train_acc=0.92384(15550/16832)
[epoch 18][val][end] val_loss=0.58438,val_acc:0.83310(1173/1408)
[epoch 19][train][end] train_loss=0.18806,train_acc=0.92473(15565/16832)
[epoch 19][val][end] val_loss=0.60167,val_acc:0.83594(1177/1408)
[[1176, 78, 100, 43], [68, 2009, 18, 64], [106, 34, 364, 32], [62, 88, 30, 497]]
{'Pression': 0.8086766313464222, 'Recall': 0.7963882140240258, 'F1': 0.8024853824672775, 'Acc': 0.8483958901237156}

[RNN=GRU,DETECTION=cascade_rcnn_r101,BIDIRECTIONAL=True,FUN=None]
[epoch 0][train][end] train_loss=0.34340,train_acc=0.86633(14582/16832)
[epoch 0][val][end] val_loss=0.55651,val_acc:0.79759(1123/1408)
[epoch 0][save_best_output_params]
[epoch 1][train][end] train_loss=0.24006,train_acc=0.90536(15239/16832)
[epoch 1][val][end] val_loss=0.64699,val_acc:0.81605(1149/1408)
[epoch 2][train][end] train_loss=0.22358,train_acc=0.91195(15350/16832)
[epoch 2][val][end] val_loss=0.62740,val_acc:0.81037(1141/1408)
[epoch 3][train][end] train_loss=0.22180,train_acc=0.91243(15358/16832)
[epoch 3][val][end] val_loss=0.54268,val_acc:0.83949(1182/1408)
[epoch 3][save_best_output_params]
[epoch 4][train][end] train_loss=0.21377,train_acc=0.91362(15378/16832)
[epoch 4][val][end] val_loss=0.61913,val_acc:0.82528(1162/1408)
[epoch 5][train][end] train_loss=0.19105,train_acc=0.92360(15546/16832)
[epoch 5][val][end] val_loss=0.59430,val_acc:0.83452(1175/1408)
[epoch 6][train][end] train_loss=0.18629,train_acc=0.92425(15557/16832)
[epoch 6][val][end] val_loss=0.58148,val_acc:0.84020(1183/1408)
[epoch 7][train][end] train_loss=0.18403,train_acc=0.92758(15613/16832)
[epoch 7][val][end] val_loss=0.60294,val_acc:0.83736(1179/1408)
[epoch 8][train][end] train_loss=0.18243,train_acc=0.92752(15612/16832)
[epoch 8][val][end] val_loss=0.61223,val_acc:0.83594(1177/1408)
[epoch 9][train][end] train_loss=0.17991,train_acc=0.92847(15628/16832)
[epoch 9][val][end] val_loss=0.62481,val_acc:0.83452(1175/1408)
[epoch 10][train][end] train_loss=0.17692,train_acc=0.92883(15634/16832)
[epoch 10][val][end] val_loss=0.60537,val_acc:0.83594(1177/1408)
[epoch 11][train][end] train_loss=0.17600,train_acc=0.92883(15634/16832)
[epoch 11][val][end] val_loss=0.60257,val_acc:0.83736(1179/1408)
[epoch 12][train][end] train_loss=0.17639,train_acc=0.92859(15630/16832)
[epoch 12][val][end] val_loss=0.61632,val_acc:0.83097(1170/1408)
[epoch 13][train][end] train_loss=0.17572,train_acc=0.92894(15636/16832)
[epoch 13][val][end] val_loss=0.61869,val_acc:0.83736(1179/1408)
[epoch 14][train][end] train_loss=0.17557,train_acc=0.92865(15631/16832)
[epoch 14][val][end] val_loss=0.61843,val_acc:0.83168(1171/1408)
[epoch 15][train][end] train_loss=0.17565,train_acc=0.92912(15639/16832)
[epoch 15][val][end] val_loss=0.61894,val_acc:0.82955(1168/1408)
[epoch 16][train][end] train_loss=0.17525,train_acc=0.92978(15650/16832)
[epoch 16][val][end] val_loss=0.60889,val_acc:0.83381(1174/1408)
[epoch 17][train][end] train_loss=0.17554,train_acc=0.92912(15639/16832)
[epoch 17][val][end] val_loss=0.61880,val_acc:0.83310(1173/1408)
[epoch 18][train][end] train_loss=0.17505,train_acc=0.92948(15645/16832)
[epoch 18][val][end] val_loss=0.61927,val_acc:0.83097(1170/1408)
[epoch 19][train][end] train_loss=0.17502,train_acc=0.92972(15649/16832)
[epoch 19][val][end] val_loss=0.60990,val_acc:0.83239(1172/1408)
[[1174, 76, 97, 50], [67, 2005, 23, 64], [118, 33, 355, 30], [62, 92, 31, 492]]
{'Pression': 0.802557385040884, 'Recall': 0.7895229845332667, 'F1': 0.7959868283109075, 'Acc': 0.8442021388131684}

[RNN=GRU,DETECTION=cascade_rcnn_r101,BIDIRECTIONAL=True,FUN=None]
[epoch 0][train][end] train_loss=0.35304,train_acc=0.86918(14630/16832)
[epoch 0][val][end] val_loss=0.58917,val_acc:0.81818(1152/1408)
[epoch 0][save_best_output_params]
[epoch 1][train][end] train_loss=0.23344,train_acc=0.90898(15300/16832)
[epoch 1][val][end] val_loss=0.54627,val_acc:0.82812(1166/1408)
[epoch 1][save_best_output_params]
[epoch 2][train][end] train_loss=0.22108,train_acc=0.91374(15380/16832)
[epoch 2][val][end] val_loss=0.58132,val_acc:0.81605(1149/1408)
[epoch 3][train][end] train_loss=0.21341,train_acc=0.91582(15415/16832)
[epoch 3][val][end] val_loss=0.60625,val_acc:0.80185(1129/1408)
[epoch 4][train][end] train_loss=0.21258,train_acc=0.91558(15411/16832)
[epoch 4][val][end] val_loss=0.62787,val_acc:0.80114(1128/1408)
[epoch 5][train][end] train_loss=0.19034,train_acc=0.92407(15554/16832)
[epoch 5][val][end] val_loss=0.57642,val_acc:0.84091(1184/1408)
[epoch 6][train][end] train_loss=0.18556,train_acc=0.92621(15590/16832)
[epoch 6][val][end] val_loss=0.60095,val_acc:0.83310(1173/1408)
[epoch 7][train][end] train_loss=0.18277,train_acc=0.92710(15605/16832)
[epoch 7][val][end] val_loss=0.60619,val_acc:0.83310(1173/1408)
[epoch 8][train][end] train_loss=0.18228,train_acc=0.92728(15608/16832)
[epoch 8][val][end] val_loss=0.61123,val_acc:0.82955(1168/1408)
[epoch 9][train][end] train_loss=0.18039,train_acc=0.92586(15584/16832)
[epoch 9][val][end] val_loss=0.62954,val_acc:0.82955(1168/1408)
[epoch 10][train][end] train_loss=0.17673,train_acc=0.92954(15646/16832)
[epoch 10][val][end] val_loss=0.60601,val_acc:0.83878(1181/1408)
[epoch 11][train][end] train_loss=0.17601,train_acc=0.92900(15637/16832)
[epoch 11][val][end] val_loss=0.61833,val_acc:0.83097(1170/1408)
[epoch 12][train][end] train_loss=0.17578,train_acc=0.93079(15667/16832)
[epoch 12][val][end] val_loss=0.62151,val_acc:0.83523(1176/1408)
[epoch 13][train][end] train_loss=0.17566,train_acc=0.92930(15642/16832)
[epoch 13][val][end] val_loss=0.60979,val_acc:0.83878(1181/1408)
[epoch 14][train][end] train_loss=0.17555,train_acc=0.92960(15647/16832)
[epoch 14][val][end] val_loss=0.61852,val_acc:0.83523(1176/1408)
[epoch 15][train][end] train_loss=0.17437,train_acc=0.93061(15664/16832)
[epoch 15][val][end] val_loss=0.62663,val_acc:0.83239(1172/1408)
[epoch 16][train][end] train_loss=0.17455,train_acc=0.93091(15669/16832)
[epoch 16][val][end] val_loss=0.61996,val_acc:0.83523(1176/1408)
[epoch 17][train][end] train_loss=0.17456,train_acc=0.93073(15666/16832)
[epoch 17][val][end] val_loss=0.62310,val_acc:0.83594(1177/1408)
[epoch 18][train][end] train_loss=0.17443,train_acc=0.93073(15666/16832)
[epoch 18][val][end] val_loss=0.61775,val_acc:0.83168(1171/1408)
[epoch 19][train][end] train_loss=0.17412,train_acc=0.93049(15662/16832)
[epoch 19][val][end] val_loss=0.61826,val_acc:0.83594(1177/1408)
[[1186, 73, 86, 52], [72, 2008, 22, 57], [112, 31, 360, 33], [67, 85, 35, 490]]
{'Pression': 0.8075815928060819, 'Recall': 0.7936113635363619, 'F1': 0.8005355338281072, 'Acc': 0.8479765149926609}

[RNN=GRU,DETECTION=cascade_rcnn_r101,BIDIRECTIONAL=True,FUN=None]
[epoch 0][train][end] train_loss=0.33895,train_acc=0.87262(14688/16832)
[epoch 0][val][end] val_loss=0.51560,val_acc:0.84091(1184/1408)
[epoch 0][save_best_output_params]
[epoch 1][train][end] train_loss=0.23602,train_acc=0.90916(15303/16832)
[epoch 1][val][end] val_loss=0.57985,val_acc:0.81818(1152/1408)
[epoch 2][train][end] train_loss=0.22405,train_acc=0.91023(15321/16832)
[epoch 2][val][end] val_loss=0.68007,val_acc:0.80611(1135/1408)
[epoch 3][train][end] train_loss=0.21884,train_acc=0.91486(15399/16832)
[epoch 3][val][end] val_loss=0.64838,val_acc:0.81179(1143/1408)
[epoch 4][train][end] train_loss=0.21371,train_acc=0.91415(15387/16832)
[epoch 4][val][end] val_loss=0.60259,val_acc:0.83736(1179/1408)
[epoch 5][train][end] train_loss=0.19087,train_acc=0.92372(15548/16832)
[epoch 5][val][end] val_loss=0.58444,val_acc:0.83381(1174/1408)
[epoch 6][train][end] train_loss=0.18598,train_acc=0.92384(15550/16832)
[epoch 6][val][end] val_loss=0.59199,val_acc:0.83523(1176/1408)
[epoch 7][train][end] train_loss=0.18428,train_acc=0.92633(15592/16832)
[epoch 7][val][end] val_loss=0.60123,val_acc:0.83168(1171/1408)
[epoch 8][train][end] train_loss=0.18356,train_acc=0.92508(15571/16832)
[epoch 8][val][end] val_loss=0.60029,val_acc:0.84020(1183/1408)
[epoch 9][train][end] train_loss=0.18238,train_acc=0.92538(15576/16832)
[epoch 9][val][end] val_loss=0.60677,val_acc:0.83097(1170/1408)
[epoch 10][train][end] train_loss=0.17803,train_acc=0.92805(15621/16832)
[epoch 10][val][end] val_loss=0.61193,val_acc:0.83097(1170/1408)
[epoch 11][train][end] train_loss=0.17744,train_acc=0.92805(15621/16832)
[epoch 11][val][end] val_loss=0.62236,val_acc:0.83026(1169/1408)
[epoch 12][train][end] train_loss=0.17758,train_acc=0.92710(15605/16832)
[epoch 12][val][end] val_loss=0.60950,val_acc:0.83594(1177/1408)
[epoch 13][train][end] train_loss=0.17692,train_acc=0.92829(15625/16832)
[epoch 13][val][end] val_loss=0.61043,val_acc:0.83594(1177/1408)
[epoch 14][train][end] train_loss=0.17697,train_acc=0.92871(15632/16832)
[epoch 14][val][end] val_loss=0.61109,val_acc:0.83168(1171/1408)
[epoch 15][train][end] train_loss=0.17678,train_acc=0.92817(15623/16832)
[epoch 15][val][end] val_loss=0.61860,val_acc:0.83168(1171/1408)
[epoch 16][train][end] train_loss=0.17665,train_acc=0.92871(15632/16832)
[epoch 16][val][end] val_loss=0.61654,val_acc:0.83097(1170/1408)
[epoch 17][train][end] train_loss=0.17669,train_acc=0.92877(15633/16832)
[epoch 17][val][end] val_loss=0.61736,val_acc:0.83523(1176/1408)
[epoch 18][train][end] train_loss=0.17670,train_acc=0.92793(15619/16832)
[epoch 18][val][end] val_loss=0.60039,val_acc:0.82955(1168/1408)
[epoch 19][train][end] train_loss=0.17650,train_acc=0.92847(15628/16832)
[epoch 19][val][end] val_loss=0.61345,val_acc:0.83381(1174/1408)
[[1181, 73, 95, 48], [71, 2004, 21, 63], [117, 30, 358, 31], [67, 91, 33, 486]]
{'Pression': 0.8035402726635826, 'Recall': 0.7898434709272555, 'F1': 0.7966330026188762, 'Acc': 0.8448312015097504}

[RNN=GRU,DETECTION=cascade_rcnn_r101,BIDIRECTIONAL=True,FUN=None]
[epoch 0][train][end] train_loss=0.35937,train_acc=0.86484(14557/16832)
[epoch 0][val][end] val_loss=0.56835,val_acc:0.81392(1146/1408)
[epoch 0][save_best_output_params]
[epoch 1][train][end] train_loss=0.23378,train_acc=0.90880(15297/16832)
[epoch 1][val][end] val_loss=0.53822,val_acc:0.83807(1180/1408)
[epoch 1][save_best_output_params]
[epoch 2][train][end] train_loss=0.22247,train_acc=0.91344(15375/16832)
[epoch 2][val][end] val_loss=0.58362,val_acc:0.82741(1165/1408)
[epoch 3][train][end] train_loss=0.21763,train_acc=0.91451(15393/16832)
[epoch 3][val][end] val_loss=0.54369,val_acc:0.83878(1181/1408)
[epoch 4][train][end] train_loss=0.21107,train_acc=0.91368(15379/16832)
[epoch 4][val][end] val_loss=0.59097,val_acc:0.83736(1179/1408)
[epoch 5][train][end] train_loss=0.19288,train_acc=0.92389(15551/16832)
[epoch 5][val][end] val_loss=0.57882,val_acc:0.83381(1174/1408)
[epoch 6][train][end] train_loss=0.18663,train_acc=0.92461(15563/16832)
[epoch 6][val][end] val_loss=0.59044,val_acc:0.82670(1164/1408)
[epoch 7][train][end] train_loss=0.18459,train_acc=0.92627(15591/16832)
[epoch 7][val][end] val_loss=0.56578,val_acc:0.83168(1171/1408)
[epoch 8][train][end] train_loss=0.18308,train_acc=0.92621(15590/16832)
[epoch 8][val][end] val_loss=0.59856,val_acc:0.83594(1177/1408)
[epoch 9][train][end] train_loss=0.18252,train_acc=0.92597(15586/16832)
[epoch 9][val][end] val_loss=0.59220,val_acc:0.82457(1161/1408)
[epoch 10][train][end] train_loss=0.17804,train_acc=0.92883(15634/16832)
[epoch 10][val][end] val_loss=0.58460,val_acc:0.82528(1162/1408)
[epoch 11][train][end] train_loss=0.17772,train_acc=0.92972(15649/16832)
[epoch 11][val][end] val_loss=0.59442,val_acc:0.83097(1170/1408)
[epoch 12][train][end] train_loss=0.17775,train_acc=0.92829(15625/16832)
[epoch 12][val][end] val_loss=0.59893,val_acc:0.83097(1170/1408)
[epoch 13][train][end] train_loss=0.17822,train_acc=0.92978(15650/16832)
[epoch 13][val][end] val_loss=0.59851,val_acc:0.83097(1170/1408)
[epoch 14][train][end] train_loss=0.17728,train_acc=0.92865(15631/16832)
[epoch 14][val][end] val_loss=0.58896,val_acc:0.83168(1171/1408)
[epoch 15][train][end] train_loss=0.17673,train_acc=0.92990(15652/16832)
[epoch 15][val][end] val_loss=0.59796,val_acc:0.83026(1169/1408)
[epoch 16][train][end] train_loss=0.17667,train_acc=0.92859(15630/16832)
[epoch 16][val][end] val_loss=0.59429,val_acc:0.83026(1169/1408)
[epoch 17][train][end] train_loss=0.17681,train_acc=0.92954(15646/16832)
[epoch 17][val][end] val_loss=0.60210,val_acc:0.82884(1167/1408)
[epoch 18][train][end] train_loss=0.17678,train_acc=0.92740(15610/16832)
[epoch 18][val][end] val_loss=0.60114,val_acc:0.83097(1170/1408)
[epoch 19][train][end] train_loss=0.17663,train_acc=0.92930(15642/16832)
[epoch 19][val][end] val_loss=0.60181,val_acc:0.82812(1166/1408)
[[1172, 70, 100, 55], [73, 2004, 22, 60], [111, 32, 362, 31], [67, 88, 30, 492]]
{'Pression': 0.8031130749263562, 'Recall': 0.7923142057504364, 'F1': 0.797677093522101, 'Acc': 0.8450408890752779}

[RNN=GRU,DETECTION=cascade_rcnn_r101,BIDIRECTIONAL=True,FUN=None]
[epoch 0][train][end] train_loss=0.34076,train_acc=0.86870(14622/16832)
[epoch 0][val][end] val_loss=0.54798,val_acc:0.82741(1165/1408)
[epoch 0][save_best_output_params]
[epoch 1][train][end] train_loss=0.23832,train_acc=0.90756(15276/16832)
[epoch 1][val][end] val_loss=0.59813,val_acc:0.79474(1119/1408)
[epoch 2][train][end] train_loss=0.22696,train_acc=0.91284(15365/16832)
[epoch 2][val][end] val_loss=0.58447,val_acc:0.83594(1177/1408)
[epoch 3][train][end] train_loss=0.21472,train_acc=0.91599(15418/16832)
[epoch 3][val][end] val_loss=0.61955,val_acc:0.83168(1171/1408)
[epoch 4][train][end] train_loss=0.21129,train_acc=0.91659(15428/16832)
[epoch 4][val][end] val_loss=0.60604,val_acc:0.82812(1166/1408)
[epoch 5][train][end] train_loss=0.19230,train_acc=0.92116(15505/16832)
[epoch 5][val][end] val_loss=0.59671,val_acc:0.83310(1173/1408)
[epoch 6][train][end] train_loss=0.18738,train_acc=0.92467(15564/16832)
[epoch 6][val][end] val_loss=0.61026,val_acc:0.83026(1169/1408)
[epoch 7][train][end] train_loss=0.18528,train_acc=0.92520(15573/16832)
[epoch 7][val][end] val_loss=0.61176,val_acc:0.83523(1176/1408)
[epoch 8][train][end] train_loss=0.18351,train_acc=0.92496(15569/16832)
[epoch 8][val][end] val_loss=0.61548,val_acc:0.83026(1169/1408)
[epoch 9][train][end] train_loss=0.18228,train_acc=0.92692(15602/16832)
[epoch 9][val][end] val_loss=0.59178,val_acc:0.83665(1178/1408)
[epoch 10][train][end] train_loss=0.17868,train_acc=0.92799(15620/16832)
[epoch 10][val][end] val_loss=0.61823,val_acc:0.83523(1176/1408)
[epoch 11][train][end] train_loss=0.17832,train_acc=0.92811(15622/16832)
[epoch 11][val][end] val_loss=0.60970,val_acc:0.83523(1176/1408)
[epoch 12][train][end] train_loss=0.17824,train_acc=0.92805(15621/16832)
[epoch 12][val][end] val_loss=0.61036,val_acc:0.83381(1174/1408)
[epoch 13][train][end] train_loss=0.17684,train_acc=0.92889(15635/16832)
[epoch 13][val][end] val_loss=0.62436,val_acc:0.82884(1167/1408)
[epoch 14][train][end] train_loss=0.17758,train_acc=0.92871(15632/16832)
[epoch 14][val][end] val_loss=0.61752,val_acc:0.83665(1178/1408)
[epoch 15][train][end] train_loss=0.17690,train_acc=0.92966(15648/16832)
[epoch 15][val][end] val_loss=0.62512,val_acc:0.83239(1172/1408)
[epoch 16][train][end] train_loss=0.17662,train_acc=0.92918(15640/16832)
[epoch 16][val][end] val_loss=0.62249,val_acc:0.82955(1168/1408)
[epoch 17][train][end] train_loss=0.17682,train_acc=0.92847(15628/16832)
[epoch 17][val][end] val_loss=0.62081,val_acc:0.83310(1173/1408)
[epoch 18][train][end] train_loss=0.17664,train_acc=0.92894(15636/16832)
[epoch 18][val][end] val_loss=0.61319,val_acc:0.83452(1175/1408)
[epoch 19][train][end] train_loss=0.17680,train_acc=0.92799(15620/16832)
[epoch 19][val][end] val_loss=0.62752,val_acc:0.83026(1169/1408)
[[1195, 66, 91, 45], [72, 2009, 24, 54], [112, 32, 362, 30], [66, 90, 30, 491]]
{'Pression': 0.8118394536302697, 'Recall': 0.7966398640553838, 'F1': 0.8041678433333873, 'Acc': 0.8507024533445167}

[RNN=GRU,DETECTION=cascade_rcnn_r101,BIDIRECTIONAL=False,FUN=None]
[epoch 0][train][end] train_loss=0.38736,train_acc=0.84892(14289/16832)
[epoch 0][val][end] val_loss=0.55302,val_acc:0.82173(1157/1408)
[epoch 0][save_best_output_params]
[epoch 1][train][end] train_loss=0.23525,train_acc=0.90934(15306/16832)
[epoch 1][val][end] val_loss=0.58103,val_acc:0.82315(1159/1408)
[epoch 2][train][end] train_loss=0.22227,train_acc=0.91154(15343/16832)
[epoch 2][val][end] val_loss=0.58957,val_acc:0.81818(1152/1408)
[epoch 3][train][end] train_loss=0.21628,train_acc=0.91457(15394/16832)
[epoch 3][val][end] val_loss=0.57166,val_acc:0.84162(1185/1408)
[epoch 4][train][end] train_loss=0.21662,train_acc=0.91397(15384/16832)
[epoch 4][val][end] val_loss=0.57615,val_acc:0.81463(1147/1408)
[epoch 5][train][end] train_loss=0.19546,train_acc=0.92081(15499/16832)
[epoch 5][val][end] val_loss=0.56747,val_acc:0.82741(1165/1408)
[epoch 6][train][end] train_loss=0.19047,train_acc=0.92348(15544/16832)
[epoch 6][val][end] val_loss=0.57860,val_acc:0.82386(1160/1408)
[epoch 7][train][end] train_loss=0.18933,train_acc=0.92449(15561/16832)
[epoch 7][val][end] val_loss=0.56515,val_acc:0.82955(1168/1408)
[epoch 8][train][end] train_loss=0.18768,train_acc=0.92449(15561/16832)
[epoch 8][val][end] val_loss=0.57424,val_acc:0.83239(1172/1408)
[epoch 9][train][end] train_loss=0.18660,train_acc=0.92580(15583/16832)
[epoch 9][val][end] val_loss=0.57976,val_acc:0.82670(1164/1408)
[epoch 10][train][end] train_loss=0.18440,train_acc=0.92556(15579/16832)
[epoch 10][val][end] val_loss=0.57717,val_acc:0.83310(1173/1408)
[epoch 11][train][end] train_loss=0.18363,train_acc=0.92675(15599/16832)
[epoch 11][val][end] val_loss=0.57517,val_acc:0.83452(1175/1408)
[epoch 12][train][end] train_loss=0.18291,train_acc=0.92633(15592/16832)
[epoch 12][val][end] val_loss=0.58700,val_acc:0.83168(1171/1408)
[epoch 13][train][end] train_loss=0.18336,train_acc=0.92740(15610/16832)
[epoch 13][val][end] val_loss=0.58001,val_acc:0.83594(1177/1408)
[epoch 14][train][end] train_loss=0.18292,train_acc=0.92716(15606/16832)
[epoch 14][val][end] val_loss=0.57980,val_acc:0.83239(1172/1408)
[epoch 15][train][end] train_loss=0.18254,train_acc=0.92734(15609/16832)
[epoch 15][val][end] val_loss=0.58365,val_acc:0.82955(1168/1408)
[epoch 16][train][end] train_loss=0.18252,train_acc=0.92764(15614/16832)
[epoch 16][val][end] val_loss=0.58013,val_acc:0.83594(1177/1408)
[epoch 17][train][end] train_loss=0.18244,train_acc=0.92621(15590/16832)
[epoch 17][val][end] val_loss=0.57039,val_acc:0.83736(1179/1408)
[epoch 18][train][end] train_loss=0.18250,train_acc=0.92793(15619/16832)
[epoch 18][val][end] val_loss=0.58222,val_acc:0.83026(1169/1408)
[epoch 19][train][end] train_loss=0.18284,train_acc=0.92627(15591/16832)
[epoch 19][val][end] val_loss=0.58224,val_acc:0.82955(1168/1408)
[[1155, 76, 123, 43], [74, 2009, 22, 54], [110, 32, 366, 28], [65, 89, 33, 490]]
{'Pression': 0.8007224384694619, 'Recall': 0.7909780633439892, 'F1': 0.7958204234214424, 'Acc': 0.8429440134200042}

[RNN=GRU,DETECTION=cascade_rcnn_r101,BIDIRECTIONAL=False,FUN=None]
[epoch 0][train][end] train_loss=0.37524,train_acc=0.85207(14342/16832)
[epoch 0][val][end] val_loss=0.53249,val_acc:0.83168(1171/1408)
[epoch 0][save_best_output_params]
[epoch 1][train][end] train_loss=0.23048,train_acc=0.91112(15336/16832)
[epoch 1][val][end] val_loss=0.55150,val_acc:0.82884(1167/1408)
[epoch 2][train][end] train_loss=0.22499,train_acc=0.91023(15321/16832)
[epoch 2][val][end] val_loss=0.54272,val_acc:0.83736(1179/1408)
[epoch 3][train][end] train_loss=0.21621,train_acc=0.91374(15380/16832)
[epoch 3][val][end] val_loss=0.60624,val_acc:0.81037(1141/1408)
[epoch 4][train][end] train_loss=0.21116,train_acc=0.91742(15442/16832)
[epoch 4][val][end] val_loss=0.54508,val_acc:0.83949(1182/1408)
[epoch 5][train][end] train_loss=0.19470,train_acc=0.92330(15541/16832)
[epoch 5][val][end] val_loss=0.58916,val_acc:0.82812(1166/1408)
[epoch 6][train][end] train_loss=0.19180,train_acc=0.92538(15576/16832)
[epoch 6][val][end] val_loss=0.58308,val_acc:0.83239(1172/1408)
[epoch 7][train][end] train_loss=0.19042,train_acc=0.92473(15565/16832)
[epoch 7][val][end] val_loss=0.59424,val_acc:0.82528(1162/1408)
[epoch 8][train][end] train_loss=0.18929,train_acc=0.92568(15581/16832)
[epoch 8][val][end] val_loss=0.59859,val_acc:0.81889(1153/1408)
[epoch 9][train][end] train_loss=0.18914,train_acc=0.92496(15569/16832)
[epoch 9][val][end] val_loss=0.58378,val_acc:0.83594(1177/1408)
[epoch 10][train][end] train_loss=0.18525,train_acc=0.92591(15585/16832)
[epoch 10][val][end] val_loss=0.59046,val_acc:0.83523(1176/1408)
[epoch 11][train][end] train_loss=0.18561,train_acc=0.92687(15601/16832)
[epoch 11][val][end] val_loss=0.59093,val_acc:0.82812(1166/1408)
[epoch 12][train][end] train_loss=0.18591,train_acc=0.92496(15569/16832)
[epoch 12][val][end] val_loss=0.59788,val_acc:0.83026(1169/1408)
[epoch 13][train][end] train_loss=0.18530,train_acc=0.92586(15584/16832)
[epoch 13][val][end] val_loss=0.59210,val_acc:0.83452(1175/1408)
[epoch 14][train][end] train_loss=0.18532,train_acc=0.92597(15586/16832)
[epoch 14][val][end] val_loss=0.59716,val_acc:0.82955(1168/1408)
[epoch 15][train][end] train_loss=0.18455,train_acc=0.92639(15593/16832)
[epoch 15][val][end] val_loss=0.60101,val_acc:0.82528(1162/1408)
[epoch 16][train][end] train_loss=0.18446,train_acc=0.92580(15583/16832)
[epoch 16][val][end] val_loss=0.59002,val_acc:0.83523(1176/1408)
[epoch 17][train][end] train_loss=0.18515,train_acc=0.92639(15593/16832)
[epoch 17][val][end] val_loss=0.58699,val_acc:0.83097(1170/1408)
[epoch 18][train][end] train_loss=0.18494,train_acc=0.92687(15601/16832)
[epoch 18][val][end] val_loss=0.59909,val_acc:0.82741(1165/1408)
[epoch 19][train][end] train_loss=0.18470,train_acc=0.92740(15610/16832)
[epoch 19][val][end] val_loss=0.58719,val_acc:0.82955(1168/1408)
[[1168, 72, 109, 48], [71, 2009, 18, 61], [113, 31, 358, 34], [68, 85, 29, 495]]
{'Pression': 0.8023310253019008, 'Recall': 0.7914195148972013, 'F1': 0.7968379176230158, 'Acc': 0.8450408890752779}

[RNN=GRU,DETECTION=cascade_rcnn_r101,BIDIRECTIONAL=False,FUN=None]
[epoch 0][train][end] train_loss=0.37598,train_acc=0.85409(14376/16832)
[epoch 0][val][end] val_loss=0.53148,val_acc:0.82599(1163/1408)
[epoch 0][save_best_output_params]
[epoch 1][train][end] train_loss=0.23454,train_acc=0.90756(15276/16832)
[epoch 1][val][end] val_loss=0.56479,val_acc:0.82812(1166/1408)
[epoch 2][train][end] train_loss=0.22251,train_acc=0.91082(15331/16832)
[epoch 2][val][end] val_loss=0.61733,val_acc:0.80966(1140/1408)
[epoch 3][train][end] train_loss=0.21811,train_acc=0.91475(15397/16832)
[epoch 3][val][end] val_loss=0.63245,val_acc:0.82884(1167/1408)
[epoch 4][train][end] train_loss=0.21159,train_acc=0.91611(15420/16832)
[epoch 4][val][end] val_loss=0.56635,val_acc:0.81534(1148/1408)
[epoch 5][train][end] train_loss=0.19474,train_acc=0.92348(15544/16832)
[epoch 5][val][end] val_loss=0.57621,val_acc:0.83310(1173/1408)
[epoch 6][train][end] train_loss=0.19000,train_acc=0.92508(15571/16832)
[epoch 6][val][end] val_loss=0.57551,val_acc:0.82955(1168/1408)
[epoch 7][train][end] train_loss=0.18895,train_acc=0.92336(15542/16832)
[epoch 7][val][end] val_loss=0.58525,val_acc:0.83168(1171/1408)
[epoch 8][train][end] train_loss=0.18852,train_acc=0.92490(15568/16832)
[epoch 8][val][end] val_loss=0.58701,val_acc:0.82741(1165/1408)
[epoch 9][train][end] train_loss=0.18768,train_acc=0.92419(15556/16832)
[epoch 9][val][end] val_loss=0.58914,val_acc:0.81960(1154/1408)
[epoch 10][train][end] train_loss=0.18505,train_acc=0.92591(15585/16832)
[epoch 10][val][end] val_loss=0.58443,val_acc:0.82955(1168/1408)
[epoch 11][train][end] train_loss=0.18435,train_acc=0.92776(15616/16832)
[epoch 11][val][end] val_loss=0.58751,val_acc:0.83310(1173/1408)
[epoch 12][train][end] train_loss=0.18410,train_acc=0.92633(15592/16832)
[epoch 12][val][end] val_loss=0.58800,val_acc:0.83381(1174/1408)
[epoch 13][train][end] train_loss=0.18410,train_acc=0.92645(15594/16832)
[epoch 13][val][end] val_loss=0.58584,val_acc:0.83736(1179/1408)
[epoch 14][train][end] train_loss=0.18432,train_acc=0.92633(15592/16832)
[epoch 14][val][end] val_loss=0.58176,val_acc:0.83452(1175/1408)
[epoch 15][train][end] train_loss=0.18294,train_acc=0.92687(15601/16832)
[epoch 15][val][end] val_loss=0.59165,val_acc:0.83168(1171/1408)
[epoch 16][train][end] train_loss=0.18357,train_acc=0.92669(15598/16832)
[epoch 16][val][end] val_loss=0.58849,val_acc:0.83168(1171/1408)
[epoch 17][train][end] train_loss=0.18368,train_acc=0.92639(15593/16832)
[epoch 17][val][end] val_loss=0.58571,val_acc:0.83239(1172/1408)
[epoch 18][train][end] train_loss=0.18293,train_acc=0.92692(15602/16832)
[epoch 18][val][end] val_loss=0.58376,val_acc:0.83026(1169/1408)
[epoch 19][train][end] train_loss=0.18328,train_acc=0.92734(15609/16832)
[epoch 19][val][end] val_loss=0.58904,val_acc:0.83594(1177/1408)
[[1174, 76, 98, 49], [76, 2010, 20, 53], [116, 30, 358, 32], [61, 89, 28, 499]]
{'Pression': 0.8082241745729224, 'Recall': 0.7940861435410693, 'F1': 0.8010927853959147, 'Acc': 0.8473474522960789}

[RNN=GRU,DETECTION=cascade_rcnn_r101,BIDIRECTIONAL=False,FUN=None]
[epoch 0][train][end] train_loss=0.38949,train_acc=0.84898(14290/16832)
[epoch 0][val][end] val_loss=0.50731,val_acc:0.83381(1174/1408)
[epoch 0][save_best_output_params]
[epoch 1][train][end] train_loss=0.23543,train_acc=0.91035(15323/16832)
[epoch 1][val][end] val_loss=0.55474,val_acc:0.82955(1168/1408)
[epoch 2][train][end] train_loss=0.23044,train_acc=0.91172(15346/16832)
[epoch 2][val][end] val_loss=0.55166,val_acc:0.84020(1183/1408)
[epoch 3][train][end] train_loss=0.21965,train_acc=0.91308(15369/16832)
[epoch 3][val][end] val_loss=0.60253,val_acc:0.81534(1148/1408)
[epoch 4][train][end] train_loss=0.21310,train_acc=0.91510(15403/16832)
[epoch 4][val][end] val_loss=0.61666,val_acc:0.82457(1161/1408)
[epoch 5][train][end] train_loss=0.19701,train_acc=0.92372(15548/16832)
[epoch 5][val][end] val_loss=0.58842,val_acc:0.82812(1166/1408)
[epoch 6][train][end] train_loss=0.19286,train_acc=0.92223(15523/16832)
[epoch 6][val][end] val_loss=0.56657,val_acc:0.83594(1177/1408)
[epoch 7][train][end] train_loss=0.19108,train_acc=0.92490(15568/16832)
[epoch 7][val][end] val_loss=0.58257,val_acc:0.83168(1171/1408)
[epoch 8][train][end] train_loss=0.19089,train_acc=0.92425(15557/16832)
[epoch 8][val][end] val_loss=0.57642,val_acc:0.82741(1165/1408)
[epoch 9][train][end] train_loss=0.18964,train_acc=0.92407(15554/16832)
[epoch 9][val][end] val_loss=0.57768,val_acc:0.83807(1180/1408)
[epoch 10][train][end] train_loss=0.18738,train_acc=0.92485(15567/16832)
[epoch 10][val][end] val_loss=0.58538,val_acc:0.83239(1172/1408)
[epoch 11][train][end] train_loss=0.18641,train_acc=0.92591(15585/16832)
[epoch 11][val][end] val_loss=0.58336,val_acc:0.82812(1166/1408)
[epoch 12][train][end] train_loss=0.18604,train_acc=0.92663(15597/16832)
[epoch 12][val][end] val_loss=0.58401,val_acc:0.83097(1170/1408)
[epoch 13][train][end] train_loss=0.18642,train_acc=0.92580(15583/16832)
[epoch 13][val][end] val_loss=0.59016,val_acc:0.82884(1167/1408)
[epoch 14][train][end] train_loss=0.18627,train_acc=0.92687(15601/16832)
[epoch 14][val][end] val_loss=0.58792,val_acc:0.82884(1167/1408)
[epoch 15][train][end] train_loss=0.18556,train_acc=0.92508(15571/16832)
[epoch 15][val][end] val_loss=0.59532,val_acc:0.82457(1161/1408)
[epoch 16][train][end] train_loss=0.18581,train_acc=0.92788(15618/16832)
[epoch 16][val][end] val_loss=0.58899,val_acc:0.83097(1170/1408)
[epoch 17][train][end] train_loss=0.18510,train_acc=0.92752(15612/16832)
[epoch 17][val][end] val_loss=0.58606,val_acc:0.82812(1166/1408)
[epoch 18][train][end] train_loss=0.18591,train_acc=0.92728(15608/16832)
[epoch 18][val][end] val_loss=0.58239,val_acc:0.82599(1163/1408)
[epoch 19][train][end] train_loss=0.18534,train_acc=0.92811(15622/16832)
[epoch 19][val][end] val_loss=0.58520,val_acc:0.82955(1168/1408)
[[1172, 73, 108, 44], [69, 2015, 19, 56], [113, 33, 361, 29], [62, 88, 34, 493]]
{'Pression': 0.8060091136288402, 'Recall': 0.7934908019001936, 'F1': 0.7997009711634505, 'Acc': 0.8473474522960789}

[RNN=GRU,DETECTION=cascade_rcnn_r101,BIDIRECTIONAL=False,FUN=None]
[epoch 0][train][end] train_loss=0.38407,train_acc=0.85486(14389/16832)
[epoch 0][val][end] val_loss=0.55823,val_acc:0.80540(1134/1408)
[epoch 0][save_best_output_params]
[epoch 1][train][end] train_loss=0.23115,train_acc=0.91148(15342/16832)
[epoch 1][val][end] val_loss=0.60308,val_acc:0.79759(1123/1408)
[epoch 2][train][end] train_loss=0.22282,train_acc=0.91475(15397/16832)
[epoch 2][val][end] val_loss=0.56101,val_acc:0.83239(1172/1408)
[epoch 3][train][end] train_loss=0.21622,train_acc=0.91385(15382/16832)
[epoch 3][val][end] val_loss=0.57953,val_acc:0.83026(1169/1408)
[epoch 4][train][end] train_loss=0.21125,train_acc=0.91653(15427/16832)
[epoch 4][val][end] val_loss=0.57731,val_acc:0.84162(1185/1408)
[epoch 5][train][end] train_loss=0.19374,train_acc=0.92479(15566/16832)
[epoch 5][val][end] val_loss=0.57984,val_acc:0.82955(1168/1408)
[epoch 6][train][end] train_loss=0.19011,train_acc=0.92413(15555/16832)
[epoch 6][val][end] val_loss=0.59142,val_acc:0.82102(1156/1408)
[epoch 7][train][end] train_loss=0.18727,train_acc=0.92496(15569/16832)
[epoch 7][val][end] val_loss=0.59586,val_acc:0.82599(1163/1408)
[epoch 8][train][end] train_loss=0.18602,train_acc=0.92568(15581/16832)
[epoch 8][val][end] val_loss=0.60513,val_acc:0.83310(1173/1408)
[epoch 9][train][end] train_loss=0.18580,train_acc=0.92669(15598/16832)
[epoch 9][val][end] val_loss=0.59771,val_acc:0.83026(1169/1408)
[epoch 10][train][end] train_loss=0.18272,train_acc=0.92811(15622/16832)
[epoch 10][val][end] val_loss=0.58919,val_acc:0.83097(1170/1408)
[epoch 11][train][end] train_loss=0.18212,train_acc=0.92817(15623/16832)
[epoch 11][val][end] val_loss=0.58620,val_acc:0.83310(1173/1408)
[epoch 12][train][end] train_loss=0.18245,train_acc=0.92722(15607/16832)
[epoch 12][val][end] val_loss=0.58797,val_acc:0.83665(1178/1408)
[epoch 13][train][end] train_loss=0.18209,train_acc=0.92788(15618/16832)
[epoch 13][val][end] val_loss=0.60199,val_acc:0.83381(1174/1408)
[epoch 14][train][end] train_loss=0.18155,train_acc=0.92782(15617/16832)
[epoch 14][val][end] val_loss=0.59285,val_acc:0.83239(1172/1408)
[epoch 15][train][end] train_loss=0.18157,train_acc=0.92847(15628/16832)
[epoch 15][val][end] val_loss=0.59568,val_acc:0.83026(1169/1408)
[epoch 16][train][end] train_loss=0.18077,train_acc=0.92883(15634/16832)
[epoch 16][val][end] val_loss=0.59939,val_acc:0.83310(1173/1408)
[epoch 17][train][end] train_loss=0.18147,train_acc=0.92746(15611/16832)
[epoch 17][val][end] val_loss=0.60185,val_acc:0.83026(1169/1408)
[epoch 18][train][end] train_loss=0.18141,train_acc=0.92799(15620/16832)
[epoch 18][val][end] val_loss=0.59272,val_acc:0.83310(1173/1408)
[epoch 19][train][end] train_loss=0.18112,train_acc=0.92746(15611/16832)
[epoch 19][val][end] val_loss=0.59632,val_acc:0.83026(1169/1408)
[[1173, 76, 101, 47], [76, 2004, 23, 56], [114, 31, 359, 32], [70, 87, 28, 492]]
{'Pression': 0.8043833566241873, 'Recall': 0.7910939069224576, 'F1': 0.7976832848632129, 'Acc': 0.8446215139442231}

