--------------------连接全节点--------------------
[RNN=RNN,DETECTION=cascade_rcnn_r101,BIDIRECTIONAL=True,FUN=None]
[epoch 0][train][end] train_loss=0.35787,train_acc=0.86579(14573/16832)
[epoch 0][val][end] val_loss=0.53045,val_acc:0.83594(1177/1408)
[epoch 0][save_best_output_params]
[epoch 1][train][end] train_loss=0.26070,train_acc=0.90025(15153/16832)
[epoch 1][val][end] val_loss=0.57439,val_acc:0.82031(1155/1408)
[epoch 2][train][end] train_loss=0.25570,train_acc=0.90227(15187/16832)
[epoch 2][val][end] val_loss=0.58642,val_acc:0.82884(1167/1408)
[epoch 3][train][end] train_loss=0.24842,train_acc=0.90601(15250/16832)
[epoch 3][val][end] val_loss=0.56568,val_acc:0.83878(1181/1408)
[epoch 4][train][end] train_loss=0.24615,train_acc=0.90524(15237/16832)
[epoch 4][val][end] val_loss=0.54161,val_acc:0.82884(1167/1408)
[epoch 5][train][end] train_loss=0.22292,train_acc=0.91427(15389/16832)
[epoch 5][val][end] val_loss=0.55635,val_acc:0.83097(1170/1408)
[epoch 6][train][end] train_loss=0.21635,train_acc=0.91819(15455/16832)
[epoch 6][val][end] val_loss=0.55270,val_acc:0.83523(1176/1408)
[epoch 7][train][end] train_loss=0.21424,train_acc=0.91807(15453/16832)
[epoch 7][val][end] val_loss=0.54917,val_acc:0.83523(1176/1408)
[epoch 8][train][end] train_loss=0.21226,train_acc=0.91742(15442/16832)
[epoch 8][val][end] val_loss=0.57791,val_acc:0.81676(1150/1408)
[epoch 9][train][end] train_loss=0.21097,train_acc=0.91825(15456/16832)
[epoch 9][val][end] val_loss=0.55767,val_acc:0.84020(1183/1408)
[epoch 10][train][end] train_loss=0.20655,train_acc=0.92110(15504/16832)
[epoch 10][val][end] val_loss=0.55879,val_acc:0.83381(1174/1408)
[epoch 11][train][end] train_loss=0.20600,train_acc=0.92241(15526/16832)
[epoch 11][val][end] val_loss=0.55817,val_acc:0.83168(1171/1408)
[epoch 12][train][end] train_loss=0.20574,train_acc=0.92098(15502/16832)
[epoch 12][val][end] val_loss=0.56569,val_acc:0.83523(1176/1408)
[epoch 13][train][end] train_loss=0.20531,train_acc=0.92158(15512/16832)
[epoch 13][val][end] val_loss=0.55844,val_acc:0.83452(1175/1408)
[epoch 14][train][end] train_loss=0.20512,train_acc=0.92116(15505/16832)
[epoch 14][val][end] val_loss=0.56388,val_acc:0.82955(1168/1408)
[epoch 15][train][end] train_loss=0.20436,train_acc=0.92188(15517/16832)
[epoch 15][val][end] val_loss=0.55411,val_acc:0.83026(1169/1408)
[epoch 16][train][end] train_loss=0.20395,train_acc=0.92223(15523/16832)
[epoch 16][val][end] val_loss=0.56131,val_acc:0.83381(1174/1408)
[epoch 17][train][end] train_loss=0.20447,train_acc=0.92199(15519/16832)
[epoch 17][val][end] val_loss=0.57125,val_acc:0.82884(1167/1408)
[epoch 18][train][end] train_loss=0.20455,train_acc=0.92116(15505/16832)
[epoch 18][val][end] val_loss=0.57012,val_acc:0.82955(1168/1408)
[epoch 19][train][end] train_loss=0.20443,train_acc=0.92217(15522/16832)
[epoch 19][val][end] val_loss=0.57089,val_acc:0.82955(1168/1408)
[[1187, 71, 87, 52], [77, 1992, 23, 67], [98, 26, 375, 37], [59, 82, 28, 508]]
{'Pression': 0.8122327859261407, 'Recall': 0.8055808494436779, 'F1': 0.8088931423585308, 'Acc': 0.8517508911721535}

[RNN=RNN,DETECTION=cascade_rcnn_r101,BIDIRECTIONAL=True,FUN=None]
[epoch 0][train][end] train_loss=0.39183,train_acc=0.85213(14343/16832)
[epoch 0][val][end] val_loss=0.65472,val_acc:0.77770(1095/1408)
[epoch 0][save_best_output_params]
[epoch 1][train][end] train_loss=0.25925,train_acc=0.90084(15163/16832)
[epoch 1][val][end] val_loss=0.55270,val_acc:0.83523(1176/1408)
[epoch 1][save_best_output_params]
[epoch 2][train][end] train_loss=0.25247,train_acc=0.90411(15218/16832)
[epoch 2][val][end] val_loss=0.56180,val_acc:0.83310(1173/1408)
[epoch 3][train][end] train_loss=0.25100,train_acc=0.90488(15231/16832)
[epoch 3][val][end] val_loss=0.60399,val_acc:0.81108(1142/1408)
[epoch 4][train][end] train_loss=0.24445,train_acc=0.90702(15267/16832)
[epoch 4][val][end] val_loss=0.63536,val_acc:0.78835(1110/1408)
[epoch 5][train][end] train_loss=0.22002,train_acc=0.91445(15392/16832)
[epoch 5][val][end] val_loss=0.55187,val_acc:0.82244(1158/1408)
[epoch 5][save_best_output_params]
[epoch 6][train][end] train_loss=0.21394,train_acc=0.91843(15459/16832)
[epoch 6][val][end] val_loss=0.55923,val_acc:0.82741(1165/1408)
[epoch 7][train][end] train_loss=0.21298,train_acc=0.91849(15460/16832)
[epoch 7][val][end] val_loss=0.56739,val_acc:0.82102(1156/1408)
[epoch 8][train][end] train_loss=0.21061,train_acc=0.91831(15457/16832)
[epoch 8][val][end] val_loss=0.54973,val_acc:0.82599(1163/1408)
[epoch 8][save_best_output_params]
[epoch 9][train][end] train_loss=0.20982,train_acc=0.91825(15456/16832)
[epoch 9][val][end] val_loss=0.55533,val_acc:0.83807(1180/1408)
[epoch 10][train][end] train_loss=0.20492,train_acc=0.92075(15498/16832)
[epoch 10][val][end] val_loss=0.55539,val_acc:0.83452(1175/1408)
[epoch 11][train][end] train_loss=0.20373,train_acc=0.92188(15517/16832)
[epoch 11][val][end] val_loss=0.56227,val_acc:0.83026(1169/1408)
[epoch 12][train][end] train_loss=0.20335,train_acc=0.92211(15521/16832)
[epoch 12][val][end] val_loss=0.56591,val_acc:0.82599(1163/1408)
[epoch 13][train][end] train_loss=0.20331,train_acc=0.92152(15511/16832)
[epoch 13][val][end] val_loss=0.56900,val_acc:0.82599(1163/1408)
[epoch 14][train][end] train_loss=0.20274,train_acc=0.92271(15531/16832)
[epoch 14][val][end] val_loss=0.56942,val_acc:0.82670(1164/1408)
[epoch 15][train][end] train_loss=0.20174,train_acc=0.92223(15523/16832)
[epoch 15][val][end] val_loss=0.56806,val_acc:0.82812(1166/1408)
[epoch 16][train][end] train_loss=0.20214,train_acc=0.92176(15515/16832)
[epoch 16][val][end] val_loss=0.56606,val_acc:0.83026(1169/1408)
[epoch 17][train][end] train_loss=0.20224,train_acc=0.92211(15521/16832)
[epoch 17][val][end] val_loss=0.56137,val_acc:0.82955(1168/1408)
[epoch 18][train][end] train_loss=0.20254,train_acc=0.92241(15526/16832)
[epoch 18][val][end] val_loss=0.55970,val_acc:0.82884(1167/1408)
[epoch 19][train][end] train_loss=0.20236,train_acc=0.92182(15516/16832)
[epoch 19][val][end] val_loss=0.56069,val_acc:0.82884(1167/1408)
[[1180, 73, 86, 58], [76, 1998, 20, 65], [104, 29, 367, 36], [63, 80, 27, 507]]
{'Pression': 0.8102522588446209, 'Recall': 0.8009223117133484, 'F1': 0.8055602714733229, 'Acc': 0.8496540155168798}

[RNN=RNN,DETECTION=cascade_rcnn_r101,BIDIRECTIONAL=True,FUN=None]
[epoch 0][train][end] train_loss=0.35135,train_acc=0.86502(14560/16832)
[epoch 0][val][end] val_loss=0.52117,val_acc:0.83736(1179/1408)
[epoch 0][save_best_output_params]
[epoch 1][train][end] train_loss=0.25959,train_acc=0.90090(15164/16832)
[epoch 1][val][end] val_loss=0.54786,val_acc:0.82315(1159/1408)
[epoch 2][train][end] train_loss=0.25606,train_acc=0.90304(15200/16832)
[epoch 2][val][end] val_loss=0.53432,val_acc:0.83665(1178/1408)
[epoch 3][train][end] train_loss=0.24968,train_acc=0.90708(15268/16832)
[epoch 3][val][end] val_loss=0.54449,val_acc:0.83949(1182/1408)
[epoch 4][train][end] train_loss=0.24401,train_acc=0.90619(15253/16832)
[epoch 4][val][end] val_loss=0.50789,val_acc:0.82812(1166/1408)
[epoch 4][save_best_output_params]
[epoch 5][train][end] train_loss=0.21958,train_acc=0.91552(15410/16832)
[epoch 5][val][end] val_loss=0.52320,val_acc:0.83097(1170/1408)
[epoch 6][train][end] train_loss=0.21412,train_acc=0.91807(15453/16832)
[epoch 6][val][end] val_loss=0.56898,val_acc:0.80469(1133/1408)
[epoch 7][train][end] train_loss=0.21258,train_acc=0.91748(15443/16832)
[epoch 7][val][end] val_loss=0.54422,val_acc:0.83239(1172/1408)
[epoch 8][train][end] train_loss=0.21110,train_acc=0.91801(15452/16832)
[epoch 8][val][end] val_loss=0.52075,val_acc:0.83310(1173/1408)
[epoch 9][train][end] train_loss=0.20902,train_acc=0.91885(15466/16832)
[epoch 9][val][end] val_loss=0.56358,val_acc:0.81605(1149/1408)
[epoch 10][train][end] train_loss=0.20517,train_acc=0.91968(15480/16832)
[epoch 10][val][end] val_loss=0.55048,val_acc:0.83168(1171/1408)
[epoch 11][train][end] train_loss=0.20490,train_acc=0.91991(15484/16832)
[epoch 11][val][end] val_loss=0.54972,val_acc:0.83239(1172/1408)
[epoch 12][train][end] train_loss=0.20372,train_acc=0.92146(15510/16832)
[epoch 12][val][end] val_loss=0.54541,val_acc:0.83452(1175/1408)
[epoch 13][train][end] train_loss=0.20327,train_acc=0.92146(15510/16832)
[epoch 13][val][end] val_loss=0.55192,val_acc:0.83381(1174/1408)
[epoch 14][train][end] train_loss=0.20335,train_acc=0.92164(15513/16832)
[epoch 14][val][end] val_loss=0.55411,val_acc:0.83381(1174/1408)
[epoch 15][train][end] train_loss=0.20239,train_acc=0.92199(15519/16832)
[epoch 15][val][end] val_loss=0.55554,val_acc:0.83452(1175/1408)
[epoch 16][train][end] train_loss=0.20265,train_acc=0.92140(15509/16832)
[epoch 16][val][end] val_loss=0.55486,val_acc:0.83594(1177/1408)
[epoch 17][train][end] train_loss=0.20245,train_acc=0.92211(15521/16832)
[epoch 17][val][end] val_loss=0.55298,val_acc:0.83310(1173/1408)
[epoch 18][train][end] train_loss=0.20274,train_acc=0.92259(15529/16832)
[epoch 18][val][end] val_loss=0.55262,val_acc:0.83665(1178/1408)
[epoch 19][train][end] train_loss=0.20248,train_acc=0.92229(15524/16832)
[epoch 19][val][end] val_loss=0.55545,val_acc:0.83168(1171/1408)
[[1183, 72, 88, 54], [75, 2002, 20, 62], [106, 30, 366, 34], [64, 86, 26, 501]]
{'Pression': 0.8110429692866984, 'Recall': 0.7992402785982676, 'F1': 0.8050983695933895, 'Acc': 0.8496540155168798}

[RNN=RNN,DETECTION=cascade_rcnn_r101,BIDIRECTIONAL=True,FUN=None]
[epoch 0][train][end] train_loss=0.36446,train_acc=0.86704(14594/16832)
[epoch 0][val][end] val_loss=0.53826,val_acc:0.81960(1154/1408)
[epoch 0][save_best_output_params]
[epoch 1][train][end] train_loss=0.26469,train_acc=0.90061(15159/16832)
[epoch 1][val][end] val_loss=0.59017,val_acc:0.81818(1152/1408)
[epoch 2][train][end] train_loss=0.25729,train_acc=0.90132(15171/16832)
[epoch 2][val][end] val_loss=0.58333,val_acc:0.80043(1127/1408)
[epoch 3][train][end] train_loss=0.25113,train_acc=0.90411(15218/16832)
[epoch 3][val][end] val_loss=0.57032,val_acc:0.83736(1179/1408)
[epoch 4][train][end] train_loss=0.24632,train_acc=0.90797(15283/16832)
[epoch 4][val][end] val_loss=0.54395,val_acc:0.82670(1164/1408)
[epoch 5][train][end] train_loss=0.22129,train_acc=0.91415(15387/16832)
[epoch 5][val][end] val_loss=0.54168,val_acc:0.83807(1180/1408)
[epoch 6][train][end] train_loss=0.21552,train_acc=0.91890(15467/16832)
[epoch 6][val][end] val_loss=0.55019,val_acc:0.83310(1173/1408)
[epoch 7][train][end] train_loss=0.21382,train_acc=0.91665(15429/16832)
[epoch 7][val][end] val_loss=0.55411,val_acc:0.82315(1159/1408)
[epoch 8][train][end] train_loss=0.21216,train_acc=0.91760(15445/16832)
[epoch 8][val][end] val_loss=0.56346,val_acc:0.81818(1152/1408)
[epoch 9][train][end] train_loss=0.21111,train_acc=0.91599(15418/16832)
[epoch 9][val][end] val_loss=0.58383,val_acc:0.82955(1168/1408)
[epoch 10][train][end] train_loss=0.20750,train_acc=0.92039(15492/16832)
[epoch 10][val][end] val_loss=0.55844,val_acc:0.83310(1173/1408)
[epoch 11][train][end] train_loss=0.20641,train_acc=0.92069(15497/16832)
[epoch 11][val][end] val_loss=0.55481,val_acc:0.83523(1176/1408)
[epoch 12][train][end] train_loss=0.20556,train_acc=0.92170(15514/16832)
[epoch 12][val][end] val_loss=0.56574,val_acc:0.83310(1173/1408)
[epoch 13][train][end] train_loss=0.20562,train_acc=0.92069(15497/16832)
[epoch 13][val][end] val_loss=0.56837,val_acc:0.82812(1166/1408)
[epoch 14][train][end] train_loss=0.20537,train_acc=0.92069(15497/16832)
[epoch 14][val][end] val_loss=0.56787,val_acc:0.82670(1164/1408)
[epoch 15][train][end] train_loss=0.20493,train_acc=0.92134(15508/16832)
[epoch 15][val][end] val_loss=0.56329,val_acc:0.82884(1167/1408)
[epoch 16][train][end] train_loss=0.20465,train_acc=0.92199(15519/16832)
[epoch 16][val][end] val_loss=0.55829,val_acc:0.83026(1169/1408)
[epoch 17][train][end] train_loss=0.20478,train_acc=0.92104(15503/16832)
[epoch 17][val][end] val_loss=0.57462,val_acc:0.82955(1168/1408)
[epoch 18][train][end] train_loss=0.20411,train_acc=0.92158(15512/16832)
[epoch 18][val][end] val_loss=0.56807,val_acc:0.83026(1169/1408)
[epoch 19][train][end] train_loss=0.20459,train_acc=0.92176(15515/16832)
[epoch 19][val][end] val_loss=0.56331,val_acc:0.83310(1173/1408)
[[1182, 71, 90, 54], [80, 1990, 19, 70], [102, 28, 371, 35], [65, 78, 28, 506]]
{'Pression': 0.8091723322836167, 'Recall': 0.8018502621493705, 'F1': 0.8054946578747376, 'Acc': 0.8490249528202978}

[RNN=RNN,DETECTION=cascade_rcnn_r101,BIDIRECTIONAL=True,FUN=None]
[epoch 0][train][end] train_loss=0.37510,train_acc=0.85462(14385/16832)
[epoch 0][val][end] val_loss=0.59713,val_acc:0.81747(1151/1408)
[epoch 0][save_best_output_params]
[epoch 1][train][end] train_loss=0.26519,train_acc=0.89989(15147/16832)
[epoch 1][val][end] val_loss=0.55171,val_acc:0.82812(1166/1408)
[epoch 1][save_best_output_params]
[epoch 2][train][end] train_loss=0.25410,train_acc=0.90173(15178/16832)
[epoch 2][val][end] val_loss=0.60372,val_acc:0.82884(1167/1408)
[epoch 3][train][end] train_loss=0.24639,train_acc=0.90589(15248/16832)
[epoch 3][val][end] val_loss=0.59559,val_acc:0.81534(1148/1408)
[epoch 4][train][end] train_loss=0.24919,train_acc=0.90417(15219/16832)
[epoch 4][val][end] val_loss=0.59774,val_acc:0.82884(1167/1408)
[epoch 5][train][end] train_loss=0.21841,train_acc=0.91688(15433/16832)
[epoch 5][val][end] val_loss=0.55339,val_acc:0.83381(1174/1408)
[epoch 6][train][end] train_loss=0.21407,train_acc=0.91837(15458/16832)
[epoch 6][val][end] val_loss=0.54993,val_acc:0.83026(1169/1408)
[epoch 6][save_best_output_params]
[epoch 7][train][end] train_loss=0.21062,train_acc=0.91950(15477/16832)
[epoch 7][val][end] val_loss=0.55369,val_acc:0.83523(1176/1408)
[epoch 8][train][end] train_loss=0.20948,train_acc=0.91867(15463/16832)
[epoch 8][val][end] val_loss=0.54897,val_acc:0.83665(1178/1408)
[epoch 8][save_best_output_params]
[epoch 9][train][end] train_loss=0.20807,train_acc=0.91938(15475/16832)
[epoch 9][val][end] val_loss=0.55592,val_acc:0.83168(1171/1408)
[epoch 10][train][end] train_loss=0.20330,train_acc=0.92241(15526/16832)
[epoch 10][val][end] val_loss=0.56540,val_acc:0.82884(1167/1408)
[epoch 11][train][end] train_loss=0.20256,train_acc=0.92128(15507/16832)
[epoch 11][val][end] val_loss=0.56748,val_acc:0.82315(1159/1408)
[epoch 12][train][end] train_loss=0.20219,train_acc=0.92128(15507/16832)
[epoch 12][val][end] val_loss=0.55562,val_acc:0.83523(1176/1408)
[epoch 13][train][end] train_loss=0.20232,train_acc=0.92199(15519/16832)
[epoch 13][val][end] val_loss=0.56370,val_acc:0.83097(1170/1408)
[epoch 14][train][end] train_loss=0.20213,train_acc=0.92122(15506/16832)
[epoch 14][val][end] val_loss=0.56089,val_acc:0.83239(1172/1408)
[epoch 15][train][end] train_loss=0.20125,train_acc=0.92140(15509/16832)
[epoch 15][val][end] val_loss=0.56086,val_acc:0.83239(1172/1408)
[epoch 16][train][end] train_loss=0.20118,train_acc=0.92229(15524/16832)
[epoch 16][val][end] val_loss=0.55283,val_acc:0.83665(1178/1408)
[epoch 17][train][end] train_loss=0.20109,train_acc=0.92146(15510/16832)
[epoch 17][val][end] val_loss=0.55605,val_acc:0.83594(1177/1408)
[epoch 18][train][end] train_loss=0.20098,train_acc=0.92235(15525/16832)
[epoch 18][val][end] val_loss=0.56231,val_acc:0.83097(1170/1408)
[epoch 19][train][end] train_loss=0.20080,train_acc=0.92193(15518/16832)
[epoch 19][val][end] val_loss=0.55684,val_acc:0.83168(1171/1408)
[[1182, 73, 91, 51], [79, 2002, 20, 58], [102, 33, 370, 31], [62, 84, 27, 504]]
{'Pression': 0.8134375011097064, 'Recall': 0.8020348239925289, 'F1': 0.8076959201268377, 'Acc': 0.8509121409100441}

[RNN=RNN,DETECTION=cascade_rcnn_r101,BIDIRECTIONAL=False,FUN=None]
[epoch 0][train][end] train_loss=0.36495,train_acc=0.85902(14459/16832)
[epoch 0][val][end] val_loss=0.56318,val_acc:0.80895(1139/1408)
[epoch 0][save_best_output_params]
[epoch 1][train][end] train_loss=0.26296,train_acc=0.89936(15138/16832)
[epoch 1][val][end] val_loss=0.54997,val_acc:0.82102(1156/1408)
[epoch 1][save_best_output_params]
[epoch 2][train][end] train_loss=0.25414,train_acc=0.90411(15218/16832)
[epoch 2][val][end] val_loss=0.54841,val_acc:0.80824(1138/1408)
[epoch 2][save_best_output_params]
[epoch 3][train][end] train_loss=0.24555,train_acc=0.90809(15285/16832)
[epoch 3][val][end] val_loss=0.54202,val_acc:0.83097(1170/1408)
[epoch 3][save_best_output_params]
[epoch 4][train][end] train_loss=0.24591,train_acc=0.90714(15269/16832)
[epoch 4][val][end] val_loss=0.63549,val_acc:0.81889(1153/1408)
[epoch 5][train][end] train_loss=0.22512,train_acc=0.91492(15400/16832)
[epoch 5][val][end] val_loss=0.55525,val_acc:0.82955(1168/1408)
[epoch 6][train][end] train_loss=0.21813,train_acc=0.91784(15449/16832)
[epoch 6][val][end] val_loss=0.54326,val_acc:0.83239(1172/1408)
[epoch 7][train][end] train_loss=0.21694,train_acc=0.91706(15436/16832)
[epoch 7][val][end] val_loss=0.54814,val_acc:0.82315(1159/1408)
[epoch 8][train][end] train_loss=0.21534,train_acc=0.91801(15452/16832)
[epoch 8][val][end] val_loss=0.54254,val_acc:0.83665(1178/1408)
[epoch 9][train][end] train_loss=0.21516,train_acc=0.91718(15438/16832)
[epoch 9][val][end] val_loss=0.55977,val_acc:0.83310(1173/1408)
[epoch 10][train][end] train_loss=0.21107,train_acc=0.92039(15492/16832)
[epoch 10][val][end] val_loss=0.55568,val_acc:0.83026(1169/1408)
[epoch 11][train][end] train_loss=0.21035,train_acc=0.92045(15493/16832)
[epoch 11][val][end] val_loss=0.55263,val_acc:0.83310(1173/1408)
[epoch 12][train][end] train_loss=0.20976,train_acc=0.92092(15501/16832)
[epoch 12][val][end] val_loss=0.56136,val_acc:0.83594(1177/1408)
[epoch 13][train][end] train_loss=0.21025,train_acc=0.92104(15503/16832)
[epoch 13][val][end] val_loss=0.56179,val_acc:0.83310(1173/1408)
[epoch 14][train][end] train_loss=0.20976,train_acc=0.92057(15495/16832)
[epoch 14][val][end] val_loss=0.56617,val_acc:0.82884(1167/1408)
[epoch 15][train][end] train_loss=0.20945,train_acc=0.92158(15512/16832)
[epoch 15][val][end] val_loss=0.56178,val_acc:0.83026(1169/1408)
[epoch 16][train][end] train_loss=0.20940,train_acc=0.92110(15504/16832)
[epoch 16][val][end] val_loss=0.56379,val_acc:0.83239(1172/1408)
[epoch 17][train][end] train_loss=0.20951,train_acc=0.92104(15503/16832)
[epoch 17][val][end] val_loss=0.56008,val_acc:0.83310(1173/1408)
[epoch 18][train][end] train_loss=0.20876,train_acc=0.92104(15503/16832)
[epoch 18][val][end] val_loss=0.56287,val_acc:0.83239(1172/1408)
[epoch 19][train][end] train_loss=0.20946,train_acc=0.92098(15502/16832)
[epoch 19][val][end] val_loss=0.56508,val_acc:0.83310(1173/1408)
[[1189, 70, 93, 45], [80, 1991, 21, 67], [101, 27, 371, 37], [62, 81, 28, 506]]
{'Pression': 0.8109894399183329, 'Recall': 0.8032187408221567, 'F1': 0.8070853865360169, 'Acc': 0.8507024533445167}

[RNN=RNN,DETECTION=cascade_rcnn_r101,BIDIRECTIONAL=False,FUN=None]
[epoch 0][train][end] train_loss=0.42622,train_acc=0.83436(14044/16832)
[epoch 0][val][end] val_loss=0.53832,val_acc:0.80114(1128/1408)
[epoch 0][save_best_output_params]
[epoch 1][train][end] train_loss=0.26312,train_acc=0.90031(15154/16832)
[epoch 1][val][end] val_loss=0.56426,val_acc:0.83310(1173/1408)
[epoch 2][train][end] train_loss=0.24915,train_acc=0.90779(15280/16832)
[epoch 2][val][end] val_loss=0.53485,val_acc:0.81889(1153/1408)
[epoch 2][save_best_output_params]
[epoch 3][train][end] train_loss=0.24650,train_acc=0.90625(15254/16832)
[epoch 3][val][end] val_loss=0.58080,val_acc:0.80682(1136/1408)
[epoch 4][train][end] train_loss=0.24343,train_acc=0.90750(15275/16832)
[epoch 4][val][end] val_loss=0.60976,val_acc:0.80398(1132/1408)
[epoch 5][train][end] train_loss=0.22338,train_acc=0.91338(15374/16832)
[epoch 5][val][end] val_loss=0.56098,val_acc:0.82670(1164/1408)
[epoch 6][train][end] train_loss=0.21830,train_acc=0.91671(15430/16832)
[epoch 6][val][end] val_loss=0.56223,val_acc:0.81108(1142/1408)
[epoch 7][train][end] train_loss=0.21595,train_acc=0.91831(15457/16832)
[epoch 7][val][end] val_loss=0.54962,val_acc:0.83168(1171/1408)
[epoch 8][train][end] train_loss=0.21593,train_acc=0.91665(15429/16832)
[epoch 8][val][end] val_loss=0.54571,val_acc:0.83239(1172/1408)
[epoch 9][train][end] train_loss=0.21435,train_acc=0.91831(15457/16832)
[epoch 9][val][end] val_loss=0.54494,val_acc:0.82386(1160/1408)
[epoch 10][train][end] train_loss=0.21107,train_acc=0.91748(15443/16832)
[epoch 10][val][end] val_loss=0.54229,val_acc:0.82599(1163/1408)
[epoch 11][train][end] train_loss=0.21009,train_acc=0.91920(15472/16832)
[epoch 11][val][end] val_loss=0.55212,val_acc:0.83239(1172/1408)
[epoch 12][train][end] train_loss=0.21029,train_acc=0.91890(15467/16832)
[epoch 12][val][end] val_loss=0.55823,val_acc:0.82955(1168/1408)
[epoch 13][train][end] train_loss=0.20980,train_acc=0.91885(15466/16832)
[epoch 13][val][end] val_loss=0.55527,val_acc:0.82741(1165/1408)
[epoch 14][train][end] train_loss=0.20994,train_acc=0.91908(15470/16832)
[epoch 14][val][end] val_loss=0.54899,val_acc:0.83310(1173/1408)
[epoch 15][train][end] train_loss=0.20941,train_acc=0.91813(15454/16832)
[epoch 15][val][end] val_loss=0.55461,val_acc:0.83026(1169/1408)
[epoch 16][train][end] train_loss=0.20903,train_acc=0.91831(15457/16832)
[epoch 16][val][end] val_loss=0.55579,val_acc:0.83026(1169/1408)
[epoch 17][train][end] train_loss=0.20896,train_acc=0.91873(15464/16832)
[epoch 17][val][end] val_loss=0.54285,val_acc:0.83381(1174/1408)
[epoch 18][train][end] train_loss=0.20898,train_acc=0.91902(15469/16832)
[epoch 18][val][end] val_loss=0.55750,val_acc:0.82884(1167/1408)
[epoch 19][train][end] train_loss=0.20906,train_acc=0.91890(15467/16832)
[epoch 19][val][end] val_loss=0.55243,val_acc:0.83239(1172/1408)
[[1186, 67, 91, 53], [78, 1994, 19, 68], [104, 26, 372, 34], [59, 79, 29, 510]]
{'Pression': 0.8116517035914653, 'Recall': 0.8049727819446647, 'F1': 0.8082984461211742, 'Acc': 0.8517508911721535}

[RNN=RNN,DETECTION=cascade_rcnn_r101,BIDIRECTIONAL=False,FUN=None]
[epoch 0][train][end] train_loss=0.39631,train_acc=0.84951(14299/16832)
[epoch 0][val][end] val_loss=0.53158,val_acc:0.84588(1191/1408)
[epoch 0][save_best_output_params]
[epoch 1][train][end] train_loss=0.25722,train_acc=0.90441(15223/16832)
[epoch 1][val][end] val_loss=0.54475,val_acc:0.83878(1181/1408)
[epoch 2][train][end] train_loss=0.25155,train_acc=0.90471(15228/16832)
[epoch 2][val][end] val_loss=0.52335,val_acc:0.83097(1170/1408)
[epoch 2][save_best_output_params]
[epoch 3][train][end] train_loss=0.24830,train_acc=0.90583(15247/16832)
[epoch 3][val][end] val_loss=0.54597,val_acc:0.83949(1182/1408)
[epoch 4][train][end] train_loss=0.24454,train_acc=0.90643(15257/16832)
[epoch 4][val][end] val_loss=0.51825,val_acc:0.84304(1187/1408)
[epoch 4][save_best_output_params]
[epoch 5][train][end] train_loss=0.22275,train_acc=0.91492(15400/16832)
[epoch 5][val][end] val_loss=0.54012,val_acc:0.83665(1178/1408)
[epoch 6][train][end] train_loss=0.21757,train_acc=0.91724(15439/16832)
[epoch 6][val][end] val_loss=0.53499,val_acc:0.83949(1182/1408)
[epoch 7][train][end] train_loss=0.21588,train_acc=0.91724(15439/16832)
[epoch 7][val][end] val_loss=0.53905,val_acc:0.84659(1192/1408)
[epoch 8][train][end] train_loss=0.21517,train_acc=0.91671(15430/16832)
[epoch 8][val][end] val_loss=0.54952,val_acc:0.83665(1178/1408)
[epoch 9][train][end] train_loss=0.21438,train_acc=0.91813(15454/16832)
[epoch 9][val][end] val_loss=0.54432,val_acc:0.82102(1156/1408)
[epoch 10][train][end] train_loss=0.20993,train_acc=0.92003(15486/16832)
[epoch 10][val][end] val_loss=0.54393,val_acc:0.83523(1176/1408)
[epoch 11][train][end] train_loss=0.20957,train_acc=0.91956(15478/16832)
[epoch 11][val][end] val_loss=0.54313,val_acc:0.83878(1181/1408)
[epoch 12][train][end] train_loss=0.20922,train_acc=0.91997(15485/16832)
[epoch 12][val][end] val_loss=0.54811,val_acc:0.83310(1173/1408)
[epoch 13][train][end] train_loss=0.20889,train_acc=0.92057(15495/16832)
[epoch 13][val][end] val_loss=0.53998,val_acc:0.84091(1184/1408)
[epoch 14][train][end] train_loss=0.20891,train_acc=0.91956(15478/16832)
[epoch 14][val][end] val_loss=0.54444,val_acc:0.84233(1186/1408)
[epoch 15][train][end] train_loss=0.20822,train_acc=0.92033(15491/16832)
[epoch 15][val][end] val_loss=0.54703,val_acc:0.83878(1181/1408)
[epoch 16][train][end] train_loss=0.20834,train_acc=0.92069(15497/16832)
[epoch 16][val][end] val_loss=0.54577,val_acc:0.83807(1180/1408)
[epoch 17][train][end] train_loss=0.20830,train_acc=0.92045(15493/16832)
[epoch 17][val][end] val_loss=0.54635,val_acc:0.83807(1180/1408)
[epoch 18][train][end] train_loss=0.20825,train_acc=0.92039(15492/16832)
[epoch 18][val][end] val_loss=0.54873,val_acc:0.83523(1176/1408)
[epoch 19][train][end] train_loss=0.20795,train_acc=0.92051(15494/16832)
[epoch 19][val][end] val_loss=0.54010,val_acc:0.83878(1181/1408)
[[1196, 69, 87, 45], [77, 1998, 19, 65], [102, 32, 371, 31], [66, 83, 29, 499]]
{'Pression': 0.8146354890026831, 'Recall': 0.8026970520600769, 'F1': 0.8086222083880007, 'Acc': 0.8521702663032082}

[RNN=RNN,DETECTION=cascade_rcnn_r101,BIDIRECTIONAL=False,FUN=None]
[epoch 0][train][end] train_loss=0.40331,train_acc=0.84446(14214/16832)
[epoch 0][val][end] val_loss=0.59607,val_acc:0.79830(1124/1408)
[epoch 0][save_best_output_params]
[epoch 1][train][end] train_loss=0.26486,train_acc=0.90156(15175/16832)
[epoch 1][val][end] val_loss=0.59456,val_acc:0.80895(1139/1408)
[epoch 1][save_best_output_params]
[epoch 2][train][end] train_loss=0.25463,train_acc=0.90411(15218/16832)
[epoch 2][val][end] val_loss=0.62695,val_acc:0.81250(1144/1408)
[epoch 3][train][end] train_loss=0.24630,train_acc=0.90572(15245/16832)
[epoch 3][val][end] val_loss=0.53828,val_acc:0.83026(1169/1408)
[epoch 3][save_best_output_params]
[epoch 4][train][end] train_loss=0.24936,train_acc=0.90518(15236/16832)
[epoch 4][val][end] val_loss=0.52782,val_acc:0.84304(1187/1408)
[epoch 4][save_best_output_params]
[epoch 5][train][end] train_loss=0.22331,train_acc=0.91433(15390/16832)
[epoch 5][val][end] val_loss=0.52903,val_acc:0.83523(1176/1408)
[epoch 6][train][end] train_loss=0.21907,train_acc=0.91605(15419/16832)
[epoch 6][val][end] val_loss=0.55367,val_acc:0.83878(1181/1408)
[epoch 7][train][end] train_loss=0.21770,train_acc=0.91742(15442/16832)
[epoch 7][val][end] val_loss=0.52391,val_acc:0.83665(1178/1408)
[epoch 7][save_best_output_params]
[epoch 8][train][end] train_loss=0.21614,train_acc=0.91754(15444/16832)
[epoch 8][val][end] val_loss=0.53807,val_acc:0.83452(1175/1408)
[epoch 9][train][end] train_loss=0.21594,train_acc=0.91653(15427/16832)
[epoch 9][val][end] val_loss=0.55649,val_acc:0.81534(1148/1408)
[epoch 10][train][end] train_loss=0.21185,train_acc=0.91843(15459/16832)
[epoch 10][val][end] val_loss=0.53920,val_acc:0.83523(1176/1408)
[epoch 11][train][end] train_loss=0.21115,train_acc=0.91962(15479/16832)
[epoch 11][val][end] val_loss=0.55031,val_acc:0.82812(1166/1408)
[epoch 12][train][end] train_loss=0.21002,train_acc=0.92027(15490/16832)
[epoch 12][val][end] val_loss=0.54021,val_acc:0.83381(1174/1408)
[epoch 13][train][end] train_loss=0.21072,train_acc=0.91873(15464/16832)
[epoch 13][val][end] val_loss=0.55228,val_acc:0.83168(1171/1408)
[epoch 14][train][end] train_loss=0.21007,train_acc=0.91980(15482/16832)
[epoch 14][val][end] val_loss=0.54698,val_acc:0.83665(1178/1408)
[epoch 15][train][end] train_loss=0.20940,train_acc=0.92009(15487/16832)
[epoch 15][val][end] val_loss=0.54838,val_acc:0.83381(1174/1408)
[epoch 16][train][end] train_loss=0.20938,train_acc=0.92092(15501/16832)
[epoch 16][val][end] val_loss=0.53862,val_acc:0.83452(1175/1408)
[epoch 17][train][end] train_loss=0.20935,train_acc=0.92069(15497/16832)
[epoch 17][val][end] val_loss=0.55373,val_acc:0.83097(1170/1408)
[epoch 18][train][end] train_loss=0.20978,train_acc=0.92081(15499/16832)
[epoch 18][val][end] val_loss=0.54755,val_acc:0.83310(1173/1408)
[epoch 19][train][end] train_loss=0.20981,train_acc=0.92063(15496/16832)
[epoch 19][val][end] val_loss=0.55378,val_acc:0.83097(1170/1408)
[[1193, 67, 89, 48], [74, 1996, 19, 70], [100, 28, 371, 37], [61, 79, 29, 508]]
{'Pression': 0.8129447451202595, 'Recall': 0.805252084619016, 'F1': 0.8090801300032667, 'Acc': 0.8530090165653177}

[RNN=RNN,DETECTION=cascade_rcnn_r101,BIDIRECTIONAL=False,FUN=None]
[epoch 0][train][end] train_loss=0.36590,train_acc=0.85979(14472/16832)
[epoch 0][val][end] val_loss=0.51709,val_acc:0.81960(1154/1408)
[epoch 0][save_best_output_params]
[epoch 1][train][end] train_loss=0.26217,train_acc=0.90274(15195/16832)
[epoch 1][val][end] val_loss=0.48887,val_acc:0.83523(1176/1408)
[epoch 1][save_best_output_params]
[epoch 2][train][end] train_loss=0.25334,train_acc=0.90423(15220/16832)
[epoch 2][val][end] val_loss=0.53235,val_acc:0.83736(1179/1408)
[epoch 3][train][end] train_loss=0.24490,train_acc=0.90637(15256/16832)
[epoch 3][val][end] val_loss=0.53782,val_acc:0.83736(1179/1408)
[epoch 4][train][end] train_loss=0.24097,train_acc=0.90774(15279/16832)
[epoch 4][val][end] val_loss=0.63774,val_acc:0.80540(1134/1408)
[epoch 5][train][end] train_loss=0.22081,train_acc=0.91582(15415/16832)
[epoch 5][val][end] val_loss=0.56762,val_acc:0.82884(1167/1408)
[epoch 6][train][end] train_loss=0.21613,train_acc=0.91831(15457/16832)
[epoch 6][val][end] val_loss=0.55727,val_acc:0.83594(1177/1408)
[epoch 7][train][end] train_loss=0.21438,train_acc=0.91778(15448/16832)
[epoch 7][val][end] val_loss=0.57061,val_acc:0.82884(1167/1408)
[epoch 8][train][end] train_loss=0.21393,train_acc=0.91772(15447/16832)
[epoch 8][val][end] val_loss=0.55859,val_acc:0.83665(1178/1408)
[epoch 9][train][end] train_loss=0.21429,train_acc=0.91599(15418/16832)
[epoch 9][val][end] val_loss=0.54138,val_acc:0.83807(1180/1408)
[epoch 10][train][end] train_loss=0.20958,train_acc=0.92033(15491/16832)
[epoch 10][val][end] val_loss=0.55258,val_acc:0.83381(1174/1408)
[epoch 11][train][end] train_loss=0.20877,train_acc=0.91991(15484/16832)
[epoch 11][val][end] val_loss=0.55191,val_acc:0.83594(1177/1408)
[epoch 12][train][end] train_loss=0.20869,train_acc=0.91944(15476/16832)
[epoch 12][val][end] val_loss=0.56382,val_acc:0.83026(1169/1408)
[epoch 13][train][end] train_loss=0.20873,train_acc=0.91997(15485/16832)
[epoch 13][val][end] val_loss=0.56035,val_acc:0.83239(1172/1408)
[epoch 14][train][end] train_loss=0.20846,train_acc=0.91997(15485/16832)
[epoch 14][val][end] val_loss=0.56219,val_acc:0.82884(1167/1408)
[epoch 15][train][end] train_loss=0.20802,train_acc=0.91962(15479/16832)
[epoch 15][val][end] val_loss=0.55604,val_acc:0.83168(1171/1408)
[epoch 16][train][end] train_loss=0.20741,train_acc=0.91968(15480/16832)
[epoch 16][val][end] val_loss=0.56210,val_acc:0.82884(1167/1408)
[epoch 17][train][end] train_loss=0.20802,train_acc=0.91920(15472/16832)
[epoch 17][val][end] val_loss=0.55938,val_acc:0.83026(1169/1408)
[epoch 18][train][end] train_loss=0.20788,train_acc=0.91944(15476/16832)
[epoch 18][val][end] val_loss=0.55855,val_acc:0.83239(1172/1408)
[epoch 19][train][end] train_loss=0.20782,train_acc=0.91962(15479/16832)
[epoch 19][val][end] val_loss=0.56049,val_acc:0.83026(1169/1408)
[[1182, 70, 93, 52], [77, 1990, 18, 74], [102, 28, 370, 36], [65, 79, 29, 504]]
{'Pression': 0.8073648042167669, 'Recall': 0.8006452918016999, 'F1': 0.8039910083439328, 'Acc': 0.8483958901237156}

[RNN=LSTM,DETECTION=cascade_rcnn_r101,BIDIRECTIONAL=True,FUN=None]
[epoch 0][train][end] train_loss=0.38371,train_acc=0.84850(14282/16832)
[epoch 0][val][end] val_loss=0.62945,val_acc:0.82386(1160/1408)
[epoch 0][save_best_output_params]
[epoch 1][train][end] train_loss=0.24264,train_acc=0.90613(15252/16832)
[epoch 1][val][end] val_loss=0.56391,val_acc:0.83168(1171/1408)
[epoch 1][save_best_output_params]
[epoch 2][train][end] train_loss=0.23065,train_acc=0.90999(15317/16832)
[epoch 2][val][end] val_loss=0.52843,val_acc:0.84375(1188/1408)
[epoch 2][save_best_output_params]
[epoch 3][train][end] train_loss=0.22075,train_acc=0.91142(15341/16832)
[epoch 3][val][end] val_loss=0.56521,val_acc:0.82884(1167/1408)
[epoch 4][train][end] train_loss=0.21451,train_acc=0.91409(15386/16832)
[epoch 4][val][end] val_loss=0.55989,val_acc:0.82386(1160/1408)
[epoch 5][train][end] train_loss=0.19858,train_acc=0.92116(15505/16832)
[epoch 5][val][end] val_loss=0.56894,val_acc:0.84233(1186/1408)
[epoch 6][train][end] train_loss=0.19511,train_acc=0.92199(15519/16832)
[epoch 6][val][end] val_loss=0.59408,val_acc:0.82812(1166/1408)
[epoch 7][train][end] train_loss=0.19403,train_acc=0.92283(15533/16832)
[epoch 7][val][end] val_loss=0.59600,val_acc:0.82528(1162/1408)
[epoch 8][train][end] train_loss=0.19230,train_acc=0.92324(15540/16832)
[epoch 8][val][end] val_loss=0.60401,val_acc:0.82670(1164/1408)
[epoch 9][train][end] train_loss=0.19241,train_acc=0.92223(15523/16832)
[epoch 9][val][end] val_loss=0.61156,val_acc:0.82386(1160/1408)
[epoch 10][train][end] train_loss=0.18895,train_acc=0.92461(15563/16832)
[epoch 10][val][end] val_loss=0.60721,val_acc:0.83310(1173/1408)
[epoch 11][train][end] train_loss=0.18865,train_acc=0.92514(15572/16832)
[epoch 11][val][end] val_loss=0.60397,val_acc:0.82955(1168/1408)
[epoch 12][train][end] train_loss=0.18811,train_acc=0.92425(15557/16832)
[epoch 12][val][end] val_loss=0.60273,val_acc:0.83523(1176/1408)
[epoch 13][train][end] train_loss=0.18850,train_acc=0.92591(15585/16832)
[epoch 13][val][end] val_loss=0.59676,val_acc:0.83026(1169/1408)
[epoch 14][train][end] train_loss=0.18824,train_acc=0.92514(15572/16832)
[epoch 14][val][end] val_loss=0.59288,val_acc:0.83665(1178/1408)
[epoch 15][train][end] train_loss=0.18802,train_acc=0.92562(15580/16832)
[epoch 15][val][end] val_loss=0.60197,val_acc:0.83452(1175/1408)
[epoch 16][train][end] train_loss=0.18732,train_acc=0.92502(15570/16832)
[epoch 16][val][end] val_loss=0.60715,val_acc:0.83168(1171/1408)
[epoch 17][train][end] train_loss=0.18753,train_acc=0.92574(15582/16832)
[epoch 17][val][end] val_loss=0.60165,val_acc:0.83310(1173/1408)
[epoch 18][train][end] train_loss=0.18779,train_acc=0.92479(15566/16832)
[epoch 18][val][end] val_loss=0.59978,val_acc:0.83665(1178/1408)
[epoch 19][train][end] train_loss=0.18725,train_acc=0.92449(15561/16832)
[epoch 19][val][end] val_loss=0.60944,val_acc:0.83452(1175/1408)
[[1185, 68, 104, 40], [76, 2000, 19, 64], [112, 32, 360, 32], [58, 90, 34, 495]]
{'Pression': 0.8055320751587631, 'Recall': 0.794352434932169, 'F1': 0.7999031946149139, 'Acc': 0.8471377647305515}

[RNN=LSTM,DETECTION=cascade_rcnn_r101,BIDIRECTIONAL=True,FUN=None]
[epoch 0][train][end] train_loss=0.39443,train_acc=0.84999(14307/16832)
[epoch 0][val][end] val_loss=0.54080,val_acc:0.83594(1177/1408)
[epoch 0][save_best_output_params]
[epoch 1][train][end] train_loss=0.24317,train_acc=0.90589(15248/16832)
[epoch 1][val][end] val_loss=0.58572,val_acc:0.80185(1129/1408)
[epoch 2][train][end] train_loss=0.22818,train_acc=0.90976(15313/16832)
[epoch 2][val][end] val_loss=0.62761,val_acc:0.81392(1146/1408)
[epoch 3][train][end] train_loss=0.21906,train_acc=0.91439(15391/16832)
[epoch 3][val][end] val_loss=0.53937,val_acc:0.84091(1184/1408)
[epoch 3][save_best_output_params]
[epoch 4][train][end] train_loss=0.21441,train_acc=0.91546(15409/16832)
[epoch 4][val][end] val_loss=0.55715,val_acc:0.82528(1162/1408)
[epoch 5][train][end] train_loss=0.20052,train_acc=0.92003(15486/16832)
[epoch 5][val][end] val_loss=0.58683,val_acc:0.83239(1172/1408)
[epoch 6][train][end] train_loss=0.19711,train_acc=0.92087(15500/16832)
[epoch 6][val][end] val_loss=0.57932,val_acc:0.83381(1174/1408)
[epoch 7][train][end] train_loss=0.19529,train_acc=0.92134(15508/16832)
[epoch 7][val][end] val_loss=0.57960,val_acc:0.83452(1175/1408)
[epoch 8][train][end] train_loss=0.19414,train_acc=0.92211(15521/16832)
[epoch 8][val][end] val_loss=0.57590,val_acc:0.84020(1183/1408)
[epoch 9][train][end] train_loss=0.19378,train_acc=0.92170(15514/16832)
[epoch 9][val][end] val_loss=0.59140,val_acc:0.83310(1173/1408)
[epoch 10][train][end] train_loss=0.19116,train_acc=0.92283(15533/16832)
[epoch 10][val][end] val_loss=0.59679,val_acc:0.83097(1170/1408)
[epoch 11][train][end] train_loss=0.19001,train_acc=0.92354(15545/16832)
[epoch 11][val][end] val_loss=0.59261,val_acc:0.83523(1176/1408)
[epoch 12][train][end] train_loss=0.19042,train_acc=0.92384(15550/16832)
[epoch 12][val][end] val_loss=0.60442,val_acc:0.82670(1164/1408)
[epoch 13][train][end] train_loss=0.19001,train_acc=0.92336(15542/16832)
[epoch 13][val][end] val_loss=0.59815,val_acc:0.83239(1172/1408)
[epoch 14][train][end] train_loss=0.19011,train_acc=0.92425(15557/16832)
[epoch 14][val][end] val_loss=0.59290,val_acc:0.83097(1170/1408)
[epoch 15][train][end] train_loss=0.18946,train_acc=0.92538(15576/16832)
[epoch 15][val][end] val_loss=0.60067,val_acc:0.82955(1168/1408)
[epoch 16][train][end] train_loss=0.18890,train_acc=0.92514(15572/16832)
[epoch 16][val][end] val_loss=0.59715,val_acc:0.83097(1170/1408)
[epoch 17][train][end] train_loss=0.18952,train_acc=0.92502(15570/16832)
[epoch 17][val][end] val_loss=0.60486,val_acc:0.83310(1173/1408)
[epoch 18][train][end] train_loss=0.18952,train_acc=0.92479(15566/16832)
[epoch 18][val][end] val_loss=0.60566,val_acc:0.82812(1166/1408)
[epoch 19][train][end] train_loss=0.18987,train_acc=0.92413(15555/16832)
[epoch 19][val][end] val_loss=0.59591,val_acc:0.83097(1170/1408)
[[1183, 71, 99, 44], [74, 2000, 20, 65], [118, 31, 356, 31], [61, 87, 34, 495]]
{'Pression': 0.8041033822994489, 'Recall': 0.7921288534836494, 'F1': 0.798071202954629, 'Acc': 0.8458796393373873}

[RNN=LSTM,DETECTION=cascade_rcnn_r101,BIDIRECTIONAL=True,FUN=None]
[epoch 0][train][end] train_loss=0.44380,train_acc=0.82896(13953/16832)
[epoch 0][val][end] val_loss=0.57171,val_acc:0.82315(1159/1408)
[epoch 0][save_best_output_params]
[epoch 1][train][end] train_loss=0.23867,train_acc=0.90803(15284/16832)
[epoch 1][val][end] val_loss=0.58338,val_acc:0.83026(1169/1408)
[epoch 2][train][end] train_loss=0.22584,train_acc=0.90958(15310/16832)
[epoch 2][val][end] val_loss=0.52647,val_acc:0.82884(1167/1408)
[epoch 2][save_best_output_params]
[epoch 3][train][end] train_loss=0.22014,train_acc=0.91267(15362/16832)
[epoch 3][val][end] val_loss=0.56533,val_acc:0.81534(1148/1408)
[epoch 4][train][end] train_loss=0.21428,train_acc=0.91290(15366/16832)
[epoch 4][val][end] val_loss=0.56305,val_acc:0.84091(1184/1408)
[epoch 5][train][end] train_loss=0.19931,train_acc=0.92009(15487/16832)
[epoch 5][val][end] val_loss=0.60295,val_acc:0.80824(1138/1408)
[epoch 6][train][end] train_loss=0.19476,train_acc=0.92110(15504/16832)
[epoch 6][val][end] val_loss=0.57814,val_acc:0.83097(1170/1408)
[epoch 7][train][end] train_loss=0.19366,train_acc=0.92170(15514/16832)
[epoch 7][val][end] val_loss=0.58747,val_acc:0.83878(1181/1408)
[epoch 8][train][end] train_loss=0.19262,train_acc=0.92259(15529/16832)
[epoch 8][val][end] val_loss=0.60942,val_acc:0.83168(1171/1408)
[epoch 9][train][end] train_loss=0.19143,train_acc=0.92205(15520/16832)
[epoch 9][val][end] val_loss=0.59003,val_acc:0.82457(1161/1408)
[epoch 10][train][end] train_loss=0.18878,train_acc=0.92265(15530/16832)
[epoch 10][val][end] val_loss=0.59535,val_acc:0.83168(1171/1408)
[epoch 11][train][end] train_loss=0.18839,train_acc=0.92342(15543/16832)
[epoch 11][val][end] val_loss=0.59180,val_acc:0.83168(1171/1408)
[epoch 12][train][end] train_loss=0.18742,train_acc=0.92443(15560/16832)
[epoch 12][val][end] val_loss=0.58737,val_acc:0.83168(1171/1408)
[epoch 13][train][end] train_loss=0.18761,train_acc=0.92485(15567/16832)
[epoch 13][val][end] val_loss=0.60076,val_acc:0.82528(1162/1408)
[epoch 14][train][end] train_loss=0.18768,train_acc=0.92413(15555/16832)
[epoch 14][val][end] val_loss=0.59835,val_acc:0.82955(1168/1408)
[epoch 15][train][end] train_loss=0.18748,train_acc=0.92437(15559/16832)
[epoch 15][val][end] val_loss=0.60310,val_acc:0.83097(1170/1408)
[epoch 16][train][end] train_loss=0.18702,train_acc=0.92544(15577/16832)
[epoch 16][val][end] val_loss=0.60191,val_acc:0.82884(1167/1408)
[epoch 17][train][end] train_loss=0.18731,train_acc=0.92467(15564/16832)
[epoch 17][val][end] val_loss=0.59748,val_acc:0.83097(1170/1408)
[epoch 18][train][end] train_loss=0.18757,train_acc=0.92461(15563/16832)
[epoch 18][val][end] val_loss=0.59796,val_acc:0.83168(1171/1408)
[epoch 19][train][end] train_loss=0.18714,train_acc=0.92431(15558/16832)
[epoch 19][val][end] val_loss=0.59878,val_acc:0.82812(1166/1408)
[[1179, 74, 102, 42], [80, 1995, 21, 63], [108, 32, 362, 34], [67, 91, 32, 487]]
{'Pression': 0.8026130411517562, 'Recall': 0.7906783598378074, 'F1': 0.7966010016349321, 'Acc': 0.8435730761165863}

[RNN=LSTM,DETECTION=cascade_rcnn_r101,BIDIRECTIONAL=True,FUN=None]
[epoch 0][train][end] train_loss=0.42804,train_acc=0.83543(14062/16832)
[epoch 0][val][end] val_loss=0.54962,val_acc:0.83239(1172/1408)
[epoch 0][save_best_output_params]
[epoch 1][train][end] train_loss=0.23926,train_acc=0.90774(15279/16832)
[epoch 1][val][end] val_loss=0.56739,val_acc:0.81747(1151/1408)
[epoch 2][train][end] train_loss=0.22889,train_acc=0.91011(15319/16832)
[epoch 2][val][end] val_loss=0.60478,val_acc:0.81321(1145/1408)
[epoch 3][train][end] train_loss=0.21835,train_acc=0.91445(15392/16832)
[epoch 3][val][end] val_loss=0.55975,val_acc:0.82457(1161/1408)
[epoch 4][train][end] train_loss=0.21032,train_acc=0.91599(15418/16832)
[epoch 4][val][end] val_loss=0.60583,val_acc:0.82457(1161/1408)
[epoch 5][train][end] train_loss=0.19504,train_acc=0.91938(15475/16832)
[epoch 5][val][end] val_loss=0.59804,val_acc:0.83736(1179/1408)
[epoch 6][train][end] train_loss=0.19180,train_acc=0.92253(15528/16832)
[epoch 6][val][end] val_loss=0.60067,val_acc:0.83239(1172/1408)
[epoch 7][train][end] train_loss=0.19026,train_acc=0.92283(15533/16832)
[epoch 7][val][end] val_loss=0.57351,val_acc:0.84020(1183/1408)
[epoch 8][train][end] train_loss=0.18957,train_acc=0.92342(15543/16832)
[epoch 8][val][end] val_loss=0.57809,val_acc:0.83665(1178/1408)
[epoch 9][train][end] train_loss=0.18848,train_acc=0.92395(15552/16832)
[epoch 9][val][end] val_loss=0.59794,val_acc:0.83381(1174/1408)
[epoch 10][train][end] train_loss=0.18566,train_acc=0.92485(15567/16832)
[epoch 10][val][end] val_loss=0.59700,val_acc:0.82884(1167/1408)
[epoch 11][train][end] train_loss=0.18464,train_acc=0.92586(15584/16832)
[epoch 11][val][end] val_loss=0.60034,val_acc:0.82884(1167/1408)
[epoch 12][train][end] train_loss=0.18437,train_acc=0.92621(15590/16832)
[epoch 12][val][end] val_loss=0.59914,val_acc:0.82741(1165/1408)
[epoch 13][train][end] train_loss=0.18466,train_acc=0.92502(15570/16832)
[epoch 13][val][end] val_loss=0.59381,val_acc:0.83452(1175/1408)
[epoch 14][train][end] train_loss=0.18395,train_acc=0.92663(15597/16832)
[epoch 14][val][end] val_loss=0.58965,val_acc:0.83381(1174/1408)
[epoch 15][train][end] train_loss=0.18373,train_acc=0.92615(15589/16832)
[epoch 15][val][end] val_loss=0.60024,val_acc:0.83168(1171/1408)
[epoch 16][train][end] train_loss=0.18396,train_acc=0.92639(15593/16832)
[epoch 16][val][end] val_loss=0.59260,val_acc:0.83310(1173/1408)
[epoch 17][train][end] train_loss=0.18439,train_acc=0.92586(15584/16832)
[epoch 17][val][end] val_loss=0.59467,val_acc:0.83452(1175/1408)
[epoch 18][train][end] train_loss=0.18288,train_acc=0.92669(15598/16832)
[epoch 18][val][end] val_loss=0.60353,val_acc:0.83523(1176/1408)
[epoch 19][train][end] train_loss=0.18372,train_acc=0.92633(15592/16832)
[epoch 19][val][end] val_loss=0.59807,val_acc:0.83381(1174/1408)
[[1182, 74, 101, 40], [78, 1994, 22, 65], [114, 33, 358, 31], [67, 87, 30, 493]]
{'Pression': 0.8039922814486943, 'Recall': 0.7914494158685429, 'F1': 0.7976715446078262, 'Acc': 0.8444118263786957}

[RNN=LSTM,DETECTION=cascade_rcnn_r101,BIDIRECTIONAL=True,FUN=None]
[epoch 0][train][end] train_loss=0.45925,train_acc=0.82599(13903/16832)
[epoch 0][val][end] val_loss=0.59426,val_acc:0.83452(1175/1408)
[epoch 0][save_best_output_params]
[epoch 1][train][end] train_loss=0.23575,train_acc=0.91082(15331/16832)
[epoch 1][val][end] val_loss=0.59160,val_acc:0.82812(1166/1408)
[epoch 1][save_best_output_params]
[epoch 2][train][end] train_loss=0.22355,train_acc=0.91273(15363/16832)
[epoch 2][val][end] val_loss=0.55836,val_acc:0.81818(1152/1408)
[epoch 2][save_best_output_params]
[epoch 3][train][end] train_loss=0.21710,train_acc=0.91380(15381/16832)
[epoch 3][val][end] val_loss=0.62351,val_acc:0.79403(1118/1408)
[epoch 4][train][end] train_loss=0.21142,train_acc=0.91587(15416/16832)
[epoch 4][val][end] val_loss=0.65293,val_acc:0.79759(1123/1408)
[epoch 5][train][end] train_loss=0.19503,train_acc=0.92122(15506/16832)
[epoch 5][val][end] val_loss=0.57171,val_acc:0.83523(1176/1408)
[epoch 6][train][end] train_loss=0.19099,train_acc=0.92401(15553/16832)
[epoch 6][val][end] val_loss=0.58686,val_acc:0.83736(1179/1408)
[epoch 7][train][end] train_loss=0.19011,train_acc=0.92271(15531/16832)
[epoch 7][val][end] val_loss=0.58882,val_acc:0.83878(1181/1408)
[epoch 8][train][end] train_loss=0.18811,train_acc=0.92485(15567/16832)
[epoch 8][val][end] val_loss=0.59524,val_acc:0.83310(1173/1408)
[epoch 9][train][end] train_loss=0.18741,train_acc=0.92532(15575/16832)
[epoch 9][val][end] val_loss=0.58795,val_acc:0.83736(1179/1408)
[epoch 10][train][end] train_loss=0.18417,train_acc=0.92603(15587/16832)
[epoch 10][val][end] val_loss=0.59262,val_acc:0.83523(1176/1408)
[epoch 11][train][end] train_loss=0.18408,train_acc=0.92574(15582/16832)
[epoch 11][val][end] val_loss=0.59675,val_acc:0.83168(1171/1408)
[epoch 12][train][end] train_loss=0.18381,train_acc=0.92651(15595/16832)
[epoch 12][val][end] val_loss=0.59638,val_acc:0.83168(1171/1408)
[epoch 13][train][end] train_loss=0.18376,train_acc=0.92603(15587/16832)
[epoch 13][val][end] val_loss=0.60208,val_acc:0.83310(1173/1408)
[epoch 14][train][end] train_loss=0.18349,train_acc=0.92627(15591/16832)
[epoch 14][val][end] val_loss=0.59580,val_acc:0.83381(1174/1408)
[epoch 15][train][end] train_loss=0.18347,train_acc=0.92669(15598/16832)
[epoch 15][val][end] val_loss=0.58986,val_acc:0.83594(1177/1408)
[epoch 16][train][end] train_loss=0.18307,train_acc=0.92687(15601/16832)
[epoch 16][val][end] val_loss=0.59072,val_acc:0.83097(1170/1408)
[epoch 17][train][end] train_loss=0.18274,train_acc=0.92734(15609/16832)
[epoch 17][val][end] val_loss=0.60282,val_acc:0.83452(1175/1408)
[epoch 18][train][end] train_loss=0.18233,train_acc=0.92681(15600/16832)
[epoch 18][val][end] val_loss=0.60422,val_acc:0.83381(1174/1408)
[epoch 19][train][end] train_loss=0.18292,train_acc=0.92704(15604/16832)
[epoch 19][val][end] val_loss=0.59630,val_acc:0.83452(1175/1408)
[[1180, 77, 98, 42], [73, 2000, 21, 65], [107, 33, 362, 34], [64, 88, 32, 493]]
{'Pression': 0.805456334466349, 'Recall': 0.7936519437990198, 'F1': 0.799510569963254, 'Acc': 0.8460893269029146}

[RNN=LSTM,DETECTION=cascade_rcnn_r101,BIDIRECTIONAL=False,FUN=None]
[epoch 0][train][end] train_loss=0.43983,train_acc=0.83003(13971/16832)
[epoch 0][val][end] val_loss=0.53948,val_acc:0.83807(1180/1408)
[epoch 0][save_best_output_params]
[epoch 1][train][end] train_loss=0.24678,train_acc=0.90566(15244/16832)
[epoch 1][val][end] val_loss=0.58347,val_acc:0.83949(1182/1408)
[epoch 2][train][end] train_loss=0.23277,train_acc=0.90993(15316/16832)
[epoch 2][val][end] val_loss=0.54026,val_acc:0.80682(1136/1408)
[epoch 3][train][end] train_loss=0.22769,train_acc=0.90999(15317/16832)
[epoch 3][val][end] val_loss=0.57245,val_acc:0.82670(1164/1408)
[epoch 4][train][end] train_loss=0.22079,train_acc=0.91255(15360/16832)
[epoch 4][val][end] val_loss=0.54679,val_acc:0.83665(1178/1408)
[epoch 5][train][end] train_loss=0.20649,train_acc=0.91914(15471/16832)
[epoch 5][val][end] val_loss=0.58213,val_acc:0.82955(1168/1408)
[epoch 6][train][end] train_loss=0.20298,train_acc=0.92045(15493/16832)
[epoch 6][val][end] val_loss=0.57378,val_acc:0.81392(1146/1408)
[epoch 7][train][end] train_loss=0.20177,train_acc=0.91920(15472/16832)
[epoch 7][val][end] val_loss=0.57742,val_acc:0.82244(1158/1408)
[epoch 8][train][end] train_loss=0.20047,train_acc=0.92098(15502/16832)
[epoch 8][val][end] val_loss=0.59101,val_acc:0.82812(1166/1408)
[epoch 9][train][end] train_loss=0.19932,train_acc=0.92098(15502/16832)
[epoch 9][val][end] val_loss=0.57666,val_acc:0.83381(1174/1408)
[epoch 10][train][end] train_loss=0.19819,train_acc=0.92241(15526/16832)
[epoch 10][val][end] val_loss=0.57446,val_acc:0.83594(1177/1408)
[epoch 11][train][end] train_loss=0.19721,train_acc=0.92265(15530/16832)
[epoch 11][val][end] val_loss=0.58269,val_acc:0.83310(1173/1408)
[epoch 12][train][end] train_loss=0.19690,train_acc=0.92330(15541/16832)
[epoch 12][val][end] val_loss=0.58385,val_acc:0.83523(1176/1408)
[epoch 13][train][end] train_loss=0.19696,train_acc=0.92288(15534/16832)
[epoch 13][val][end] val_loss=0.57371,val_acc:0.83310(1173/1408)
[epoch 14][train][end] train_loss=0.19659,train_acc=0.92330(15541/16832)
[epoch 14][val][end] val_loss=0.57410,val_acc:0.83523(1176/1408)
[epoch 15][train][end] train_loss=0.19647,train_acc=0.92312(15538/16832)
[epoch 15][val][end] val_loss=0.58921,val_acc:0.83168(1171/1408)
[epoch 16][train][end] train_loss=0.19637,train_acc=0.92199(15519/16832)
[epoch 16][val][end] val_loss=0.59198,val_acc:0.83239(1172/1408)
[epoch 17][train][end] train_loss=0.19662,train_acc=0.92283(15533/16832)
[epoch 17][val][end] val_loss=0.58529,val_acc:0.82955(1168/1408)
[epoch 18][train][end] train_loss=0.19639,train_acc=0.92271(15531/16832)
[epoch 18][val][end] val_loss=0.58852,val_acc:0.83168(1171/1408)
[epoch 19][train][end] train_loss=0.19622,train_acc=0.92223(15523/16832)
[epoch 19][val][end] val_loss=0.58297,val_acc:0.83381(1174/1408)
[[1182, 72, 95, 48], [83, 1997, 19, 60], [105, 28, 368, 35], [67, 86, 29, 495]]
{'Pression': 0.8083404374207311, 'Recall': 0.7971995304579508, 'F1': 0.8027313303366788, 'Acc': 0.8475571398616062}

[RNN=LSTM,DETECTION=cascade_rcnn_r101,BIDIRECTIONAL=False,FUN=None]
[epoch 0][train][end] train_loss=0.46357,train_acc=0.81541(13725/16832)
[epoch 0][val][end] val_loss=0.52925,val_acc:0.83594(1177/1408)
[epoch 0][save_best_output_params]
[epoch 1][train][end] train_loss=0.24422,train_acc=0.90678(15263/16832)
[epoch 1][val][end] val_loss=0.56983,val_acc:0.79403(1118/1408)
[epoch 2][train][end] train_loss=0.23372,train_acc=0.90993(15316/16832)
[epoch 2][val][end] val_loss=0.54774,val_acc:0.83736(1179/1408)
[epoch 3][train][end] train_loss=0.22568,train_acc=0.91356(15377/16832)
[epoch 3][val][end] val_loss=0.54795,val_acc:0.84233(1186/1408)
[epoch 4][train][end] train_loss=0.22141,train_acc=0.91338(15374/16832)
[epoch 4][val][end] val_loss=0.54947,val_acc:0.84091(1184/1408)
[epoch 5][train][end] train_loss=0.20650,train_acc=0.91974(15481/16832)
[epoch 5][val][end] val_loss=0.58306,val_acc:0.82741(1165/1408)
[epoch 6][train][end] train_loss=0.20311,train_acc=0.92170(15514/16832)
[epoch 6][val][end] val_loss=0.55759,val_acc:0.82812(1166/1408)
[epoch 7][train][end] train_loss=0.20229,train_acc=0.91926(15473/16832)
[epoch 7][val][end] val_loss=0.54870,val_acc:0.84020(1183/1408)
[epoch 8][train][end] train_loss=0.20101,train_acc=0.92021(15489/16832)
[epoch 8][val][end] val_loss=0.57247,val_acc:0.81605(1149/1408)
[epoch 9][train][end] train_loss=0.20005,train_acc=0.92063(15496/16832)
[epoch 9][val][end] val_loss=0.56404,val_acc:0.83878(1181/1408)
[epoch 10][train][end] train_loss=0.19840,train_acc=0.92134(15508/16832)
[epoch 10][val][end] val_loss=0.56581,val_acc:0.83026(1169/1408)
[epoch 11][train][end] train_loss=0.19778,train_acc=0.92235(15525/16832)
[epoch 11][val][end] val_loss=0.57672,val_acc:0.82102(1156/1408)
[epoch 12][train][end] train_loss=0.19794,train_acc=0.92229(15524/16832)
[epoch 12][val][end] val_loss=0.57088,val_acc:0.82955(1168/1408)
[epoch 13][train][end] train_loss=0.19728,train_acc=0.92235(15525/16832)
[epoch 13][val][end] val_loss=0.57324,val_acc:0.82315(1159/1408)
[epoch 14][train][end] train_loss=0.19755,train_acc=0.92336(15542/16832)
[epoch 14][val][end] val_loss=0.57162,val_acc:0.82670(1164/1408)
[epoch 15][train][end] train_loss=0.19696,train_acc=0.92342(15543/16832)
[epoch 15][val][end] val_loss=0.56978,val_acc:0.82955(1168/1408)
[epoch 16][train][end] train_loss=0.19688,train_acc=0.92425(15557/16832)
[epoch 16][val][end] val_loss=0.57405,val_acc:0.82741(1165/1408)
[epoch 17][train][end] train_loss=0.19686,train_acc=0.92342(15543/16832)
[epoch 17][val][end] val_loss=0.56814,val_acc:0.83097(1170/1408)
[epoch 18][train][end] train_loss=0.19701,train_acc=0.92336(15542/16832)
[epoch 18][val][end] val_loss=0.56994,val_acc:0.82741(1165/1408)
[epoch 19][train][end] train_loss=0.19685,train_acc=0.92300(15536/16832)
[epoch 19][val][end] val_loss=0.56873,val_acc:0.82741(1165/1408)
[[1162, 77, 110, 48], [81, 2006, 20, 52], [101, 30, 373, 32], [61, 91, 34, 491]]
{'Pression': 0.8049828051644596, 'Recall': 0.7955175662115783, 'F1': 0.8002221973319906, 'Acc': 0.8454602642063326}

[RNN=LSTM,DETECTION=cascade_rcnn_r101,BIDIRECTIONAL=False,FUN=None]
[epoch 0][train][end] train_loss=0.50763,train_acc=0.80894(13616/16832)
[epoch 0][val][end] val_loss=0.51306,val_acc:0.83665(1178/1408)
[epoch 0][save_best_output_params]
[epoch 1][train][end] train_loss=0.25054,train_acc=0.90970(15312/16832)
[epoch 1][val][end] val_loss=0.62986,val_acc:0.82884(1167/1408)
[epoch 2][train][end] train_loss=0.23618,train_acc=0.90993(15316/16832)
[epoch 2][val][end] val_loss=0.64081,val_acc:0.83239(1172/1408)
[epoch 3][train][end] train_loss=0.22852,train_acc=0.91296(15367/16832)
[epoch 3][val][end] val_loss=0.66537,val_acc:0.81321(1145/1408)
[epoch 4][train][end] train_loss=0.22430,train_acc=0.91296(15367/16832)
[epoch 4][val][end] val_loss=0.59036,val_acc:0.83594(1177/1408)
[epoch 5][train][end] train_loss=0.20832,train_acc=0.91938(15475/16832)
[epoch 5][val][end] val_loss=0.55964,val_acc:0.83523(1176/1408)
[epoch 6][train][end] train_loss=0.20614,train_acc=0.91813(15454/16832)
[epoch 6][val][end] val_loss=0.57490,val_acc:0.83168(1171/1408)
[epoch 7][train][end] train_loss=0.20507,train_acc=0.91914(15471/16832)
[epoch 7][val][end] val_loss=0.58571,val_acc:0.81392(1146/1408)
[epoch 8][train][end] train_loss=0.20428,train_acc=0.91795(15451/16832)
[epoch 8][val][end] val_loss=0.58373,val_acc:0.83168(1171/1408)
[epoch 9][train][end] train_loss=0.20314,train_acc=0.92063(15496/16832)
[epoch 9][val][end] val_loss=0.58483,val_acc:0.82741(1165/1408)
[epoch 10][train][end] train_loss=0.20055,train_acc=0.92098(15502/16832)
[epoch 10][val][end] val_loss=0.57673,val_acc:0.83310(1173/1408)
[epoch 11][train][end] train_loss=0.20014,train_acc=0.92015(15488/16832)
[epoch 11][val][end] val_loss=0.57570,val_acc:0.83381(1174/1408)
[epoch 12][train][end] train_loss=0.19981,train_acc=0.92075(15498/16832)
[epoch 12][val][end] val_loss=0.57797,val_acc:0.83310(1173/1408)
[epoch 13][train][end] train_loss=0.19948,train_acc=0.92188(15517/16832)
[epoch 13][val][end] val_loss=0.57077,val_acc:0.83239(1172/1408)
[epoch 14][train][end] train_loss=0.19921,train_acc=0.92164(15513/16832)
[epoch 14][val][end] val_loss=0.57919,val_acc:0.83239(1172/1408)
[epoch 15][train][end] train_loss=0.19898,train_acc=0.92193(15518/16832)
[epoch 15][val][end] val_loss=0.58395,val_acc:0.83239(1172/1408)
[epoch 16][train][end] train_loss=0.19864,train_acc=0.92164(15513/16832)
[epoch 16][val][end] val_loss=0.57731,val_acc:0.83381(1174/1408)
[epoch 17][train][end] train_loss=0.19888,train_acc=0.92164(15513/16832)
[epoch 17][val][end] val_loss=0.58657,val_acc:0.82955(1168/1408)
[epoch 18][train][end] train_loss=0.19886,train_acc=0.92146(15510/16832)
[epoch 18][val][end] val_loss=0.58457,val_acc:0.83026(1169/1408)
[epoch 19][train][end] train_loss=0.19917,train_acc=0.92104(15503/16832)
[epoch 19][val][end] val_loss=0.58100,val_acc:0.83097(1170/1408)
[[1198, 65, 88, 46], [77, 1998, 20, 64], [105, 31, 368, 32], [66, 93, 32, 486]]
{'Pression': 0.8100918597146737, 'Recall': 0.7968551172935125, 'F1': 0.8034189716617731, 'Acc': 0.8492346403858251}

[RNN=LSTM,DETECTION=cascade_rcnn_r101,BIDIRECTIONAL=False,FUN=None]
[epoch 0][train][end] train_loss=0.47978,train_acc=0.81161(13661/16832)
[epoch 0][val][end] val_loss=0.54826,val_acc:0.83949(1182/1408)
[epoch 0][save_best_output_params]
[epoch 1][train][end] train_loss=0.24763,train_acc=0.90542(15240/16832)
[epoch 1][val][end] val_loss=0.57483,val_acc:0.83736(1179/1408)
[epoch 2][train][end] train_loss=0.23326,train_acc=0.90940(15307/16832)
[epoch 2][val][end] val_loss=0.59033,val_acc:0.83097(1170/1408)
[epoch 3][train][end] train_loss=0.22551,train_acc=0.91267(15362/16832)
[epoch 3][val][end] val_loss=0.54158,val_acc:0.82244(1158/1408)
[epoch 3][save_best_output_params]
[epoch 4][train][end] train_loss=0.22126,train_acc=0.91284(15365/16832)
[epoch 4][val][end] val_loss=0.55275,val_acc:0.84375(1188/1408)
[epoch 5][train][end] train_loss=0.20636,train_acc=0.91950(15477/16832)
[epoch 5][val][end] val_loss=0.56782,val_acc:0.84091(1184/1408)
[epoch 6][train][end] train_loss=0.20378,train_acc=0.91991(15484/16832)
[epoch 6][val][end] val_loss=0.56209,val_acc:0.83665(1178/1408)
[epoch 7][train][end] train_loss=0.20289,train_acc=0.92140(15509/16832)
[epoch 7][val][end] val_loss=0.56775,val_acc:0.82386(1160/1408)
[epoch 8][train][end] train_loss=0.20185,train_acc=0.92009(15487/16832)
[epoch 8][val][end] val_loss=0.57223,val_acc:0.82315(1159/1408)
[epoch 9][train][end] train_loss=0.20033,train_acc=0.92146(15510/16832)
[epoch 9][val][end] val_loss=0.55818,val_acc:0.83949(1182/1408)
[epoch 10][train][end] train_loss=0.19856,train_acc=0.92288(15534/16832)
[epoch 10][val][end] val_loss=0.56505,val_acc:0.83736(1179/1408)
[epoch 11][train][end] train_loss=0.19814,train_acc=0.92170(15514/16832)
[epoch 11][val][end] val_loss=0.57011,val_acc:0.83807(1180/1408)
[epoch 12][train][end] train_loss=0.19805,train_acc=0.92294(15535/16832)
[epoch 12][val][end] val_loss=0.57749,val_acc:0.83594(1177/1408)
[epoch 13][train][end] train_loss=0.19769,train_acc=0.92247(15527/16832)
[epoch 13][val][end] val_loss=0.57539,val_acc:0.83665(1178/1408)
[epoch 14][train][end] train_loss=0.19771,train_acc=0.92217(15522/16832)
[epoch 14][val][end] val_loss=0.56714,val_acc:0.83736(1179/1408)
[epoch 15][train][end] train_loss=0.19744,train_acc=0.92265(15530/16832)
[epoch 15][val][end] val_loss=0.57245,val_acc:0.83665(1178/1408)
[epoch 16][train][end] train_loss=0.19736,train_acc=0.92277(15532/16832)
[epoch 16][val][end] val_loss=0.57295,val_acc:0.83878(1181/1408)
[epoch 17][train][end] train_loss=0.19734,train_acc=0.92318(15539/16832)
[epoch 17][val][end] val_loss=0.58187,val_acc:0.83239(1172/1408)
[epoch 18][train][end] train_loss=0.19715,train_acc=0.92300(15536/16832)
[epoch 18][val][end] val_loss=0.56928,val_acc:0.83878(1181/1408)
[epoch 19][train][end] train_loss=0.19727,train_acc=0.92259(15529/16832)
[epoch 19][val][end] val_loss=0.57795,val_acc:0.83381(1174/1408)
[[1181, 76, 94, 46], [80, 2002, 19, 58], [112, 26, 366, 32], [62, 88, 33, 494]]
{'Pression': 0.8088221044224095, 'Recall': 0.7962974352612582, 'F1': 0.8025109051517849, 'Acc': 0.8477668274271336}

[RNN=LSTM,DETECTION=cascade_rcnn_r101,BIDIRECTIONAL=False,FUN=None]
[epoch 0][train][end] train_loss=0.49484,train_acc=0.79824(13436/16832)
[epoch 0][val][end] val_loss=0.59677,val_acc:0.83878(1181/1408)
[epoch 0][save_best_output_params]
[epoch 1][train][end] train_loss=0.24541,train_acc=0.90738(15273/16832)
[epoch 1][val][end] val_loss=0.53983,val_acc:0.83523(1176/1408)
[epoch 1][save_best_output_params]
[epoch 2][train][end] train_loss=0.23537,train_acc=0.90993(15316/16832)
[epoch 2][val][end] val_loss=0.58853,val_acc:0.81818(1152/1408)
[epoch 3][train][end] train_loss=0.22701,train_acc=0.91368(15379/16832)
[epoch 3][val][end] val_loss=0.59673,val_acc:0.83949(1182/1408)
[epoch 4][train][end] train_loss=0.22037,train_acc=0.91385(15382/16832)
[epoch 4][val][end] val_loss=0.55002,val_acc:0.83736(1179/1408)
[epoch 5][train][end] train_loss=0.20561,train_acc=0.91890(15467/16832)
[epoch 5][val][end] val_loss=0.57652,val_acc:0.83168(1171/1408)
[epoch 6][train][end] train_loss=0.20301,train_acc=0.92033(15491/16832)
[epoch 6][val][end] val_loss=0.57960,val_acc:0.83878(1181/1408)
[epoch 7][train][end] train_loss=0.20120,train_acc=0.92098(15502/16832)
[epoch 7][val][end] val_loss=0.57592,val_acc:0.81818(1152/1408)
[epoch 8][train][end] train_loss=0.20052,train_acc=0.92098(15502/16832)
[epoch 8][val][end] val_loss=0.57392,val_acc:0.83665(1178/1408)
[epoch 9][train][end] train_loss=0.19932,train_acc=0.92199(15519/16832)
[epoch 9][val][end] val_loss=0.58643,val_acc:0.82955(1168/1408)
[epoch 10][train][end] train_loss=0.19693,train_acc=0.92283(15533/16832)
[epoch 10][val][end] val_loss=0.58565,val_acc:0.83310(1173/1408)
[epoch 11][train][end] train_loss=0.19624,train_acc=0.92360(15546/16832)
[epoch 11][val][end] val_loss=0.58502,val_acc:0.83168(1171/1408)
[epoch 12][train][end] train_loss=0.19645,train_acc=0.92235(15525/16832)
[epoch 12][val][end] val_loss=0.58208,val_acc:0.83168(1171/1408)
[epoch 13][train][end] train_loss=0.19556,train_acc=0.92271(15531/16832)
[epoch 13][val][end] val_loss=0.58494,val_acc:0.83310(1173/1408)
[epoch 14][train][end] train_loss=0.19630,train_acc=0.92288(15534/16832)
[epoch 14][val][end] val_loss=0.57655,val_acc:0.83168(1171/1408)
[epoch 15][train][end] train_loss=0.19602,train_acc=0.92336(15542/16832)
[epoch 15][val][end] val_loss=0.58492,val_acc:0.83310(1173/1408)
[epoch 16][train][end] train_loss=0.19596,train_acc=0.92253(15528/16832)
[epoch 16][val][end] val_loss=0.58656,val_acc:0.83239(1172/1408)
[epoch 17][train][end] train_loss=0.19555,train_acc=0.92265(15530/16832)
[epoch 17][val][end] val_loss=0.57031,val_acc:0.83523(1176/1408)
[epoch 18][train][end] train_loss=0.19576,train_acc=0.92241(15526/16832)
[epoch 18][val][end] val_loss=0.58418,val_acc:0.83097(1170/1408)
[epoch 19][train][end] train_loss=0.19607,train_acc=0.92277(15532/16832)
[epoch 19][val][end] val_loss=0.57597,val_acc:0.83310(1173/1408)
[[1176, 74, 97, 50], [78, 2002, 19, 60], [106, 30, 366, 34], [64, 95, 31, 487]]
{'Pression': 0.8051675872088078, 'Recall': 0.7928177272141558, 'F1': 0.7989449349200091, 'Acc': 0.8452505766408052}

[RNN=GRU,DETECTION=cascade_rcnn_r101,BIDIRECTIONAL=True,FUN=None]
[epoch 0][train][end] train_loss=0.35760,train_acc=0.86490(14558/16832)
[epoch 0][val][end] val_loss=0.61651,val_acc:0.82386(1160/1408)
[epoch 0][save_best_output_params]
[epoch 1][train][end] train_loss=0.23836,train_acc=0.91011(15319/16832)
[epoch 1][val][end] val_loss=0.53952,val_acc:0.84233(1186/1408)
[epoch 1][save_best_output_params]
[epoch 2][train][end] train_loss=0.22594,train_acc=0.91320(15371/16832)
[epoch 2][val][end] val_loss=0.54046,val_acc:0.84233(1186/1408)
[epoch 3][train][end] train_loss=0.21948,train_acc=0.91486(15399/16832)
[epoch 3][val][end] val_loss=0.61431,val_acc:0.81037(1141/1408)
[epoch 4][train][end] train_loss=0.21610,train_acc=0.91498(15401/16832)
[epoch 4][val][end] val_loss=0.58679,val_acc:0.84517(1190/1408)
[epoch 5][train][end] train_loss=0.19397,train_acc=0.92312(15538/16832)
[epoch 5][val][end] val_loss=0.58559,val_acc:0.83594(1177/1408)
[epoch 6][train][end] train_loss=0.18813,train_acc=0.92461(15563/16832)
[epoch 6][val][end] val_loss=0.58986,val_acc:0.83523(1176/1408)
[epoch 7][train][end] train_loss=0.18642,train_acc=0.92520(15573/16832)
[epoch 7][val][end] val_loss=0.58183,val_acc:0.82955(1168/1408)
[epoch 8][train][end] train_loss=0.18438,train_acc=0.92627(15591/16832)
[epoch 8][val][end] val_loss=0.58946,val_acc:0.83523(1176/1408)
[epoch 9][train][end] train_loss=0.18273,train_acc=0.92675(15599/16832)
[epoch 9][val][end] val_loss=0.60211,val_acc:0.82528(1162/1408)
[epoch 10][train][end] train_loss=0.17907,train_acc=0.92752(15612/16832)
[epoch 10][val][end] val_loss=0.59584,val_acc:0.82884(1167/1408)
[epoch 11][train][end] train_loss=0.17821,train_acc=0.92782(15617/16832)
[epoch 11][val][end] val_loss=0.59465,val_acc:0.83168(1171/1408)
[epoch 12][train][end] train_loss=0.17843,train_acc=0.92823(15624/16832)
[epoch 12][val][end] val_loss=0.60405,val_acc:0.83239(1172/1408)
[epoch 13][train][end] train_loss=0.17852,train_acc=0.92805(15621/16832)
[epoch 13][val][end] val_loss=0.60480,val_acc:0.82528(1162/1408)
[epoch 14][train][end] train_loss=0.17781,train_acc=0.92984(15651/16832)
[epoch 14][val][end] val_loss=0.60597,val_acc:0.83026(1169/1408)
[epoch 15][train][end] train_loss=0.17750,train_acc=0.92865(15631/16832)
[epoch 15][val][end] val_loss=0.60410,val_acc:0.83381(1174/1408)
[epoch 16][train][end] train_loss=0.17703,train_acc=0.92930(15642/16832)
[epoch 16][val][end] val_loss=0.60230,val_acc:0.82812(1166/1408)
[epoch 17][train][end] train_loss=0.17750,train_acc=0.92894(15636/16832)
[epoch 17][val][end] val_loss=0.60033,val_acc:0.83239(1172/1408)
[epoch 18][train][end] train_loss=0.17725,train_acc=0.92912(15639/16832)
[epoch 18][val][end] val_loss=0.61055,val_acc:0.82670(1164/1408)
[epoch 19][train][end] train_loss=0.17725,train_acc=0.92984(15651/16832)
[epoch 19][val][end] val_loss=0.60245,val_acc:0.82884(1167/1408)
[[1177, 73, 95, 52], [71, 2003, 23, 62], [115, 34, 357, 30], [68, 82, 32, 495]]
{'Pression': 0.8037672546127714, 'Recall': 0.7918689250216181, 'F1': 0.7977737281234495, 'Acc': 0.8454602642063326}

[RNN=GRU,DETECTION=cascade_rcnn_r101,BIDIRECTIONAL=True,FUN=None]
[epoch 0][train][end] train_loss=0.35056,train_acc=0.87019(14647/16832)
[epoch 0][val][end] val_loss=0.59589,val_acc:0.82955(1168/1408)
[epoch 0][save_best_output_params]
[epoch 1][train][end] train_loss=0.23245,train_acc=0.91071(15329/16832)
[epoch 1][val][end] val_loss=0.54940,val_acc:0.81676(1150/1408)
[epoch 1][save_best_output_params]
[epoch 2][train][end] train_loss=0.22406,train_acc=0.91374(15380/16832)
[epoch 2][val][end] val_loss=0.58095,val_acc:0.81534(1148/1408)
[epoch 3][train][end] train_loss=0.21386,train_acc=0.91385(15382/16832)
[epoch 3][val][end] val_loss=0.58979,val_acc:0.83168(1171/1408)
[epoch 4][train][end] train_loss=0.21077,train_acc=0.91683(15432/16832)
[epoch 4][val][end] val_loss=0.58713,val_acc:0.84375(1188/1408)
[epoch 5][train][end] train_loss=0.18797,train_acc=0.92639(15593/16832)
[epoch 5][val][end] val_loss=0.59761,val_acc:0.82102(1156/1408)
[epoch 6][train][end] train_loss=0.18477,train_acc=0.92716(15606/16832)
[epoch 6][val][end] val_loss=0.58963,val_acc:0.82884(1167/1408)
[epoch 7][train][end] train_loss=0.18352,train_acc=0.92716(15606/16832)
[epoch 7][val][end] val_loss=0.60216,val_acc:0.83594(1177/1408)
[epoch 8][train][end] train_loss=0.18221,train_acc=0.92764(15614/16832)
[epoch 8][val][end] val_loss=0.60576,val_acc:0.82741(1165/1408)
[epoch 9][train][end] train_loss=0.18157,train_acc=0.92746(15611/16832)
[epoch 9][val][end] val_loss=0.60846,val_acc:0.83452(1175/1408)
[epoch 10][train][end] train_loss=0.17785,train_acc=0.92972(15649/16832)
[epoch 10][val][end] val_loss=0.60994,val_acc:0.83026(1169/1408)
[epoch 11][train][end] train_loss=0.17705,train_acc=0.93025(15658/16832)
[epoch 11][val][end] val_loss=0.60871,val_acc:0.83310(1173/1408)
[epoch 12][train][end] train_loss=0.17755,train_acc=0.92995(15653/16832)
[epoch 12][val][end] val_loss=0.61478,val_acc:0.83239(1172/1408)
[epoch 13][train][end] train_loss=0.17641,train_acc=0.93019(15657/16832)
[epoch 13][val][end] val_loss=0.59990,val_acc:0.83523(1176/1408)
[epoch 14][train][end] train_loss=0.17683,train_acc=0.92966(15648/16832)
[epoch 14][val][end] val_loss=0.60593,val_acc:0.83523(1176/1408)
[epoch 15][train][end] train_loss=0.17636,train_acc=0.93025(15658/16832)
[epoch 15][val][end] val_loss=0.60288,val_acc:0.83310(1173/1408)
[epoch 16][train][end] train_loss=0.17596,train_acc=0.93055(15663/16832)
[epoch 16][val][end] val_loss=0.61643,val_acc:0.83381(1174/1408)
[epoch 17][train][end] train_loss=0.17575,train_acc=0.93037(15660/16832)
[epoch 17][val][end] val_loss=0.61051,val_acc:0.83452(1175/1408)
[epoch 18][train][end] train_loss=0.17605,train_acc=0.93025(15658/16832)
[epoch 18][val][end] val_loss=0.60392,val_acc:0.83594(1177/1408)
[epoch 19][train][end] train_loss=0.17550,train_acc=0.93079(15667/16832)
[epoch 19][val][end] val_loss=0.60444,val_acc:0.83665(1178/1408)
[[1191, 71, 91, 44], [72, 2004, 19, 64], [112, 34, 359, 31], [68, 85, 32, 492]]
{'Pression': 0.8087614031142493, 'Recall': 0.7943150951830158, 'F1': 0.8014731568673017, 'Acc': 0.8483958901237156}

[RNN=GRU,DETECTION=cascade_rcnn_r101,BIDIRECTIONAL=True,FUN=None]
[epoch 0][train][end] train_loss=0.36130,train_acc=0.86211(14511/16832)
[epoch 0][val][end] val_loss=0.53272,val_acc:0.82031(1155/1408)
[epoch 0][save_best_output_params]
[epoch 1][train][end] train_loss=0.23505,train_acc=0.90928(15305/16832)
[epoch 1][val][end] val_loss=0.56763,val_acc:0.82457(1161/1408)
[epoch 2][train][end] train_loss=0.22265,train_acc=0.91118(15337/16832)
[epoch 2][val][end] val_loss=0.59887,val_acc:0.82031(1155/1408)
[epoch 3][train][end] train_loss=0.21452,train_acc=0.91475(15397/16832)
[epoch 3][val][end] val_loss=0.56805,val_acc:0.83523(1176/1408)
[epoch 4][train][end] train_loss=0.21291,train_acc=0.91481(15398/16832)
[epoch 4][val][end] val_loss=0.57862,val_acc:0.82244(1158/1408)
[epoch 5][train][end] train_loss=0.19201,train_acc=0.92199(15519/16832)
[epoch 5][val][end] val_loss=0.59119,val_acc:0.82457(1161/1408)
[epoch 6][train][end] train_loss=0.18757,train_acc=0.92235(15525/16832)
[epoch 6][val][end] val_loss=0.58022,val_acc:0.83665(1178/1408)
[epoch 7][train][end] train_loss=0.18583,train_acc=0.92526(15574/16832)
[epoch 7][val][end] val_loss=0.57617,val_acc:0.83878(1181/1408)
[epoch 8][train][end] train_loss=0.18356,train_acc=0.92562(15580/16832)
[epoch 8][val][end] val_loss=0.60071,val_acc:0.82386(1160/1408)
[epoch 9][train][end] train_loss=0.18247,train_acc=0.92562(15580/16832)
[epoch 9][val][end] val_loss=0.58775,val_acc:0.83736(1179/1408)
[epoch 10][train][end] train_loss=0.17962,train_acc=0.92793(15619/16832)
[epoch 10][val][end] val_loss=0.59188,val_acc:0.83452(1175/1408)
[epoch 11][train][end] train_loss=0.17925,train_acc=0.92675(15599/16832)
[epoch 11][val][end] val_loss=0.59569,val_acc:0.82884(1167/1408)
[epoch 12][train][end] train_loss=0.17841,train_acc=0.92799(15620/16832)
[epoch 12][val][end] val_loss=0.59459,val_acc:0.83310(1173/1408)
[epoch 13][train][end] train_loss=0.17896,train_acc=0.92841(15627/16832)
[epoch 13][val][end] val_loss=0.59314,val_acc:0.83310(1173/1408)
[epoch 14][train][end] train_loss=0.17787,train_acc=0.92871(15632/16832)
[epoch 14][val][end] val_loss=0.60224,val_acc:0.83026(1169/1408)
[epoch 15][train][end] train_loss=0.17783,train_acc=0.92835(15626/16832)
[epoch 15][val][end] val_loss=0.59319,val_acc:0.83239(1172/1408)
[epoch 16][train][end] train_loss=0.17755,train_acc=0.92811(15622/16832)
[epoch 16][val][end] val_loss=0.59808,val_acc:0.82955(1168/1408)
[epoch 17][train][end] train_loss=0.17744,train_acc=0.92776(15616/16832)
[epoch 17][val][end] val_loss=0.60283,val_acc:0.83026(1169/1408)
[epoch 18][train][end] train_loss=0.17797,train_acc=0.92746(15611/16832)
[epoch 18][val][end] val_loss=0.59519,val_acc:0.83026(1169/1408)
[epoch 19][train][end] train_loss=0.17824,train_acc=0.92805(15621/16832)
[epoch 19][val][end] val_loss=0.60240,val_acc:0.83381(1174/1408)
[[1172, 79, 100, 46], [66, 2007, 19, 67], [114, 31, 360, 31], [66, 85, 32, 494]]
{'Pression': 0.8041890027593895, 'Recall': 0.7924673054144713, 'F1': 0.7982851272351457, 'Acc': 0.8456699517718599}

[RNN=GRU,DETECTION=cascade_rcnn_r101,BIDIRECTIONAL=True,FUN=None]
[epoch 0][train][end] train_loss=0.33621,train_acc=0.87601(14745/16832)
[epoch 0][val][end] val_loss=0.55039,val_acc:0.84304(1187/1408)
[epoch 0][save_best_output_params]
[epoch 1][train][end] train_loss=0.23416,train_acc=0.90779(15280/16832)
[epoch 1][val][end] val_loss=0.56477,val_acc:0.81463(1147/1408)
[epoch 2][train][end] train_loss=0.22250,train_acc=0.91284(15365/16832)
[epoch 2][val][end] val_loss=0.63828,val_acc:0.83452(1175/1408)
[epoch 3][train][end] train_loss=0.21628,train_acc=0.91463(15395/16832)
[epoch 3][val][end] val_loss=0.60747,val_acc:0.83452(1175/1408)
[epoch 4][train][end] train_loss=0.21141,train_acc=0.91617(15421/16832)
[epoch 4][val][end] val_loss=0.62306,val_acc:0.81463(1147/1408)
[epoch 5][train][end] train_loss=0.19069,train_acc=0.92443(15560/16832)
[epoch 5][val][end] val_loss=0.59568,val_acc:0.83026(1169/1408)
[epoch 6][train][end] train_loss=0.18745,train_acc=0.92360(15546/16832)
[epoch 6][val][end] val_loss=0.57370,val_acc:0.84162(1185/1408)
[epoch 7][train][end] train_loss=0.18439,train_acc=0.92532(15575/16832)
[epoch 7][val][end] val_loss=0.59986,val_acc:0.83168(1171/1408)
[epoch 8][train][end] train_loss=0.18346,train_acc=0.92550(15578/16832)
[epoch 8][val][end] val_loss=0.57654,val_acc:0.83381(1174/1408)
[epoch 9][train][end] train_loss=0.18211,train_acc=0.92835(15626/16832)
[epoch 9][val][end] val_loss=0.60683,val_acc:0.82812(1166/1408)
[epoch 10][train][end] train_loss=0.17826,train_acc=0.92877(15633/16832)
[epoch 10][val][end] val_loss=0.61181,val_acc:0.82955(1168/1408)
[epoch 11][train][end] train_loss=0.17789,train_acc=0.92859(15630/16832)
[epoch 11][val][end] val_loss=0.60389,val_acc:0.82884(1167/1408)
[epoch 12][train][end] train_loss=0.17802,train_acc=0.92853(15629/16832)
[epoch 12][val][end] val_loss=0.61118,val_acc:0.83168(1171/1408)
[epoch 13][train][end] train_loss=0.17811,train_acc=0.92871(15632/16832)
[epoch 13][val][end] val_loss=0.60522,val_acc:0.83381(1174/1408)
[epoch 14][train][end] train_loss=0.17738,train_acc=0.92871(15632/16832)
[epoch 14][val][end] val_loss=0.60096,val_acc:0.83452(1175/1408)
[epoch 15][train][end] train_loss=0.17669,train_acc=0.92841(15627/16832)
[epoch 15][val][end] val_loss=0.61031,val_acc:0.83310(1173/1408)
[epoch 16][train][end] train_loss=0.17657,train_acc=0.92912(15639/16832)
[epoch 16][val][end] val_loss=0.59601,val_acc:0.83523(1176/1408)
[epoch 17][train][end] train_loss=0.17696,train_acc=0.92847(15628/16832)
[epoch 17][val][end] val_loss=0.60814,val_acc:0.83381(1174/1408)
[epoch 18][train][end] train_loss=0.17682,train_acc=0.92894(15636/16832)
[epoch 18][val][end] val_loss=0.60437,val_acc:0.83097(1170/1408)
[epoch 19][train][end] train_loss=0.17707,train_acc=0.92906(15638/16832)
[epoch 19][val][end] val_loss=0.59874,val_acc:0.83523(1176/1408)
[[1179, 77, 91, 50], [71, 2003, 20, 65], [110, 32, 360, 34], [66, 86, 32, 493]]
{'Pression': 0.8054224353296116, 'Recall': 0.7928875361224672, 'F1': 0.7991058326515608, 'Acc': 0.8460893269029146}

[RNN=GRU,DETECTION=cascade_rcnn_r101,BIDIRECTIONAL=True,FUN=None]
[epoch 0][train][end] train_loss=0.34345,train_acc=0.86942(14634/16832)
[epoch 0][val][end] val_loss=0.58413,val_acc:0.82599(1163/1408)
[epoch 0][save_best_output_params]
[epoch 1][train][end] train_loss=0.23405,train_acc=0.90898(15300/16832)
[epoch 1][val][end] val_loss=0.52494,val_acc:0.82670(1164/1408)
[epoch 1][save_best_output_params]
[epoch 2][train][end] train_loss=0.22477,train_acc=0.91385(15382/16832)
[epoch 2][val][end] val_loss=0.65930,val_acc:0.79545(1120/1408)
[epoch 3][train][end] train_loss=0.21830,train_acc=0.91457(15394/16832)
[epoch 3][val][end] val_loss=0.62878,val_acc:0.81818(1152/1408)
[epoch 4][train][end] train_loss=0.21178,train_acc=0.91528(15406/16832)
[epoch 4][val][end] val_loss=0.59111,val_acc:0.82812(1166/1408)
[epoch 5][train][end] train_loss=0.19097,train_acc=0.92193(15518/16832)
[epoch 5][val][end] val_loss=0.59305,val_acc:0.82741(1165/1408)
[epoch 6][train][end] train_loss=0.18733,train_acc=0.92574(15582/16832)
[epoch 6][val][end] val_loss=0.57500,val_acc:0.84020(1183/1408)
[epoch 7][train][end] train_loss=0.18537,train_acc=0.92562(15580/16832)
[epoch 7][val][end] val_loss=0.58611,val_acc:0.83949(1182/1408)
[epoch 8][train][end] train_loss=0.18366,train_acc=0.92633(15592/16832)
[epoch 8][val][end] val_loss=0.58117,val_acc:0.83878(1181/1408)
[epoch 9][train][end] train_loss=0.18274,train_acc=0.92627(15591/16832)
[epoch 9][val][end] val_loss=0.59770,val_acc:0.82812(1166/1408)
[epoch 10][train][end] train_loss=0.17907,train_acc=0.92871(15632/16832)
[epoch 10][val][end] val_loss=0.59519,val_acc:0.83239(1172/1408)
[epoch 11][train][end] train_loss=0.17806,train_acc=0.92829(15625/16832)
[epoch 11][val][end] val_loss=0.59493,val_acc:0.83523(1176/1408)
[epoch 12][train][end] train_loss=0.17807,train_acc=0.92906(15638/16832)
[epoch 12][val][end] val_loss=0.60282,val_acc:0.83026(1169/1408)
[epoch 13][train][end] train_loss=0.17773,train_acc=0.92799(15620/16832)
[epoch 13][val][end] val_loss=0.60237,val_acc:0.83594(1177/1408)
[epoch 14][train][end] train_loss=0.17782,train_acc=0.92954(15646/16832)
[epoch 14][val][end] val_loss=0.59760,val_acc:0.83949(1182/1408)
[epoch 15][train][end] train_loss=0.17655,train_acc=0.92835(15626/16832)
[epoch 15][val][end] val_loss=0.60513,val_acc:0.83097(1170/1408)
[epoch 16][train][end] train_loss=0.17660,train_acc=0.92936(15643/16832)
[epoch 16][val][end] val_loss=0.59773,val_acc:0.83523(1176/1408)
[epoch 17][train][end] train_loss=0.17638,train_acc=0.92948(15645/16832)
[epoch 17][val][end] val_loss=0.58541,val_acc:0.84091(1184/1408)
[epoch 18][train][end] train_loss=0.17680,train_acc=0.92823(15624/16832)
[epoch 18][val][end] val_loss=0.58142,val_acc:0.83949(1182/1408)
[epoch 19][train][end] train_loss=0.17667,train_acc=0.92978(15650/16832)
[epoch 19][val][end] val_loss=0.59020,val_acc:0.83594(1177/1408)
[[1179, 72, 99, 47], [68, 2005, 22, 64], [115, 32, 360, 29], [64, 87, 31, 495]]
{'Pression': 0.8056161143165173, 'Recall': 0.7938576772581617, 'F1': 0.7996936750597529, 'Acc': 0.8469280771650242}

[RNN=GRU,DETECTION=cascade_rcnn_r101,BIDIRECTIONAL=False,FUN=None]
[epoch 0][train][end] train_loss=0.37644,train_acc=0.85349(14366/16832)
[epoch 0][val][end] val_loss=0.56439,val_acc:0.83665(1178/1408)
[epoch 0][save_best_output_params]
[epoch 1][train][end] train_loss=0.23526,train_acc=0.90774(15279/16832)
[epoch 1][val][end] val_loss=0.57086,val_acc:0.83239(1172/1408)
[epoch 2][train][end] train_loss=0.22470,train_acc=0.91160(15344/16832)
[epoch 2][val][end] val_loss=0.55966,val_acc:0.82315(1159/1408)
[epoch 2][save_best_output_params]
[epoch 3][train][end] train_loss=0.22102,train_acc=0.91290(15366/16832)
[epoch 3][val][end] val_loss=0.57047,val_acc:0.83736(1179/1408)
[epoch 4][train][end] train_loss=0.21538,train_acc=0.91629(15423/16832)
[epoch 4][val][end] val_loss=0.53039,val_acc:0.82884(1167/1408)
[epoch 4][save_best_output_params]
[epoch 5][train][end] train_loss=0.19874,train_acc=0.92229(15524/16832)
[epoch 5][val][end] val_loss=0.55597,val_acc:0.83807(1180/1408)
[epoch 6][train][end] train_loss=0.19526,train_acc=0.92217(15522/16832)
[epoch 6][val][end] val_loss=0.55570,val_acc:0.83097(1170/1408)
[epoch 7][train][end] train_loss=0.19452,train_acc=0.92259(15529/16832)
[epoch 7][val][end] val_loss=0.55284,val_acc:0.83665(1178/1408)
[epoch 8][train][end] train_loss=0.19404,train_acc=0.92342(15543/16832)
[epoch 8][val][end] val_loss=0.58466,val_acc:0.81534(1148/1408)
[epoch 9][train][end] train_loss=0.19324,train_acc=0.92241(15526/16832)
[epoch 9][val][end] val_loss=0.56826,val_acc:0.82812(1166/1408)
[epoch 10][train][end] train_loss=0.19006,train_acc=0.92389(15551/16832)
[epoch 10][val][end] val_loss=0.56708,val_acc:0.83239(1172/1408)
[epoch 11][train][end] train_loss=0.18950,train_acc=0.92389(15551/16832)
[epoch 11][val][end] val_loss=0.56697,val_acc:0.82884(1167/1408)
[epoch 12][train][end] train_loss=0.18956,train_acc=0.92520(15573/16832)
[epoch 12][val][end] val_loss=0.56172,val_acc:0.83381(1174/1408)
[epoch 13][train][end] train_loss=0.18911,train_acc=0.92407(15554/16832)
[epoch 13][val][end] val_loss=0.56145,val_acc:0.83523(1176/1408)
[epoch 14][train][end] train_loss=0.18892,train_acc=0.92419(15556/16832)
[epoch 14][val][end] val_loss=0.56532,val_acc:0.83594(1177/1408)
[epoch 15][train][end] train_loss=0.18857,train_acc=0.92372(15548/16832)
[epoch 15][val][end] val_loss=0.57005,val_acc:0.83310(1173/1408)
[epoch 16][train][end] train_loss=0.18889,train_acc=0.92366(15547/16832)
[epoch 16][val][end] val_loss=0.57606,val_acc:0.83097(1170/1408)
[epoch 17][train][end] train_loss=0.18869,train_acc=0.92378(15549/16832)
[epoch 17][val][end] val_loss=0.56884,val_acc:0.83310(1173/1408)
[epoch 18][train][end] train_loss=0.18868,train_acc=0.92407(15554/16832)
[epoch 18][val][end] val_loss=0.56403,val_acc:0.83523(1176/1408)
[epoch 19][train][end] train_loss=0.18854,train_acc=0.92431(15558/16832)
[epoch 19][val][end] val_loss=0.56959,val_acc:0.83239(1172/1408)
[[1180, 75, 96, 46], [72, 2007, 20, 60], [112, 29, 361, 34], [66, 89, 31, 491]]
{'Pression': 0.8065518565409534, 'Recall': 0.7932575338959993, 'F1': 0.7998494576959176, 'Acc': 0.8469280771650242}

[RNN=GRU,DETECTION=cascade_rcnn_r101,BIDIRECTIONAL=False,FUN=None]
[epoch 0][train][end] train_loss=0.37855,train_acc=0.85646(14416/16832)
[epoch 0][val][end] val_loss=0.62427,val_acc:0.78764(1109/1408)
[epoch 0][save_best_output_params]
[epoch 1][train][end] train_loss=0.23930,train_acc=0.90583(15247/16832)
[epoch 1][val][end] val_loss=0.58339,val_acc:0.83594(1177/1408)
[epoch 1][save_best_output_params]
[epoch 2][train][end] train_loss=0.22836,train_acc=0.91106(15335/16832)
[epoch 2][val][end] val_loss=0.57873,val_acc:0.83949(1182/1408)
[epoch 2][save_best_output_params]
[epoch 3][train][end] train_loss=0.21981,train_acc=0.91368(15379/16832)
[epoch 3][val][end] val_loss=0.57806,val_acc:0.82599(1163/1408)
[epoch 3][save_best_output_params]
[epoch 4][train][end] train_loss=0.21820,train_acc=0.91498(15401/16832)
[epoch 4][val][end] val_loss=0.52834,val_acc:0.83168(1171/1408)
[epoch 4][save_best_output_params]
[epoch 5][train][end] train_loss=0.20064,train_acc=0.92140(15509/16832)
[epoch 5][val][end] val_loss=0.53701,val_acc:0.82670(1164/1408)
[epoch 6][train][end] train_loss=0.19862,train_acc=0.92104(15503/16832)
[epoch 6][val][end] val_loss=0.55568,val_acc:0.83736(1179/1408)
[epoch 7][train][end] train_loss=0.19766,train_acc=0.92146(15510/16832)
[epoch 7][val][end] val_loss=0.55876,val_acc:0.83665(1178/1408)
[epoch 8][train][end] train_loss=0.19566,train_acc=0.92312(15538/16832)
[epoch 8][val][end] val_loss=0.55776,val_acc:0.83168(1171/1408)
[epoch 9][train][end] train_loss=0.19564,train_acc=0.92104(15503/16832)
[epoch 9][val][end] val_loss=0.55243,val_acc:0.83736(1179/1408)
[epoch 10][train][end] train_loss=0.19294,train_acc=0.92312(15538/16832)
[epoch 10][val][end] val_loss=0.55954,val_acc:0.83310(1173/1408)
[epoch 11][train][end] train_loss=0.19234,train_acc=0.92336(15542/16832)
[epoch 11][val][end] val_loss=0.56185,val_acc:0.83452(1175/1408)
[epoch 12][train][end] train_loss=0.19218,train_acc=0.92229(15524/16832)
[epoch 12][val][end] val_loss=0.55898,val_acc:0.82741(1165/1408)
[epoch 13][train][end] train_loss=0.19202,train_acc=0.92271(15531/16832)
[epoch 13][val][end] val_loss=0.54658,val_acc:0.83594(1177/1408)
[epoch 14][train][end] train_loss=0.19193,train_acc=0.92277(15532/16832)
[epoch 14][val][end] val_loss=0.55932,val_acc:0.83239(1172/1408)
[epoch 15][train][end] train_loss=0.19173,train_acc=0.92259(15529/16832)
[epoch 15][val][end] val_loss=0.55538,val_acc:0.83168(1171/1408)
[epoch 16][train][end] train_loss=0.19152,train_acc=0.92253(15528/16832)
[epoch 16][val][end] val_loss=0.55876,val_acc:0.83239(1172/1408)
[epoch 17][train][end] train_loss=0.19173,train_acc=0.92318(15539/16832)
[epoch 17][val][end] val_loss=0.55872,val_acc:0.82741(1165/1408)
[epoch 18][train][end] train_loss=0.19142,train_acc=0.92401(15553/16832)
[epoch 18][val][end] val_loss=0.55653,val_acc:0.83239(1172/1408)
[epoch 19][train][end] train_loss=0.19152,train_acc=0.92312(15538/16832)
[epoch 19][val][end] val_loss=0.55945,val_acc:0.82955(1168/1408)
[[1177, 76, 99, 45], [68, 2007, 22, 62], [111, 31, 360, 34], [63, 91, 33, 490]]
{'Pression': 0.8041489293586599, 'Recall': 0.791884975056847, 'F1': 0.7979698339809097, 'Acc': 0.8458796393373873}

[RNN=GRU,DETECTION=cascade_rcnn_r101,BIDIRECTIONAL=False,FUN=None]
[epoch 0][train][end] train_loss=0.36587,train_acc=0.85926(14463/16832)
[epoch 0][val][end] val_loss=0.50168,val_acc:0.83807(1180/1408)
[epoch 0][save_best_output_params]
[epoch 1][train][end] train_loss=0.23639,train_acc=0.91065(15328/16832)
[epoch 1][val][end] val_loss=0.51352,val_acc:0.83168(1171/1408)
[epoch 2][train][end] train_loss=0.22982,train_acc=0.91172(15346/16832)
[epoch 2][val][end] val_loss=0.54793,val_acc:0.83239(1172/1408)
[epoch 3][train][end] train_loss=0.21864,train_acc=0.91558(15411/16832)
[epoch 3][val][end] val_loss=0.57094,val_acc:0.84233(1186/1408)
[epoch 4][train][end] train_loss=0.21499,train_acc=0.91576(15414/16832)
[epoch 4][val][end] val_loss=0.55590,val_acc:0.83310(1173/1408)
[epoch 5][train][end] train_loss=0.20028,train_acc=0.92075(15498/16832)
[epoch 5][val][end] val_loss=0.55413,val_acc:0.83097(1170/1408)
[epoch 6][train][end] train_loss=0.19613,train_acc=0.92259(15529/16832)
[epoch 6][val][end] val_loss=0.55639,val_acc:0.83949(1182/1408)
[epoch 7][train][end] train_loss=0.19505,train_acc=0.92223(15523/16832)
[epoch 7][val][end] val_loss=0.55893,val_acc:0.83168(1171/1408)
[epoch 8][train][end] train_loss=0.19414,train_acc=0.92395(15552/16832)
[epoch 8][val][end] val_loss=0.56635,val_acc:0.83381(1174/1408)
[epoch 9][train][end] train_loss=0.19380,train_acc=0.92277(15532/16832)
[epoch 9][val][end] val_loss=0.57934,val_acc:0.82315(1159/1408)
[epoch 10][train][end] train_loss=0.19098,train_acc=0.92348(15544/16832)
[epoch 10][val][end] val_loss=0.57434,val_acc:0.82955(1168/1408)
[epoch 11][train][end] train_loss=0.19036,train_acc=0.92413(15555/16832)
[epoch 11][val][end] val_loss=0.56592,val_acc:0.83523(1176/1408)
[epoch 12][train][end] train_loss=0.18994,train_acc=0.92413(15555/16832)
[epoch 12][val][end] val_loss=0.57197,val_acc:0.83665(1178/1408)
[epoch 13][train][end] train_loss=0.19021,train_acc=0.92479(15566/16832)
[epoch 13][val][end] val_loss=0.56772,val_acc:0.83523(1176/1408)
[epoch 14][train][end] train_loss=0.18993,train_acc=0.92508(15571/16832)
[epoch 14][val][end] val_loss=0.56847,val_acc:0.83381(1174/1408)
[epoch 15][train][end] train_loss=0.18961,train_acc=0.92467(15564/16832)
[epoch 15][val][end] val_loss=0.56878,val_acc:0.83310(1173/1408)
[epoch 16][train][end] train_loss=0.18914,train_acc=0.92490(15568/16832)
[epoch 16][val][end] val_loss=0.56217,val_acc:0.83381(1174/1408)
[epoch 17][train][end] train_loss=0.18986,train_acc=0.92502(15570/16832)
[epoch 17][val][end] val_loss=0.56647,val_acc:0.83239(1172/1408)
[epoch 18][train][end] train_loss=0.18968,train_acc=0.92467(15564/16832)
[epoch 18][val][end] val_loss=0.57019,val_acc:0.83239(1172/1408)
[epoch 19][train][end] train_loss=0.18951,train_acc=0.92473(15565/16832)
[epoch 19][val][end] val_loss=0.57034,val_acc:0.83239(1172/1408)
[[1173, 76, 97, 51], [71, 2011, 21, 56], [111, 30, 366, 29], [61, 90, 34, 492]]
{'Pression': 0.8073961726022107, 'Recall': 0.7951693927402421, 'F1': 0.8012361405403128, 'Acc': 0.8475571398616062}

[RNN=GRU,DETECTION=cascade_rcnn_r101,BIDIRECTIONAL=False,FUN=None]
[epoch 0][train][end] train_loss=0.36117,train_acc=0.85878(14455/16832)
[epoch 0][val][end] val_loss=0.50994,val_acc:0.84091(1184/1408)
[epoch 0][save_best_output_params]
[epoch 1][train][end] train_loss=0.23792,train_acc=0.90892(15299/16832)
[epoch 1][val][end] val_loss=0.54413,val_acc:0.83381(1174/1408)
[epoch 2][train][end] train_loss=0.22678,train_acc=0.91231(15356/16832)
[epoch 2][val][end] val_loss=0.63649,val_acc:0.78764(1109/1408)
[epoch 3][train][end] train_loss=0.22242,train_acc=0.91094(15333/16832)
[epoch 3][val][end] val_loss=0.60381,val_acc:0.79545(1120/1408)
[epoch 4][train][end] train_loss=0.21485,train_acc=0.91617(15421/16832)
[epoch 4][val][end] val_loss=0.58366,val_acc:0.81250(1144/1408)
[epoch 5][train][end] train_loss=0.20028,train_acc=0.92063(15496/16832)
[epoch 5][val][end] val_loss=0.55487,val_acc:0.83807(1180/1408)
[epoch 6][train][end] train_loss=0.19846,train_acc=0.92027(15490/16832)
[epoch 6][val][end] val_loss=0.57098,val_acc:0.83239(1172/1408)
[epoch 7][train][end] train_loss=0.19675,train_acc=0.92283(15533/16832)
[epoch 7][val][end] val_loss=0.56239,val_acc:0.83523(1176/1408)
[epoch 8][train][end] train_loss=0.19573,train_acc=0.92336(15542/16832)
[epoch 8][val][end] val_loss=0.57288,val_acc:0.81534(1148/1408)
[epoch 9][train][end] train_loss=0.19491,train_acc=0.92342(15543/16832)
[epoch 9][val][end] val_loss=0.56617,val_acc:0.83168(1171/1408)
[epoch 10][train][end] train_loss=0.19237,train_acc=0.92336(15542/16832)
[epoch 10][val][end] val_loss=0.56541,val_acc:0.83026(1169/1408)
[epoch 11][train][end] train_loss=0.19194,train_acc=0.92354(15545/16832)
[epoch 11][val][end] val_loss=0.56139,val_acc:0.83452(1175/1408)
[epoch 12][train][end] train_loss=0.19153,train_acc=0.92431(15558/16832)
[epoch 12][val][end] val_loss=0.57507,val_acc:0.83168(1171/1408)
[epoch 13][train][end] train_loss=0.19184,train_acc=0.92384(15550/16832)
[epoch 13][val][end] val_loss=0.56419,val_acc:0.83310(1173/1408)
[epoch 14][train][end] train_loss=0.19106,train_acc=0.92425(15557/16832)
[epoch 14][val][end] val_loss=0.57175,val_acc:0.83310(1173/1408)
[epoch 15][train][end] train_loss=0.19092,train_acc=0.92419(15556/16832)
[epoch 15][val][end] val_loss=0.57790,val_acc:0.83168(1171/1408)
[epoch 16][train][end] train_loss=0.19085,train_acc=0.92413(15555/16832)
[epoch 16][val][end] val_loss=0.58149,val_acc:0.83097(1170/1408)
[epoch 17][train][end] train_loss=0.19107,train_acc=0.92419(15556/16832)
[epoch 17][val][end] val_loss=0.57509,val_acc:0.83097(1170/1408)
[epoch 18][train][end] train_loss=0.19108,train_acc=0.92425(15557/16832)
[epoch 18][val][end] val_loss=0.57872,val_acc:0.83168(1171/1408)
[epoch 19][train][end] train_loss=0.19070,train_acc=0.92431(15558/16832)
[epoch 19][val][end] val_loss=0.57555,val_acc:0.83239(1172/1408)
[[1175, 72, 98, 52], [72, 2006, 20, 61], [111, 31, 361, 33], [68, 86, 31, 492]]
{'Pression': 0.8042203494923583, 'Recall': 0.7926162412485533, 'F1': 0.7983761322183478, 'Acc': 0.8458796393373873}

[RNN=GRU,DETECTION=cascade_rcnn_r101,BIDIRECTIONAL=False,FUN=None]
[epoch 0][train][end] train_loss=0.35361,train_acc=0.86187(14507/16832)
[epoch 0][val][end] val_loss=0.56247,val_acc:0.84304(1187/1408)
[epoch 0][save_best_output_params]
[epoch 1][train][end] train_loss=0.23702,train_acc=0.91065(15328/16832)
[epoch 1][val][end] val_loss=0.58343,val_acc:0.79545(1120/1408)
[epoch 2][train][end] train_loss=0.22657,train_acc=0.91273(15363/16832)
[epoch 2][val][end] val_loss=0.55153,val_acc:0.82884(1167/1408)
[epoch 2][save_best_output_params]
[epoch 3][train][end] train_loss=0.21770,train_acc=0.91433(15390/16832)
[epoch 3][val][end] val_loss=0.55145,val_acc:0.81179(1143/1408)
[epoch 3][save_best_output_params]
[epoch 4][train][end] train_loss=0.21640,train_acc=0.91427(15389/16832)
[epoch 4][val][end] val_loss=0.55496,val_acc:0.84517(1190/1408)
[epoch 5][train][end] train_loss=0.20003,train_acc=0.92116(15505/16832)
[epoch 5][val][end] val_loss=0.56699,val_acc:0.82884(1167/1408)
[epoch 6][train][end] train_loss=0.19792,train_acc=0.92134(15508/16832)
[epoch 6][val][end] val_loss=0.56176,val_acc:0.81960(1154/1408)
[epoch 7][train][end] train_loss=0.19612,train_acc=0.92193(15518/16832)
[epoch 7][val][end] val_loss=0.57042,val_acc:0.82955(1168/1408)
[epoch 8][train][end] train_loss=0.19585,train_acc=0.92283(15533/16832)
[epoch 8][val][end] val_loss=0.57456,val_acc:0.83949(1182/1408)
[epoch 9][train][end] train_loss=0.19462,train_acc=0.92384(15550/16832)
[epoch 9][val][end] val_loss=0.58508,val_acc:0.83310(1173/1408)
[epoch 10][train][end] train_loss=0.19191,train_acc=0.92354(15545/16832)
[epoch 10][val][end] val_loss=0.58293,val_acc:0.83523(1176/1408)
[epoch 11][train][end] train_loss=0.19142,train_acc=0.92437(15559/16832)
[epoch 11][val][end] val_loss=0.57379,val_acc:0.83026(1169/1408)
[epoch 12][train][end] train_loss=0.19064,train_acc=0.92407(15554/16832)
[epoch 12][val][end] val_loss=0.58279,val_acc:0.83310(1173/1408)
[epoch 13][train][end] train_loss=0.19113,train_acc=0.92479(15566/16832)
[epoch 13][val][end] val_loss=0.58123,val_acc:0.83310(1173/1408)
[epoch 14][train][end] train_loss=0.19149,train_acc=0.92395(15552/16832)
[epoch 14][val][end] val_loss=0.57915,val_acc:0.83310(1173/1408)
[epoch 15][train][end] train_loss=0.19064,train_acc=0.92479(15566/16832)
[epoch 15][val][end] val_loss=0.58298,val_acc:0.83381(1174/1408)
[epoch 16][train][end] train_loss=0.19084,train_acc=0.92455(15562/16832)
[epoch 16][val][end] val_loss=0.58812,val_acc:0.83097(1170/1408)
[epoch 17][train][end] train_loss=0.19068,train_acc=0.92449(15561/16832)
[epoch 17][val][end] val_loss=0.57239,val_acc:0.83665(1178/1408)
[epoch 18][train][end] train_loss=0.19037,train_acc=0.92490(15568/16832)
[epoch 18][val][end] val_loss=0.58283,val_acc:0.83239(1172/1408)
[epoch 19][train][end] train_loss=0.19082,train_acc=0.92461(15563/16832)
[epoch 19][val][end] val_loss=0.57599,val_acc:0.83452(1175/1408)
[[1181, 77, 95, 44], [73, 2006, 20, 60], [111, 31, 360, 34], [62, 95, 29, 491]]
{'Pression': 0.807650858340903, 'Recall': 0.7928542765396801, 'F1': 0.8001841706484822, 'Acc': 0.8467183895994967}

